[2024-06-21T02:37:23.861+0000] {local_task_job_runner.py:120} INFO - ::group::Pre task execution logs
[2024-06-21T02:37:23.912+0000] {taskinstance.py:2076} INFO - Dependencies all met for dep_context=non-requeueable deps ti=<TaskInstance: first_dag.first_task scheduled__2023-12-14T00:00:00+00:00 [queued]>
[2024-06-21T02:37:23.928+0000] {taskinstance.py:2076} INFO - Dependencies all met for dep_context=requeueable deps ti=<TaskInstance: first_dag.first_task scheduled__2023-12-14T00:00:00+00:00 [queued]>
[2024-06-21T02:37:23.930+0000] {taskinstance.py:2306} INFO - Starting attempt 1 of 1
[2024-06-21T02:37:23.955+0000] {taskinstance.py:2330} INFO - Executing <Task(BashOperator): first_task> on 2023-12-14 00:00:00+00:00
[2024-06-21T02:37:23.965+0000] {warnings.py:112} WARNING - /home/***/.local/lib/python3.12/site-packages/***/task/task_runner/standard_task_runner.py:61: DeprecationWarning: This process (pid=298) is multi-threaded, use of fork() may lead to deadlocks in the child.
  pid = os.fork()

[2024-06-21T02:37:23.968+0000] {standard_task_runner.py:63} INFO - Started process 309 to run task
[2024-06-21T02:37:23.967+0000] {standard_task_runner.py:90} INFO - Running: ['***', 'tasks', 'run', 'first_dag', 'first_task', 'scheduled__2023-12-14T00:00:00+00:00', '--job-id', '58', '--raw', '--subdir', 'DAGS_FOLDER/first_dag.py', '--cfg-path', '/tmp/tmpdhtngtsr']
[2024-06-21T02:37:23.970+0000] {standard_task_runner.py:91} INFO - Job 58: Subtask first_task
[2024-06-21T02:37:24.074+0000] {task_command.py:426} INFO - Running <TaskInstance: first_dag.first_task scheduled__2023-12-14T00:00:00+00:00 [running]> on host 6ad2ad549a06
[2024-06-21T02:37:24.273+0000] {taskinstance.py:2648} INFO - Exporting env vars: AIRFLOW_CTX_DAG_OWNER='***' AIRFLOW_CTX_DAG_ID='first_dag' AIRFLOW_CTX_TASK_ID='first_task' AIRFLOW_CTX_EXECUTION_DATE='2023-12-14T00:00:00+00:00' AIRFLOW_CTX_TRY_NUMBER='1' AIRFLOW_CTX_DAG_RUN_ID='scheduled__2023-12-14T00:00:00+00:00'
[2024-06-21T02:37:24.275+0000] {taskinstance.py:430} INFO - ::endgroup::
[2024-06-21T02:37:24.294+0000] {subprocess.py:63} INFO - Tmp dir root location: /tmp
[2024-06-21T02:37:24.298+0000] {subprocess.py:75} INFO - Running command: ['/usr/bin/bash', '-c', 'echo hello world']
[2024-06-21T02:37:24.312+0000] {subprocess.py:86} INFO - Output:
[2024-06-21T02:37:24.314+0000] {subprocess.py:93} INFO - hello world
[2024-06-21T02:37:24.315+0000] {subprocess.py:97} INFO - Command exited with return code 0
[2024-06-21T02:37:24.316+0000] {taskinstance.py:441} INFO - ::group::Post task execution logs
[2024-06-21T02:37:24.353+0000] {taskinstance.py:1206} INFO - Marking task as SUCCESS. dag_id=first_dag, task_id=first_task, run_id=scheduled__2023-12-14T00:00:00+00:00, execution_date=20231214T000000, start_date=20240621T023723, end_date=20240621T023724
[2024-06-21T02:37:24.389+0000] {local_task_job_runner.py:240} INFO - Task exited with return code 0
[2024-06-21T02:37:24.410+0000] {taskinstance.py:3503} INFO - 0 downstream tasks scheduled from follow-on schedule check
[2024-06-21T02:37:24.413+0000] {local_task_job_runner.py:222} INFO - ::endgroup::
