[2024-06-24T01:14:16.632+0000] {local_task_job_runner.py:120} INFO - ::group::Pre task execution logs
[2024-06-24T01:14:16.650+0000] {taskinstance.py:2076} INFO - Dependencies all met for dep_context=non-requeueable deps ti=<TaskInstance: decrypt_transform_dag.decrypt_transform_and_upload manual__2024-06-24T01:08:50.433167+00:00 [queued]>
[2024-06-24T01:14:16.661+0000] {taskinstance.py:2076} INFO - Dependencies all met for dep_context=requeueable deps ti=<TaskInstance: decrypt_transform_dag.decrypt_transform_and_upload manual__2024-06-24T01:08:50.433167+00:00 [queued]>
[2024-06-24T01:14:16.661+0000] {taskinstance.py:2306} INFO - Starting attempt 2 of 2
[2024-06-24T01:14:16.681+0000] {taskinstance.py:2330} INFO - Executing <Task(PythonOperator): decrypt_transform_and_upload> on 2024-06-24 01:08:50.433167+00:00
[2024-06-24T01:14:16.846+0000] {warnings.py:112} WARNING - /home/***/.local/lib/python3.12/site-packages/***/task/task_runner/standard_task_runner.py:61: DeprecationWarning: This process (pid=1026) is multi-threaded, use of fork() may lead to deadlocks in the child.
  pid = os.fork()

[2024-06-24T01:14:16.847+0000] {standard_task_runner.py:63} INFO - Started process 1040 to run task
[2024-06-24T01:14:16.848+0000] {standard_task_runner.py:90} INFO - Running: ['***', 'tasks', 'run', 'decrypt_transform_dag', 'decrypt_transform_and_upload', 'manual__2024-06-24T01:08:50.433167+00:00', '--job-id', '168', '--raw', '--subdir', 'DAGS_FOLDER/transformar_desencriptar.py', '--cfg-path', '/tmp/tmpyafb3z8a']
[2024-06-24T01:14:16.851+0000] {standard_task_runner.py:91} INFO - Job 168: Subtask decrypt_transform_and_upload
[2024-06-24T01:14:16.919+0000] {task_command.py:426} INFO - Running <TaskInstance: decrypt_transform_dag.decrypt_transform_and_upload manual__2024-06-24T01:08:50.433167+00:00 [running]> on host 61fcf08f48e3
[2024-06-24T01:14:17.040+0000] {taskinstance.py:2648} INFO - Exporting env vars: AIRFLOW_CTX_DAG_OWNER='***' AIRFLOW_CTX_DAG_ID='decrypt_transform_dag' AIRFLOW_CTX_TASK_ID='decrypt_transform_and_upload' AIRFLOW_CTX_EXECUTION_DATE='2024-06-24T01:08:50.433167+00:00' AIRFLOW_CTX_TRY_NUMBER='2' AIRFLOW_CTX_DAG_RUN_ID='manual__2024-06-24T01:08:50.433167+00:00'
[2024-06-24T01:14:17.042+0000] {taskinstance.py:430} INFO - ::endgroup::
[2024-06-24T01:14:17.065+0000] {transformar_desencriptar.py:60} INFO - Starting decryption and transformation process...
[2024-06-24T01:14:17.076+0000] {connection.py:274} WARNING - Connection schemes (type: google_cloud_platform) shall not contain '_' according to RFC3986.
[2024-06-24T01:14:17.079+0000] {base.py:84} INFO - Using connection ID 'google_cloud_default' for task execution.
[2024-06-24T01:14:18.273+0000] {transformar_desencriptar.py:67} INFO - File downloaded from GCS: datasets/athletes.csv.enc
[2024-06-24T01:18:25.804+0000] {transformar_desencriptar.py:94} INFO - Data uploaded to BigQuery: boreal-forest-427103-q9.final_data.new_data
[2024-06-24T01:18:25.856+0000] {python.py:237} INFO - Done. Returned value was: None
[2024-06-24T01:18:25.919+0000] {taskinstance.py:441} INFO - ::group::Post task execution logs
[2024-06-24T01:18:26.272+0000] {taskinstance.py:1206} INFO - Marking task as SUCCESS. dag_id=decrypt_transform_dag, task_id=decrypt_transform_and_upload, run_id=manual__2024-06-24T01:08:50.433167+00:00, execution_date=20240624T010850, start_date=20240624T011416, end_date=20240624T011826
[2024-06-24T01:18:26.511+0000] {local_task_job_runner.py:240} INFO - Task exited with return code 0
[2024-06-24T01:18:26.815+0000] {taskinstance.py:3503} INFO - 0 downstream tasks scheduled from follow-on schedule check
[2024-06-24T01:18:26.820+0000] {local_task_job_runner.py:222} INFO - ::endgroup::
