[2024-06-23T20:18:56.958+0000] {local_task_job_runner.py:120} INFO - ::group::Pre task execution logs
[2024-06-23T20:18:56.976+0000] {taskinstance.py:2076} INFO - Dependencies all met for dep_context=non-requeueable deps ti=<TaskInstance: encryption_upload_dag.encrypt_and_upload manual__2024-06-23T20:18:54.431919+00:00 [queued]>
[2024-06-23T20:18:56.985+0000] {taskinstance.py:2076} INFO - Dependencies all met for dep_context=requeueable deps ti=<TaskInstance: encryption_upload_dag.encrypt_and_upload manual__2024-06-23T20:18:54.431919+00:00 [queued]>
[2024-06-23T20:18:56.986+0000] {taskinstance.py:2306} INFO - Starting attempt 1 of 2
[2024-06-23T20:18:57.003+0000] {taskinstance.py:2330} INFO - Executing <Task(PythonOperator): encrypt_and_upload> on 2024-06-23 20:18:54.431919+00:00
[2024-06-23T20:18:57.014+0000] {warnings.py:112} WARNING - /home/***/.local/lib/python3.12/site-packages/***/task/task_runner/standard_task_runner.py:61: DeprecationWarning: This process (pid=122) is multi-threaded, use of fork() may lead to deadlocks in the child.
  pid = os.fork()

[2024-06-23T20:18:57.016+0000] {standard_task_runner.py:63} INFO - Started process 135 to run task
[2024-06-23T20:18:57.015+0000] {standard_task_runner.py:90} INFO - Running: ['***', 'tasks', 'run', 'encryption_upload_dag', 'encrypt_and_upload', 'manual__2024-06-23T20:18:54.431919+00:00', '--job-id', '121', '--raw', '--subdir', 'DAGS_FOLDER/encrypt_csv.py', '--cfg-path', '/tmp/tmpb8cm2r25']
[2024-06-23T20:18:57.018+0000] {standard_task_runner.py:91} INFO - Job 121: Subtask encrypt_and_upload
[2024-06-23T20:18:57.078+0000] {task_command.py:426} INFO - Running <TaskInstance: encryption_upload_dag.encrypt_and_upload manual__2024-06-23T20:18:54.431919+00:00 [running]> on host 563b0df2b7b8
[2024-06-23T20:18:57.176+0000] {taskinstance.py:2648} INFO - Exporting env vars: AIRFLOW_CTX_DAG_OWNER='***' AIRFLOW_CTX_DAG_ID='encryption_upload_dag' AIRFLOW_CTX_TASK_ID='encrypt_and_upload' AIRFLOW_CTX_EXECUTION_DATE='2024-06-23T20:18:54.431919+00:00' AIRFLOW_CTX_TRY_NUMBER='1' AIRFLOW_CTX_DAG_RUN_ID='manual__2024-06-23T20:18:54.431919+00:00'
[2024-06-23T20:18:57.177+0000] {taskinstance.py:430} INFO - ::endgroup::
[2024-06-23T20:18:57.203+0000] {encrypt_csv.py:41} INFO - Starting encryption process...
[2024-06-23T20:18:57.218+0000] {connection.py:274} WARNING - Connection schemes (type: google_cloud_platform) shall not contain '_' according to RFC3986.
[2024-06-23T20:18:57.222+0000] {base.py:84} INFO - Using connection ID 'google_cloud_default' for task execution.
[2024-06-23T20:18:58.202+0000] {encrypt_csv.py:48} INFO - File downloaded from GCS: datasets/athletes.csv
[2024-06-23T20:18:59.907+0000] {gcs.py:574} INFO - Data stream uploaded to datasets/athletes.csv.enc in golden-cheetah-datasets bucket
[2024-06-23T20:18:59.907+0000] {encrypt_csv.py:55} INFO - File uploaded to GCS: datasets/athletes.csv.enc
[2024-06-23T20:18:59.908+0000] {python.py:237} INFO - Done. Returned value was: None
[2024-06-23T20:18:59.909+0000] {taskinstance.py:441} INFO - ::group::Post task execution logs
[2024-06-23T20:18:59.918+0000] {taskinstance.py:1206} INFO - Marking task as SUCCESS. dag_id=encryption_upload_dag, task_id=encrypt_and_upload, run_id=manual__2024-06-23T20:18:54.431919+00:00, execution_date=20240623T201854, start_date=20240623T201856, end_date=20240623T201859
[2024-06-23T20:18:59.970+0000] {local_task_job_runner.py:240} INFO - Task exited with return code 0
[2024-06-23T20:18:59.986+0000] {taskinstance.py:3503} INFO - 0 downstream tasks scheduled from follow-on schedule check
[2024-06-23T20:18:59.989+0000] {local_task_job_runner.py:222} INFO - ::endgroup::
