[2024-06-21T02:37:50.267+0000] {local_task_job_runner.py:120} INFO - ::group::Pre task execution logs
[2024-06-21T02:37:50.297+0000] {taskinstance.py:2076} INFO - Dependencies all met for dep_context=non-requeueable deps ti=<TaskInstance: first_dag.first_task scheduled__2024-01-27T00:00:00+00:00 [queued]>
[2024-06-21T02:37:50.310+0000] {taskinstance.py:2076} INFO - Dependencies all met for dep_context=requeueable deps ti=<TaskInstance: first_dag.first_task scheduled__2024-01-27T00:00:00+00:00 [queued]>
[2024-06-21T02:37:50.312+0000] {taskinstance.py:2306} INFO - Starting attempt 1 of 1
[2024-06-21T02:37:50.334+0000] {taskinstance.py:2330} INFO - Executing <Task(BashOperator): first_task> on 2024-01-27 00:00:00+00:00
[2024-06-21T02:37:50.341+0000] {warnings.py:112} WARNING - /home/***/.local/lib/python3.12/site-packages/***/task/task_runner/standard_task_runner.py:61: DeprecationWarning: This process (pid=437) is multi-threaded, use of fork() may lead to deadlocks in the child.
  pid = os.fork()

[2024-06-21T02:37:50.343+0000] {standard_task_runner.py:63} INFO - Started process 445 to run task
[2024-06-21T02:37:50.343+0000] {standard_task_runner.py:90} INFO - Running: ['***', 'tasks', 'run', 'first_dag', 'first_task', 'scheduled__2024-01-27T00:00:00+00:00', '--job-id', '102', '--raw', '--subdir', 'DAGS_FOLDER/first_dag.py', '--cfg-path', '/tmp/tmp9bbb2to7']
[2024-06-21T02:37:50.345+0000] {standard_task_runner.py:91} INFO - Job 102: Subtask first_task
[2024-06-21T02:37:50.397+0000] {task_command.py:426} INFO - Running <TaskInstance: first_dag.first_task scheduled__2024-01-27T00:00:00+00:00 [running]> on host 6ad2ad549a06
[2024-06-21T02:37:50.495+0000] {taskinstance.py:2648} INFO - Exporting env vars: AIRFLOW_CTX_DAG_OWNER='***' AIRFLOW_CTX_DAG_ID='first_dag' AIRFLOW_CTX_TASK_ID='first_task' AIRFLOW_CTX_EXECUTION_DATE='2024-01-27T00:00:00+00:00' AIRFLOW_CTX_TRY_NUMBER='1' AIRFLOW_CTX_DAG_RUN_ID='scheduled__2024-01-27T00:00:00+00:00'
[2024-06-21T02:37:50.497+0000] {taskinstance.py:430} INFO - ::endgroup::
[2024-06-21T02:37:50.510+0000] {subprocess.py:63} INFO - Tmp dir root location: /tmp
[2024-06-21T02:37:50.511+0000] {subprocess.py:75} INFO - Running command: ['/usr/bin/bash', '-c', 'echo hello world']
[2024-06-21T02:37:50.521+0000] {subprocess.py:86} INFO - Output:
[2024-06-21T02:37:50.523+0000] {subprocess.py:93} INFO - hello world
[2024-06-21T02:37:50.524+0000] {subprocess.py:97} INFO - Command exited with return code 0
[2024-06-21T02:37:50.525+0000] {taskinstance.py:441} INFO - ::group::Post task execution logs
[2024-06-21T02:37:50.552+0000] {taskinstance.py:1206} INFO - Marking task as SUCCESS. dag_id=first_dag, task_id=first_task, run_id=scheduled__2024-01-27T00:00:00+00:00, execution_date=20240127T000000, start_date=20240621T023750, end_date=20240621T023750
[2024-06-21T02:37:50.597+0000] {local_task_job_runner.py:240} INFO - Task exited with return code 0
[2024-06-21T02:37:50.615+0000] {taskinstance.py:3503} INFO - 0 downstream tasks scheduled from follow-on schedule check
[2024-06-21T02:37:50.618+0000] {local_task_job_runner.py:222} INFO - ::endgroup::
