[2024-06-23T20:16:57.650+0000] {local_task_job_runner.py:120} INFO - ::group::Pre task execution logs
[2024-06-23T20:16:57.668+0000] {taskinstance.py:2076} INFO - Dependencies all met for dep_context=non-requeueable deps ti=<TaskInstance: encryption_upload_dag.encrypt_and_upload manual__2024-06-23T20:16:52.044360+00:00 [queued]>
[2024-06-23T20:16:57.677+0000] {taskinstance.py:2076} INFO - Dependencies all met for dep_context=requeueable deps ti=<TaskInstance: encryption_upload_dag.encrypt_and_upload manual__2024-06-23T20:16:52.044360+00:00 [queued]>
[2024-06-23T20:16:57.679+0000] {taskinstance.py:2306} INFO - Starting attempt 1 of 2
[2024-06-23T20:16:57.696+0000] {taskinstance.py:2330} INFO - Executing <Task(PythonOperator): encrypt_and_upload> on 2024-06-23 20:16:52.044360+00:00
[2024-06-23T20:16:57.706+0000] {warnings.py:112} WARNING - /home/***/.local/lib/python3.12/site-packages/***/task/task_runner/standard_task_runner.py:61: DeprecationWarning: This process (pid=62) is multi-threaded, use of fork() may lead to deadlocks in the child.
  pid = os.fork()

[2024-06-23T20:16:57.708+0000] {standard_task_runner.py:63} INFO - Started process 75 to run task
[2024-06-23T20:16:57.709+0000] {standard_task_runner.py:90} INFO - Running: ['***', 'tasks', 'run', 'encryption_upload_dag', 'encrypt_and_upload', 'manual__2024-06-23T20:16:52.044360+00:00', '--job-id', '120', '--raw', '--subdir', 'DAGS_FOLDER/encrypt_csv.py', '--cfg-path', '/tmp/tmpx9kvjnks']
[2024-06-23T20:16:57.712+0000] {standard_task_runner.py:91} INFO - Job 120: Subtask encrypt_and_upload
[2024-06-23T20:16:57.775+0000] {task_command.py:426} INFO - Running <TaskInstance: encryption_upload_dag.encrypt_and_upload manual__2024-06-23T20:16:52.044360+00:00 [running]> on host 563b0df2b7b8
[2024-06-23T20:16:57.880+0000] {taskinstance.py:2648} INFO - Exporting env vars: AIRFLOW_CTX_DAG_OWNER='***' AIRFLOW_CTX_DAG_ID='encryption_upload_dag' AIRFLOW_CTX_TASK_ID='encrypt_and_upload' AIRFLOW_CTX_EXECUTION_DATE='2024-06-23T20:16:52.044360+00:00' AIRFLOW_CTX_TRY_NUMBER='1' AIRFLOW_CTX_DAG_RUN_ID='manual__2024-06-23T20:16:52.044360+00:00'
[2024-06-23T20:16:57.882+0000] {taskinstance.py:430} INFO - ::endgroup::
[2024-06-23T20:16:57.923+0000] {encrypt_csv.py:42} INFO - Starting encryption process...
[2024-06-23T20:16:57.933+0000] {connection.py:274} WARNING - Connection schemes (type: google_cloud_platform) shall not contain '_' according to RFC3986.
[2024-06-23T20:16:57.936+0000] {base.py:84} INFO - Using connection ID 'google_cloud_default' for task execution.
[2024-06-23T20:16:59.047+0000] {encrypt_csv.py:49} INFO - File downloaded from GCS: datasets/athletes.csv
[2024-06-23T20:17:00.535+0000] {encrypt_csv.py:59} ERROR - An error occurred during the encryption and upload process
Traceback (most recent call last):
  File "/opt/airflow/dags/encrypt_csv.py", line 55, in task_encrypt_and_upload
    gcs_hook.upload(bucket_name, dest_blob, ciphertext)
  File "/home/airflow/.local/lib/python3.12/site-packages/airflow/providers/google/cloud/hooks/gcs.py", line 554, in upload
    _call_with_retry(
  File "/home/airflow/.local/lib/python3.12/site-packages/airflow/providers/google/cloud/hooks/gcs.py", line 512, in _call_with_retry
    f()
  File "/home/airflow/.local/lib/python3.12/site-packages/google/cloud/storage/blob.py", line 2959, in upload_from_filename
    self._handle_filename_and_upload(
  File "/home/airflow/.local/lib/python3.12/site-packages/google/cloud/storage/blob.py", line 2827, in _handle_filename_and_upload
    with open(filename, "rb") as file_obj:
         ^^^^^^^^^^^^^^^^^^^^
ValueError: embedded null byte
[2024-06-23T20:17:00.544+0000] {taskinstance.py:441} INFO - ::group::Post task execution logs
[2024-06-23T20:17:00.544+0000] {taskinstance.py:2905} ERROR - Task failed with exception
Traceback (most recent call last):
  File "/home/airflow/.local/lib/python3.12/site-packages/airflow/models/taskinstance.py", line 465, in _execute_task
    result = _execute_callable(context=context, **execute_callable_kwargs)
             ^^^^^^^^^^^^^^^^^^^^^^^^^^^^^^^^^^^^^^^^^^^^^^^^^^^^^^^^^^^^^
  File "/home/airflow/.local/lib/python3.12/site-packages/airflow/models/taskinstance.py", line 432, in _execute_callable
    return execute_callable(context=context, **execute_callable_kwargs)
           ^^^^^^^^^^^^^^^^^^^^^^^^^^^^^^^^^^^^^^^^^^^^^^^^^^^^^^^^^^^^
  File "/home/airflow/.local/lib/python3.12/site-packages/airflow/models/baseoperator.py", line 401, in wrapper
    return func(self, *args, **kwargs)
           ^^^^^^^^^^^^^^^^^^^^^^^^^^^
  File "/home/airflow/.local/lib/python3.12/site-packages/airflow/operators/python.py", line 235, in execute
    return_value = self.execute_callable()
                   ^^^^^^^^^^^^^^^^^^^^^^^
  File "/home/airflow/.local/lib/python3.12/site-packages/airflow/operators/python.py", line 252, in execute_callable
    return self.python_callable(*self.op_args, **self.op_kwargs)
           ^^^^^^^^^^^^^^^^^^^^^^^^^^^^^^^^^^^^^^^^^^^^^^^^^^^^^
  File "/opt/airflow/dags/encrypt_csv.py", line 55, in task_encrypt_and_upload
    gcs_hook.upload(bucket_name, dest_blob, ciphertext)
  File "/home/airflow/.local/lib/python3.12/site-packages/airflow/providers/google/cloud/hooks/gcs.py", line 554, in upload
    _call_with_retry(
  File "/home/airflow/.local/lib/python3.12/site-packages/airflow/providers/google/cloud/hooks/gcs.py", line 512, in _call_with_retry
    f()
  File "/home/airflow/.local/lib/python3.12/site-packages/google/cloud/storage/blob.py", line 2959, in upload_from_filename
    self._handle_filename_and_upload(
  File "/home/airflow/.local/lib/python3.12/site-packages/google/cloud/storage/blob.py", line 2827, in _handle_filename_and_upload
    with open(filename, "rb") as file_obj:
         ^^^^^^^^^^^^^^^^^^^^
ValueError: embedded null byte
[2024-06-23T20:17:00.561+0000] {taskinstance.py:1206} INFO - Marking task as UP_FOR_RETRY. dag_id=encryption_upload_dag, task_id=encrypt_and_upload, run_id=manual__2024-06-23T20:16:52.044360+00:00, execution_date=20240623T201652, start_date=20240623T201657, end_date=20240623T201700
[2024-06-23T20:17:00.582+0000] {standard_task_runner.py:110} ERROR - Failed to execute job 120 for task encrypt_and_upload (embedded null byte; 75)
[2024-06-23T20:17:00.620+0000] {local_task_job_runner.py:240} INFO - Task exited with return code 1
[2024-06-23T20:17:00.636+0000] {taskinstance.py:3503} INFO - 0 downstream tasks scheduled from follow-on schedule check
[2024-06-23T20:17:00.639+0000] {local_task_job_runner.py:222} INFO - ::endgroup::
