[2024-06-23T20:22:06.336+0000] {local_task_job_runner.py:120} INFO - ::group::Pre task execution logs
[2024-06-23T20:22:06.355+0000] {taskinstance.py:2076} INFO - Dependencies all met for dep_context=non-requeueable deps ti=<TaskInstance: encryption_upload_dag.encrypt_and_upload manual__2024-06-23T20:16:52.044360+00:00 [queued]>
[2024-06-23T20:22:06.364+0000] {taskinstance.py:2076} INFO - Dependencies all met for dep_context=requeueable deps ti=<TaskInstance: encryption_upload_dag.encrypt_and_upload manual__2024-06-23T20:16:52.044360+00:00 [queued]>
[2024-06-23T20:22:06.366+0000] {taskinstance.py:2306} INFO - Starting attempt 2 of 2
[2024-06-23T20:22:06.381+0000] {taskinstance.py:2330} INFO - Executing <Task(PythonOperator): encrypt_and_upload> on 2024-06-23 20:16:52.044360+00:00
[2024-06-23T20:22:06.522+0000] {warnings.py:112} WARNING - /home/***/.local/lib/python3.12/site-packages/***/task/task_runner/standard_task_runner.py:61: DeprecationWarning: This process (pid=203) is multi-threaded, use of fork() may lead to deadlocks in the child.
  pid = os.fork()

[2024-06-23T20:22:06.522+0000] {standard_task_runner.py:90} INFO - Running: ['***', 'tasks', 'run', 'encryption_upload_dag', 'encrypt_and_upload', 'manual__2024-06-23T20:16:52.044360+00:00', '--job-id', '122', '--raw', '--subdir', 'DAGS_FOLDER/encrypt_csv.py', '--cfg-path', '/tmp/tmpznu62s4i']
[2024-06-23T20:22:06.525+0000] {standard_task_runner.py:63} INFO - Started process 216 to run task
[2024-06-23T20:22:06.525+0000] {standard_task_runner.py:91} INFO - Job 122: Subtask encrypt_and_upload
[2024-06-23T20:22:06.582+0000] {task_command.py:426} INFO - Running <TaskInstance: encryption_upload_dag.encrypt_and_upload manual__2024-06-23T20:16:52.044360+00:00 [running]> on host 563b0df2b7b8
[2024-06-23T20:22:06.685+0000] {taskinstance.py:2648} INFO - Exporting env vars: AIRFLOW_CTX_DAG_OWNER='***' AIRFLOW_CTX_DAG_ID='encryption_upload_dag' AIRFLOW_CTX_TASK_ID='encrypt_and_upload' AIRFLOW_CTX_EXECUTION_DATE='2024-06-23T20:16:52.044360+00:00' AIRFLOW_CTX_TRY_NUMBER='2' AIRFLOW_CTX_DAG_RUN_ID='manual__2024-06-23T20:16:52.044360+00:00'
[2024-06-23T20:22:06.686+0000] {taskinstance.py:430} INFO - ::endgroup::
[2024-06-23T20:22:06.710+0000] {encrypt_csv.py:41} INFO - Starting encryption process...
[2024-06-23T20:22:06.722+0000] {connection.py:274} WARNING - Connection schemes (type: google_cloud_platform) shall not contain '_' according to RFC3986.
[2024-06-23T20:22:06.727+0000] {base.py:84} INFO - Using connection ID 'google_cloud_default' for task execution.
[2024-06-23T20:22:08.017+0000] {encrypt_csv.py:48} INFO - File downloaded from GCS: datasets/athletes.csv
[2024-06-23T20:22:09.870+0000] {gcs.py:574} INFO - Data stream uploaded to datasets/athletes.csv.enc in golden-cheetah-datasets bucket
[2024-06-23T20:22:09.871+0000] {encrypt_csv.py:55} INFO - File uploaded to GCS: datasets/athletes.csv.enc
[2024-06-23T20:22:09.872+0000] {python.py:237} INFO - Done. Returned value was: None
[2024-06-23T20:22:09.872+0000] {taskinstance.py:441} INFO - ::group::Post task execution logs
[2024-06-23T20:22:09.882+0000] {taskinstance.py:1206} INFO - Marking task as SUCCESS. dag_id=encryption_upload_dag, task_id=encrypt_and_upload, run_id=manual__2024-06-23T20:16:52.044360+00:00, execution_date=20240623T201652, start_date=20240623T202206, end_date=20240623T202209
[2024-06-23T20:22:09.921+0000] {local_task_job_runner.py:240} INFO - Task exited with return code 0
[2024-06-23T20:22:09.939+0000] {taskinstance.py:3503} INFO - 0 downstream tasks scheduled from follow-on schedule check
[2024-06-23T20:22:09.942+0000] {local_task_job_runner.py:222} INFO - ::endgroup::
