[2024-06-23T00:37:02.090+0000] {local_task_job_runner.py:120} INFO - ::group::Pre task execution logs
[2024-06-23T00:37:02.109+0000] {taskinstance.py:2076} INFO - Dependencies all met for dep_context=non-requeueable deps ti=<TaskInstance: etl_pipeline_dag.get_data manual__2024-06-23T00:36:11.304626+00:00 [queued]>
[2024-06-23T00:37:02.119+0000] {taskinstance.py:2076} INFO - Dependencies all met for dep_context=requeueable deps ti=<TaskInstance: etl_pipeline_dag.get_data manual__2024-06-23T00:36:11.304626+00:00 [queued]>
[2024-06-23T00:37:02.121+0000] {taskinstance.py:2306} INFO - Starting attempt 1 of 1
[2024-06-23T00:37:02.134+0000] {taskinstance.py:2330} INFO - Executing <Task(BigQueryGetDataOperator): get_data> on 2024-06-23 00:36:11.304626+00:00
[2024-06-23T00:37:02.145+0000] {warnings.py:112} WARNING - /home/***/.local/lib/python3.12/site-packages/***/task/task_runner/standard_task_runner.py:61: DeprecationWarning: This process (pid=3055) is multi-threaded, use of fork() may lead to deadlocks in the child.
  pid = os.fork()

[2024-06-23T00:37:02.146+0000] {standard_task_runner.py:63} INFO - Started process 3057 to run task
[2024-06-23T00:37:02.146+0000] {standard_task_runner.py:90} INFO - Running: ['***', 'tasks', 'run', 'etl_pipeline_dag', 'get_data', 'manual__2024-06-23T00:36:11.304626+00:00', '--job-id', '47', '--raw', '--subdir', 'DAGS_FOLDER/bigquery.py', '--cfg-path', '/tmp/tmp_hcxnh98']
[2024-06-23T00:37:02.149+0000] {standard_task_runner.py:91} INFO - Job 47: Subtask get_data
[2024-06-23T00:37:02.198+0000] {task_command.py:426} INFO - Running <TaskInstance: etl_pipeline_dag.get_data manual__2024-06-23T00:36:11.304626+00:00 [running]> on host 64917a389d59
[2024-06-23T00:37:02.294+0000] {taskinstance.py:2648} INFO - Exporting env vars: AIRFLOW_CTX_DAG_OWNER='***' AIRFLOW_CTX_DAG_ID='etl_pipeline_dag' AIRFLOW_CTX_TASK_ID='get_data' AIRFLOW_CTX_EXECUTION_DATE='2024-06-23T00:36:11.304626+00:00' AIRFLOW_CTX_TRY_NUMBER='1' AIRFLOW_CTX_DAG_RUN_ID='manual__2024-06-23T00:36:11.304626+00:00'
[2024-06-23T00:37:02.296+0000] {taskinstance.py:430} INFO - ::endgroup::
[2024-06-23T00:37:02.317+0000] {connection.py:274} WARNING - Connection schemes (type: google_cloud_platform) shall not contain '_' according to RFC3986.
[2024-06-23T00:37:02.320+0000] {base.py:84} INFO - Using connection ID 'google_cloud_default' for task execution.
[2024-06-23T00:37:02.372+0000] {bigquery.py:1046} INFO - Fetching Data from boreal-forest-427103-q9.transformed_1.final_test max results: 10
[2024-06-23T00:37:04.130+0000] {bigquery.py:1088} INFO - Total extracted rows: 10
[2024-06-23T00:37:04.131+0000] {taskinstance.py:441} INFO - ::group::Post task execution logs
[2024-06-23T00:37:04.155+0000] {taskinstance.py:1206} INFO - Marking task as SUCCESS. dag_id=etl_pipeline_dag, task_id=get_data, run_id=manual__2024-06-23T00:36:11.304626+00:00, execution_date=20240623T003611, start_date=20240623T003702, end_date=20240623T003704
[2024-06-23T00:37:04.176+0000] {local_task_job_runner.py:240} INFO - Task exited with return code 0
[2024-06-23T00:37:04.195+0000] {taskinstance.py:3503} INFO - 1 downstream tasks scheduled from follow-on schedule check
[2024-06-23T00:37:04.199+0000] {local_task_job_runner.py:222} INFO - ::endgroup::
