[2024-06-23T00:36:56.465+0000] {local_task_job_runner.py:120} INFO - ::group::Pre task execution logs
[2024-06-23T00:36:56.484+0000] {taskinstance.py:2076} INFO - Dependencies all met for dep_context=non-requeueable deps ti=<TaskInstance: etl_pipeline_dag.remove_nulls_query manual__2024-06-23T00:36:11.304626+00:00 [queued]>
[2024-06-23T00:36:56.493+0000] {taskinstance.py:2076} INFO - Dependencies all met for dep_context=requeueable deps ti=<TaskInstance: etl_pipeline_dag.remove_nulls_query manual__2024-06-23T00:36:11.304626+00:00 [queued]>
[2024-06-23T00:36:56.494+0000] {taskinstance.py:2306} INFO - Starting attempt 1 of 1
[2024-06-23T00:36:56.510+0000] {taskinstance.py:2330} INFO - Executing <Task(BigQueryInsertJobOperator): remove_nulls_query> on 2024-06-23 00:36:11.304626+00:00
[2024-06-23T00:36:56.519+0000] {warnings.py:112} WARNING - /home/***/.local/lib/python3.12/site-packages/***/task/task_runner/standard_task_runner.py:61: DeprecationWarning: This process (pid=3052) is multi-threaded, use of fork() may lead to deadlocks in the child.
  pid = os.fork()

[2024-06-23T00:36:56.521+0000] {standard_task_runner.py:63} INFO - Started process 3054 to run task
[2024-06-23T00:36:56.521+0000] {standard_task_runner.py:90} INFO - Running: ['***', 'tasks', 'run', 'etl_pipeline_dag', 'remove_nulls_query', 'manual__2024-06-23T00:36:11.304626+00:00', '--job-id', '46', '--raw', '--subdir', 'DAGS_FOLDER/bigquery.py', '--cfg-path', '/tmp/tmpyeiesp7f']
[2024-06-23T00:36:56.524+0000] {standard_task_runner.py:91} INFO - Job 46: Subtask remove_nulls_query
[2024-06-23T00:36:56.575+0000] {task_command.py:426} INFO - Running <TaskInstance: etl_pipeline_dag.remove_nulls_query manual__2024-06-23T00:36:11.304626+00:00 [running]> on host 64917a389d59
[2024-06-23T00:36:56.658+0000] {taskinstance.py:2648} INFO - Exporting env vars: AIRFLOW_CTX_DAG_OWNER='***' AIRFLOW_CTX_DAG_ID='etl_pipeline_dag' AIRFLOW_CTX_TASK_ID='remove_nulls_query' AIRFLOW_CTX_EXECUTION_DATE='2024-06-23T00:36:11.304626+00:00' AIRFLOW_CTX_TRY_NUMBER='1' AIRFLOW_CTX_DAG_RUN_ID='manual__2024-06-23T00:36:11.304626+00:00'
[2024-06-23T00:36:56.660+0000] {taskinstance.py:430} INFO - ::endgroup::
[2024-06-23T00:36:56.680+0000] {connection.py:274} WARNING - Connection schemes (type: google_cloud_platform) shall not contain '_' according to RFC3986.
[2024-06-23T00:36:56.683+0000] {base.py:84} INFO - Using connection ID 'google_cloud_default' for task execution.
[2024-06-23T00:36:56.742+0000] {bigquery.py:2872} INFO - Executing: {'query': {'query': '\n                    CREATE OR REPLACE TABLE `transformed_1.final_test` AS\n                    SELECT \n                        *\n                    FROM \n                        `transformed_1.filtered_test`\n                    WHERE \n                        id IS NOT NULL AND\n                        gender IS NOT NULL AND\n                        bike IS NOT NULL AND\n                        swim IS NOT NULL AND\n                        run IS NOT NULL AND\n                        other IS NOT NULL\n                ', 'useLegacySql': False}}'
[2024-06-23T00:36:56.743+0000] {bigquery.py:1670} INFO - Inserting job ***_etl_pipeline_dag_remove_nulls_query_2024_06_23T00_36_11_304626_00_00_41e9f32a2bd5ba2c372762db2815393e
[2024-06-23T00:36:59.824+0000] {taskinstance.py:441} INFO - ::group::Post task execution logs
[2024-06-23T00:36:59.844+0000] {taskinstance.py:1206} INFO - Marking task as SUCCESS. dag_id=etl_pipeline_dag, task_id=remove_nulls_query, run_id=manual__2024-06-23T00:36:11.304626+00:00, execution_date=20240623T003611, start_date=20240623T003656, end_date=20240623T003659
[2024-06-23T00:36:59.883+0000] {local_task_job_runner.py:240} INFO - Task exited with return code 0
[2024-06-23T00:36:59.909+0000] {taskinstance.py:3503} INFO - 1 downstream tasks scheduled from follow-on schedule check
[2024-06-23T00:36:59.913+0000] {local_task_job_runner.py:222} INFO - ::endgroup::
