[2024-06-21T02:37:24.047+0000] {local_task_job_runner.py:120} INFO - ::group::Pre task execution logs
[2024-06-21T02:37:24.090+0000] {taskinstance.py:2076} INFO - Dependencies all met for dep_context=non-requeueable deps ti=<TaskInstance: first_dag.first_task scheduled__2023-12-15T00:00:00+00:00 [queued]>
[2024-06-21T02:37:24.110+0000] {taskinstance.py:2076} INFO - Dependencies all met for dep_context=requeueable deps ti=<TaskInstance: first_dag.first_task scheduled__2023-12-15T00:00:00+00:00 [queued]>
[2024-06-21T02:37:24.113+0000] {taskinstance.py:2306} INFO - Starting attempt 1 of 1
[2024-06-21T02:37:24.152+0000] {taskinstance.py:2330} INFO - Executing <Task(BashOperator): first_task> on 2023-12-15 00:00:00+00:00
[2024-06-21T02:37:24.161+0000] {warnings.py:112} WARNING - /home/***/.local/lib/python3.12/site-packages/***/task/task_runner/standard_task_runner.py:61: DeprecationWarning: This process (pid=300) is multi-threaded, use of fork() may lead to deadlocks in the child.
  pid = os.fork()

[2024-06-21T02:37:24.164+0000] {standard_task_runner.py:90} INFO - Running: ['***', 'tasks', 'run', 'first_dag', 'first_task', 'scheduled__2023-12-15T00:00:00+00:00', '--job-id', '59', '--raw', '--subdir', 'DAGS_FOLDER/first_dag.py', '--cfg-path', '/tmp/tmpr8urspy5']
[2024-06-21T02:37:24.168+0000] {standard_task_runner.py:91} INFO - Job 59: Subtask first_task
[2024-06-21T02:37:24.167+0000] {standard_task_runner.py:63} INFO - Started process 311 to run task
[2024-06-21T02:37:24.262+0000] {task_command.py:426} INFO - Running <TaskInstance: first_dag.first_task scheduled__2023-12-15T00:00:00+00:00 [running]> on host 6ad2ad549a06
[2024-06-21T02:37:24.395+0000] {taskinstance.py:2648} INFO - Exporting env vars: AIRFLOW_CTX_DAG_OWNER='***' AIRFLOW_CTX_DAG_ID='first_dag' AIRFLOW_CTX_TASK_ID='first_task' AIRFLOW_CTX_EXECUTION_DATE='2023-12-15T00:00:00+00:00' AIRFLOW_CTX_TRY_NUMBER='1' AIRFLOW_CTX_DAG_RUN_ID='scheduled__2023-12-15T00:00:00+00:00'
[2024-06-21T02:37:24.396+0000] {taskinstance.py:430} INFO - ::endgroup::
[2024-06-21T02:37:24.420+0000] {subprocess.py:63} INFO - Tmp dir root location: /tmp
[2024-06-21T02:37:24.423+0000] {subprocess.py:75} INFO - Running command: ['/usr/bin/bash', '-c', 'echo hello world']
[2024-06-21T02:37:24.438+0000] {subprocess.py:86} INFO - Output:
[2024-06-21T02:37:24.440+0000] {subprocess.py:93} INFO - hello world
[2024-06-21T02:37:24.441+0000] {subprocess.py:97} INFO - Command exited with return code 0
[2024-06-21T02:37:24.442+0000] {taskinstance.py:441} INFO - ::group::Post task execution logs
[2024-06-21T02:37:24.507+0000] {taskinstance.py:1206} INFO - Marking task as SUCCESS. dag_id=first_dag, task_id=first_task, run_id=scheduled__2023-12-15T00:00:00+00:00, execution_date=20231215T000000, start_date=20240621T023724, end_date=20240621T023724
[2024-06-21T02:37:24.553+0000] {local_task_job_runner.py:240} INFO - Task exited with return code 0
[2024-06-21T02:37:24.575+0000] {taskinstance.py:3503} INFO - 0 downstream tasks scheduled from follow-on schedule check
[2024-06-21T02:37:24.578+0000] {local_task_job_runner.py:222} INFO - ::endgroup::
