[2024-06-24T03:18:46.860+0000] {processor.py:161} INFO - Started process (PID=2272) to work on /opt/airflow/dags/decrypt_transform_upload_dag.py
[2024-06-24T03:18:46.864+0000] {processor.py:830} INFO - Processing file /opt/airflow/dags/decrypt_transform_upload_dag.py for tasks to queue
[2024-06-24T03:18:46.883+0000] {logging_mixin.py:188} INFO - [2024-06-24T03:18:46.880+0000] {dagbag.py:545} INFO - Filling up the DagBag from /opt/airflow/dags/decrypt_transform_upload_dag.py
[2024-06-24T03:19:18.670+0000] {logging_mixin.py:188} INFO - [2024-06-24T03:19:17.062+0000] {timeout.py:68} ERROR - Process timed out, PID: 2272
[2024-06-24T03:19:50.047+0000] {processor.py:161} INFO - Started process (PID=2345) to work on /opt/airflow/dags/decrypt_transform_upload_dag.py
[2024-06-24T03:19:50.048+0000] {processor.py:830} INFO - Processing file /opt/airflow/dags/decrypt_transform_upload_dag.py for tasks to queue
[2024-06-24T03:19:50.050+0000] {logging_mixin.py:188} INFO - [2024-06-24T03:19:50.050+0000] {dagbag.py:545} INFO - Filling up the DagBag from /opt/airflow/dags/decrypt_transform_upload_dag.py
[2024-06-24T03:19:51.299+0000] {processor.py:840} INFO - DAG(s) 'decrypt_transform_upload_dag' retrieved from /opt/airflow/dags/decrypt_transform_upload_dag.py
[2024-06-24T03:19:51.489+0000] {logging_mixin.py:188} INFO - [2024-06-24T03:19:51.489+0000] {dag.py:3096} INFO - Sync 1 DAGs
[2024-06-24T03:19:51.499+0000] {logging_mixin.py:188} INFO - [2024-06-24T03:19:51.499+0000] {dag.py:3954} INFO - Setting next_dagrun for decrypt_transform_upload_dag to None, run_after=None
[2024-06-24T03:19:51.539+0000] {processor.py:183} INFO - Processing /opt/airflow/dags/decrypt_transform_upload_dag.py took 1.499 seconds
[2024-06-24T03:20:22.128+0000] {processor.py:161} INFO - Started process (PID=2435) to work on /opt/airflow/dags/decrypt_transform_upload_dag.py
[2024-06-24T03:20:22.133+0000] {processor.py:830} INFO - Processing file /opt/airflow/dags/decrypt_transform_upload_dag.py for tasks to queue
[2024-06-24T03:20:22.136+0000] {logging_mixin.py:188} INFO - [2024-06-24T03:20:22.135+0000] {dagbag.py:545} INFO - Filling up the DagBag from /opt/airflow/dags/decrypt_transform_upload_dag.py
[2024-06-24T03:20:57.218+0000] {logging_mixin.py:188} INFO - [2024-06-24T03:20:56.964+0000] {timeout.py:68} ERROR - Process timed out, PID: 2435
[2024-06-24T03:21:02.600+0000] {processor.py:161} INFO - Started process (PID=2447) to work on /opt/airflow/dags/decrypt_transform_upload_dag.py
[2024-06-24T03:21:02.601+0000] {processor.py:830} INFO - Processing file /opt/airflow/dags/decrypt_transform_upload_dag.py for tasks to queue
[2024-06-24T03:21:02.606+0000] {logging_mixin.py:188} INFO - [2024-06-24T03:21:02.605+0000] {dagbag.py:545} INFO - Filling up the DagBag from /opt/airflow/dags/decrypt_transform_upload_dag.py
[2024-06-24T03:21:08.463+0000] {processor.py:840} INFO - DAG(s) 'decrypt_transform_upload_dag' retrieved from /opt/airflow/dags/decrypt_transform_upload_dag.py
[2024-06-24T03:21:08.534+0000] {logging_mixin.py:188} INFO - [2024-06-24T03:21:08.533+0000] {dag.py:3096} INFO - Sync 1 DAGs
[2024-06-24T03:21:08.559+0000] {logging_mixin.py:188} INFO - [2024-06-24T03:21:08.559+0000] {dag.py:3954} INFO - Setting next_dagrun for decrypt_transform_upload_dag to None, run_after=None
[2024-06-24T03:21:08.591+0000] {processor.py:183} INFO - Processing /opt/airflow/dags/decrypt_transform_upload_dag.py took 5.998 seconds
[2024-06-24T03:23:44.210+0000] {processor.py:161} INFO - Started process (PID=31) to work on /opt/airflow/dags/decrypt_transform_upload_dag.py
[2024-06-24T03:23:44.211+0000] {processor.py:830} INFO - Processing file /opt/airflow/dags/decrypt_transform_upload_dag.py for tasks to queue
[2024-06-24T03:23:44.213+0000] {logging_mixin.py:188} INFO - [2024-06-24T03:23:44.213+0000] {dagbag.py:545} INFO - Filling up the DagBag from /opt/airflow/dags/decrypt_transform_upload_dag.py
[2024-06-24T03:23:56.096+0000] {processor.py:840} INFO - DAG(s) 'decrypt_transform_upload_dag' retrieved from /opt/airflow/dags/decrypt_transform_upload_dag.py
[2024-06-24T03:23:57.916+0000] {logging_mixin.py:188} INFO - [2024-06-24T03:23:57.902+0000] {dag.py:3096} INFO - Sync 1 DAGs
[2024-06-24T03:23:58.013+0000] {logging_mixin.py:188} INFO - [2024-06-24T03:23:58.012+0000] {dag.py:3954} INFO - Setting next_dagrun for decrypt_transform_upload_dag to None, run_after=None
[2024-06-24T03:23:58.119+0000] {processor.py:183} INFO - Processing /opt/airflow/dags/decrypt_transform_upload_dag.py took 13.922 seconds
[2024-06-24T03:24:28.831+0000] {processor.py:161} INFO - Started process (PID=125) to work on /opt/airflow/dags/decrypt_transform_upload_dag.py
[2024-06-24T03:24:28.834+0000] {processor.py:830} INFO - Processing file /opt/airflow/dags/decrypt_transform_upload_dag.py for tasks to queue
[2024-06-24T03:24:28.843+0000] {logging_mixin.py:188} INFO - [2024-06-24T03:24:28.841+0000] {dagbag.py:545} INFO - Filling up the DagBag from /opt/airflow/dags/decrypt_transform_upload_dag.py
[2024-06-24T03:24:29.847+0000] {processor.py:840} INFO - DAG(s) 'decrypt_transform_upload_dag' retrieved from /opt/airflow/dags/decrypt_transform_upload_dag.py
[2024-06-24T03:24:29.910+0000] {logging_mixin.py:188} INFO - [2024-06-24T03:24:29.908+0000] {dag.py:3096} INFO - Sync 1 DAGs
[2024-06-24T03:24:30.034+0000] {logging_mixin.py:188} INFO - [2024-06-24T03:24:30.034+0000] {dag.py:3954} INFO - Setting next_dagrun for decrypt_transform_upload_dag to None, run_after=None
[2024-06-24T03:24:30.112+0000] {processor.py:183} INFO - Processing /opt/airflow/dags/decrypt_transform_upload_dag.py took 1.301 seconds
[2024-06-24T03:25:00.446+0000] {processor.py:161} INFO - Started process (PID=214) to work on /opt/airflow/dags/decrypt_transform_upload_dag.py
[2024-06-24T03:25:00.449+0000] {processor.py:830} INFO - Processing file /opt/airflow/dags/decrypt_transform_upload_dag.py for tasks to queue
[2024-06-24T03:25:00.459+0000] {logging_mixin.py:188} INFO - [2024-06-24T03:25:00.458+0000] {dagbag.py:545} INFO - Filling up the DagBag from /opt/airflow/dags/decrypt_transform_upload_dag.py
[2024-06-24T03:25:01.905+0000] {processor.py:840} INFO - DAG(s) 'decrypt_transform_upload_dag' retrieved from /opt/airflow/dags/decrypt_transform_upload_dag.py
[2024-06-24T03:25:01.973+0000] {logging_mixin.py:188} INFO - [2024-06-24T03:25:01.973+0000] {dag.py:3096} INFO - Sync 1 DAGs
[2024-06-24T03:25:01.998+0000] {logging_mixin.py:188} INFO - [2024-06-24T03:25:01.998+0000] {dag.py:3954} INFO - Setting next_dagrun for decrypt_transform_upload_dag to None, run_after=None
[2024-06-24T03:25:02.031+0000] {processor.py:183} INFO - Processing /opt/airflow/dags/decrypt_transform_upload_dag.py took 1.607 seconds
[2024-06-24T03:25:32.851+0000] {processor.py:161} INFO - Started process (PID=303) to work on /opt/airflow/dags/decrypt_transform_upload_dag.py
[2024-06-24T03:25:32.855+0000] {processor.py:830} INFO - Processing file /opt/airflow/dags/decrypt_transform_upload_dag.py for tasks to queue
[2024-06-24T03:25:32.858+0000] {logging_mixin.py:188} INFO - [2024-06-24T03:25:32.857+0000] {dagbag.py:545} INFO - Filling up the DagBag from /opt/airflow/dags/decrypt_transform_upload_dag.py
[2024-06-24T03:25:33.701+0000] {processor.py:840} INFO - DAG(s) 'decrypt_transform_upload_dag' retrieved from /opt/airflow/dags/decrypt_transform_upload_dag.py
[2024-06-24T03:25:33.737+0000] {logging_mixin.py:188} INFO - [2024-06-24T03:25:33.736+0000] {dag.py:3096} INFO - Sync 1 DAGs
[2024-06-24T03:25:33.752+0000] {logging_mixin.py:188} INFO - [2024-06-24T03:25:33.752+0000] {dag.py:3954} INFO - Setting next_dagrun for decrypt_transform_upload_dag to None, run_after=None
[2024-06-24T03:25:33.775+0000] {processor.py:183} INFO - Processing /opt/airflow/dags/decrypt_transform_upload_dag.py took 0.934 seconds
[2024-06-24T03:26:04.147+0000] {processor.py:161} INFO - Started process (PID=392) to work on /opt/airflow/dags/decrypt_transform_upload_dag.py
[2024-06-24T03:26:04.149+0000] {processor.py:830} INFO - Processing file /opt/airflow/dags/decrypt_transform_upload_dag.py for tasks to queue
[2024-06-24T03:26:04.153+0000] {logging_mixin.py:188} INFO - [2024-06-24T03:26:04.153+0000] {dagbag.py:545} INFO - Filling up the DagBag from /opt/airflow/dags/decrypt_transform_upload_dag.py
[2024-06-24T03:26:05.578+0000] {processor.py:840} INFO - DAG(s) 'decrypt_transform_upload_dag' retrieved from /opt/airflow/dags/decrypt_transform_upload_dag.py
[2024-06-24T03:26:05.629+0000] {logging_mixin.py:188} INFO - [2024-06-24T03:26:05.628+0000] {dag.py:3096} INFO - Sync 1 DAGs
[2024-06-24T03:26:05.646+0000] {logging_mixin.py:188} INFO - [2024-06-24T03:26:05.646+0000] {dag.py:3954} INFO - Setting next_dagrun for decrypt_transform_upload_dag to None, run_after=None
[2024-06-24T03:26:05.673+0000] {processor.py:183} INFO - Processing /opt/airflow/dags/decrypt_transform_upload_dag.py took 1.555 seconds
[2024-06-24T03:26:36.369+0000] {processor.py:161} INFO - Started process (PID=481) to work on /opt/airflow/dags/decrypt_transform_upload_dag.py
[2024-06-24T03:26:36.371+0000] {processor.py:830} INFO - Processing file /opt/airflow/dags/decrypt_transform_upload_dag.py for tasks to queue
[2024-06-24T03:26:36.375+0000] {logging_mixin.py:188} INFO - [2024-06-24T03:26:36.373+0000] {dagbag.py:545} INFO - Filling up the DagBag from /opt/airflow/dags/decrypt_transform_upload_dag.py
[2024-06-24T03:26:38.366+0000] {processor.py:840} INFO - DAG(s) 'decrypt_transform_upload_dag' retrieved from /opt/airflow/dags/decrypt_transform_upload_dag.py
[2024-06-24T03:26:39.036+0000] {logging_mixin.py:188} INFO - [2024-06-24T03:26:39.007+0000] {dag.py:3096} INFO - Sync 1 DAGs
[2024-06-24T03:26:39.076+0000] {logging_mixin.py:188} INFO - [2024-06-24T03:26:39.066+0000] {dag.py:3954} INFO - Setting next_dagrun for decrypt_transform_upload_dag to None, run_after=None
[2024-06-24T03:26:39.123+0000] {processor.py:183} INFO - Processing /opt/airflow/dags/decrypt_transform_upload_dag.py took 2.763 seconds
[2024-06-24T03:27:09.412+0000] {processor.py:161} INFO - Started process (PID=570) to work on /opt/airflow/dags/decrypt_transform_upload_dag.py
[2024-06-24T03:27:09.415+0000] {processor.py:830} INFO - Processing file /opt/airflow/dags/decrypt_transform_upload_dag.py for tasks to queue
[2024-06-24T03:27:09.417+0000] {logging_mixin.py:188} INFO - [2024-06-24T03:27:09.417+0000] {dagbag.py:545} INFO - Filling up the DagBag from /opt/airflow/dags/decrypt_transform_upload_dag.py
[2024-06-24T03:27:10.680+0000] {processor.py:840} INFO - DAG(s) 'decrypt_transform_upload_dag' retrieved from /opt/airflow/dags/decrypt_transform_upload_dag.py
[2024-06-24T03:27:10.757+0000] {logging_mixin.py:188} INFO - [2024-06-24T03:27:10.757+0000] {dag.py:3096} INFO - Sync 1 DAGs
[2024-06-24T03:27:10.772+0000] {logging_mixin.py:188} INFO - [2024-06-24T03:27:10.772+0000] {dag.py:3954} INFO - Setting next_dagrun for decrypt_transform_upload_dag to None, run_after=None
[2024-06-24T03:27:10.799+0000] {processor.py:183} INFO - Processing /opt/airflow/dags/decrypt_transform_upload_dag.py took 1.396 seconds
[2024-06-24T03:27:41.315+0000] {processor.py:161} INFO - Started process (PID=659) to work on /opt/airflow/dags/decrypt_transform_upload_dag.py
[2024-06-24T03:27:41.317+0000] {processor.py:830} INFO - Processing file /opt/airflow/dags/decrypt_transform_upload_dag.py for tasks to queue
[2024-06-24T03:27:41.319+0000] {logging_mixin.py:188} INFO - [2024-06-24T03:27:41.319+0000] {dagbag.py:545} INFO - Filling up the DagBag from /opt/airflow/dags/decrypt_transform_upload_dag.py
[2024-06-24T03:27:42.552+0000] {processor.py:840} INFO - DAG(s) 'decrypt_transform_upload_dag' retrieved from /opt/airflow/dags/decrypt_transform_upload_dag.py
[2024-06-24T03:27:42.583+0000] {logging_mixin.py:188} INFO - [2024-06-24T03:27:42.582+0000] {dag.py:3096} INFO - Sync 1 DAGs
[2024-06-24T03:27:42.599+0000] {logging_mixin.py:188} INFO - [2024-06-24T03:27:42.598+0000] {dag.py:3954} INFO - Setting next_dagrun for decrypt_transform_upload_dag to None, run_after=None
[2024-06-24T03:27:42.625+0000] {processor.py:183} INFO - Processing /opt/airflow/dags/decrypt_transform_upload_dag.py took 1.319 seconds
[2024-06-24T03:28:12.777+0000] {processor.py:161} INFO - Started process (PID=787) to work on /opt/airflow/dags/decrypt_transform_upload_dag.py
[2024-06-24T03:28:12.778+0000] {processor.py:830} INFO - Processing file /opt/airflow/dags/decrypt_transform_upload_dag.py for tasks to queue
[2024-06-24T03:28:12.780+0000] {logging_mixin.py:188} INFO - [2024-06-24T03:28:12.780+0000] {dagbag.py:545} INFO - Filling up the DagBag from /opt/airflow/dags/decrypt_transform_upload_dag.py
[2024-06-24T03:28:13.974+0000] {processor.py:840} INFO - DAG(s) 'decrypt_transform_upload_dag' retrieved from /opt/airflow/dags/decrypt_transform_upload_dag.py
[2024-06-24T03:28:14.011+0000] {logging_mixin.py:188} INFO - [2024-06-24T03:28:14.010+0000] {dag.py:3096} INFO - Sync 1 DAGs
[2024-06-24T03:28:14.026+0000] {logging_mixin.py:188} INFO - [2024-06-24T03:28:14.026+0000] {dag.py:3954} INFO - Setting next_dagrun for decrypt_transform_upload_dag to None, run_after=None
[2024-06-24T03:28:14.050+0000] {processor.py:183} INFO - Processing /opt/airflow/dags/decrypt_transform_upload_dag.py took 1.280 seconds
[2024-06-24T03:28:54.687+0000] {processor.py:161} INFO - Started process (PID=838) to work on /opt/airflow/dags/decrypt_transform_upload_dag.py
[2024-06-24T03:28:54.695+0000] {processor.py:830} INFO - Processing file /opt/airflow/dags/decrypt_transform_upload_dag.py for tasks to queue
[2024-06-24T03:28:54.726+0000] {logging_mixin.py:188} INFO - [2024-06-24T03:28:54.722+0000] {dagbag.py:545} INFO - Filling up the DagBag from /opt/airflow/dags/decrypt_transform_upload_dag.py
[2024-06-24T03:29:00.966+0000] {processor.py:840} INFO - DAG(s) 'decrypt_transform_upload_dag' retrieved from /opt/airflow/dags/decrypt_transform_upload_dag.py
[2024-06-24T03:29:09.789+0000] {logging_mixin.py:188} INFO - [2024-06-24T03:29:09.787+0000] {dag.py:3096} INFO - Sync 1 DAGs
[2024-06-24T03:29:09.812+0000] {logging_mixin.py:188} INFO - [2024-06-24T03:29:09.812+0000] {dag.py:3954} INFO - Setting next_dagrun for decrypt_transform_upload_dag to None, run_after=None
[2024-06-24T03:29:09.856+0000] {processor.py:183} INFO - Processing /opt/airflow/dags/decrypt_transform_upload_dag.py took 15.273 seconds
[2024-06-24T03:29:40.133+0000] {processor.py:161} INFO - Started process (PID=930) to work on /opt/airflow/dags/decrypt_transform_upload_dag.py
[2024-06-24T03:29:40.134+0000] {processor.py:830} INFO - Processing file /opt/airflow/dags/decrypt_transform_upload_dag.py for tasks to queue
[2024-06-24T03:29:40.139+0000] {logging_mixin.py:188} INFO - [2024-06-24T03:29:40.137+0000] {dagbag.py:545} INFO - Filling up the DagBag from /opt/airflow/dags/decrypt_transform_upload_dag.py
[2024-06-24T03:30:10.610+0000] {logging_mixin.py:188} INFO - [2024-06-24T03:30:10.269+0000] {timeout.py:68} ERROR - Process timed out, PID: 930
[2024-06-24T03:32:16.700+0000] {processor.py:161} INFO - Started process (PID=38) to work on /opt/airflow/dags/decrypt_transform_upload_dag.py
[2024-06-24T03:32:16.704+0000] {processor.py:830} INFO - Processing file /opt/airflow/dags/decrypt_transform_upload_dag.py for tasks to queue
[2024-06-24T03:32:16.712+0000] {logging_mixin.py:188} INFO - [2024-06-24T03:32:16.711+0000] {dagbag.py:545} INFO - Filling up the DagBag from /opt/airflow/dags/decrypt_transform_upload_dag.py
[2024-06-24T03:32:19.139+0000] {logging_mixin.py:188} INFO - [2024-06-24T03:32:19.133+0000] {process_utils.py:263} INFO - Waiting up to 5 seconds for processes to exit...
[2024-06-24T03:32:36.435+0000] {processor.py:161} INFO - Started process (PID=31) to work on /opt/airflow/dags/decrypt_transform_upload_dag.py
[2024-06-24T03:32:36.437+0000] {processor.py:830} INFO - Processing file /opt/airflow/dags/decrypt_transform_upload_dag.py for tasks to queue
[2024-06-24T03:32:36.439+0000] {logging_mixin.py:188} INFO - [2024-06-24T03:32:36.439+0000] {dagbag.py:545} INFO - Filling up the DagBag from /opt/airflow/dags/decrypt_transform_upload_dag.py
[2024-06-24T03:32:38.691+0000] {processor.py:840} INFO - DAG(s) 'decrypt_transform_upload_dag' retrieved from /opt/airflow/dags/decrypt_transform_upload_dag.py
[2024-06-24T03:33:09.525+0000] {processor.py:186} ERROR - Got an exception! Propagating...
Traceback (most recent call last):
  File "/home/airflow/.local/lib/python3.12/site-packages/sqlalchemy/engine/base.py", line 3371, in _wrap_pool_connect
    return fn()
           ^^^^
  File "/home/airflow/.local/lib/python3.12/site-packages/sqlalchemy/pool/base.py", line 327, in connect
    return _ConnectionFairy._checkout(self)
           ^^^^^^^^^^^^^^^^^^^^^^^^^^^^^^^^
  File "/home/airflow/.local/lib/python3.12/site-packages/sqlalchemy/pool/base.py", line 894, in _checkout
    fairy = _ConnectionRecord.checkout(pool)
            ^^^^^^^^^^^^^^^^^^^^^^^^^^^^^^^^
  File "/home/airflow/.local/lib/python3.12/site-packages/sqlalchemy/pool/base.py", line 493, in checkout
    rec = pool._do_get()
          ^^^^^^^^^^^^^^
  File "/home/airflow/.local/lib/python3.12/site-packages/sqlalchemy/pool/impl.py", line 145, in _do_get
    with util.safe_reraise():
  File "/home/airflow/.local/lib/python3.12/site-packages/sqlalchemy/util/langhelpers.py", line 70, in __exit__
    compat.raise_(
  File "/home/airflow/.local/lib/python3.12/site-packages/sqlalchemy/util/compat.py", line 211, in raise_
    raise exception
  File "/home/airflow/.local/lib/python3.12/site-packages/sqlalchemy/pool/impl.py", line 143, in _do_get
    return self._create_connection()
           ^^^^^^^^^^^^^^^^^^^^^^^^^
  File "/home/airflow/.local/lib/python3.12/site-packages/sqlalchemy/pool/base.py", line 273, in _create_connection
    return _ConnectionRecord(self)
           ^^^^^^^^^^^^^^^^^^^^^^^
  File "/home/airflow/.local/lib/python3.12/site-packages/sqlalchemy/pool/base.py", line 388, in __init__
    self.__connect()
  File "/home/airflow/.local/lib/python3.12/site-packages/sqlalchemy/pool/base.py", line 690, in __connect
    with util.safe_reraise():
  File "/home/airflow/.local/lib/python3.12/site-packages/sqlalchemy/util/langhelpers.py", line 70, in __exit__
    compat.raise_(
  File "/home/airflow/.local/lib/python3.12/site-packages/sqlalchemy/util/compat.py", line 211, in raise_
    raise exception
  File "/home/airflow/.local/lib/python3.12/site-packages/sqlalchemy/pool/base.py", line 686, in __connect
    self.dbapi_connection = connection = pool._invoke_creator(self)
                                         ^^^^^^^^^^^^^^^^^^^^^^^^^^
  File "/home/airflow/.local/lib/python3.12/site-packages/sqlalchemy/engine/create.py", line 574, in connect
    return dialect.connect(*cargs, **cparams)
           ^^^^^^^^^^^^^^^^^^^^^^^^^^^^^^^^^^
  File "/home/airflow/.local/lib/python3.12/site-packages/sqlalchemy/engine/default.py", line 598, in connect
    return self.dbapi.connect(*cargs, **cparams)
           ^^^^^^^^^^^^^^^^^^^^^^^^^^^^^^^^^^^^^
  File "/home/airflow/.local/lib/python3.12/site-packages/psycopg2/__init__.py", line 122, in connect
    conn = _connect(dsn, connection_factory=connection_factory, **kwasync)
           ^^^^^^^^^^^^^^^^^^^^^^^^^^^^^^^^^^^^^^^^^^^^^^^^^^^^^^^^^^^^^^^
psycopg2.OperationalError: could not translate host name "postgres" to address: Temporary failure in name resolution


The above exception was the direct cause of the following exception:

Traceback (most recent call last):
  File "/home/airflow/.local/lib/python3.12/site-packages/airflow/dag_processing/processor.py", line 182, in _run_file_processor
    _handle_dag_file_processing()
  File "/home/airflow/.local/lib/python3.12/site-packages/airflow/dag_processing/processor.py", line 163, in _handle_dag_file_processing
    result: tuple[int, int] = dag_file_processor.process_file(
                              ^^^^^^^^^^^^^^^^^^^^^^^^^^^^^^^^
  File "/home/airflow/.local/lib/python3.12/site-packages/airflow/utils/session.py", line 79, in wrapper
    return func(*args, session=session, **kwargs)
           ^^^^^^^^^^^^^^^^^^^^^^^^^^^^^^^^^^^^^^
  File "/home/airflow/.local/lib/python3.12/site-packages/airflow/dag_processing/processor.py", line 859, in process_file
    serialize_errors = DagFileProcessor.save_dag_to_db(
                       ^^^^^^^^^^^^^^^^^^^^^^^^^^^^^^^^
  File "/home/airflow/.local/lib/python3.12/site-packages/airflow/api_internal/internal_api_call.py", line 115, in wrapper
    return func(*args, **kwargs)
           ^^^^^^^^^^^^^^^^^^^^^
  File "/home/airflow/.local/lib/python3.12/site-packages/airflow/utils/session.py", line 79, in wrapper
    return func(*args, session=session, **kwargs)
           ^^^^^^^^^^^^^^^^^^^^^^^^^^^^^^^^^^^^^^
  File "/home/airflow/.local/lib/python3.12/site-packages/airflow/dag_processing/processor.py", line 895, in save_dag_to_db
    import_errors = DagBag._sync_to_db(dags=dags, processor_subdir=dag_directory, session=session)
                    ^^^^^^^^^^^^^^^^^^^^^^^^^^^^^^^^^^^^^^^^^^^^^^^^^^^^^^^^^^^^^^^^^^^^^^^^^^^^^^
  File "/home/airflow/.local/lib/python3.12/site-packages/airflow/utils/session.py", line 76, in wrapper
    return func(*args, **kwargs)
           ^^^^^^^^^^^^^^^^^^^^^
  File "/home/airflow/.local/lib/python3.12/site-packages/airflow/models/dagbag.py", line 664, in _sync_to_db
    for attempt in run_with_db_retries(logger=log):
  File "/home/airflow/.local/lib/python3.12/site-packages/tenacity/__init__.py", line 435, in __iter__
    do = self.iter(retry_state=retry_state)
         ^^^^^^^^^^^^^^^^^^^^^^^^^^^^^^^^^^
  File "/home/airflow/.local/lib/python3.12/site-packages/tenacity/__init__.py", line 368, in iter
    result = action(retry_state)
             ^^^^^^^^^^^^^^^^^^^
  File "/home/airflow/.local/lib/python3.12/site-packages/tenacity/__init__.py", line 410, in exc_check
    raise retry_exc.reraise()
          ^^^^^^^^^^^^^^^^^^^
  File "/home/airflow/.local/lib/python3.12/site-packages/tenacity/__init__.py", line 183, in reraise
    raise self.last_attempt.result()
          ^^^^^^^^^^^^^^^^^^^^^^^^^^
  File "/usr/local/lib/python3.12/concurrent/futures/_base.py", line 449, in result
    return self.__get_result()
           ^^^^^^^^^^^^^^^^^^^
  File "/usr/local/lib/python3.12/concurrent/futures/_base.py", line 401, in __get_result
    raise self._exception
  File "/home/airflow/.local/lib/python3.12/site-packages/airflow/models/dagbag.py", line 677, in _sync_to_db
    _serialize_dag_capturing_errors(dag, session, processor_subdir)
  File "/home/airflow/.local/lib/python3.12/site-packages/airflow/models/dagbag.py", line 642, in _serialize_dag_capturing_errors
    dag_was_updated = SerializedDagModel.write_dag(
                      ^^^^^^^^^^^^^^^^^^^^^^^^^^^^^
  File "/home/airflow/.local/lib/python3.12/site-packages/airflow/utils/session.py", line 76, in wrapper
    return func(*args, **kwargs)
           ^^^^^^^^^^^^^^^^^^^^^
  File "/home/airflow/.local/lib/python3.12/site-packages/airflow/models/serialized_dag.py", line 158, in write_dag
    if session.scalar(
       ^^^^^^^^^^^^^^^
  File "/home/airflow/.local/lib/python3.12/site-packages/sqlalchemy/orm/session.py", line 1747, in scalar
    return self.execute(
           ^^^^^^^^^^^^^
  File "/home/airflow/.local/lib/python3.12/site-packages/sqlalchemy/orm/session.py", line 1716, in execute
    conn = self._connection_for_bind(bind)
           ^^^^^^^^^^^^^^^^^^^^^^^^^^^^^^^
  File "/home/airflow/.local/lib/python3.12/site-packages/sqlalchemy/orm/session.py", line 1555, in _connection_for_bind
    return self._transaction._connection_for_bind(
           ^^^^^^^^^^^^^^^^^^^^^^^^^^^^^^^^^^^^^^^
  File "/home/airflow/.local/lib/python3.12/site-packages/sqlalchemy/orm/session.py", line 750, in _connection_for_bind
    conn = bind.connect()
           ^^^^^^^^^^^^^^
  File "/home/airflow/.local/lib/python3.12/site-packages/sqlalchemy/future/engine.py", line 412, in connect
    return super(Engine, self).connect()
           ^^^^^^^^^^^^^^^^^^^^^^^^^^^^^
  File "/home/airflow/.local/lib/python3.12/site-packages/sqlalchemy/engine/base.py", line 3325, in connect
    return self._connection_cls(self, close_with_result=close_with_result)
           ^^^^^^^^^^^^^^^^^^^^^^^^^^^^^^^^^^^^^^^^^^^^^^^^^^^^^^^^^^^^^^^
  File "/home/airflow/.local/lib/python3.12/site-packages/sqlalchemy/engine/base.py", line 96, in __init__
    else engine.raw_connection()
         ^^^^^^^^^^^^^^^^^^^^^^^
  File "/home/airflow/.local/lib/python3.12/site-packages/sqlalchemy/engine/base.py", line 3404, in raw_connection
    return self._wrap_pool_connect(self.pool.connect, _connection)
           ^^^^^^^^^^^^^^^^^^^^^^^^^^^^^^^^^^^^^^^^^^^^^^^^^^^^^^^
  File "/home/airflow/.local/lib/python3.12/site-packages/sqlalchemy/engine/base.py", line 3374, in _wrap_pool_connect
    Connection._handle_dbapi_exception_noconnection(
  File "/home/airflow/.local/lib/python3.12/site-packages/sqlalchemy/engine/base.py", line 2208, in _handle_dbapi_exception_noconnection
    util.raise_(
  File "/home/airflow/.local/lib/python3.12/site-packages/sqlalchemy/util/compat.py", line 211, in raise_
    raise exception
  File "/home/airflow/.local/lib/python3.12/site-packages/sqlalchemy/engine/base.py", line 3371, in _wrap_pool_connect
    return fn()
           ^^^^
  File "/home/airflow/.local/lib/python3.12/site-packages/sqlalchemy/pool/base.py", line 327, in connect
    return _ConnectionFairy._checkout(self)
           ^^^^^^^^^^^^^^^^^^^^^^^^^^^^^^^^
  File "/home/airflow/.local/lib/python3.12/site-packages/sqlalchemy/pool/base.py", line 894, in _checkout
    fairy = _ConnectionRecord.checkout(pool)
            ^^^^^^^^^^^^^^^^^^^^^^^^^^^^^^^^
  File "/home/airflow/.local/lib/python3.12/site-packages/sqlalchemy/pool/base.py", line 493, in checkout
    rec = pool._do_get()
          ^^^^^^^^^^^^^^
  File "/home/airflow/.local/lib/python3.12/site-packages/sqlalchemy/pool/impl.py", line 145, in _do_get
    with util.safe_reraise():
  File "/home/airflow/.local/lib/python3.12/site-packages/sqlalchemy/util/langhelpers.py", line 70, in __exit__
    compat.raise_(
  File "/home/airflow/.local/lib/python3.12/site-packages/sqlalchemy/util/compat.py", line 211, in raise_
    raise exception
  File "/home/airflow/.local/lib/python3.12/site-packages/sqlalchemy/pool/impl.py", line 143, in _do_get
    return self._create_connection()
           ^^^^^^^^^^^^^^^^^^^^^^^^^
  File "/home/airflow/.local/lib/python3.12/site-packages/sqlalchemy/pool/base.py", line 273, in _create_connection
    return _ConnectionRecord(self)
           ^^^^^^^^^^^^^^^^^^^^^^^
  File "/home/airflow/.local/lib/python3.12/site-packages/sqlalchemy/pool/base.py", line 388, in __init__
    self.__connect()
  File "/home/airflow/.local/lib/python3.12/site-packages/sqlalchemy/pool/base.py", line 690, in __connect
    with util.safe_reraise():
  File "/home/airflow/.local/lib/python3.12/site-packages/sqlalchemy/util/langhelpers.py", line 70, in __exit__
    compat.raise_(
  File "/home/airflow/.local/lib/python3.12/site-packages/sqlalchemy/util/compat.py", line 211, in raise_
    raise exception
  File "/home/airflow/.local/lib/python3.12/site-packages/sqlalchemy/pool/base.py", line 686, in __connect
    self.dbapi_connection = connection = pool._invoke_creator(self)
                                         ^^^^^^^^^^^^^^^^^^^^^^^^^^
  File "/home/airflow/.local/lib/python3.12/site-packages/sqlalchemy/engine/create.py", line 574, in connect
    return dialect.connect(*cargs, **cparams)
           ^^^^^^^^^^^^^^^^^^^^^^^^^^^^^^^^^^
  File "/home/airflow/.local/lib/python3.12/site-packages/sqlalchemy/engine/default.py", line 598, in connect
    return self.dbapi.connect(*cargs, **cparams)
           ^^^^^^^^^^^^^^^^^^^^^^^^^^^^^^^^^^^^^
  File "/home/airflow/.local/lib/python3.12/site-packages/psycopg2/__init__.py", line 122, in connect
    conn = _connect(dsn, connection_factory=connection_factory, **kwasync)
           ^^^^^^^^^^^^^^^^^^^^^^^^^^^^^^^^^^^^^^^^^^^^^^^^^^^^^^^^^^^^^^^
sqlalchemy.exc.OperationalError: (psycopg2.OperationalError) could not translate host name "postgres" to address: Temporary failure in name resolution

(Background on this error at: https://sqlalche.me/e/14/e3q8)
[2024-06-24T03:33:40.339+0000] {processor.py:161} INFO - Started process (PID=123) to work on /opt/airflow/dags/decrypt_transform_upload_dag.py
[2024-06-24T03:33:40.340+0000] {processor.py:830} INFO - Processing file /opt/airflow/dags/decrypt_transform_upload_dag.py for tasks to queue
[2024-06-24T03:33:40.342+0000] {logging_mixin.py:188} INFO - [2024-06-24T03:33:40.341+0000] {dagbag.py:545} INFO - Filling up the DagBag from /opt/airflow/dags/decrypt_transform_upload_dag.py
[2024-06-24T03:33:42.650+0000] {processor.py:840} INFO - DAG(s) 'decrypt_transform_upload_dag' retrieved from /opt/airflow/dags/decrypt_transform_upload_dag.py
[2024-06-24T03:33:43.041+0000] {logging_mixin.py:188} INFO - [2024-06-24T03:33:43.040+0000] {dag.py:3096} INFO - Sync 1 DAGs
[2024-06-24T03:33:43.056+0000] {logging_mixin.py:188} INFO - [2024-06-24T03:33:43.056+0000] {dag.py:3954} INFO - Setting next_dagrun for decrypt_transform_upload_dag to None, run_after=None
[2024-06-24T03:33:43.104+0000] {processor.py:183} INFO - Processing /opt/airflow/dags/decrypt_transform_upload_dag.py took 2.778 seconds
[2024-06-24T03:34:13.949+0000] {processor.py:161} INFO - Started process (PID=212) to work on /opt/airflow/dags/decrypt_transform_upload_dag.py
[2024-06-24T03:34:13.950+0000] {processor.py:830} INFO - Processing file /opt/airflow/dags/decrypt_transform_upload_dag.py for tasks to queue
[2024-06-24T03:34:13.951+0000] {logging_mixin.py:188} INFO - [2024-06-24T03:34:13.951+0000] {dagbag.py:545} INFO - Filling up the DagBag from /opt/airflow/dags/decrypt_transform_upload_dag.py
[2024-06-24T03:34:15.148+0000] {processor.py:840} INFO - DAG(s) 'decrypt_transform_upload_dag' retrieved from /opt/airflow/dags/decrypt_transform_upload_dag.py
[2024-06-24T03:34:15.208+0000] {logging_mixin.py:188} INFO - [2024-06-24T03:34:15.208+0000] {dag.py:3096} INFO - Sync 1 DAGs
[2024-06-24T03:34:15.226+0000] {logging_mixin.py:188} INFO - [2024-06-24T03:34:15.225+0000] {dag.py:3954} INFO - Setting next_dagrun for decrypt_transform_upload_dag to None, run_after=None
[2024-06-24T03:34:15.252+0000] {processor.py:183} INFO - Processing /opt/airflow/dags/decrypt_transform_upload_dag.py took 1.310 seconds
[2024-06-24T03:34:45.734+0000] {processor.py:161} INFO - Started process (PID=301) to work on /opt/airflow/dags/decrypt_transform_upload_dag.py
[2024-06-24T03:34:45.735+0000] {processor.py:830} INFO - Processing file /opt/airflow/dags/decrypt_transform_upload_dag.py for tasks to queue
[2024-06-24T03:34:45.736+0000] {logging_mixin.py:188} INFO - [2024-06-24T03:34:45.736+0000] {dagbag.py:545} INFO - Filling up the DagBag from /opt/airflow/dags/decrypt_transform_upload_dag.py
[2024-06-24T03:34:46.845+0000] {processor.py:840} INFO - DAG(s) 'decrypt_transform_upload_dag' retrieved from /opt/airflow/dags/decrypt_transform_upload_dag.py
[2024-06-24T03:34:46.898+0000] {logging_mixin.py:188} INFO - [2024-06-24T03:34:46.897+0000] {dag.py:3096} INFO - Sync 1 DAGs
[2024-06-24T03:34:46.913+0000] {logging_mixin.py:188} INFO - [2024-06-24T03:34:46.912+0000] {dag.py:3954} INFO - Setting next_dagrun for decrypt_transform_upload_dag to None, run_after=None
[2024-06-24T03:34:46.938+0000] {processor.py:183} INFO - Processing /opt/airflow/dags/decrypt_transform_upload_dag.py took 1.210 seconds
[2024-06-24T03:35:17.467+0000] {processor.py:161} INFO - Started process (PID=390) to work on /opt/airflow/dags/decrypt_transform_upload_dag.py
[2024-06-24T03:35:17.468+0000] {processor.py:830} INFO - Processing file /opt/airflow/dags/decrypt_transform_upload_dag.py for tasks to queue
[2024-06-24T03:35:17.470+0000] {logging_mixin.py:188} INFO - [2024-06-24T03:35:17.469+0000] {dagbag.py:545} INFO - Filling up the DagBag from /opt/airflow/dags/decrypt_transform_upload_dag.py
[2024-06-24T03:35:18.526+0000] {processor.py:840} INFO - DAG(s) 'decrypt_transform_upload_dag' retrieved from /opt/airflow/dags/decrypt_transform_upload_dag.py
[2024-06-24T03:35:18.569+0000] {logging_mixin.py:188} INFO - [2024-06-24T03:35:18.568+0000] {dag.py:3096} INFO - Sync 1 DAGs
[2024-06-24T03:35:18.583+0000] {logging_mixin.py:188} INFO - [2024-06-24T03:35:18.583+0000] {dag.py:3954} INFO - Setting next_dagrun for decrypt_transform_upload_dag to None, run_after=None
[2024-06-24T03:35:18.613+0000] {processor.py:183} INFO - Processing /opt/airflow/dags/decrypt_transform_upload_dag.py took 1.155 seconds
[2024-06-24T03:35:49.325+0000] {processor.py:161} INFO - Started process (PID=479) to work on /opt/airflow/dags/decrypt_transform_upload_dag.py
[2024-06-24T03:35:49.326+0000] {processor.py:830} INFO - Processing file /opt/airflow/dags/decrypt_transform_upload_dag.py for tasks to queue
[2024-06-24T03:35:49.328+0000] {logging_mixin.py:188} INFO - [2024-06-24T03:35:49.327+0000] {dagbag.py:545} INFO - Filling up the DagBag from /opt/airflow/dags/decrypt_transform_upload_dag.py
[2024-06-24T03:35:50.590+0000] {processor.py:840} INFO - DAG(s) 'decrypt_transform_upload_dag' retrieved from /opt/airflow/dags/decrypt_transform_upload_dag.py
[2024-06-24T03:35:50.682+0000] {logging_mixin.py:188} INFO - [2024-06-24T03:35:50.679+0000] {dag.py:3096} INFO - Sync 1 DAGs
[2024-06-24T03:35:50.701+0000] {logging_mixin.py:188} INFO - [2024-06-24T03:35:50.701+0000] {dag.py:3954} INFO - Setting next_dagrun for decrypt_transform_upload_dag to None, run_after=None
[2024-06-24T03:35:50.733+0000] {processor.py:183} INFO - Processing /opt/airflow/dags/decrypt_transform_upload_dag.py took 1.415 seconds
[2024-06-24T03:36:21.429+0000] {processor.py:161} INFO - Started process (PID=568) to work on /opt/airflow/dags/decrypt_transform_upload_dag.py
[2024-06-24T03:36:21.430+0000] {processor.py:830} INFO - Processing file /opt/airflow/dags/decrypt_transform_upload_dag.py for tasks to queue
[2024-06-24T03:36:21.431+0000] {logging_mixin.py:188} INFO - [2024-06-24T03:36:21.431+0000] {dagbag.py:545} INFO - Filling up the DagBag from /opt/airflow/dags/decrypt_transform_upload_dag.py
[2024-06-24T03:36:22.446+0000] {processor.py:840} INFO - DAG(s) 'decrypt_transform_upload_dag' retrieved from /opt/airflow/dags/decrypt_transform_upload_dag.py
[2024-06-24T03:36:22.480+0000] {logging_mixin.py:188} INFO - [2024-06-24T03:36:22.479+0000] {dag.py:3096} INFO - Sync 1 DAGs
[2024-06-24T03:36:22.494+0000] {logging_mixin.py:188} INFO - [2024-06-24T03:36:22.493+0000] {dag.py:3954} INFO - Setting next_dagrun for decrypt_transform_upload_dag to None, run_after=None
[2024-06-24T03:36:22.523+0000] {processor.py:183} INFO - Processing /opt/airflow/dags/decrypt_transform_upload_dag.py took 1.101 seconds
[2024-06-24T03:36:53.099+0000] {processor.py:161} INFO - Started process (PID=657) to work on /opt/airflow/dags/decrypt_transform_upload_dag.py
[2024-06-24T03:36:53.100+0000] {processor.py:830} INFO - Processing file /opt/airflow/dags/decrypt_transform_upload_dag.py for tasks to queue
[2024-06-24T03:36:53.101+0000] {logging_mixin.py:188} INFO - [2024-06-24T03:36:53.101+0000] {dagbag.py:545} INFO - Filling up the DagBag from /opt/airflow/dags/decrypt_transform_upload_dag.py
[2024-06-24T03:36:56.917+0000] {processor.py:840} INFO - DAG(s) 'decrypt_transform_upload_dag' retrieved from /opt/airflow/dags/decrypt_transform_upload_dag.py
[2024-06-24T03:37:23.924+0000] {logging_mixin.py:188} INFO - [2024-06-24T03:37:23.922+0000] {dag.py:3096} INFO - Sync 1 DAGs
[2024-06-24T03:37:23.989+0000] {logging_mixin.py:188} INFO - [2024-06-24T03:37:23.988+0000] {dag.py:3954} INFO - Setting next_dagrun for decrypt_transform_upload_dag to None, run_after=None
[2024-06-24T03:37:24.093+0000] {processor.py:183} INFO - Processing /opt/airflow/dags/decrypt_transform_upload_dag.py took 31.001 seconds
[2024-06-24T03:37:55.089+0000] {processor.py:161} INFO - Started process (PID=748) to work on /opt/airflow/dags/decrypt_transform_upload_dag.py
[2024-06-24T03:37:55.091+0000] {processor.py:830} INFO - Processing file /opt/airflow/dags/decrypt_transform_upload_dag.py for tasks to queue
[2024-06-24T03:37:55.094+0000] {logging_mixin.py:188} INFO - [2024-06-24T03:37:55.093+0000] {dagbag.py:545} INFO - Filling up the DagBag from /opt/airflow/dags/decrypt_transform_upload_dag.py
[2024-06-24T03:37:56.369+0000] {processor.py:840} INFO - DAG(s) 'decrypt_transform_upload_dag' retrieved from /opt/airflow/dags/decrypt_transform_upload_dag.py
[2024-06-24T03:37:56.424+0000] {logging_mixin.py:188} INFO - [2024-06-24T03:37:56.420+0000] {dag.py:3096} INFO - Sync 1 DAGs
[2024-06-24T03:37:56.452+0000] {logging_mixin.py:188} INFO - [2024-06-24T03:37:56.452+0000] {dag.py:3954} INFO - Setting next_dagrun for decrypt_transform_upload_dag to None, run_after=None
[2024-06-24T03:37:56.479+0000] {processor.py:183} INFO - Processing /opt/airflow/dags/decrypt_transform_upload_dag.py took 1.417 seconds
[2024-06-24T03:38:27.032+0000] {processor.py:161} INFO - Started process (PID=842) to work on /opt/airflow/dags/decrypt_transform_upload_dag.py
[2024-06-24T03:38:27.033+0000] {processor.py:830} INFO - Processing file /opt/airflow/dags/decrypt_transform_upload_dag.py for tasks to queue
[2024-06-24T03:38:27.035+0000] {logging_mixin.py:188} INFO - [2024-06-24T03:38:27.034+0000] {dagbag.py:545} INFO - Filling up the DagBag from /opt/airflow/dags/decrypt_transform_upload_dag.py
[2024-06-24T03:38:27.988+0000] {processor.py:840} INFO - DAG(s) 'decrypt_transform_upload_dag' retrieved from /opt/airflow/dags/decrypt_transform_upload_dag.py
[2024-06-24T03:38:28.038+0000] {logging_mixin.py:188} INFO - [2024-06-24T03:38:28.037+0000] {dag.py:3096} INFO - Sync 1 DAGs
[2024-06-24T03:38:28.052+0000] {logging_mixin.py:188} INFO - [2024-06-24T03:38:28.052+0000] {dag.py:3954} INFO - Setting next_dagrun for decrypt_transform_upload_dag to None, run_after=None
[2024-06-24T03:38:28.076+0000] {processor.py:183} INFO - Processing /opt/airflow/dags/decrypt_transform_upload_dag.py took 1.051 seconds
[2024-06-24T03:38:58.363+0000] {processor.py:161} INFO - Started process (PID=945) to work on /opt/airflow/dags/decrypt_transform_upload_dag.py
[2024-06-24T03:38:58.365+0000] {processor.py:830} INFO - Processing file /opt/airflow/dags/decrypt_transform_upload_dag.py for tasks to queue
[2024-06-24T03:38:58.366+0000] {logging_mixin.py:188} INFO - [2024-06-24T03:38:58.365+0000] {dagbag.py:545} INFO - Filling up the DagBag from /opt/airflow/dags/decrypt_transform_upload_dag.py
[2024-06-24T03:38:59.708+0000] {processor.py:840} INFO - DAG(s) 'decrypt_transform_upload_dag' retrieved from /opt/airflow/dags/decrypt_transform_upload_dag.py
[2024-06-24T03:38:59.780+0000] {logging_mixin.py:188} INFO - [2024-06-24T03:38:59.777+0000] {dag.py:3096} INFO - Sync 1 DAGs
[2024-06-24T03:38:59.809+0000] {logging_mixin.py:188} INFO - [2024-06-24T03:38:59.809+0000] {dag.py:3954} INFO - Setting next_dagrun for decrypt_transform_upload_dag to None, run_after=None
[2024-06-24T03:38:59.837+0000] {processor.py:183} INFO - Processing /opt/airflow/dags/decrypt_transform_upload_dag.py took 1.484 seconds
[2024-06-24T03:39:47.989+0000] {processor.py:161} INFO - Started process (PID=1048) to work on /opt/airflow/dags/decrypt_transform_upload_dag.py
[2024-06-24T03:39:47.994+0000] {processor.py:830} INFO - Processing file /opt/airflow/dags/decrypt_transform_upload_dag.py for tasks to queue
[2024-06-24T03:39:47.998+0000] {logging_mixin.py:188} INFO - [2024-06-24T03:39:47.996+0000] {dagbag.py:545} INFO - Filling up the DagBag from /opt/airflow/dags/decrypt_transform_upload_dag.py
[2024-06-24T03:39:50.158+0000] {processor.py:840} INFO - DAG(s) 'decrypt_transform_upload_dag' retrieved from /opt/airflow/dags/decrypt_transform_upload_dag.py
[2024-06-24T03:39:50.193+0000] {logging_mixin.py:188} INFO - [2024-06-24T03:39:50.192+0000] {dag.py:3096} INFO - Sync 1 DAGs
[2024-06-24T03:39:50.212+0000] {logging_mixin.py:188} INFO - [2024-06-24T03:39:50.212+0000] {dag.py:3954} INFO - Setting next_dagrun for decrypt_transform_upload_dag to None, run_after=None
[2024-06-24T03:39:50.241+0000] {processor.py:183} INFO - Processing /opt/airflow/dags/decrypt_transform_upload_dag.py took 2.290 seconds
[2024-06-24T03:41:05.575+0000] {processor.py:161} INFO - Started process (PID=1137) to work on /opt/airflow/dags/decrypt_transform_upload_dag.py
[2024-06-24T03:41:05.578+0000] {processor.py:830} INFO - Processing file /opt/airflow/dags/decrypt_transform_upload_dag.py for tasks to queue
[2024-06-24T03:41:05.584+0000] {logging_mixin.py:188} INFO - [2024-06-24T03:41:05.582+0000] {dagbag.py:545} INFO - Filling up the DagBag from /opt/airflow/dags/decrypt_transform_upload_dag.py
[2024-06-24T03:41:15.127+0000] {processor.py:840} INFO - DAG(s) 'decrypt_transform_upload_dag' retrieved from /opt/airflow/dags/decrypt_transform_upload_dag.py
[2024-06-24T03:41:15.725+0000] {logging_mixin.py:188} INFO - [2024-06-24T03:41:15.722+0000] {dag.py:3096} INFO - Sync 1 DAGs
[2024-06-24T03:41:15.782+0000] {logging_mixin.py:188} INFO - [2024-06-24T03:41:15.781+0000] {dag.py:3954} INFO - Setting next_dagrun for decrypt_transform_upload_dag to None, run_after=None
[2024-06-24T03:41:15.849+0000] {processor.py:183} INFO - Processing /opt/airflow/dags/decrypt_transform_upload_dag.py took 10.305 seconds
[2024-06-24T03:41:49.208+0000] {processor.py:161} INFO - Started process (PID=1248) to work on /opt/airflow/dags/decrypt_transform_upload_dag.py
[2024-06-24T03:41:49.213+0000] {processor.py:830} INFO - Processing file /opt/airflow/dags/decrypt_transform_upload_dag.py for tasks to queue
[2024-06-24T03:41:49.216+0000] {logging_mixin.py:188} INFO - [2024-06-24T03:41:49.214+0000] {dagbag.py:545} INFO - Filling up the DagBag from /opt/airflow/dags/decrypt_transform_upload_dag.py
[2024-06-24T03:41:54.314+0000] {processor.py:840} INFO - DAG(s) 'decrypt_transform_upload_dag' retrieved from /opt/airflow/dags/decrypt_transform_upload_dag.py
[2024-06-24T03:41:54.363+0000] {logging_mixin.py:188} INFO - [2024-06-24T03:41:54.361+0000] {dag.py:3096} INFO - Sync 1 DAGs
[2024-06-24T03:41:54.382+0000] {logging_mixin.py:188} INFO - [2024-06-24T03:41:54.382+0000] {dag.py:3954} INFO - Setting next_dagrun for decrypt_transform_upload_dag to None, run_after=None
[2024-06-24T03:41:54.411+0000] {processor.py:183} INFO - Processing /opt/airflow/dags/decrypt_transform_upload_dag.py took 5.238 seconds
[2024-06-24T03:42:24.496+0000] {processor.py:161} INFO - Started process (PID=1351) to work on /opt/airflow/dags/decrypt_transform_upload_dag.py
[2024-06-24T03:42:24.498+0000] {processor.py:830} INFO - Processing file /opt/airflow/dags/decrypt_transform_upload_dag.py for tasks to queue
[2024-06-24T03:42:24.500+0000] {logging_mixin.py:188} INFO - [2024-06-24T03:42:24.499+0000] {dagbag.py:545} INFO - Filling up the DagBag from /opt/airflow/dags/decrypt_transform_upload_dag.py
[2024-06-24T03:42:25.036+0000] {processor.py:840} INFO - DAG(s) 'decrypt_transform_upload_dag' retrieved from /opt/airflow/dags/decrypt_transform_upload_dag.py
[2024-06-24T03:42:25.063+0000] {logging_mixin.py:188} INFO - [2024-06-24T03:42:25.062+0000] {dag.py:3096} INFO - Sync 1 DAGs
[2024-06-24T03:42:25.077+0000] {logging_mixin.py:188} INFO - [2024-06-24T03:42:25.077+0000] {dag.py:3954} INFO - Setting next_dagrun for decrypt_transform_upload_dag to None, run_after=None
[2024-06-24T03:42:25.102+0000] {processor.py:183} INFO - Processing /opt/airflow/dags/decrypt_transform_upload_dag.py took 0.613 seconds
[2024-06-24T03:43:26.405+0000] {processor.py:161} INFO - Started process (PID=1400) to work on /opt/airflow/dags/decrypt_transform_upload_dag.py
[2024-06-24T03:43:26.410+0000] {processor.py:830} INFO - Processing file /opt/airflow/dags/decrypt_transform_upload_dag.py for tasks to queue
[2024-06-24T03:43:26.414+0000] {logging_mixin.py:188} INFO - [2024-06-24T03:43:26.412+0000] {dagbag.py:545} INFO - Filling up the DagBag from /opt/airflow/dags/decrypt_transform_upload_dag.py
[2024-06-24T03:43:28.026+0000] {processor.py:840} INFO - DAG(s) 'decrypt_transform_upload_dag' retrieved from /opt/airflow/dags/decrypt_transform_upload_dag.py
[2024-06-24T03:43:28.055+0000] {logging_mixin.py:188} INFO - [2024-06-24T03:43:28.054+0000] {dag.py:3096} INFO - Sync 1 DAGs
[2024-06-24T03:43:28.071+0000] {logging_mixin.py:188} INFO - [2024-06-24T03:43:28.071+0000] {dag.py:3954} INFO - Setting next_dagrun for decrypt_transform_upload_dag to None, run_after=None
[2024-06-24T03:43:28.097+0000] {processor.py:183} INFO - Processing /opt/airflow/dags/decrypt_transform_upload_dag.py took 1.726 seconds
