[2024-06-24T03:23:44.195+0000] {processor.py:161} INFO - Started process (PID=30) to work on /opt/airflow/dags/decrypt_transform_dag_2.py
[2024-06-24T03:23:44.197+0000] {processor.py:830} INFO - Processing file /opt/airflow/dags/decrypt_transform_dag_2.py for tasks to queue
[2024-06-24T03:23:44.200+0000] {logging_mixin.py:188} INFO - [2024-06-24T03:23:44.199+0000] {dagbag.py:545} INFO - Filling up the DagBag from /opt/airflow/dags/decrypt_transform_dag_2.py
[2024-06-24T03:23:56.026+0000] {processor.py:840} INFO - DAG(s) 'decrypt_transform_dag_2' retrieved from /opt/airflow/dags/decrypt_transform_dag_2.py
[2024-06-24T03:23:57.966+0000] {logging_mixin.py:188} INFO - [2024-06-24T03:23:57.959+0000] {override.py:1829} INFO - Created Permission View: can edit on DAG:decrypt_transform_dag_2
[2024-06-24T03:23:58.005+0000] {logging_mixin.py:188} INFO - [2024-06-24T03:23:58.004+0000] {override.py:1829} INFO - Created Permission View: can read on DAG:decrypt_transform_dag_2
[2024-06-24T03:23:58.024+0000] {logging_mixin.py:188} INFO - [2024-06-24T03:23:58.021+0000] {override.py:1829} INFO - Created Permission View: can delete on DAG:decrypt_transform_dag_2
[2024-06-24T03:23:58.026+0000] {logging_mixin.py:188} INFO - [2024-06-24T03:23:58.025+0000] {dag.py:3096} INFO - Sync 1 DAGs
[2024-06-24T03:23:58.077+0000] {logging_mixin.py:188} INFO - [2024-06-24T03:23:58.076+0000] {dag.py:3118} INFO - Creating ORM DAG for decrypt_transform_dag_2
[2024-06-24T03:23:58.080+0000] {logging_mixin.py:188} INFO - [2024-06-24T03:23:58.079+0000] {dag.py:3954} INFO - Setting next_dagrun for decrypt_transform_dag_2 to None, run_after=None
[2024-06-24T03:23:58.182+0000] {processor.py:183} INFO - Processing /opt/airflow/dags/decrypt_transform_dag_2.py took 13.998 seconds
[2024-06-24T03:24:34.911+0000] {processor.py:161} INFO - Started process (PID=139) to work on /opt/airflow/dags/decrypt_transform_dag_2.py
[2024-06-24T03:24:34.913+0000] {processor.py:830} INFO - Processing file /opt/airflow/dags/decrypt_transform_dag_2.py for tasks to queue
[2024-06-24T03:24:34.916+0000] {logging_mixin.py:188} INFO - [2024-06-24T03:24:34.916+0000] {dagbag.py:545} INFO - Filling up the DagBag from /opt/airflow/dags/decrypt_transform_dag_2.py
[2024-06-24T03:24:35.460+0000] {processor.py:840} INFO - DAG(s) 'decrypt_transform_dag_2' retrieved from /opt/airflow/dags/decrypt_transform_dag_2.py
[2024-06-24T03:24:35.486+0000] {logging_mixin.py:188} INFO - [2024-06-24T03:24:35.485+0000] {dag.py:3096} INFO - Sync 1 DAGs
[2024-06-24T03:24:35.501+0000] {logging_mixin.py:188} INFO - [2024-06-24T03:24:35.500+0000] {dag.py:3954} INFO - Setting next_dagrun for decrypt_transform_dag_2 to None, run_after=None
[2024-06-24T03:24:35.529+0000] {processor.py:183} INFO - Processing /opt/airflow/dags/decrypt_transform_dag_2.py took 0.624 seconds
[2024-06-24T03:25:05.632+0000] {processor.py:161} INFO - Started process (PID=228) to work on /opt/airflow/dags/decrypt_transform_dag_2.py
[2024-06-24T03:25:05.635+0000] {processor.py:830} INFO - Processing file /opt/airflow/dags/decrypt_transform_dag_2.py for tasks to queue
[2024-06-24T03:25:05.643+0000] {logging_mixin.py:188} INFO - [2024-06-24T03:25:05.641+0000] {dagbag.py:545} INFO - Filling up the DagBag from /opt/airflow/dags/decrypt_transform_dag_2.py
[2024-06-24T03:25:07.341+0000] {processor.py:840} INFO - DAG(s) 'decrypt_transform_dag_2' retrieved from /opt/airflow/dags/decrypt_transform_dag_2.py
[2024-06-24T03:25:07.470+0000] {logging_mixin.py:188} INFO - [2024-06-24T03:25:07.466+0000] {dag.py:3096} INFO - Sync 1 DAGs
[2024-06-24T03:25:07.488+0000] {logging_mixin.py:188} INFO - [2024-06-24T03:25:07.488+0000] {dag.py:3954} INFO - Setting next_dagrun for decrypt_transform_dag_2 to None, run_after=None
[2024-06-24T03:25:07.519+0000] {processor.py:183} INFO - Processing /opt/airflow/dags/decrypt_transform_dag_2.py took 1.910 seconds
[2024-06-24T03:25:37.878+0000] {processor.py:161} INFO - Started process (PID=317) to work on /opt/airflow/dags/decrypt_transform_dag_2.py
[2024-06-24T03:25:37.880+0000] {processor.py:830} INFO - Processing file /opt/airflow/dags/decrypt_transform_dag_2.py for tasks to queue
[2024-06-24T03:25:37.882+0000] {logging_mixin.py:188} INFO - [2024-06-24T03:25:37.882+0000] {dagbag.py:545} INFO - Filling up the DagBag from /opt/airflow/dags/decrypt_transform_dag_2.py
[2024-06-24T03:25:38.574+0000] {processor.py:840} INFO - DAG(s) 'decrypt_transform_dag_2' retrieved from /opt/airflow/dags/decrypt_transform_dag_2.py
[2024-06-24T03:25:38.617+0000] {logging_mixin.py:188} INFO - [2024-06-24T03:25:38.617+0000] {dag.py:3096} INFO - Sync 1 DAGs
[2024-06-24T03:25:38.637+0000] {logging_mixin.py:188} INFO - [2024-06-24T03:25:38.637+0000] {dag.py:3954} INFO - Setting next_dagrun for decrypt_transform_dag_2 to None, run_after=None
[2024-06-24T03:25:38.667+0000] {processor.py:183} INFO - Processing /opt/airflow/dags/decrypt_transform_dag_2.py took 0.797 seconds
[2024-06-24T03:26:08.743+0000] {processor.py:161} INFO - Started process (PID=406) to work on /opt/airflow/dags/decrypt_transform_dag_2.py
[2024-06-24T03:26:08.744+0000] {processor.py:830} INFO - Processing file /opt/airflow/dags/decrypt_transform_dag_2.py for tasks to queue
[2024-06-24T03:26:08.747+0000] {logging_mixin.py:188} INFO - [2024-06-24T03:26:08.746+0000] {dagbag.py:545} INFO - Filling up the DagBag from /opt/airflow/dags/decrypt_transform_dag_2.py
[2024-06-24T03:26:09.423+0000] {processor.py:840} INFO - DAG(s) 'decrypt_transform_dag_2' retrieved from /opt/airflow/dags/decrypt_transform_dag_2.py
[2024-06-24T03:26:09.450+0000] {logging_mixin.py:188} INFO - [2024-06-24T03:26:09.449+0000] {dag.py:3096} INFO - Sync 1 DAGs
[2024-06-24T03:26:09.464+0000] {logging_mixin.py:188} INFO - [2024-06-24T03:26:09.463+0000] {dag.py:3954} INFO - Setting next_dagrun for decrypt_transform_dag_2 to None, run_after=None
[2024-06-24T03:26:09.489+0000] {processor.py:183} INFO - Processing /opt/airflow/dags/decrypt_transform_dag_2.py took 0.753 seconds
[2024-06-24T03:26:39.688+0000] {processor.py:161} INFO - Started process (PID=495) to work on /opt/airflow/dags/decrypt_transform_dag_2.py
[2024-06-24T03:26:39.689+0000] {processor.py:830} INFO - Processing file /opt/airflow/dags/decrypt_transform_dag_2.py for tasks to queue
[2024-06-24T03:26:39.693+0000] {logging_mixin.py:188} INFO - [2024-06-24T03:26:39.693+0000] {dagbag.py:545} INFO - Filling up the DagBag from /opt/airflow/dags/decrypt_transform_dag_2.py
[2024-06-24T03:26:41.019+0000] {processor.py:840} INFO - DAG(s) 'decrypt_transform_dag_2' retrieved from /opt/airflow/dags/decrypt_transform_dag_2.py
[2024-06-24T03:26:41.044+0000] {logging_mixin.py:188} INFO - [2024-06-24T03:26:41.044+0000] {dag.py:3096} INFO - Sync 1 DAGs
[2024-06-24T03:26:41.059+0000] {logging_mixin.py:188} INFO - [2024-06-24T03:26:41.058+0000] {dag.py:3954} INFO - Setting next_dagrun for decrypt_transform_dag_2 to None, run_after=None
[2024-06-24T03:26:41.083+0000] {processor.py:183} INFO - Processing /opt/airflow/dags/decrypt_transform_dag_2.py took 1.407 seconds
[2024-06-24T03:27:11.144+0000] {processor.py:161} INFO - Started process (PID=611) to work on /opt/airflow/dags/decrypt_transform_dag_2.py
[2024-06-24T03:27:11.146+0000] {processor.py:830} INFO - Processing file /opt/airflow/dags/decrypt_transform_dag_2.py for tasks to queue
[2024-06-24T03:27:11.149+0000] {logging_mixin.py:188} INFO - [2024-06-24T03:27:11.148+0000] {dagbag.py:545} INFO - Filling up the DagBag from /opt/airflow/dags/decrypt_transform_dag_2.py
[2024-06-24T03:27:11.939+0000] {processor.py:840} INFO - DAG(s) 'decrypt_transform_dag_2' retrieved from /opt/airflow/dags/decrypt_transform_dag_2.py
[2024-06-24T03:27:11.972+0000] {logging_mixin.py:188} INFO - [2024-06-24T03:27:11.971+0000] {dag.py:3096} INFO - Sync 1 DAGs
[2024-06-24T03:27:11.986+0000] {logging_mixin.py:188} INFO - [2024-06-24T03:27:11.986+0000] {dag.py:3954} INFO - Setting next_dagrun for decrypt_transform_dag_2 to None, run_after=None
[2024-06-24T03:27:12.011+0000] {processor.py:183} INFO - Processing /opt/airflow/dags/decrypt_transform_dag_2.py took 0.873 seconds
[2024-06-24T03:27:42.640+0000] {processor.py:161} INFO - Started process (PID=714) to work on /opt/airflow/dags/decrypt_transform_dag_2.py
[2024-06-24T03:27:42.642+0000] {processor.py:830} INFO - Processing file /opt/airflow/dags/decrypt_transform_dag_2.py for tasks to queue
[2024-06-24T03:27:42.645+0000] {logging_mixin.py:188} INFO - [2024-06-24T03:27:42.645+0000] {dagbag.py:545} INFO - Filling up the DagBag from /opt/airflow/dags/decrypt_transform_dag_2.py
[2024-06-24T03:27:43.238+0000] {processor.py:840} INFO - DAG(s) 'decrypt_transform_dag_2' retrieved from /opt/airflow/dags/decrypt_transform_dag_2.py
[2024-06-24T03:27:43.262+0000] {logging_mixin.py:188} INFO - [2024-06-24T03:27:43.261+0000] {dag.py:3096} INFO - Sync 1 DAGs
[2024-06-24T03:27:43.277+0000] {logging_mixin.py:188} INFO - [2024-06-24T03:27:43.277+0000] {dag.py:3954} INFO - Setting next_dagrun for decrypt_transform_dag_2 to None, run_after=None
[2024-06-24T03:27:43.300+0000] {processor.py:183} INFO - Processing /opt/airflow/dags/decrypt_transform_dag_2.py took 0.667 seconds
[2024-06-24T03:28:13.946+0000] {processor.py:161} INFO - Started process (PID=791) to work on /opt/airflow/dags/decrypt_transform_dag_2.py
[2024-06-24T03:28:13.947+0000] {processor.py:830} INFO - Processing file /opt/airflow/dags/decrypt_transform_dag_2.py for tasks to queue
[2024-06-24T03:28:13.950+0000] {logging_mixin.py:188} INFO - [2024-06-24T03:28:13.949+0000] {dagbag.py:545} INFO - Filling up the DagBag from /opt/airflow/dags/decrypt_transform_dag_2.py
[2024-06-24T03:28:14.580+0000] {processor.py:840} INFO - DAG(s) 'decrypt_transform_dag_2' retrieved from /opt/airflow/dags/decrypt_transform_dag_2.py
[2024-06-24T03:28:14.605+0000] {logging_mixin.py:188} INFO - [2024-06-24T03:28:14.605+0000] {dag.py:3096} INFO - Sync 1 DAGs
[2024-06-24T03:28:14.621+0000] {logging_mixin.py:188} INFO - [2024-06-24T03:28:14.620+0000] {dag.py:3954} INFO - Setting next_dagrun for decrypt_transform_dag_2 to None, run_after=None
[2024-06-24T03:28:14.645+0000] {processor.py:183} INFO - Processing /opt/airflow/dags/decrypt_transform_dag_2.py took 0.705 seconds
[2024-06-24T03:28:54.560+0000] {processor.py:161} INFO - Started process (PID=837) to work on /opt/airflow/dags/decrypt_transform_dag_2.py
[2024-06-24T03:28:54.570+0000] {processor.py:830} INFO - Processing file /opt/airflow/dags/decrypt_transform_dag_2.py for tasks to queue
[2024-06-24T03:28:54.604+0000] {logging_mixin.py:188} INFO - [2024-06-24T03:28:54.599+0000] {dagbag.py:545} INFO - Filling up the DagBag from /opt/airflow/dags/decrypt_transform_dag_2.py
[2024-06-24T03:29:00.768+0000] {processor.py:840} INFO - DAG(s) 'decrypt_transform_dag_2' retrieved from /opt/airflow/dags/decrypt_transform_dag_2.py
[2024-06-24T03:29:09.789+0000] {logging_mixin.py:188} INFO - [2024-06-24T03:29:09.787+0000] {dag.py:3096} INFO - Sync 1 DAGs
[2024-06-24T03:29:09.813+0000] {logging_mixin.py:188} INFO - [2024-06-24T03:29:09.813+0000] {dag.py:3954} INFO - Setting next_dagrun for decrypt_transform_dag_2 to None, run_after=None
[2024-06-24T03:29:09.849+0000] {processor.py:183} INFO - Processing /opt/airflow/dags/decrypt_transform_dag_2.py took 15.405 seconds
[2024-06-24T03:29:40.131+0000] {processor.py:161} INFO - Started process (PID=929) to work on /opt/airflow/dags/decrypt_transform_dag_2.py
[2024-06-24T03:29:40.133+0000] {processor.py:830} INFO - Processing file /opt/airflow/dags/decrypt_transform_dag_2.py for tasks to queue
[2024-06-24T03:29:40.138+0000] {logging_mixin.py:188} INFO - [2024-06-24T03:29:40.136+0000] {dagbag.py:545} INFO - Filling up the DagBag from /opt/airflow/dags/decrypt_transform_dag_2.py
[2024-06-24T03:30:10.610+0000] {logging_mixin.py:188} INFO - [2024-06-24T03:30:10.269+0000] {timeout.py:68} ERROR - Process timed out, PID: 929
[2024-06-24T03:32:16.690+0000] {processor.py:161} INFO - Started process (PID=37) to work on /opt/airflow/dags/decrypt_transform_dag_2.py
[2024-06-24T03:32:16.692+0000] {processor.py:830} INFO - Processing file /opt/airflow/dags/decrypt_transform_dag_2.py for tasks to queue
[2024-06-24T03:32:16.699+0000] {logging_mixin.py:188} INFO - [2024-06-24T03:32:16.696+0000] {dagbag.py:545} INFO - Filling up the DagBag from /opt/airflow/dags/decrypt_transform_dag_2.py
[2024-06-24T03:32:36.422+0000] {processor.py:161} INFO - Started process (PID=30) to work on /opt/airflow/dags/decrypt_transform_dag_2.py
[2024-06-24T03:32:36.424+0000] {processor.py:830} INFO - Processing file /opt/airflow/dags/decrypt_transform_dag_2.py for tasks to queue
[2024-06-24T03:32:36.430+0000] {logging_mixin.py:188} INFO - [2024-06-24T03:32:36.427+0000] {dagbag.py:545} INFO - Filling up the DagBag from /opt/airflow/dags/decrypt_transform_dag_2.py
[2024-06-24T03:32:38.691+0000] {processor.py:840} INFO - DAG(s) 'decrypt_transform_dag_2' retrieved from /opt/airflow/dags/decrypt_transform_dag_2.py
[2024-06-24T03:33:09.879+0000] {processor.py:186} ERROR - Got an exception! Propagating...
Traceback (most recent call last):
  File "/home/airflow/.local/lib/python3.12/site-packages/sqlalchemy/engine/base.py", line 3371, in _wrap_pool_connect
    return fn()
           ^^^^
  File "/home/airflow/.local/lib/python3.12/site-packages/sqlalchemy/pool/base.py", line 327, in connect
    return _ConnectionFairy._checkout(self)
           ^^^^^^^^^^^^^^^^^^^^^^^^^^^^^^^^
  File "/home/airflow/.local/lib/python3.12/site-packages/sqlalchemy/pool/base.py", line 894, in _checkout
    fairy = _ConnectionRecord.checkout(pool)
            ^^^^^^^^^^^^^^^^^^^^^^^^^^^^^^^^
  File "/home/airflow/.local/lib/python3.12/site-packages/sqlalchemy/pool/base.py", line 493, in checkout
    rec = pool._do_get()
          ^^^^^^^^^^^^^^
  File "/home/airflow/.local/lib/python3.12/site-packages/sqlalchemy/pool/impl.py", line 145, in _do_get
    with util.safe_reraise():
  File "/home/airflow/.local/lib/python3.12/site-packages/sqlalchemy/util/langhelpers.py", line 70, in __exit__
    compat.raise_(
  File "/home/airflow/.local/lib/python3.12/site-packages/sqlalchemy/util/compat.py", line 211, in raise_
    raise exception
  File "/home/airflow/.local/lib/python3.12/site-packages/sqlalchemy/pool/impl.py", line 143, in _do_get
    return self._create_connection()
           ^^^^^^^^^^^^^^^^^^^^^^^^^
  File "/home/airflow/.local/lib/python3.12/site-packages/sqlalchemy/pool/base.py", line 273, in _create_connection
    return _ConnectionRecord(self)
           ^^^^^^^^^^^^^^^^^^^^^^^
  File "/home/airflow/.local/lib/python3.12/site-packages/sqlalchemy/pool/base.py", line 388, in __init__
    self.__connect()
  File "/home/airflow/.local/lib/python3.12/site-packages/sqlalchemy/pool/base.py", line 690, in __connect
    with util.safe_reraise():
  File "/home/airflow/.local/lib/python3.12/site-packages/sqlalchemy/util/langhelpers.py", line 70, in __exit__
    compat.raise_(
  File "/home/airflow/.local/lib/python3.12/site-packages/sqlalchemy/util/compat.py", line 211, in raise_
    raise exception
  File "/home/airflow/.local/lib/python3.12/site-packages/sqlalchemy/pool/base.py", line 686, in __connect
    self.dbapi_connection = connection = pool._invoke_creator(self)
                                         ^^^^^^^^^^^^^^^^^^^^^^^^^^
  File "/home/airflow/.local/lib/python3.12/site-packages/sqlalchemy/engine/create.py", line 574, in connect
    return dialect.connect(*cargs, **cparams)
           ^^^^^^^^^^^^^^^^^^^^^^^^^^^^^^^^^^
  File "/home/airflow/.local/lib/python3.12/site-packages/sqlalchemy/engine/default.py", line 598, in connect
    return self.dbapi.connect(*cargs, **cparams)
           ^^^^^^^^^^^^^^^^^^^^^^^^^^^^^^^^^^^^^
  File "/home/airflow/.local/lib/python3.12/site-packages/psycopg2/__init__.py", line 122, in connect
    conn = _connect(dsn, connection_factory=connection_factory, **kwasync)
           ^^^^^^^^^^^^^^^^^^^^^^^^^^^^^^^^^^^^^^^^^^^^^^^^^^^^^^^^^^^^^^^
psycopg2.OperationalError: could not translate host name "postgres" to address: Temporary failure in name resolution


The above exception was the direct cause of the following exception:

Traceback (most recent call last):
  File "/home/airflow/.local/lib/python3.12/site-packages/airflow/dag_processing/processor.py", line 182, in _run_file_processor
    _handle_dag_file_processing()
  File "/home/airflow/.local/lib/python3.12/site-packages/airflow/dag_processing/processor.py", line 163, in _handle_dag_file_processing
    result: tuple[int, int] = dag_file_processor.process_file(
                              ^^^^^^^^^^^^^^^^^^^^^^^^^^^^^^^^
  File "/home/airflow/.local/lib/python3.12/site-packages/airflow/utils/session.py", line 79, in wrapper
    return func(*args, session=session, **kwargs)
           ^^^^^^^^^^^^^^^^^^^^^^^^^^^^^^^^^^^^^^
  File "/home/airflow/.local/lib/python3.12/site-packages/airflow/dag_processing/processor.py", line 859, in process_file
    serialize_errors = DagFileProcessor.save_dag_to_db(
                       ^^^^^^^^^^^^^^^^^^^^^^^^^^^^^^^^
  File "/home/airflow/.local/lib/python3.12/site-packages/airflow/api_internal/internal_api_call.py", line 115, in wrapper
    return func(*args, **kwargs)
           ^^^^^^^^^^^^^^^^^^^^^
  File "/home/airflow/.local/lib/python3.12/site-packages/airflow/utils/session.py", line 79, in wrapper
    return func(*args, session=session, **kwargs)
           ^^^^^^^^^^^^^^^^^^^^^^^^^^^^^^^^^^^^^^
  File "/home/airflow/.local/lib/python3.12/site-packages/airflow/dag_processing/processor.py", line 895, in save_dag_to_db
    import_errors = DagBag._sync_to_db(dags=dags, processor_subdir=dag_directory, session=session)
                    ^^^^^^^^^^^^^^^^^^^^^^^^^^^^^^^^^^^^^^^^^^^^^^^^^^^^^^^^^^^^^^^^^^^^^^^^^^^^^^
  File "/home/airflow/.local/lib/python3.12/site-packages/airflow/utils/session.py", line 76, in wrapper
    return func(*args, **kwargs)
           ^^^^^^^^^^^^^^^^^^^^^
  File "/home/airflow/.local/lib/python3.12/site-packages/airflow/models/dagbag.py", line 664, in _sync_to_db
    for attempt in run_with_db_retries(logger=log):
  File "/home/airflow/.local/lib/python3.12/site-packages/tenacity/__init__.py", line 435, in __iter__
    do = self.iter(retry_state=retry_state)
         ^^^^^^^^^^^^^^^^^^^^^^^^^^^^^^^^^^
  File "/home/airflow/.local/lib/python3.12/site-packages/tenacity/__init__.py", line 368, in iter
    result = action(retry_state)
             ^^^^^^^^^^^^^^^^^^^
  File "/home/airflow/.local/lib/python3.12/site-packages/tenacity/__init__.py", line 410, in exc_check
    raise retry_exc.reraise()
          ^^^^^^^^^^^^^^^^^^^
  File "/home/airflow/.local/lib/python3.12/site-packages/tenacity/__init__.py", line 183, in reraise
    raise self.last_attempt.result()
          ^^^^^^^^^^^^^^^^^^^^^^^^^^
  File "/usr/local/lib/python3.12/concurrent/futures/_base.py", line 449, in result
    return self.__get_result()
           ^^^^^^^^^^^^^^^^^^^
  File "/usr/local/lib/python3.12/concurrent/futures/_base.py", line 401, in __get_result
    raise self._exception
  File "/home/airflow/.local/lib/python3.12/site-packages/airflow/models/dagbag.py", line 677, in _sync_to_db
    _serialize_dag_capturing_errors(dag, session, processor_subdir)
  File "/home/airflow/.local/lib/python3.12/site-packages/airflow/models/dagbag.py", line 642, in _serialize_dag_capturing_errors
    dag_was_updated = SerializedDagModel.write_dag(
                      ^^^^^^^^^^^^^^^^^^^^^^^^^^^^^
  File "/home/airflow/.local/lib/python3.12/site-packages/airflow/utils/session.py", line 76, in wrapper
    return func(*args, **kwargs)
           ^^^^^^^^^^^^^^^^^^^^^
  File "/home/airflow/.local/lib/python3.12/site-packages/airflow/models/serialized_dag.py", line 158, in write_dag
    if session.scalar(
       ^^^^^^^^^^^^^^^
  File "/home/airflow/.local/lib/python3.12/site-packages/sqlalchemy/orm/session.py", line 1747, in scalar
    return self.execute(
           ^^^^^^^^^^^^^
  File "/home/airflow/.local/lib/python3.12/site-packages/sqlalchemy/orm/session.py", line 1716, in execute
    conn = self._connection_for_bind(bind)
           ^^^^^^^^^^^^^^^^^^^^^^^^^^^^^^^
  File "/home/airflow/.local/lib/python3.12/site-packages/sqlalchemy/orm/session.py", line 1555, in _connection_for_bind
    return self._transaction._connection_for_bind(
           ^^^^^^^^^^^^^^^^^^^^^^^^^^^^^^^^^^^^^^^
  File "/home/airflow/.local/lib/python3.12/site-packages/sqlalchemy/orm/session.py", line 750, in _connection_for_bind
    conn = bind.connect()
           ^^^^^^^^^^^^^^
  File "/home/airflow/.local/lib/python3.12/site-packages/sqlalchemy/future/engine.py", line 412, in connect
    return super(Engine, self).connect()
           ^^^^^^^^^^^^^^^^^^^^^^^^^^^^^
  File "/home/airflow/.local/lib/python3.12/site-packages/sqlalchemy/engine/base.py", line 3325, in connect
    return self._connection_cls(self, close_with_result=close_with_result)
           ^^^^^^^^^^^^^^^^^^^^^^^^^^^^^^^^^^^^^^^^^^^^^^^^^^^^^^^^^^^^^^^
  File "/home/airflow/.local/lib/python3.12/site-packages/sqlalchemy/engine/base.py", line 96, in __init__
    else engine.raw_connection()
         ^^^^^^^^^^^^^^^^^^^^^^^
  File "/home/airflow/.local/lib/python3.12/site-packages/sqlalchemy/engine/base.py", line 3404, in raw_connection
    return self._wrap_pool_connect(self.pool.connect, _connection)
           ^^^^^^^^^^^^^^^^^^^^^^^^^^^^^^^^^^^^^^^^^^^^^^^^^^^^^^^
  File "/home/airflow/.local/lib/python3.12/site-packages/sqlalchemy/engine/base.py", line 3374, in _wrap_pool_connect
    Connection._handle_dbapi_exception_noconnection(
  File "/home/airflow/.local/lib/python3.12/site-packages/sqlalchemy/engine/base.py", line 2208, in _handle_dbapi_exception_noconnection
    util.raise_(
  File "/home/airflow/.local/lib/python3.12/site-packages/sqlalchemy/util/compat.py", line 211, in raise_
    raise exception
  File "/home/airflow/.local/lib/python3.12/site-packages/sqlalchemy/engine/base.py", line 3371, in _wrap_pool_connect
    return fn()
           ^^^^
  File "/home/airflow/.local/lib/python3.12/site-packages/sqlalchemy/pool/base.py", line 327, in connect
    return _ConnectionFairy._checkout(self)
           ^^^^^^^^^^^^^^^^^^^^^^^^^^^^^^^^
  File "/home/airflow/.local/lib/python3.12/site-packages/sqlalchemy/pool/base.py", line 894, in _checkout
    fairy = _ConnectionRecord.checkout(pool)
            ^^^^^^^^^^^^^^^^^^^^^^^^^^^^^^^^
  File "/home/airflow/.local/lib/python3.12/site-packages/sqlalchemy/pool/base.py", line 493, in checkout
    rec = pool._do_get()
          ^^^^^^^^^^^^^^
  File "/home/airflow/.local/lib/python3.12/site-packages/sqlalchemy/pool/impl.py", line 145, in _do_get
    with util.safe_reraise():
  File "/home/airflow/.local/lib/python3.12/site-packages/sqlalchemy/util/langhelpers.py", line 70, in __exit__
    compat.raise_(
  File "/home/airflow/.local/lib/python3.12/site-packages/sqlalchemy/util/compat.py", line 211, in raise_
    raise exception
  File "/home/airflow/.local/lib/python3.12/site-packages/sqlalchemy/pool/impl.py", line 143, in _do_get
    return self._create_connection()
           ^^^^^^^^^^^^^^^^^^^^^^^^^
  File "/home/airflow/.local/lib/python3.12/site-packages/sqlalchemy/pool/base.py", line 273, in _create_connection
    return _ConnectionRecord(self)
           ^^^^^^^^^^^^^^^^^^^^^^^
  File "/home/airflow/.local/lib/python3.12/site-packages/sqlalchemy/pool/base.py", line 388, in __init__
    self.__connect()
  File "/home/airflow/.local/lib/python3.12/site-packages/sqlalchemy/pool/base.py", line 690, in __connect
    with util.safe_reraise():
  File "/home/airflow/.local/lib/python3.12/site-packages/sqlalchemy/util/langhelpers.py", line 70, in __exit__
    compat.raise_(
  File "/home/airflow/.local/lib/python3.12/site-packages/sqlalchemy/util/compat.py", line 211, in raise_
    raise exception
  File "/home/airflow/.local/lib/python3.12/site-packages/sqlalchemy/pool/base.py", line 686, in __connect
    self.dbapi_connection = connection = pool._invoke_creator(self)
                                         ^^^^^^^^^^^^^^^^^^^^^^^^^^
  File "/home/airflow/.local/lib/python3.12/site-packages/sqlalchemy/engine/create.py", line 574, in connect
    return dialect.connect(*cargs, **cparams)
           ^^^^^^^^^^^^^^^^^^^^^^^^^^^^^^^^^^
  File "/home/airflow/.local/lib/python3.12/site-packages/sqlalchemy/engine/default.py", line 598, in connect
    return self.dbapi.connect(*cargs, **cparams)
           ^^^^^^^^^^^^^^^^^^^^^^^^^^^^^^^^^^^^^
  File "/home/airflow/.local/lib/python3.12/site-packages/psycopg2/__init__.py", line 122, in connect
    conn = _connect(dsn, connection_factory=connection_factory, **kwasync)
           ^^^^^^^^^^^^^^^^^^^^^^^^^^^^^^^^^^^^^^^^^^^^^^^^^^^^^^^^^^^^^^^
sqlalchemy.exc.OperationalError: (psycopg2.OperationalError) could not translate host name "postgres" to address: Temporary failure in name resolution

(Background on this error at: https://sqlalche.me/e/14/e3q8)
[2024-06-24T03:33:40.306+0000] {processor.py:161} INFO - Started process (PID=122) to work on /opt/airflow/dags/decrypt_transform_dag_2.py
[2024-06-24T03:33:40.308+0000] {processor.py:830} INFO - Processing file /opt/airflow/dags/decrypt_transform_dag_2.py for tasks to queue
[2024-06-24T03:33:40.315+0000] {logging_mixin.py:188} INFO - [2024-06-24T03:33:40.310+0000] {dagbag.py:545} INFO - Filling up the DagBag from /opt/airflow/dags/decrypt_transform_dag_2.py
[2024-06-24T03:33:42.651+0000] {processor.py:840} INFO - DAG(s) 'decrypt_transform_dag_2' retrieved from /opt/airflow/dags/decrypt_transform_dag_2.py
[2024-06-24T03:33:43.040+0000] {logging_mixin.py:188} INFO - [2024-06-24T03:33:43.039+0000] {dag.py:3096} INFO - Sync 1 DAGs
[2024-06-24T03:33:43.055+0000] {logging_mixin.py:188} INFO - [2024-06-24T03:33:43.055+0000] {dag.py:3954} INFO - Setting next_dagrun for decrypt_transform_dag_2 to None, run_after=None
[2024-06-24T03:33:43.108+0000] {processor.py:183} INFO - Processing /opt/airflow/dags/decrypt_transform_dag_2.py took 2.812 seconds
[2024-06-24T03:34:13.936+0000] {processor.py:161} INFO - Started process (PID=211) to work on /opt/airflow/dags/decrypt_transform_dag_2.py
[2024-06-24T03:34:13.937+0000] {processor.py:830} INFO - Processing file /opt/airflow/dags/decrypt_transform_dag_2.py for tasks to queue
[2024-06-24T03:34:13.938+0000] {logging_mixin.py:188} INFO - [2024-06-24T03:34:13.938+0000] {dagbag.py:545} INFO - Filling up the DagBag from /opt/airflow/dags/decrypt_transform_dag_2.py
[2024-06-24T03:34:15.148+0000] {processor.py:840} INFO - DAG(s) 'decrypt_transform_dag_2' retrieved from /opt/airflow/dags/decrypt_transform_dag_2.py
[2024-06-24T03:34:15.209+0000] {logging_mixin.py:188} INFO - [2024-06-24T03:34:15.208+0000] {dag.py:3096} INFO - Sync 1 DAGs
[2024-06-24T03:34:15.224+0000] {logging_mixin.py:188} INFO - [2024-06-24T03:34:15.224+0000] {dag.py:3954} INFO - Setting next_dagrun for decrypt_transform_dag_2 to None, run_after=None
[2024-06-24T03:34:15.252+0000] {processor.py:183} INFO - Processing /opt/airflow/dags/decrypt_transform_dag_2.py took 1.324 seconds
[2024-06-24T03:34:45.724+0000] {processor.py:161} INFO - Started process (PID=300) to work on /opt/airflow/dags/decrypt_transform_dag_2.py
[2024-06-24T03:34:45.725+0000] {processor.py:830} INFO - Processing file /opt/airflow/dags/decrypt_transform_dag_2.py for tasks to queue
[2024-06-24T03:34:45.726+0000] {logging_mixin.py:188} INFO - [2024-06-24T03:34:45.726+0000] {dagbag.py:545} INFO - Filling up the DagBag from /opt/airflow/dags/decrypt_transform_dag_2.py
[2024-06-24T03:34:46.844+0000] {processor.py:840} INFO - DAG(s) 'decrypt_transform_dag_2' retrieved from /opt/airflow/dags/decrypt_transform_dag_2.py
[2024-06-24T03:34:46.898+0000] {logging_mixin.py:188} INFO - [2024-06-24T03:34:46.897+0000] {dag.py:3096} INFO - Sync 1 DAGs
[2024-06-24T03:34:46.913+0000] {logging_mixin.py:188} INFO - [2024-06-24T03:34:46.912+0000] {dag.py:3954} INFO - Setting next_dagrun for decrypt_transform_dag_2 to None, run_after=None
[2024-06-24T03:34:46.938+0000] {processor.py:183} INFO - Processing /opt/airflow/dags/decrypt_transform_dag_2.py took 1.221 seconds
[2024-06-24T03:35:17.454+0000] {processor.py:161} INFO - Started process (PID=389) to work on /opt/airflow/dags/decrypt_transform_dag_2.py
[2024-06-24T03:35:17.455+0000] {processor.py:830} INFO - Processing file /opt/airflow/dags/decrypt_transform_dag_2.py for tasks to queue
[2024-06-24T03:35:17.456+0000] {logging_mixin.py:188} INFO - [2024-06-24T03:35:17.455+0000] {dagbag.py:545} INFO - Filling up the DagBag from /opt/airflow/dags/decrypt_transform_dag_2.py
[2024-06-24T03:35:18.526+0000] {processor.py:840} INFO - DAG(s) 'decrypt_transform_dag_2' retrieved from /opt/airflow/dags/decrypt_transform_dag_2.py
[2024-06-24T03:35:18.569+0000] {logging_mixin.py:188} INFO - [2024-06-24T03:35:18.568+0000] {dag.py:3096} INFO - Sync 1 DAGs
[2024-06-24T03:35:18.584+0000] {logging_mixin.py:188} INFO - [2024-06-24T03:35:18.583+0000] {dag.py:3954} INFO - Setting next_dagrun for decrypt_transform_dag_2 to None, run_after=None
[2024-06-24T03:35:18.613+0000] {processor.py:183} INFO - Processing /opt/airflow/dags/decrypt_transform_dag_2.py took 1.167 seconds
[2024-06-24T03:35:49.332+0000] {processor.py:161} INFO - Started process (PID=478) to work on /opt/airflow/dags/decrypt_transform_dag_2.py
[2024-06-24T03:35:49.335+0000] {processor.py:830} INFO - Processing file /opt/airflow/dags/decrypt_transform_dag_2.py for tasks to queue
[2024-06-24T03:35:49.337+0000] {logging_mixin.py:188} INFO - [2024-06-24T03:35:49.336+0000] {dagbag.py:545} INFO - Filling up the DagBag from /opt/airflow/dags/decrypt_transform_dag_2.py
[2024-06-24T03:35:50.590+0000] {processor.py:840} INFO - DAG(s) 'decrypt_transform_dag_2' retrieved from /opt/airflow/dags/decrypt_transform_dag_2.py
[2024-06-24T03:35:50.682+0000] {logging_mixin.py:188} INFO - [2024-06-24T03:35:50.679+0000] {dag.py:3096} INFO - Sync 1 DAGs
[2024-06-24T03:35:50.702+0000] {logging_mixin.py:188} INFO - [2024-06-24T03:35:50.702+0000] {dag.py:3954} INFO - Setting next_dagrun for decrypt_transform_dag_2 to None, run_after=None
[2024-06-24T03:35:50.733+0000] {processor.py:183} INFO - Processing /opt/airflow/dags/decrypt_transform_dag_2.py took 1.418 seconds
[2024-06-24T03:36:21.416+0000] {processor.py:161} INFO - Started process (PID=567) to work on /opt/airflow/dags/decrypt_transform_dag_2.py
[2024-06-24T03:36:21.417+0000] {processor.py:830} INFO - Processing file /opt/airflow/dags/decrypt_transform_dag_2.py for tasks to queue
[2024-06-24T03:36:21.418+0000] {logging_mixin.py:188} INFO - [2024-06-24T03:36:21.418+0000] {dagbag.py:545} INFO - Filling up the DagBag from /opt/airflow/dags/decrypt_transform_dag_2.py
[2024-06-24T03:36:22.446+0000] {processor.py:840} INFO - DAG(s) 'decrypt_transform_dag_2' retrieved from /opt/airflow/dags/decrypt_transform_dag_2.py
[2024-06-24T03:36:22.480+0000] {logging_mixin.py:188} INFO - [2024-06-24T03:36:22.479+0000] {dag.py:3096} INFO - Sync 1 DAGs
[2024-06-24T03:36:22.494+0000] {logging_mixin.py:188} INFO - [2024-06-24T03:36:22.493+0000] {dag.py:3954} INFO - Setting next_dagrun for decrypt_transform_dag_2 to None, run_after=None
[2024-06-24T03:36:22.523+0000] {processor.py:183} INFO - Processing /opt/airflow/dags/decrypt_transform_dag_2.py took 1.114 seconds
[2024-06-24T03:36:53.087+0000] {processor.py:161} INFO - Started process (PID=656) to work on /opt/airflow/dags/decrypt_transform_dag_2.py
[2024-06-24T03:36:53.088+0000] {processor.py:830} INFO - Processing file /opt/airflow/dags/decrypt_transform_dag_2.py for tasks to queue
[2024-06-24T03:36:53.089+0000] {logging_mixin.py:188} INFO - [2024-06-24T03:36:53.089+0000] {dagbag.py:545} INFO - Filling up the DagBag from /opt/airflow/dags/decrypt_transform_dag_2.py
[2024-06-24T03:36:56.916+0000] {processor.py:840} INFO - DAG(s) 'decrypt_transform_dag_2' retrieved from /opt/airflow/dags/decrypt_transform_dag_2.py
[2024-06-24T03:37:23.932+0000] {logging_mixin.py:188} INFO - [2024-06-24T03:37:23.922+0000] {dag.py:3096} INFO - Sync 1 DAGs
[2024-06-24T03:37:23.982+0000] {logging_mixin.py:188} INFO - [2024-06-24T03:37:23.981+0000] {dag.py:3954} INFO - Setting next_dagrun for decrypt_transform_dag_2 to None, run_after=None
[2024-06-24T03:37:24.088+0000] {processor.py:183} INFO - Processing /opt/airflow/dags/decrypt_transform_dag_2.py took 31.009 seconds
[2024-06-24T03:37:55.069+0000] {processor.py:161} INFO - Started process (PID=747) to work on /opt/airflow/dags/decrypt_transform_dag_2.py
[2024-06-24T03:37:55.074+0000] {processor.py:830} INFO - Processing file /opt/airflow/dags/decrypt_transform_dag_2.py for tasks to queue
[2024-06-24T03:37:55.077+0000] {logging_mixin.py:188} INFO - [2024-06-24T03:37:55.076+0000] {dagbag.py:545} INFO - Filling up the DagBag from /opt/airflow/dags/decrypt_transform_dag_2.py
[2024-06-24T03:37:56.368+0000] {processor.py:840} INFO - DAG(s) 'decrypt_transform_dag_2' retrieved from /opt/airflow/dags/decrypt_transform_dag_2.py
[2024-06-24T03:37:56.424+0000] {logging_mixin.py:188} INFO - [2024-06-24T03:37:56.423+0000] {dag.py:3096} INFO - Sync 1 DAGs
[2024-06-24T03:37:56.449+0000] {logging_mixin.py:188} INFO - [2024-06-24T03:37:56.449+0000] {dag.py:3954} INFO - Setting next_dagrun for decrypt_transform_dag_2 to None, run_after=None
[2024-06-24T03:37:56.483+0000] {processor.py:183} INFO - Processing /opt/airflow/dags/decrypt_transform_dag_2.py took 1.444 seconds
[2024-06-24T03:38:27.017+0000] {processor.py:161} INFO - Started process (PID=841) to work on /opt/airflow/dags/decrypt_transform_dag_2.py
[2024-06-24T03:38:27.018+0000] {processor.py:830} INFO - Processing file /opt/airflow/dags/decrypt_transform_dag_2.py for tasks to queue
[2024-06-24T03:38:27.020+0000] {logging_mixin.py:188} INFO - [2024-06-24T03:38:27.019+0000] {dagbag.py:545} INFO - Filling up the DagBag from /opt/airflow/dags/decrypt_transform_dag_2.py
[2024-06-24T03:38:27.987+0000] {processor.py:840} INFO - DAG(s) 'decrypt_transform_dag_2' retrieved from /opt/airflow/dags/decrypt_transform_dag_2.py
[2024-06-24T03:38:28.038+0000] {logging_mixin.py:188} INFO - [2024-06-24T03:38:28.037+0000] {dag.py:3096} INFO - Sync 1 DAGs
[2024-06-24T03:38:28.051+0000] {logging_mixin.py:188} INFO - [2024-06-24T03:38:28.051+0000] {dag.py:3954} INFO - Setting next_dagrun for decrypt_transform_dag_2 to None, run_after=None
[2024-06-24T03:38:28.074+0000] {processor.py:183} INFO - Processing /opt/airflow/dags/decrypt_transform_dag_2.py took 1.064 seconds
[2024-06-24T03:38:58.346+0000] {processor.py:161} INFO - Started process (PID=944) to work on /opt/airflow/dags/decrypt_transform_dag_2.py
[2024-06-24T03:38:58.348+0000] {processor.py:830} INFO - Processing file /opt/airflow/dags/decrypt_transform_dag_2.py for tasks to queue
[2024-06-24T03:38:58.350+0000] {logging_mixin.py:188} INFO - [2024-06-24T03:38:58.349+0000] {dagbag.py:545} INFO - Filling up the DagBag from /opt/airflow/dags/decrypt_transform_dag_2.py
[2024-06-24T03:38:59.709+0000] {processor.py:840} INFO - DAG(s) 'decrypt_transform_dag_2' retrieved from /opt/airflow/dags/decrypt_transform_dag_2.py
[2024-06-24T03:38:59.782+0000] {logging_mixin.py:188} INFO - [2024-06-24T03:38:59.781+0000] {dag.py:3096} INFO - Sync 1 DAGs
[2024-06-24T03:38:59.809+0000] {logging_mixin.py:188} INFO - [2024-06-24T03:38:59.809+0000] {dag.py:3954} INFO - Setting next_dagrun for decrypt_transform_dag_2 to None, run_after=None
[2024-06-24T03:38:59.837+0000] {processor.py:183} INFO - Processing /opt/airflow/dags/decrypt_transform_dag_2.py took 1.501 seconds
[2024-06-24T03:39:36.784+0000] {processor.py:161} INFO - Started process (PID=1014) to work on /opt/airflow/dags/decrypt_transform_dag_2.py
[2024-06-24T03:39:36.790+0000] {processor.py:830} INFO - Processing file /opt/airflow/dags/decrypt_transform_dag_2.py for tasks to queue
[2024-06-24T03:39:36.793+0000] {logging_mixin.py:188} INFO - [2024-06-24T03:39:36.793+0000] {dagbag.py:545} INFO - Filling up the DagBag from /opt/airflow/dags/decrypt_transform_dag_2.py
[2024-06-24T03:39:45.150+0000] {processor.py:840} INFO - DAG(s) 'decrypt_transform_dag_2' retrieved from /opt/airflow/dags/decrypt_transform_dag_2.py
[2024-06-24T03:39:45.672+0000] {logging_mixin.py:188} INFO - [2024-06-24T03:39:45.656+0000] {dag.py:3096} INFO - Sync 1 DAGs
[2024-06-24T03:39:47.739+0000] {logging_mixin.py:188} INFO - [2024-06-24T03:39:47.730+0000] {dag.py:3954} INFO - Setting next_dagrun for decrypt_transform_dag_2 to None, run_after=None
[2024-06-24T03:39:47.835+0000] {processor.py:183} INFO - Processing /opt/airflow/dags/decrypt_transform_dag_2.py took 11.201 seconds
[2024-06-24T03:40:18.454+0000] {processor.py:161} INFO - Started process (PID=1116) to work on /opt/airflow/dags/decrypt_transform_dag_2.py
[2024-06-24T03:40:18.456+0000] {processor.py:830} INFO - Processing file /opt/airflow/dags/decrypt_transform_dag_2.py for tasks to queue
[2024-06-24T03:40:18.458+0000] {logging_mixin.py:188} INFO - [2024-06-24T03:40:18.457+0000] {dagbag.py:545} INFO - Filling up the DagBag from /opt/airflow/dags/decrypt_transform_dag_2.py
[2024-06-24T03:40:55.558+0000] {logging_mixin.py:188} INFO - [2024-06-24T03:40:49.633+0000] {timeout.py:68} ERROR - Process timed out, PID: 1116
[2024-06-24T03:41:25.870+0000] {processor.py:161} INFO - Started process (PID=1186) to work on /opt/airflow/dags/decrypt_transform_dag_2.py
[2024-06-24T03:41:25.875+0000] {processor.py:830} INFO - Processing file /opt/airflow/dags/decrypt_transform_dag_2.py for tasks to queue
[2024-06-24T03:41:25.882+0000] {logging_mixin.py:188} INFO - [2024-06-24T03:41:25.878+0000] {dagbag.py:545} INFO - Filling up the DagBag from /opt/airflow/dags/decrypt_transform_dag_2.py
[2024-06-24T03:41:30.261+0000] {processor.py:840} INFO - DAG(s) 'decrypt_transform_dag_2' retrieved from /opt/airflow/dags/decrypt_transform_dag_2.py
[2024-06-24T03:41:40.784+0000] {logging_mixin.py:188} INFO - [2024-06-24T03:41:40.779+0000] {dag.py:3096} INFO - Sync 1 DAGs
[2024-06-24T03:41:40.827+0000] {logging_mixin.py:188} INFO - [2024-06-24T03:41:40.827+0000] {dag.py:3954} INFO - Setting next_dagrun for decrypt_transform_dag_2 to None, run_after=None
[2024-06-24T03:41:40.879+0000] {processor.py:183} INFO - Processing /opt/airflow/dags/decrypt_transform_dag_2.py took 15.059 seconds
[2024-06-24T03:42:11.160+0000] {processor.py:161} INFO - Started process (PID=1277) to work on /opt/airflow/dags/decrypt_transform_dag_2.py
[2024-06-24T03:42:11.162+0000] {processor.py:830} INFO - Processing file /opt/airflow/dags/decrypt_transform_dag_2.py for tasks to queue
[2024-06-24T03:42:11.163+0000] {logging_mixin.py:188} INFO - [2024-06-24T03:42:11.162+0000] {dagbag.py:545} INFO - Filling up the DagBag from /opt/airflow/dags/decrypt_transform_dag_2.py
[2024-06-24T03:42:12.730+0000] {processor.py:840} INFO - DAG(s) 'decrypt_transform_dag_2' retrieved from /opt/airflow/dags/decrypt_transform_dag_2.py
[2024-06-24T03:42:12.778+0000] {logging_mixin.py:188} INFO - [2024-06-24T03:42:12.777+0000] {dag.py:3096} INFO - Sync 1 DAGs
[2024-06-24T03:42:12.795+0000] {logging_mixin.py:188} INFO - [2024-06-24T03:42:12.795+0000] {dag.py:3954} INFO - Setting next_dagrun for decrypt_transform_dag_2 to None, run_after=None
[2024-06-24T03:42:12.825+0000] {processor.py:183} INFO - Processing /opt/airflow/dags/decrypt_transform_dag_2.py took 1.673 seconds
[2024-06-24T03:43:07.010+0000] {processor.py:161} INFO - Started process (PID=1366) to work on /opt/airflow/dags/decrypt_transform_dag_2.py
[2024-06-24T03:43:07.018+0000] {processor.py:830} INFO - Processing file /opt/airflow/dags/decrypt_transform_dag_2.py for tasks to queue
[2024-06-24T03:43:07.022+0000] {logging_mixin.py:188} INFO - [2024-06-24T03:43:07.020+0000] {dagbag.py:545} INFO - Filling up the DagBag from /opt/airflow/dags/decrypt_transform_dag_2.py
[2024-06-24T03:43:13.814+0000] {processor.py:840} INFO - DAG(s) 'decrypt_transform_dag_2' retrieved from /opt/airflow/dags/decrypt_transform_dag_2.py
[2024-06-24T03:43:26.118+0000] {logging_mixin.py:188} INFO - [2024-06-24T03:43:26.113+0000] {dag.py:3096} INFO - Sync 1 DAGs
[2024-06-24T03:43:26.175+0000] {logging_mixin.py:188} INFO - [2024-06-24T03:43:26.174+0000] {dag.py:3954} INFO - Setting next_dagrun for decrypt_transform_dag_2 to None, run_after=None
[2024-06-24T03:43:26.239+0000] {processor.py:183} INFO - Processing /opt/airflow/dags/decrypt_transform_dag_2.py took 19.256 seconds
