[2024-06-24T02:29:28.063+0000] {processor.py:161} INFO - Started process (PID=5368) to work on /opt/airflow/dags/desencriptar_transformar_cargar.py
[2024-06-24T02:29:28.067+0000] {processor.py:830} INFO - Processing file /opt/airflow/dags/desencriptar_transformar_cargar.py for tasks to queue
[2024-06-24T02:29:28.070+0000] {logging_mixin.py:188} INFO - [2024-06-24T02:29:28.070+0000] {dagbag.py:545} INFO - Filling up the DagBag from /opt/airflow/dags/desencriptar_transformar_cargar.py
[2024-06-24T02:29:32.664+0000] {processor.py:840} INFO - DAG(s) 'transforma_carga_bigquery' retrieved from /opt/airflow/dags/desencriptar_transformar_cargar.py
[2024-06-24T02:29:32.972+0000] {logging_mixin.py:188} INFO - [2024-06-24T02:29:32.970+0000] {override.py:1829} INFO - Created Permission View: can delete on DAG:transforma_carga_bigquery
[2024-06-24T02:29:32.993+0000] {logging_mixin.py:188} INFO - [2024-06-24T02:29:32.992+0000] {override.py:1829} INFO - Created Permission View: can read on DAG:transforma_carga_bigquery
[2024-06-24T02:29:33.015+0000] {logging_mixin.py:188} INFO - [2024-06-24T02:29:33.014+0000] {override.py:1829} INFO - Created Permission View: can edit on DAG:transforma_carga_bigquery
[2024-06-24T02:29:33.017+0000] {logging_mixin.py:188} INFO - [2024-06-24T02:29:33.016+0000] {dag.py:3096} INFO - Sync 1 DAGs
[2024-06-24T02:29:33.062+0000] {logging_mixin.py:188} INFO - [2024-06-24T02:29:33.061+0000] {dag.py:3118} INFO - Creating ORM DAG for transforma_carga_bigquery
[2024-06-24T02:29:33.067+0000] {logging_mixin.py:188} INFO - [2024-06-24T02:29:33.064+0000] {dag.py:3954} INFO - Setting next_dagrun for transforma_carga_bigquery to None, run_after=None
[2024-06-24T02:29:33.109+0000] {processor.py:183} INFO - Processing /opt/airflow/dags/desencriptar_transformar_cargar.py took 5.064 seconds
[2024-06-24T02:30:11.851+0000] {processor.py:161} INFO - Started process (PID=5432) to work on /opt/airflow/dags/desencriptar_transformar_cargar.py
[2024-06-24T02:30:11.861+0000] {processor.py:830} INFO - Processing file /opt/airflow/dags/desencriptar_transformar_cargar.py for tasks to queue
[2024-06-24T02:30:11.873+0000] {logging_mixin.py:188} INFO - [2024-06-24T02:30:11.872+0000] {dagbag.py:545} INFO - Filling up the DagBag from /opt/airflow/dags/desencriptar_transformar_cargar.py
[2024-06-24T02:30:15.280+0000] {processor.py:840} INFO - DAG(s) 'transforma_carga_bigquery' retrieved from /opt/airflow/dags/desencriptar_transformar_cargar.py
[2024-06-24T02:30:15.399+0000] {logging_mixin.py:188} INFO - [2024-06-24T02:30:15.395+0000] {dag.py:3096} INFO - Sync 1 DAGs
[2024-06-24T02:30:15.416+0000] {logging_mixin.py:188} INFO - [2024-06-24T02:30:15.415+0000] {dag.py:3954} INFO - Setting next_dagrun for transforma_carga_bigquery to None, run_after=None
[2024-06-24T02:30:15.450+0000] {processor.py:183} INFO - Processing /opt/airflow/dags/desencriptar_transformar_cargar.py took 3.627 seconds
[2024-06-24T02:30:47.218+0000] {processor.py:161} INFO - Started process (PID=5509) to work on /opt/airflow/dags/desencriptar_transformar_cargar.py
[2024-06-24T02:30:47.220+0000] {processor.py:830} INFO - Processing file /opt/airflow/dags/desencriptar_transformar_cargar.py for tasks to queue
[2024-06-24T02:30:47.222+0000] {logging_mixin.py:188} INFO - [2024-06-24T02:30:47.222+0000] {dagbag.py:545} INFO - Filling up the DagBag from /opt/airflow/dags/desencriptar_transformar_cargar.py
[2024-06-24T02:30:48.695+0000] {processor.py:840} INFO - DAG(s) 'transforma_carga_bigquery' retrieved from /opt/airflow/dags/desencriptar_transformar_cargar.py
[2024-06-24T02:30:48.718+0000] {logging_mixin.py:188} INFO - [2024-06-24T02:30:48.717+0000] {dag.py:3096} INFO - Sync 1 DAGs
[2024-06-24T02:30:48.734+0000] {logging_mixin.py:188} INFO - [2024-06-24T02:30:48.734+0000] {dag.py:3954} INFO - Setting next_dagrun for transforma_carga_bigquery to None, run_after=None
[2024-06-24T02:30:48.774+0000] {processor.py:183} INFO - Processing /opt/airflow/dags/desencriptar_transformar_cargar.py took 1.573 seconds
[2024-06-24T02:31:19.937+0000] {processor.py:161} INFO - Started process (PID=5598) to work on /opt/airflow/dags/desencriptar_transformar_cargar.py
[2024-06-24T02:31:20.240+0000] {processor.py:830} INFO - Processing file /opt/airflow/dags/desencriptar_transformar_cargar.py for tasks to queue
[2024-06-24T02:31:20.373+0000] {logging_mixin.py:188} INFO - [2024-06-24T02:31:20.273+0000] {dagbag.py:545} INFO - Filling up the DagBag from /opt/airflow/dags/desencriptar_transformar_cargar.py
[2024-06-24T02:31:50.884+0000] {logging_mixin.py:188} INFO - [2024-06-24T02:31:50.835+0000] {timeout.py:68} ERROR - Process timed out, PID: 5598
[2024-06-24T02:35:09.221+0000] {processor.py:161} INFO - Started process (PID=37) to work on /opt/airflow/dags/desencriptar_transformar_cargar.py
[2024-06-24T02:35:09.234+0000] {processor.py:830} INFO - Processing file /opt/airflow/dags/desencriptar_transformar_cargar.py for tasks to queue
[2024-06-24T02:35:09.313+0000] {logging_mixin.py:188} INFO - [2024-06-24T02:35:09.310+0000] {dagbag.py:545} INFO - Filling up the DagBag from /opt/airflow/dags/desencriptar_transformar_cargar.py
[2024-06-24T02:35:20.586+0000] {processor.py:840} INFO - DAG(s) 'transforma_carga_bigquery' retrieved from /opt/airflow/dags/desencriptar_transformar_cargar.py
[2024-06-24T02:35:21.043+0000] {logging_mixin.py:188} INFO - [2024-06-24T02:35:21.035+0000] {dag.py:3096} INFO - Sync 1 DAGs
[2024-06-24T02:35:21.131+0000] {logging_mixin.py:188} INFO - [2024-06-24T02:35:21.130+0000] {dag.py:3954} INFO - Setting next_dagrun for transforma_carga_bigquery to None, run_after=None
[2024-06-24T02:35:21.221+0000] {processor.py:183} INFO - Processing /opt/airflow/dags/desencriptar_transformar_cargar.py took 12.078 seconds
[2024-06-24T02:35:51.633+0000] {processor.py:161} INFO - Started process (PID=153) to work on /opt/airflow/dags/desencriptar_transformar_cargar.py
[2024-06-24T02:35:51.635+0000] {processor.py:830} INFO - Processing file /opt/airflow/dags/desencriptar_transformar_cargar.py for tasks to queue
[2024-06-24T02:35:51.638+0000] {logging_mixin.py:188} INFO - [2024-06-24T02:35:51.637+0000] {dagbag.py:545} INFO - Filling up the DagBag from /opt/airflow/dags/desencriptar_transformar_cargar.py
[2024-06-24T02:35:53.130+0000] {processor.py:840} INFO - DAG(s) 'transforma_carga_bigquery' retrieved from /opt/airflow/dags/desencriptar_transformar_cargar.py
[2024-06-24T02:35:53.167+0000] {logging_mixin.py:188} INFO - [2024-06-24T02:35:53.166+0000] {dag.py:3096} INFO - Sync 1 DAGs
[2024-06-24T02:35:53.185+0000] {logging_mixin.py:188} INFO - [2024-06-24T02:35:53.185+0000] {dag.py:3954} INFO - Setting next_dagrun for transforma_carga_bigquery to None, run_after=None
[2024-06-24T02:35:53.224+0000] {processor.py:183} INFO - Processing /opt/airflow/dags/desencriptar_transformar_cargar.py took 1.597 seconds
[2024-06-24T02:36:23.395+0000] {processor.py:161} INFO - Started process (PID=250) to work on /opt/airflow/dags/desencriptar_transformar_cargar.py
[2024-06-24T02:36:23.396+0000] {processor.py:830} INFO - Processing file /opt/airflow/dags/desencriptar_transformar_cargar.py for tasks to queue
[2024-06-24T02:36:23.399+0000] {logging_mixin.py:188} INFO - [2024-06-24T02:36:23.399+0000] {dagbag.py:545} INFO - Filling up the DagBag from /opt/airflow/dags/desencriptar_transformar_cargar.py
[2024-06-24T02:36:25.040+0000] {processor.py:840} INFO - DAG(s) 'transforma_carga_bigquery' retrieved from /opt/airflow/dags/desencriptar_transformar_cargar.py
[2024-06-24T02:36:25.097+0000] {logging_mixin.py:188} INFO - [2024-06-24T02:36:25.097+0000] {dag.py:3096} INFO - Sync 1 DAGs
[2024-06-24T02:36:25.125+0000] {logging_mixin.py:188} INFO - [2024-06-24T02:36:25.124+0000] {dag.py:3954} INFO - Setting next_dagrun for transforma_carga_bigquery to None, run_after=None
[2024-06-24T02:36:25.159+0000] {processor.py:183} INFO - Processing /opt/airflow/dags/desencriptar_transformar_cargar.py took 1.771 seconds
[2024-06-24T02:36:57.277+0000] {processor.py:161} INFO - Started process (PID=335) to work on /opt/airflow/dags/desencriptar_transformar_cargar.py
[2024-06-24T02:36:57.279+0000] {processor.py:830} INFO - Processing file /opt/airflow/dags/desencriptar_transformar_cargar.py for tasks to queue
[2024-06-24T02:36:57.282+0000] {logging_mixin.py:188} INFO - [2024-06-24T02:36:57.282+0000] {dagbag.py:545} INFO - Filling up the DagBag from /opt/airflow/dags/desencriptar_transformar_cargar.py
[2024-06-24T02:36:58.980+0000] {processor.py:840} INFO - DAG(s) 'transforma_carga_bigquery' retrieved from /opt/airflow/dags/desencriptar_transformar_cargar.py
[2024-06-24T02:36:59.136+0000] {logging_mixin.py:188} INFO - [2024-06-24T02:36:59.132+0000] {dag.py:3096} INFO - Sync 1 DAGs
[2024-06-24T02:36:59.159+0000] {logging_mixin.py:188} INFO - [2024-06-24T02:36:59.159+0000] {dag.py:3954} INFO - Setting next_dagrun for transforma_carga_bigquery to None, run_after=None
[2024-06-24T02:36:59.192+0000] {processor.py:183} INFO - Processing /opt/airflow/dags/desencriptar_transformar_cargar.py took 1.927 seconds
[2024-06-24T02:37:10.673+0000] {processor.py:161} INFO - Started process (PID=398) to work on /opt/airflow/dags/desencriptar_transformar_cargar.py
[2024-06-24T02:37:10.675+0000] {processor.py:830} INFO - Processing file /opt/airflow/dags/desencriptar_transformar_cargar.py for tasks to queue
[2024-06-24T02:37:10.679+0000] {logging_mixin.py:188} INFO - [2024-06-24T02:37:10.678+0000] {dagbag.py:545} INFO - Filling up the DagBag from /opt/airflow/dags/desencriptar_transformar_cargar.py
[2024-06-24T02:37:11.510+0000] {processor.py:840} INFO - DAG(s) 'transforma_carga_bigquery' retrieved from /opt/airflow/dags/desencriptar_transformar_cargar.py
[2024-06-24T02:37:11.533+0000] {logging_mixin.py:188} INFO - [2024-06-24T02:37:11.532+0000] {dag.py:3096} INFO - Sync 1 DAGs
[2024-06-24T02:37:11.547+0000] {logging_mixin.py:188} INFO - [2024-06-24T02:37:11.547+0000] {dag.py:3954} INFO - Setting next_dagrun for transforma_carga_bigquery to None, run_after=None
[2024-06-24T02:37:11.575+0000] {processor.py:183} INFO - Processing /opt/airflow/dags/desencriptar_transformar_cargar.py took 0.912 seconds
[2024-06-24T02:37:42.199+0000] {processor.py:161} INFO - Started process (PID=489) to work on /opt/airflow/dags/desencriptar_transformar_cargar.py
[2024-06-24T02:37:42.200+0000] {processor.py:830} INFO - Processing file /opt/airflow/dags/desencriptar_transformar_cargar.py for tasks to queue
[2024-06-24T02:37:42.202+0000] {logging_mixin.py:188} INFO - [2024-06-24T02:37:42.202+0000] {dagbag.py:545} INFO - Filling up the DagBag from /opt/airflow/dags/desencriptar_transformar_cargar.py
[2024-06-24T02:37:42.909+0000] {processor.py:840} INFO - DAG(s) 'transforma_carga_bigquery' retrieved from /opt/airflow/dags/desencriptar_transformar_cargar.py
[2024-06-24T02:37:42.940+0000] {logging_mixin.py:188} INFO - [2024-06-24T02:37:42.939+0000] {dag.py:3096} INFO - Sync 1 DAGs
[2024-06-24T02:37:42.957+0000] {logging_mixin.py:188} INFO - [2024-06-24T02:37:42.957+0000] {dag.py:3954} INFO - Setting next_dagrun for transforma_carga_bigquery to None, run_after=None
[2024-06-24T02:37:42.983+0000] {processor.py:183} INFO - Processing /opt/airflow/dags/desencriptar_transformar_cargar.py took 0.791 seconds
[2024-06-24T02:38:13.054+0000] {processor.py:161} INFO - Started process (PID=579) to work on /opt/airflow/dags/desencriptar_transformar_cargar.py
[2024-06-24T02:38:13.056+0000] {processor.py:830} INFO - Processing file /opt/airflow/dags/desencriptar_transformar_cargar.py for tasks to queue
[2024-06-24T02:38:13.059+0000] {logging_mixin.py:188} INFO - [2024-06-24T02:38:13.058+0000] {dagbag.py:545} INFO - Filling up the DagBag from /opt/airflow/dags/desencriptar_transformar_cargar.py
[2024-06-24T02:38:14.502+0000] {processor.py:840} INFO - DAG(s) 'transforma_carga_bigquery' retrieved from /opt/airflow/dags/desencriptar_transformar_cargar.py
[2024-06-24T02:38:14.620+0000] {logging_mixin.py:188} INFO - [2024-06-24T02:38:14.617+0000] {dag.py:3096} INFO - Sync 1 DAGs
[2024-06-24T02:38:14.642+0000] {logging_mixin.py:188} INFO - [2024-06-24T02:38:14.642+0000] {dag.py:3954} INFO - Setting next_dagrun for transforma_carga_bigquery to None, run_after=None
[2024-06-24T02:38:14.701+0000] {processor.py:183} INFO - Processing /opt/airflow/dags/desencriptar_transformar_cargar.py took 1.655 seconds
[2024-06-24T02:39:54.182+0000] {processor.py:161} INFO - Started process (PID=630) to work on /opt/airflow/dags/desencriptar_transformar_cargar.py
[2024-06-24T02:39:54.184+0000] {processor.py:830} INFO - Processing file /opt/airflow/dags/desencriptar_transformar_cargar.py for tasks to queue
[2024-06-24T02:39:54.191+0000] {logging_mixin.py:188} INFO - [2024-06-24T02:39:54.190+0000] {dagbag.py:545} INFO - Filling up the DagBag from /opt/airflow/dags/desencriptar_transformar_cargar.py
[2024-06-24T02:39:58.690+0000] {processor.py:840} INFO - DAG(s) 'transforma_carga_bigquery' retrieved from /opt/airflow/dags/desencriptar_transformar_cargar.py
[2024-06-24T02:39:58.795+0000] {logging_mixin.py:188} INFO - [2024-06-24T02:39:58.790+0000] {dag.py:3096} INFO - Sync 1 DAGs
[2024-06-24T02:39:58.857+0000] {logging_mixin.py:188} INFO - [2024-06-24T02:39:58.857+0000] {dag.py:3954} INFO - Setting next_dagrun for transforma_carga_bigquery to None, run_after=None
[2024-06-24T02:39:58.946+0000] {processor.py:183} INFO - Processing /opt/airflow/dags/desencriptar_transformar_cargar.py took 4.773 seconds
[2024-06-24T02:40:29.796+0000] {processor.py:161} INFO - Started process (PID=729) to work on /opt/airflow/dags/desencriptar_transformar_cargar.py
[2024-06-24T02:40:29.960+0000] {processor.py:830} INFO - Processing file /opt/airflow/dags/desencriptar_transformar_cargar.py for tasks to queue
[2024-06-24T02:40:30.361+0000] {logging_mixin.py:188} INFO - [2024-06-24T02:40:29.995+0000] {dagbag.py:545} INFO - Filling up the DagBag from /opt/airflow/dags/desencriptar_transformar_cargar.py
[2024-06-24T02:41:02.283+0000] {logging_mixin.py:188} INFO - [2024-06-24T02:41:02.259+0000] {timeout.py:68} ERROR - Process timed out, PID: 729
[2024-06-24T02:41:32.920+0000] {processor.py:161} INFO - Started process (PID=822) to work on /opt/airflow/dags/desencriptar_transformar_cargar.py
[2024-06-24T02:41:32.926+0000] {processor.py:830} INFO - Processing file /opt/airflow/dags/desencriptar_transformar_cargar.py for tasks to queue
[2024-06-24T02:41:32.928+0000] {logging_mixin.py:188} INFO - [2024-06-24T02:41:32.927+0000] {dagbag.py:545} INFO - Filling up the DagBag from /opt/airflow/dags/desencriptar_transformar_cargar.py
[2024-06-24T02:41:34.113+0000] {processor.py:840} INFO - DAG(s) 'transforma_carga_bigquery' retrieved from /opt/airflow/dags/desencriptar_transformar_cargar.py
[2024-06-24T02:41:35.409+0000] {logging_mixin.py:188} INFO - [2024-06-24T02:41:35.409+0000] {dag.py:3096} INFO - Sync 1 DAGs
[2024-06-24T02:41:35.424+0000] {logging_mixin.py:188} INFO - [2024-06-24T02:41:35.424+0000] {dag.py:3954} INFO - Setting next_dagrun for transforma_carga_bigquery to None, run_after=None
[2024-06-24T02:41:35.460+0000] {processor.py:183} INFO - Processing /opt/airflow/dags/desencriptar_transformar_cargar.py took 2.547 seconds
[2024-06-24T02:42:11.573+0000] {processor.py:161} INFO - Started process (PID=905) to work on /opt/airflow/dags/desencriptar_transformar_cargar.py
[2024-06-24T02:42:11.576+0000] {processor.py:830} INFO - Processing file /opt/airflow/dags/desencriptar_transformar_cargar.py for tasks to queue
[2024-06-24T02:42:11.580+0000] {logging_mixin.py:188} INFO - [2024-06-24T02:42:11.578+0000] {dagbag.py:545} INFO - Filling up the DagBag from /opt/airflow/dags/desencriptar_transformar_cargar.py
[2024-06-24T02:42:12.846+0000] {processor.py:840} INFO - DAG(s) 'transforma_carga_bigquery' retrieved from /opt/airflow/dags/desencriptar_transformar_cargar.py
[2024-06-24T02:42:12.874+0000] {logging_mixin.py:188} INFO - [2024-06-24T02:42:12.873+0000] {dag.py:3096} INFO - Sync 1 DAGs
[2024-06-24T02:42:12.896+0000] {logging_mixin.py:188} INFO - [2024-06-24T02:42:12.896+0000] {dag.py:3954} INFO - Setting next_dagrun for transforma_carga_bigquery to None, run_after=None
[2024-06-24T02:42:12.921+0000] {processor.py:183} INFO - Processing /opt/airflow/dags/desencriptar_transformar_cargar.py took 1.367 seconds
[2024-06-24T02:42:44.907+0000] {processor.py:161} INFO - Started process (PID=996) to work on /opt/airflow/dags/desencriptar_transformar_cargar.py
[2024-06-24T02:42:44.909+0000] {processor.py:830} INFO - Processing file /opt/airflow/dags/desencriptar_transformar_cargar.py for tasks to queue
[2024-06-24T02:42:44.910+0000] {logging_mixin.py:188} INFO - [2024-06-24T02:42:44.910+0000] {dagbag.py:545} INFO - Filling up the DagBag from /opt/airflow/dags/desencriptar_transformar_cargar.py
[2024-06-24T02:42:46.249+0000] {processor.py:840} INFO - DAG(s) 'transforma_carga_bigquery' retrieved from /opt/airflow/dags/desencriptar_transformar_cargar.py
[2024-06-24T02:42:46.279+0000] {logging_mixin.py:188} INFO - [2024-06-24T02:42:46.279+0000] {dag.py:3096} INFO - Sync 1 DAGs
[2024-06-24T02:42:46.296+0000] {logging_mixin.py:188} INFO - [2024-06-24T02:42:46.296+0000] {dag.py:3954} INFO - Setting next_dagrun for transforma_carga_bigquery to None, run_after=None
[2024-06-24T02:42:46.319+0000] {processor.py:183} INFO - Processing /opt/airflow/dags/desencriptar_transformar_cargar.py took 1.418 seconds
[2024-06-24T02:43:23.935+0000] {processor.py:161} INFO - Started process (PID=1112) to work on /opt/airflow/dags/desencriptar_transformar_cargar.py
[2024-06-24T02:43:23.936+0000] {processor.py:830} INFO - Processing file /opt/airflow/dags/desencriptar_transformar_cargar.py for tasks to queue
[2024-06-24T02:43:23.937+0000] {logging_mixin.py:188} INFO - [2024-06-24T02:43:23.937+0000] {dagbag.py:545} INFO - Filling up the DagBag from /opt/airflow/dags/desencriptar_transformar_cargar.py
[2024-06-24T02:43:24.890+0000] {processor.py:840} INFO - DAG(s) 'transforma_carga_bigquery' retrieved from /opt/airflow/dags/desencriptar_transformar_cargar.py
[2024-06-24T02:43:24.917+0000] {logging_mixin.py:188} INFO - [2024-06-24T02:43:24.916+0000] {dag.py:3096} INFO - Sync 1 DAGs
[2024-06-24T02:43:24.931+0000] {logging_mixin.py:188} INFO - [2024-06-24T02:43:24.931+0000] {dag.py:3954} INFO - Setting next_dagrun for transforma_carga_bigquery to None, run_after=None
[2024-06-24T02:43:24.954+0000] {processor.py:183} INFO - Processing /opt/airflow/dags/desencriptar_transformar_cargar.py took 1.026 seconds
[2024-06-24T02:44:23.500+0000] {processor.py:161} INFO - Started process (PID=1190) to work on /opt/airflow/dags/desencriptar_transformar_cargar.py
[2024-06-24T02:44:23.522+0000] {processor.py:830} INFO - Processing file /opt/airflow/dags/desencriptar_transformar_cargar.py for tasks to queue
[2024-06-24T02:44:23.553+0000] {logging_mixin.py:188} INFO - [2024-06-24T02:44:23.553+0000] {dagbag.py:545} INFO - Filling up the DagBag from /opt/airflow/dags/desencriptar_transformar_cargar.py
[2024-06-24T02:44:25.409+0000] {processor.py:840} INFO - DAG(s) 'transforma_carga_bigquery' retrieved from /opt/airflow/dags/desencriptar_transformar_cargar.py
[2024-06-24T02:44:25.437+0000] {logging_mixin.py:188} INFO - [2024-06-24T02:44:25.436+0000] {dag.py:3096} INFO - Sync 1 DAGs
[2024-06-24T02:44:25.452+0000] {logging_mixin.py:188} INFO - [2024-06-24T02:44:25.452+0000] {dag.py:3954} INFO - Setting next_dagrun for transforma_carga_bigquery to None, run_after=None
[2024-06-24T02:44:25.477+0000] {processor.py:183} INFO - Processing /opt/airflow/dags/desencriptar_transformar_cargar.py took 1.984 seconds
[2024-06-24T02:44:55.540+0000] {processor.py:161} INFO - Started process (PID=1312) to work on /opt/airflow/dags/desencriptar_transformar_cargar.py
[2024-06-24T02:44:55.542+0000] {processor.py:830} INFO - Processing file /opt/airflow/dags/desencriptar_transformar_cargar.py for tasks to queue
[2024-06-24T02:44:55.544+0000] {logging_mixin.py:188} INFO - [2024-06-24T02:44:55.543+0000] {dagbag.py:545} INFO - Filling up the DagBag from /opt/airflow/dags/desencriptar_transformar_cargar.py
[2024-06-24T02:44:56.115+0000] {processor.py:840} INFO - DAG(s) 'transforma_carga_bigquery' retrieved from /opt/airflow/dags/desencriptar_transformar_cargar.py
[2024-06-24T02:44:56.144+0000] {logging_mixin.py:188} INFO - [2024-06-24T02:44:56.143+0000] {dag.py:3096} INFO - Sync 1 DAGs
[2024-06-24T02:44:56.158+0000] {logging_mixin.py:188} INFO - [2024-06-24T02:44:56.157+0000] {dag.py:3954} INFO - Setting next_dagrun for transforma_carga_bigquery to None, run_after=None
[2024-06-24T02:44:56.178+0000] {processor.py:183} INFO - Processing /opt/airflow/dags/desencriptar_transformar_cargar.py took 0.645 seconds
[2024-06-24T02:46:01.587+0000] {processor.py:161} INFO - Started process (PID=1410) to work on /opt/airflow/dags/desencriptar_transformar_cargar.py
[2024-06-24T02:46:01.588+0000] {processor.py:830} INFO - Processing file /opt/airflow/dags/desencriptar_transformar_cargar.py for tasks to queue
[2024-06-24T02:46:01.590+0000] {logging_mixin.py:188} INFO - [2024-06-24T02:46:01.589+0000] {dagbag.py:545} INFO - Filling up the DagBag from /opt/airflow/dags/desencriptar_transformar_cargar.py
[2024-06-24T02:46:05.418+0000] {processor.py:840} INFO - DAG(s) 'transforma_carga_bigquery' retrieved from /opt/airflow/dags/desencriptar_transformar_cargar.py
[2024-06-24T02:46:05.512+0000] {logging_mixin.py:188} INFO - [2024-06-24T02:46:05.511+0000] {dag.py:3096} INFO - Sync 1 DAGs
[2024-06-24T02:46:05.537+0000] {logging_mixin.py:188} INFO - [2024-06-24T02:46:05.537+0000] {dag.py:3954} INFO - Setting next_dagrun for transforma_carga_bigquery to None, run_after=None
[2024-06-24T02:46:05.569+0000] {processor.py:183} INFO - Processing /opt/airflow/dags/desencriptar_transformar_cargar.py took 3.996 seconds
[2024-06-24T02:46:36.340+0000] {processor.py:161} INFO - Started process (PID=1514) to work on /opt/airflow/dags/desencriptar_transformar_cargar.py
[2024-06-24T02:46:36.341+0000] {processor.py:830} INFO - Processing file /opt/airflow/dags/desencriptar_transformar_cargar.py for tasks to queue
[2024-06-24T02:46:36.343+0000] {logging_mixin.py:188} INFO - [2024-06-24T02:46:36.342+0000] {dagbag.py:545} INFO - Filling up the DagBag from /opt/airflow/dags/desencriptar_transformar_cargar.py
[2024-06-24T02:46:37.003+0000] {processor.py:840} INFO - DAG(s) 'transforma_carga_bigquery' retrieved from /opt/airflow/dags/desencriptar_transformar_cargar.py
[2024-06-24T02:46:37.024+0000] {logging_mixin.py:188} INFO - [2024-06-24T02:46:37.023+0000] {dag.py:3096} INFO - Sync 1 DAGs
[2024-06-24T02:46:37.036+0000] {logging_mixin.py:188} INFO - [2024-06-24T02:46:37.036+0000] {dag.py:3954} INFO - Setting next_dagrun for transforma_carga_bigquery to None, run_after=None
[2024-06-24T02:46:37.063+0000] {processor.py:183} INFO - Processing /opt/airflow/dags/desencriptar_transformar_cargar.py took 0.730 seconds
[2024-06-24T02:46:43.239+0000] {processor.py:161} INFO - Started process (PID=1544) to work on /opt/airflow/dags/desencriptar_transformar_cargar.py
[2024-06-24T02:46:43.241+0000] {processor.py:830} INFO - Processing file /opt/airflow/dags/desencriptar_transformar_cargar.py for tasks to queue
[2024-06-24T02:46:43.242+0000] {logging_mixin.py:188} INFO - [2024-06-24T02:46:43.242+0000] {dagbag.py:545} INFO - Filling up the DagBag from /opt/airflow/dags/desencriptar_transformar_cargar.py
[2024-06-24T02:46:44.414+0000] {processor.py:840} INFO - DAG(s) 'decrypt_transform_dag' retrieved from /opt/airflow/dags/desencriptar_transformar_cargar.py
[2024-06-24T02:46:44.426+0000] {logging_mixin.py:188} INFO - [2024-06-24T02:46:44.426+0000] {dag.py:3096} INFO - Sync 1 DAGs
[2024-06-24T02:46:44.440+0000] {logging_mixin.py:188} INFO - [2024-06-24T02:46:44.440+0000] {dag.py:3954} INFO - Setting next_dagrun for decrypt_transform_dag to None, run_after=None
[2024-06-24T02:46:44.475+0000] {processor.py:183} INFO - Processing /opt/airflow/dags/desencriptar_transformar_cargar.py took 1.243 seconds
[2024-06-24T02:47:01.766+0000] {processor.py:161} INFO - Started process (PID=1564) to work on /opt/airflow/dags/desencriptar_transformar_cargar.py
[2024-06-24T02:47:01.767+0000] {processor.py:830} INFO - Processing file /opt/airflow/dags/desencriptar_transformar_cargar.py for tasks to queue
[2024-06-24T02:47:01.768+0000] {logging_mixin.py:188} INFO - [2024-06-24T02:47:01.768+0000] {dagbag.py:545} INFO - Filling up the DagBag from /opt/airflow/dags/desencriptar_transformar_cargar.py
[2024-06-24T02:47:02.339+0000] {processor.py:840} INFO - DAG(s) 'decrypt_transform_dag' retrieved from /opt/airflow/dags/desencriptar_transformar_cargar.py
[2024-06-24T02:47:02.357+0000] {logging_mixin.py:188} INFO - [2024-06-24T02:47:02.356+0000] {dag.py:3096} INFO - Sync 1 DAGs
[2024-06-24T02:47:02.370+0000] {logging_mixin.py:188} INFO - [2024-06-24T02:47:02.369+0000] {dag.py:3954} INFO - Setting next_dagrun for decrypt_transform_dag to None, run_after=None
[2024-06-24T02:47:02.401+0000] {processor.py:183} INFO - Processing /opt/airflow/dags/desencriptar_transformar_cargar.py took 0.642 seconds
[2024-06-24T02:47:42.489+0000] {processor.py:161} INFO - Started process (PID=1648) to work on /opt/airflow/dags/desencriptar_transformar_cargar.py
[2024-06-24T02:47:42.501+0000] {processor.py:830} INFO - Processing file /opt/airflow/dags/desencriptar_transformar_cargar.py for tasks to queue
[2024-06-24T02:47:42.508+0000] {logging_mixin.py:188} INFO - [2024-06-24T02:47:42.504+0000] {dagbag.py:545} INFO - Filling up the DagBag from /opt/airflow/dags/desencriptar_transformar_cargar.py
[2024-06-24T02:47:47.561+0000] {processor.py:840} INFO - DAG(s) 'decrypt_transform_dag' retrieved from /opt/airflow/dags/desencriptar_transformar_cargar.py
[2024-06-24T02:48:14.753+0000] {logging_mixin.py:188} INFO - [2024-06-24T02:48:14.751+0000] {dag.py:3096} INFO - Sync 1 DAGs
[2024-06-24T02:48:14.782+0000] {logging_mixin.py:188} INFO - [2024-06-24T02:48:14.782+0000] {dag.py:3954} INFO - Setting next_dagrun for decrypt_transform_dag to None, run_after=None
[2024-06-24T02:48:14.835+0000] {processor.py:183} INFO - Processing /opt/airflow/dags/desencriptar_transformar_cargar.py took 32.490 seconds
[2024-06-24T02:48:44.989+0000] {processor.py:161} INFO - Started process (PID=1773) to work on /opt/airflow/dags/desencriptar_transformar_cargar.py
[2024-06-24T02:48:44.990+0000] {processor.py:830} INFO - Processing file /opt/airflow/dags/desencriptar_transformar_cargar.py for tasks to queue
[2024-06-24T02:48:44.992+0000] {logging_mixin.py:188} INFO - [2024-06-24T02:48:44.991+0000] {dagbag.py:545} INFO - Filling up the DagBag from /opt/airflow/dags/desencriptar_transformar_cargar.py
[2024-06-24T02:49:16.022+0000] {logging_mixin.py:188} INFO - [2024-06-24T02:49:15.378+0000] {timeout.py:68} ERROR - Process timed out, PID: 1773
[2024-06-24T02:49:46.358+0000] {processor.py:161} INFO - Started process (PID=1867) to work on /opt/airflow/dags/desencriptar_transformar_cargar.py
[2024-06-24T02:49:46.360+0000] {processor.py:830} INFO - Processing file /opt/airflow/dags/desencriptar_transformar_cargar.py for tasks to queue
[2024-06-24T02:49:46.361+0000] {logging_mixin.py:188} INFO - [2024-06-24T02:49:46.361+0000] {dagbag.py:545} INFO - Filling up the DagBag from /opt/airflow/dags/desencriptar_transformar_cargar.py
[2024-06-24T02:49:47.715+0000] {processor.py:840} INFO - DAG(s) 'decrypt_transform_dag' retrieved from /opt/airflow/dags/desencriptar_transformar_cargar.py
[2024-06-24T02:49:47.931+0000] {logging_mixin.py:188} INFO - [2024-06-24T02:49:47.928+0000] {dag.py:3096} INFO - Sync 1 DAGs
[2024-06-24T02:49:47.943+0000] {logging_mixin.py:188} INFO - [2024-06-24T02:49:47.943+0000] {dag.py:3954} INFO - Setting next_dagrun for decrypt_transform_dag to None, run_after=None
[2024-06-24T02:49:47.974+0000] {processor.py:183} INFO - Processing /opt/airflow/dags/desencriptar_transformar_cargar.py took 1.630 seconds
[2024-06-24T02:50:18.260+0000] {processor.py:161} INFO - Started process (PID=1963) to work on /opt/airflow/dags/desencriptar_transformar_cargar.py
[2024-06-24T02:50:18.262+0000] {processor.py:830} INFO - Processing file /opt/airflow/dags/desencriptar_transformar_cargar.py for tasks to queue
[2024-06-24T02:50:18.263+0000] {logging_mixin.py:188} INFO - [2024-06-24T02:50:18.262+0000] {dagbag.py:545} INFO - Filling up the DagBag from /opt/airflow/dags/desencriptar_transformar_cargar.py
[2024-06-24T02:50:19.497+0000] {processor.py:840} INFO - DAG(s) 'decrypt_transform_dag' retrieved from /opt/airflow/dags/desencriptar_transformar_cargar.py
[2024-06-24T02:50:19.537+0000] {logging_mixin.py:188} INFO - [2024-06-24T02:50:19.537+0000] {dag.py:3096} INFO - Sync 1 DAGs
[2024-06-24T02:50:19.551+0000] {logging_mixin.py:188} INFO - [2024-06-24T02:50:19.551+0000] {dag.py:3954} INFO - Setting next_dagrun for decrypt_transform_dag to None, run_after=None
[2024-06-24T02:50:19.578+0000] {processor.py:183} INFO - Processing /opt/airflow/dags/desencriptar_transformar_cargar.py took 1.324 seconds
[2024-06-24T02:51:05.867+0000] {processor.py:161} INFO - Started process (PID=2047) to work on /opt/airflow/dags/desencriptar_transformar_cargar.py
[2024-06-24T02:51:05.877+0000] {processor.py:830} INFO - Processing file /opt/airflow/dags/desencriptar_transformar_cargar.py for tasks to queue
[2024-06-24T02:51:05.880+0000] {logging_mixin.py:188} INFO - [2024-06-24T02:51:05.879+0000] {dagbag.py:545} INFO - Filling up the DagBag from /opt/airflow/dags/desencriptar_transformar_cargar.py
[2024-06-24T02:51:08.705+0000] {processor.py:840} INFO - DAG(s) 'decrypt_transform_dag' retrieved from /opt/airflow/dags/desencriptar_transformar_cargar.py
[2024-06-24T02:51:09.834+0000] {logging_mixin.py:188} INFO - [2024-06-24T02:51:09.825+0000] {dag.py:3096} INFO - Sync 1 DAGs
[2024-06-24T02:51:09.885+0000] {logging_mixin.py:188} INFO - [2024-06-24T02:51:09.870+0000] {dag.py:3954} INFO - Setting next_dagrun for decrypt_transform_dag to None, run_after=None
[2024-06-24T02:51:21.473+0000] {processor.py:183} INFO - Processing /opt/airflow/dags/desencriptar_transformar_cargar.py took 15.686 seconds
[2024-06-24T02:51:51.793+0000] {processor.py:161} INFO - Started process (PID=2170) to work on /opt/airflow/dags/desencriptar_transformar_cargar.py
[2024-06-24T02:51:51.795+0000] {processor.py:830} INFO - Processing file /opt/airflow/dags/desencriptar_transformar_cargar.py for tasks to queue
[2024-06-24T02:51:51.797+0000] {logging_mixin.py:188} INFO - [2024-06-24T02:51:51.796+0000] {dagbag.py:545} INFO - Filling up the DagBag from /opt/airflow/dags/desencriptar_transformar_cargar.py
[2024-06-24T02:51:52.583+0000] {processor.py:840} INFO - DAG(s) 'decrypt_transform_dag' retrieved from /opt/airflow/dags/desencriptar_transformar_cargar.py
[2024-06-24T02:51:52.614+0000] {logging_mixin.py:188} INFO - [2024-06-24T02:51:52.613+0000] {dag.py:3096} INFO - Sync 1 DAGs
[2024-06-24T02:51:52.634+0000] {logging_mixin.py:188} INFO - [2024-06-24T02:51:52.633+0000] {dag.py:3954} INFO - Setting next_dagrun for decrypt_transform_dag to None, run_after=None
[2024-06-24T02:51:52.660+0000] {processor.py:183} INFO - Processing /opt/airflow/dags/desencriptar_transformar_cargar.py took 0.875 seconds
[2024-06-24T02:52:22.746+0000] {processor.py:161} INFO - Started process (PID=2260) to work on /opt/airflow/dags/desencriptar_transformar_cargar.py
[2024-06-24T02:52:22.747+0000] {processor.py:830} INFO - Processing file /opt/airflow/dags/desencriptar_transformar_cargar.py for tasks to queue
[2024-06-24T02:52:22.748+0000] {logging_mixin.py:188} INFO - [2024-06-24T02:52:22.747+0000] {dagbag.py:545} INFO - Filling up the DagBag from /opt/airflow/dags/desencriptar_transformar_cargar.py
[2024-06-24T02:52:23.446+0000] {processor.py:840} INFO - DAG(s) 'decrypt_transform_dag' retrieved from /opt/airflow/dags/desencriptar_transformar_cargar.py
[2024-06-24T02:52:23.603+0000] {logging_mixin.py:188} INFO - [2024-06-24T02:52:23.602+0000] {dag.py:3096} INFO - Sync 1 DAGs
[2024-06-24T02:52:23.612+0000] {logging_mixin.py:188} INFO - [2024-06-24T02:52:23.612+0000] {dag.py:3954} INFO - Setting next_dagrun for decrypt_transform_dag to None, run_after=None
[2024-06-24T02:52:23.638+0000] {processor.py:183} INFO - Processing /opt/airflow/dags/desencriptar_transformar_cargar.py took 0.898 seconds
[2024-06-24T02:52:54.448+0000] {processor.py:161} INFO - Started process (PID=2350) to work on /opt/airflow/dags/desencriptar_transformar_cargar.py
[2024-06-24T02:52:54.449+0000] {processor.py:830} INFO - Processing file /opt/airflow/dags/desencriptar_transformar_cargar.py for tasks to queue
[2024-06-24T02:52:54.451+0000] {logging_mixin.py:188} INFO - [2024-06-24T02:52:54.450+0000] {dagbag.py:545} INFO - Filling up the DagBag from /opt/airflow/dags/desencriptar_transformar_cargar.py
[2024-06-24T02:52:55.045+0000] {processor.py:840} INFO - DAG(s) 'decrypt_transform_dag' retrieved from /opt/airflow/dags/desencriptar_transformar_cargar.py
[2024-06-24T02:52:55.068+0000] {logging_mixin.py:188} INFO - [2024-06-24T02:52:55.068+0000] {dag.py:3096} INFO - Sync 1 DAGs
[2024-06-24T02:52:55.081+0000] {logging_mixin.py:188} INFO - [2024-06-24T02:52:55.081+0000] {dag.py:3954} INFO - Setting next_dagrun for decrypt_transform_dag to None, run_after=None
[2024-06-24T02:52:55.105+0000] {processor.py:183} INFO - Processing /opt/airflow/dags/desencriptar_transformar_cargar.py took 0.664 seconds
[2024-06-24T02:53:25.696+0000] {processor.py:161} INFO - Started process (PID=2440) to work on /opt/airflow/dags/desencriptar_transformar_cargar.py
[2024-06-24T02:53:25.697+0000] {processor.py:830} INFO - Processing file /opt/airflow/dags/desencriptar_transformar_cargar.py for tasks to queue
[2024-06-24T02:53:25.698+0000] {logging_mixin.py:188} INFO - [2024-06-24T02:53:25.698+0000] {dagbag.py:545} INFO - Filling up the DagBag from /opt/airflow/dags/desencriptar_transformar_cargar.py
[2024-06-24T02:53:26.447+0000] {processor.py:840} INFO - DAG(s) 'decrypt_transform_dag' retrieved from /opt/airflow/dags/desencriptar_transformar_cargar.py
[2024-06-24T02:53:26.574+0000] {logging_mixin.py:188} INFO - [2024-06-24T02:53:26.574+0000] {dag.py:3096} INFO - Sync 1 DAGs
[2024-06-24T02:53:26.585+0000] {logging_mixin.py:188} INFO - [2024-06-24T02:53:26.585+0000] {dag.py:3954} INFO - Setting next_dagrun for decrypt_transform_dag to None, run_after=None
[2024-06-24T02:53:26.609+0000] {processor.py:183} INFO - Processing /opt/airflow/dags/desencriptar_transformar_cargar.py took 0.922 seconds
[2024-06-24T02:53:58.094+0000] {processor.py:161} INFO - Started process (PID=2532) to work on /opt/airflow/dags/desencriptar_transformar_cargar.py
[2024-06-24T02:53:58.096+0000] {processor.py:830} INFO - Processing file /opt/airflow/dags/desencriptar_transformar_cargar.py for tasks to queue
[2024-06-24T02:53:58.098+0000] {logging_mixin.py:188} INFO - [2024-06-24T02:53:58.097+0000] {dagbag.py:545} INFO - Filling up the DagBag from /opt/airflow/dags/desencriptar_transformar_cargar.py
[2024-06-24T02:54:23.251+0000] {processor.py:840} INFO - DAG(s) 'decrypt_transform_dag' retrieved from /opt/airflow/dags/desencriptar_transformar_cargar.py
[2024-06-24T02:54:41.354+0000] {logging_mixin.py:188} INFO - [2024-06-24T02:54:41.350+0000] {dag.py:3096} INFO - Sync 1 DAGs
[2024-06-24T02:54:41.401+0000] {logging_mixin.py:188} INFO - [2024-06-24T02:54:41.401+0000] {dag.py:3954} INFO - Setting next_dagrun for decrypt_transform_dag to None, run_after=None
[2024-06-24T02:54:41.454+0000] {processor.py:183} INFO - Processing /opt/airflow/dags/desencriptar_transformar_cargar.py took 43.373 seconds
[2024-06-24T02:55:11.747+0000] {processor.py:161} INFO - Started process (PID=2629) to work on /opt/airflow/dags/desencriptar_transformar_cargar.py
[2024-06-24T02:55:11.749+0000] {processor.py:830} INFO - Processing file /opt/airflow/dags/desencriptar_transformar_cargar.py for tasks to queue
[2024-06-24T02:55:11.750+0000] {logging_mixin.py:188} INFO - [2024-06-24T02:55:11.750+0000] {dagbag.py:545} INFO - Filling up the DagBag from /opt/airflow/dags/desencriptar_transformar_cargar.py
[2024-06-24T02:55:12.973+0000] {processor.py:840} INFO - DAG(s) 'decrypt_transform_dag' retrieved from /opt/airflow/dags/desencriptar_transformar_cargar.py
[2024-06-24T02:55:13.159+0000] {logging_mixin.py:188} INFO - [2024-06-24T02:55:13.158+0000] {dag.py:3096} INFO - Sync 1 DAGs
[2024-06-24T02:55:13.171+0000] {logging_mixin.py:188} INFO - [2024-06-24T02:55:13.170+0000] {dag.py:3954} INFO - Setting next_dagrun for decrypt_transform_dag to None, run_after=None
[2024-06-24T02:55:13.197+0000] {processor.py:183} INFO - Processing /opt/airflow/dags/desencriptar_transformar_cargar.py took 1.459 seconds
[2024-06-24T02:55:51.277+0000] {processor.py:161} INFO - Started process (PID=2719) to work on /opt/airflow/dags/desencriptar_transformar_cargar.py
[2024-06-24T02:55:51.280+0000] {processor.py:830} INFO - Processing file /opt/airflow/dags/desencriptar_transformar_cargar.py for tasks to queue
[2024-06-24T02:55:51.282+0000] {logging_mixin.py:188} INFO - [2024-06-24T02:55:51.281+0000] {dagbag.py:545} INFO - Filling up the DagBag from /opt/airflow/dags/desencriptar_transformar_cargar.py
[2024-06-24T02:55:55.534+0000] {processor.py:840} INFO - DAG(s) 'decrypt_transform_dag' retrieved from /opt/airflow/dags/desencriptar_transformar_cargar.py
[2024-06-24T02:56:08.293+0000] {logging_mixin.py:188} INFO - [2024-06-24T02:56:08.285+0000] {dag.py:3096} INFO - Sync 1 DAGs
[2024-06-24T02:56:08.338+0000] {logging_mixin.py:188} INFO - [2024-06-24T02:56:08.338+0000] {dag.py:3954} INFO - Setting next_dagrun for decrypt_transform_dag to None, run_after=None
[2024-06-24T02:56:08.395+0000] {processor.py:183} INFO - Processing /opt/airflow/dags/desencriptar_transformar_cargar.py took 17.143 seconds
[2024-06-24T02:56:54.761+0000] {processor.py:161} INFO - Started process (PID=2813) to work on /opt/airflow/dags/desencriptar_transformar_cargar.py
[2024-06-24T02:56:54.763+0000] {processor.py:830} INFO - Processing file /opt/airflow/dags/desencriptar_transformar_cargar.py for tasks to queue
[2024-06-24T02:56:54.765+0000] {logging_mixin.py:188} INFO - [2024-06-24T02:56:54.764+0000] {dagbag.py:545} INFO - Filling up the DagBag from /opt/airflow/dags/desencriptar_transformar_cargar.py
[2024-06-24T02:57:00.906+0000] {processor.py:840} INFO - DAG(s) 'decrypt_transform_dag' retrieved from /opt/airflow/dags/desencriptar_transformar_cargar.py
[2024-06-24T02:57:01.459+0000] {logging_mixin.py:188} INFO - [2024-06-24T02:57:01.456+0000] {dag.py:3096} INFO - Sync 1 DAGs
[2024-06-24T02:57:01.491+0000] {logging_mixin.py:188} INFO - [2024-06-24T02:57:01.491+0000] {dag.py:3954} INFO - Setting next_dagrun for decrypt_transform_dag to None, run_after=None
[2024-06-24T02:57:01.552+0000] {processor.py:183} INFO - Processing /opt/airflow/dags/desencriptar_transformar_cargar.py took 6.814 seconds
[2024-06-24T02:57:31.723+0000] {processor.py:161} INFO - Started process (PID=2922) to work on /opt/airflow/dags/desencriptar_transformar_cargar.py
[2024-06-24T02:57:31.724+0000] {processor.py:830} INFO - Processing file /opt/airflow/dags/desencriptar_transformar_cargar.py for tasks to queue
[2024-06-24T02:57:31.726+0000] {logging_mixin.py:188} INFO - [2024-06-24T02:57:31.725+0000] {dagbag.py:545} INFO - Filling up the DagBag from /opt/airflow/dags/desencriptar_transformar_cargar.py
[2024-06-24T02:57:32.690+0000] {processor.py:840} INFO - DAG(s) 'decrypt_transform_dag' retrieved from /opt/airflow/dags/desencriptar_transformar_cargar.py
[2024-06-24T02:57:32.713+0000] {logging_mixin.py:188} INFO - [2024-06-24T02:57:32.713+0000] {dag.py:3096} INFO - Sync 1 DAGs
[2024-06-24T02:57:32.727+0000] {logging_mixin.py:188} INFO - [2024-06-24T02:57:32.727+0000] {dag.py:3954} INFO - Setting next_dagrun for decrypt_transform_dag to None, run_after=None
[2024-06-24T02:57:32.749+0000] {processor.py:183} INFO - Processing /opt/airflow/dags/desencriptar_transformar_cargar.py took 1.035 seconds
[2024-06-24T02:58:05.645+0000] {processor.py:161} INFO - Started process (PID=2997) to work on /opt/airflow/dags/desencriptar_transformar_cargar.py
[2024-06-24T02:58:05.650+0000] {processor.py:830} INFO - Processing file /opt/airflow/dags/desencriptar_transformar_cargar.py for tasks to queue
[2024-06-24T02:58:05.653+0000] {logging_mixin.py:188} INFO - [2024-06-24T02:58:05.652+0000] {dagbag.py:545} INFO - Filling up the DagBag from /opt/airflow/dags/desencriptar_transformar_cargar.py
[2024-06-24T02:58:47.742+0000] {logging_mixin.py:188} INFO - [2024-06-24T02:58:37.426+0000] {timeout.py:68} ERROR - Process timed out, PID: 2997
[2024-06-24T02:59:22.794+0000] {processor.py:161} INFO - Started process (PID=3065) to work on /opt/airflow/dags/desencriptar_transformar_cargar.py
[2024-06-24T02:59:22.797+0000] {processor.py:830} INFO - Processing file /opt/airflow/dags/desencriptar_transformar_cargar.py for tasks to queue
[2024-06-24T02:59:22.801+0000] {logging_mixin.py:188} INFO - [2024-06-24T02:59:22.798+0000] {dagbag.py:545} INFO - Filling up the DagBag from /opt/airflow/dags/desencriptar_transformar_cargar.py
[2024-06-24T03:00:01.123+0000] {logging_mixin.py:188} INFO - [2024-06-24T03:00:01.036+0000] {timeout.py:68} ERROR - Process timed out, PID: 3065
[2024-06-24T03:01:15.449+0000] {processor.py:161} INFO - Started process (PID=31) to work on /opt/airflow/dags/desencriptar_transformar_cargar.py
[2024-06-24T03:01:15.451+0000] {processor.py:830} INFO - Processing file /opt/airflow/dags/desencriptar_transformar_cargar.py for tasks to queue
[2024-06-24T03:01:15.454+0000] {logging_mixin.py:188} INFO - [2024-06-24T03:01:15.453+0000] {dagbag.py:545} INFO - Filling up the DagBag from /opt/airflow/dags/desencriptar_transformar_cargar.py
[2024-06-24T03:01:16.802+0000] {processor.py:840} INFO - DAG(s) 'decrypt_transform_dag' retrieved from /opt/airflow/dags/desencriptar_transformar_cargar.py
[2024-06-24T03:01:17.085+0000] {logging_mixin.py:188} INFO - [2024-06-24T03:01:17.084+0000] {dag.py:3096} INFO - Sync 1 DAGs
[2024-06-24T03:01:17.101+0000] {logging_mixin.py:188} INFO - [2024-06-24T03:01:17.100+0000] {dag.py:3954} INFO - Setting next_dagrun for decrypt_transform_dag to None, run_after=None
[2024-06-24T03:01:17.130+0000] {processor.py:183} INFO - Processing /opt/airflow/dags/desencriptar_transformar_cargar.py took 1.687 seconds
[2024-06-24T03:01:47.756+0000] {processor.py:161} INFO - Started process (PID=147) to work on /opt/airflow/dags/desencriptar_transformar_cargar.py
[2024-06-24T03:01:47.757+0000] {processor.py:830} INFO - Processing file /opt/airflow/dags/desencriptar_transformar_cargar.py for tasks to queue
[2024-06-24T03:01:47.760+0000] {logging_mixin.py:188} INFO - [2024-06-24T03:01:47.759+0000] {dagbag.py:545} INFO - Filling up the DagBag from /opt/airflow/dags/desencriptar_transformar_cargar.py
[2024-06-24T03:01:49.089+0000] {processor.py:840} INFO - DAG(s) 'decrypt_transform_dag' retrieved from /opt/airflow/dags/desencriptar_transformar_cargar.py
[2024-06-24T03:01:49.183+0000] {logging_mixin.py:188} INFO - [2024-06-24T03:01:49.183+0000] {dag.py:3096} INFO - Sync 1 DAGs
[2024-06-24T03:01:49.198+0000] {logging_mixin.py:188} INFO - [2024-06-24T03:01:49.198+0000] {dag.py:3954} INFO - Setting next_dagrun for decrypt_transform_dag to None, run_after=None
[2024-06-24T03:01:49.225+0000] {processor.py:183} INFO - Processing /opt/airflow/dags/desencriptar_transformar_cargar.py took 1.475 seconds
[2024-06-24T03:02:29.351+0000] {processor.py:161} INFO - Started process (PID=238) to work on /opt/airflow/dags/desencriptar_transformar_cargar.py
[2024-06-24T03:02:29.352+0000] {processor.py:830} INFO - Processing file /opt/airflow/dags/desencriptar_transformar_cargar.py for tasks to queue
[2024-06-24T03:02:29.354+0000] {logging_mixin.py:188} INFO - [2024-06-24T03:02:29.354+0000] {dagbag.py:545} INFO - Filling up the DagBag from /opt/airflow/dags/desencriptar_transformar_cargar.py
[2024-06-24T03:02:30.751+0000] {processor.py:840} INFO - DAG(s) 'decrypt_transform_dag' retrieved from /opt/airflow/dags/desencriptar_transformar_cargar.py
[2024-06-24T03:02:31.006+0000] {logging_mixin.py:188} INFO - [2024-06-24T03:02:31.005+0000] {dag.py:3096} INFO - Sync 1 DAGs
[2024-06-24T03:02:31.020+0000] {logging_mixin.py:188} INFO - [2024-06-24T03:02:31.019+0000] {dag.py:3954} INFO - Setting next_dagrun for decrypt_transform_dag to None, run_after=None
[2024-06-24T03:02:31.048+0000] {processor.py:183} INFO - Processing /opt/airflow/dags/desencriptar_transformar_cargar.py took 1.705 seconds
[2024-06-24T03:03:01.639+0000] {processor.py:161} INFO - Started process (PID=328) to work on /opt/airflow/dags/desencriptar_transformar_cargar.py
[2024-06-24T03:03:01.642+0000] {processor.py:830} INFO - Processing file /opt/airflow/dags/desencriptar_transformar_cargar.py for tasks to queue
[2024-06-24T03:03:01.645+0000] {logging_mixin.py:188} INFO - [2024-06-24T03:03:01.644+0000] {dagbag.py:545} INFO - Filling up the DagBag from /opt/airflow/dags/desencriptar_transformar_cargar.py
[2024-06-24T03:03:31.658+0000] {logging_mixin.py:188} INFO - [2024-06-24T03:03:31.656+0000] {timeout.py:68} ERROR - Process timed out, PID: 328
[2024-06-24T03:04:02.004+0000] {processor.py:161} INFO - Started process (PID=394) to work on /opt/airflow/dags/desencriptar_transformar_cargar.py
[2024-06-24T03:04:02.006+0000] {processor.py:830} INFO - Processing file /opt/airflow/dags/desencriptar_transformar_cargar.py for tasks to queue
[2024-06-24T03:04:02.010+0000] {logging_mixin.py:188} INFO - [2024-06-24T03:04:02.010+0000] {dagbag.py:545} INFO - Filling up the DagBag from /opt/airflow/dags/desencriptar_transformar_cargar.py
[2024-06-24T03:04:02.802+0000] {processor.py:840} INFO - DAG(s) 'decrypt_transform_dag' retrieved from /opt/airflow/dags/desencriptar_transformar_cargar.py
[2024-06-24T03:04:02.834+0000] {logging_mixin.py:188} INFO - [2024-06-24T03:04:02.833+0000] {dag.py:3096} INFO - Sync 1 DAGs
[2024-06-24T03:04:02.851+0000] {logging_mixin.py:188} INFO - [2024-06-24T03:04:02.850+0000] {dag.py:3954} INFO - Setting next_dagrun for decrypt_transform_dag to None, run_after=None
[2024-06-24T03:04:02.878+0000] {processor.py:183} INFO - Processing /opt/airflow/dags/desencriptar_transformar_cargar.py took 0.889 seconds
[2024-06-24T03:04:33.658+0000] {processor.py:161} INFO - Started process (PID=491) to work on /opt/airflow/dags/desencriptar_transformar_cargar.py
[2024-06-24T03:04:33.659+0000] {processor.py:830} INFO - Processing file /opt/airflow/dags/desencriptar_transformar_cargar.py for tasks to queue
[2024-06-24T03:04:33.661+0000] {logging_mixin.py:188} INFO - [2024-06-24T03:04:33.661+0000] {dagbag.py:545} INFO - Filling up the DagBag from /opt/airflow/dags/desencriptar_transformar_cargar.py
[2024-06-24T03:04:34.814+0000] {processor.py:840} INFO - DAG(s) 'decrypt_transform_dag' retrieved from /opt/airflow/dags/desencriptar_transformar_cargar.py
[2024-06-24T03:04:35.004+0000] {logging_mixin.py:188} INFO - [2024-06-24T03:04:35.003+0000] {dag.py:3096} INFO - Sync 1 DAGs
[2024-06-24T03:04:35.017+0000] {logging_mixin.py:188} INFO - [2024-06-24T03:04:35.016+0000] {dag.py:3954} INFO - Setting next_dagrun for decrypt_transform_dag to None, run_after=None
[2024-06-24T03:04:35.045+0000] {processor.py:183} INFO - Processing /opt/airflow/dags/desencriptar_transformar_cargar.py took 1.395 seconds
[2024-06-24T03:05:05.826+0000] {processor.py:161} INFO - Started process (PID=621) to work on /opt/airflow/dags/desencriptar_transformar_cargar.py
[2024-06-24T03:05:05.827+0000] {processor.py:830} INFO - Processing file /opt/airflow/dags/desencriptar_transformar_cargar.py for tasks to queue
[2024-06-24T03:05:05.829+0000] {logging_mixin.py:188} INFO - [2024-06-24T03:05:05.828+0000] {dagbag.py:545} INFO - Filling up the DagBag from /opt/airflow/dags/desencriptar_transformar_cargar.py
[2024-06-24T03:05:07.162+0000] {processor.py:840} INFO - DAG(s) 'decrypt_transform_dag' retrieved from /opt/airflow/dags/desencriptar_transformar_cargar.py
[2024-06-24T03:05:07.213+0000] {logging_mixin.py:188} INFO - [2024-06-24T03:05:07.212+0000] {dag.py:3096} INFO - Sync 1 DAGs
[2024-06-24T03:05:07.228+0000] {logging_mixin.py:188} INFO - [2024-06-24T03:05:07.227+0000] {dag.py:3954} INFO - Setting next_dagrun for decrypt_transform_dag to None, run_after=None
[2024-06-24T03:05:07.251+0000] {processor.py:183} INFO - Processing /opt/airflow/dags/desencriptar_transformar_cargar.py took 1.432 seconds
[2024-06-24T03:05:37.468+0000] {processor.py:161} INFO - Started process (PID=711) to work on /opt/airflow/dags/desencriptar_transformar_cargar.py
[2024-06-24T03:05:37.469+0000] {processor.py:830} INFO - Processing file /opt/airflow/dags/desencriptar_transformar_cargar.py for tasks to queue
[2024-06-24T03:05:37.472+0000] {logging_mixin.py:188} INFO - [2024-06-24T03:05:37.471+0000] {dagbag.py:545} INFO - Filling up the DagBag from /opt/airflow/dags/desencriptar_transformar_cargar.py
[2024-06-24T03:05:52.708+0000] {processor.py:840} INFO - DAG(s) 'decrypt_transform_dag' retrieved from /opt/airflow/dags/desencriptar_transformar_cargar.py
[2024-06-24T03:05:53.149+0000] {logging_mixin.py:188} INFO - [2024-06-24T03:05:53.147+0000] {dag.py:3096} INFO - Sync 1 DAGs
[2024-06-24T03:05:53.165+0000] {logging_mixin.py:188} INFO - [2024-06-24T03:05:53.164+0000] {dag.py:3954} INFO - Setting next_dagrun for decrypt_transform_dag to None, run_after=None
[2024-06-24T03:05:53.204+0000] {processor.py:183} INFO - Processing /opt/airflow/dags/desencriptar_transformar_cargar.py took 15.745 seconds
[2024-06-24T03:06:43.461+0000] {processor.py:161} INFO - Started process (PID=776) to work on /opt/airflow/dags/desencriptar_transformar_cargar.py
[2024-06-24T03:06:43.463+0000] {processor.py:830} INFO - Processing file /opt/airflow/dags/desencriptar_transformar_cargar.py for tasks to queue
[2024-06-24T03:06:43.468+0000] {logging_mixin.py:188} INFO - [2024-06-24T03:06:43.467+0000] {dagbag.py:545} INFO - Filling up the DagBag from /opt/airflow/dags/desencriptar_transformar_cargar.py
[2024-06-24T03:06:46.053+0000] {processor.py:840} INFO - DAG(s) 'decrypt_transform_dag' retrieved from /opt/airflow/dags/desencriptar_transformar_cargar.py
[2024-06-24T03:07:16.903+0000] {processor.py:186} ERROR - Got an exception! Propagating...
Traceback (most recent call last):
  File "/home/airflow/.local/lib/python3.12/site-packages/sqlalchemy/engine/base.py", line 3371, in _wrap_pool_connect
    return fn()
           ^^^^
  File "/home/airflow/.local/lib/python3.12/site-packages/sqlalchemy/pool/base.py", line 327, in connect
    return _ConnectionFairy._checkout(self)
           ^^^^^^^^^^^^^^^^^^^^^^^^^^^^^^^^
  File "/home/airflow/.local/lib/python3.12/site-packages/sqlalchemy/pool/base.py", line 894, in _checkout
    fairy = _ConnectionRecord.checkout(pool)
            ^^^^^^^^^^^^^^^^^^^^^^^^^^^^^^^^
  File "/home/airflow/.local/lib/python3.12/site-packages/sqlalchemy/pool/base.py", line 493, in checkout
    rec = pool._do_get()
          ^^^^^^^^^^^^^^
  File "/home/airflow/.local/lib/python3.12/site-packages/sqlalchemy/pool/impl.py", line 145, in _do_get
    with util.safe_reraise():
  File "/home/airflow/.local/lib/python3.12/site-packages/sqlalchemy/util/langhelpers.py", line 70, in __exit__
    compat.raise_(
  File "/home/airflow/.local/lib/python3.12/site-packages/sqlalchemy/util/compat.py", line 211, in raise_
    raise exception
  File "/home/airflow/.local/lib/python3.12/site-packages/sqlalchemy/pool/impl.py", line 143, in _do_get
    return self._create_connection()
           ^^^^^^^^^^^^^^^^^^^^^^^^^
  File "/home/airflow/.local/lib/python3.12/site-packages/sqlalchemy/pool/base.py", line 273, in _create_connection
    return _ConnectionRecord(self)
           ^^^^^^^^^^^^^^^^^^^^^^^
  File "/home/airflow/.local/lib/python3.12/site-packages/sqlalchemy/pool/base.py", line 388, in __init__
    self.__connect()
  File "/home/airflow/.local/lib/python3.12/site-packages/sqlalchemy/pool/base.py", line 690, in __connect
    with util.safe_reraise():
  File "/home/airflow/.local/lib/python3.12/site-packages/sqlalchemy/util/langhelpers.py", line 70, in __exit__
    compat.raise_(
  File "/home/airflow/.local/lib/python3.12/site-packages/sqlalchemy/util/compat.py", line 211, in raise_
    raise exception
  File "/home/airflow/.local/lib/python3.12/site-packages/sqlalchemy/pool/base.py", line 686, in __connect
    self.dbapi_connection = connection = pool._invoke_creator(self)
                                         ^^^^^^^^^^^^^^^^^^^^^^^^^^
  File "/home/airflow/.local/lib/python3.12/site-packages/sqlalchemy/engine/create.py", line 574, in connect
    return dialect.connect(*cargs, **cparams)
           ^^^^^^^^^^^^^^^^^^^^^^^^^^^^^^^^^^
  File "/home/airflow/.local/lib/python3.12/site-packages/sqlalchemy/engine/default.py", line 598, in connect
    return self.dbapi.connect(*cargs, **cparams)
           ^^^^^^^^^^^^^^^^^^^^^^^^^^^^^^^^^^^^^
  File "/home/airflow/.local/lib/python3.12/site-packages/psycopg2/__init__.py", line 122, in connect
    conn = _connect(dsn, connection_factory=connection_factory, **kwasync)
           ^^^^^^^^^^^^^^^^^^^^^^^^^^^^^^^^^^^^^^^^^^^^^^^^^^^^^^^^^^^^^^^
psycopg2.OperationalError: could not translate host name "postgres" to address: Temporary failure in name resolution


The above exception was the direct cause of the following exception:

Traceback (most recent call last):
  File "/home/airflow/.local/lib/python3.12/site-packages/airflow/dag_processing/processor.py", line 182, in _run_file_processor
    _handle_dag_file_processing()
  File "/home/airflow/.local/lib/python3.12/site-packages/airflow/dag_processing/processor.py", line 163, in _handle_dag_file_processing
    result: tuple[int, int] = dag_file_processor.process_file(
                              ^^^^^^^^^^^^^^^^^^^^^^^^^^^^^^^^
  File "/home/airflow/.local/lib/python3.12/site-packages/airflow/utils/session.py", line 79, in wrapper
    return func(*args, session=session, **kwargs)
           ^^^^^^^^^^^^^^^^^^^^^^^^^^^^^^^^^^^^^^
  File "/home/airflow/.local/lib/python3.12/site-packages/airflow/dag_processing/processor.py", line 859, in process_file
    serialize_errors = DagFileProcessor.save_dag_to_db(
                       ^^^^^^^^^^^^^^^^^^^^^^^^^^^^^^^^
  File "/home/airflow/.local/lib/python3.12/site-packages/airflow/api_internal/internal_api_call.py", line 115, in wrapper
    return func(*args, **kwargs)
           ^^^^^^^^^^^^^^^^^^^^^
  File "/home/airflow/.local/lib/python3.12/site-packages/airflow/utils/session.py", line 79, in wrapper
    return func(*args, session=session, **kwargs)
           ^^^^^^^^^^^^^^^^^^^^^^^^^^^^^^^^^^^^^^
  File "/home/airflow/.local/lib/python3.12/site-packages/airflow/dag_processing/processor.py", line 895, in save_dag_to_db
    import_errors = DagBag._sync_to_db(dags=dags, processor_subdir=dag_directory, session=session)
                    ^^^^^^^^^^^^^^^^^^^^^^^^^^^^^^^^^^^^^^^^^^^^^^^^^^^^^^^^^^^^^^^^^^^^^^^^^^^^^^
  File "/home/airflow/.local/lib/python3.12/site-packages/airflow/utils/session.py", line 76, in wrapper
    return func(*args, **kwargs)
           ^^^^^^^^^^^^^^^^^^^^^
  File "/home/airflow/.local/lib/python3.12/site-packages/airflow/models/dagbag.py", line 664, in _sync_to_db
    for attempt in run_with_db_retries(logger=log):
  File "/home/airflow/.local/lib/python3.12/site-packages/tenacity/__init__.py", line 435, in __iter__
    do = self.iter(retry_state=retry_state)
         ^^^^^^^^^^^^^^^^^^^^^^^^^^^^^^^^^^
  File "/home/airflow/.local/lib/python3.12/site-packages/tenacity/__init__.py", line 368, in iter
    result = action(retry_state)
             ^^^^^^^^^^^^^^^^^^^
  File "/home/airflow/.local/lib/python3.12/site-packages/tenacity/__init__.py", line 410, in exc_check
    raise retry_exc.reraise()
          ^^^^^^^^^^^^^^^^^^^
  File "/home/airflow/.local/lib/python3.12/site-packages/tenacity/__init__.py", line 183, in reraise
    raise self.last_attempt.result()
          ^^^^^^^^^^^^^^^^^^^^^^^^^^
  File "/usr/local/lib/python3.12/concurrent/futures/_base.py", line 449, in result
    return self.__get_result()
           ^^^^^^^^^^^^^^^^^^^
  File "/usr/local/lib/python3.12/concurrent/futures/_base.py", line 401, in __get_result
    raise self._exception
  File "/home/airflow/.local/lib/python3.12/site-packages/airflow/models/dagbag.py", line 677, in _sync_to_db
    _serialize_dag_capturing_errors(dag, session, processor_subdir)
  File "/home/airflow/.local/lib/python3.12/site-packages/airflow/models/dagbag.py", line 642, in _serialize_dag_capturing_errors
    dag_was_updated = SerializedDagModel.write_dag(
                      ^^^^^^^^^^^^^^^^^^^^^^^^^^^^^
  File "/home/airflow/.local/lib/python3.12/site-packages/airflow/utils/session.py", line 76, in wrapper
    return func(*args, **kwargs)
           ^^^^^^^^^^^^^^^^^^^^^
  File "/home/airflow/.local/lib/python3.12/site-packages/airflow/models/serialized_dag.py", line 158, in write_dag
    if session.scalar(
       ^^^^^^^^^^^^^^^
  File "/home/airflow/.local/lib/python3.12/site-packages/sqlalchemy/orm/session.py", line 1747, in scalar
    return self.execute(
           ^^^^^^^^^^^^^
  File "/home/airflow/.local/lib/python3.12/site-packages/sqlalchemy/orm/session.py", line 1716, in execute
    conn = self._connection_for_bind(bind)
           ^^^^^^^^^^^^^^^^^^^^^^^^^^^^^^^
  File "/home/airflow/.local/lib/python3.12/site-packages/sqlalchemy/orm/session.py", line 1555, in _connection_for_bind
    return self._transaction._connection_for_bind(
           ^^^^^^^^^^^^^^^^^^^^^^^^^^^^^^^^^^^^^^^
  File "/home/airflow/.local/lib/python3.12/site-packages/sqlalchemy/orm/session.py", line 750, in _connection_for_bind
    conn = bind.connect()
           ^^^^^^^^^^^^^^
  File "/home/airflow/.local/lib/python3.12/site-packages/sqlalchemy/future/engine.py", line 412, in connect
    return super(Engine, self).connect()
           ^^^^^^^^^^^^^^^^^^^^^^^^^^^^^
  File "/home/airflow/.local/lib/python3.12/site-packages/sqlalchemy/engine/base.py", line 3325, in connect
    return self._connection_cls(self, close_with_result=close_with_result)
           ^^^^^^^^^^^^^^^^^^^^^^^^^^^^^^^^^^^^^^^^^^^^^^^^^^^^^^^^^^^^^^^
  File "/home/airflow/.local/lib/python3.12/site-packages/sqlalchemy/engine/base.py", line 96, in __init__
    else engine.raw_connection()
         ^^^^^^^^^^^^^^^^^^^^^^^
  File "/home/airflow/.local/lib/python3.12/site-packages/sqlalchemy/engine/base.py", line 3404, in raw_connection
    return self._wrap_pool_connect(self.pool.connect, _connection)
           ^^^^^^^^^^^^^^^^^^^^^^^^^^^^^^^^^^^^^^^^^^^^^^^^^^^^^^^
  File "/home/airflow/.local/lib/python3.12/site-packages/sqlalchemy/engine/base.py", line 3374, in _wrap_pool_connect
    Connection._handle_dbapi_exception_noconnection(
  File "/home/airflow/.local/lib/python3.12/site-packages/sqlalchemy/engine/base.py", line 2208, in _handle_dbapi_exception_noconnection
    util.raise_(
  File "/home/airflow/.local/lib/python3.12/site-packages/sqlalchemy/util/compat.py", line 211, in raise_
    raise exception
  File "/home/airflow/.local/lib/python3.12/site-packages/sqlalchemy/engine/base.py", line 3371, in _wrap_pool_connect
    return fn()
           ^^^^
  File "/home/airflow/.local/lib/python3.12/site-packages/sqlalchemy/pool/base.py", line 327, in connect
    return _ConnectionFairy._checkout(self)
           ^^^^^^^^^^^^^^^^^^^^^^^^^^^^^^^^
  File "/home/airflow/.local/lib/python3.12/site-packages/sqlalchemy/pool/base.py", line 894, in _checkout
    fairy = _ConnectionRecord.checkout(pool)
            ^^^^^^^^^^^^^^^^^^^^^^^^^^^^^^^^
  File "/home/airflow/.local/lib/python3.12/site-packages/sqlalchemy/pool/base.py", line 493, in checkout
    rec = pool._do_get()
          ^^^^^^^^^^^^^^
  File "/home/airflow/.local/lib/python3.12/site-packages/sqlalchemy/pool/impl.py", line 145, in _do_get
    with util.safe_reraise():
  File "/home/airflow/.local/lib/python3.12/site-packages/sqlalchemy/util/langhelpers.py", line 70, in __exit__
    compat.raise_(
  File "/home/airflow/.local/lib/python3.12/site-packages/sqlalchemy/util/compat.py", line 211, in raise_
    raise exception
  File "/home/airflow/.local/lib/python3.12/site-packages/sqlalchemy/pool/impl.py", line 143, in _do_get
    return self._create_connection()
           ^^^^^^^^^^^^^^^^^^^^^^^^^
  File "/home/airflow/.local/lib/python3.12/site-packages/sqlalchemy/pool/base.py", line 273, in _create_connection
    return _ConnectionRecord(self)
           ^^^^^^^^^^^^^^^^^^^^^^^
  File "/home/airflow/.local/lib/python3.12/site-packages/sqlalchemy/pool/base.py", line 388, in __init__
    self.__connect()
  File "/home/airflow/.local/lib/python3.12/site-packages/sqlalchemy/pool/base.py", line 690, in __connect
    with util.safe_reraise():
  File "/home/airflow/.local/lib/python3.12/site-packages/sqlalchemy/util/langhelpers.py", line 70, in __exit__
    compat.raise_(
  File "/home/airflow/.local/lib/python3.12/site-packages/sqlalchemy/util/compat.py", line 211, in raise_
    raise exception
  File "/home/airflow/.local/lib/python3.12/site-packages/sqlalchemy/pool/base.py", line 686, in __connect
    self.dbapi_connection = connection = pool._invoke_creator(self)
                                         ^^^^^^^^^^^^^^^^^^^^^^^^^^
  File "/home/airflow/.local/lib/python3.12/site-packages/sqlalchemy/engine/create.py", line 574, in connect
    return dialect.connect(*cargs, **cparams)
           ^^^^^^^^^^^^^^^^^^^^^^^^^^^^^^^^^^
  File "/home/airflow/.local/lib/python3.12/site-packages/sqlalchemy/engine/default.py", line 598, in connect
    return self.dbapi.connect(*cargs, **cparams)
           ^^^^^^^^^^^^^^^^^^^^^^^^^^^^^^^^^^^^^
  File "/home/airflow/.local/lib/python3.12/site-packages/psycopg2/__init__.py", line 122, in connect
    conn = _connect(dsn, connection_factory=connection_factory, **kwasync)
           ^^^^^^^^^^^^^^^^^^^^^^^^^^^^^^^^^^^^^^^^^^^^^^^^^^^^^^^^^^^^^^^
sqlalchemy.exc.OperationalError: (psycopg2.OperationalError) could not translate host name "postgres" to address: Temporary failure in name resolution

(Background on this error at: https://sqlalche.me/e/14/e3q8)
[2024-06-24T03:07:52.691+0000] {processor.py:161} INFO - Started process (PID=896) to work on /opt/airflow/dags/desencriptar_transformar_cargar.py
[2024-06-24T03:07:52.695+0000] {processor.py:830} INFO - Processing file /opt/airflow/dags/desencriptar_transformar_cargar.py for tasks to queue
[2024-06-24T03:07:52.703+0000] {logging_mixin.py:188} INFO - [2024-06-24T03:07:52.702+0000] {dagbag.py:545} INFO - Filling up the DagBag from /opt/airflow/dags/desencriptar_transformar_cargar.py
[2024-06-24T03:07:56.974+0000] {processor.py:840} INFO - DAG(s) 'decrypt_transform_dag' retrieved from /opt/airflow/dags/desencriptar_transformar_cargar.py
[2024-06-24T03:08:27.449+0000] {processor.py:186} ERROR - Got an exception! Propagating...
Traceback (most recent call last):
  File "/home/airflow/.local/lib/python3.12/site-packages/sqlalchemy/engine/base.py", line 3371, in _wrap_pool_connect
    return fn()
           ^^^^
  File "/home/airflow/.local/lib/python3.12/site-packages/sqlalchemy/pool/base.py", line 327, in connect
    return _ConnectionFairy._checkout(self)
           ^^^^^^^^^^^^^^^^^^^^^^^^^^^^^^^^
  File "/home/airflow/.local/lib/python3.12/site-packages/sqlalchemy/pool/base.py", line 894, in _checkout
    fairy = _ConnectionRecord.checkout(pool)
            ^^^^^^^^^^^^^^^^^^^^^^^^^^^^^^^^
  File "/home/airflow/.local/lib/python3.12/site-packages/sqlalchemy/pool/base.py", line 493, in checkout
    rec = pool._do_get()
          ^^^^^^^^^^^^^^
  File "/home/airflow/.local/lib/python3.12/site-packages/sqlalchemy/pool/impl.py", line 145, in _do_get
    with util.safe_reraise():
  File "/home/airflow/.local/lib/python3.12/site-packages/sqlalchemy/util/langhelpers.py", line 70, in __exit__
    compat.raise_(
  File "/home/airflow/.local/lib/python3.12/site-packages/sqlalchemy/util/compat.py", line 211, in raise_
    raise exception
  File "/home/airflow/.local/lib/python3.12/site-packages/sqlalchemy/pool/impl.py", line 143, in _do_get
    return self._create_connection()
           ^^^^^^^^^^^^^^^^^^^^^^^^^
  File "/home/airflow/.local/lib/python3.12/site-packages/sqlalchemy/pool/base.py", line 273, in _create_connection
    return _ConnectionRecord(self)
           ^^^^^^^^^^^^^^^^^^^^^^^
  File "/home/airflow/.local/lib/python3.12/site-packages/sqlalchemy/pool/base.py", line 388, in __init__
    self.__connect()
  File "/home/airflow/.local/lib/python3.12/site-packages/sqlalchemy/pool/base.py", line 690, in __connect
    with util.safe_reraise():
  File "/home/airflow/.local/lib/python3.12/site-packages/sqlalchemy/util/langhelpers.py", line 70, in __exit__
    compat.raise_(
  File "/home/airflow/.local/lib/python3.12/site-packages/sqlalchemy/util/compat.py", line 211, in raise_
    raise exception
  File "/home/airflow/.local/lib/python3.12/site-packages/sqlalchemy/pool/base.py", line 686, in __connect
    self.dbapi_connection = connection = pool._invoke_creator(self)
                                         ^^^^^^^^^^^^^^^^^^^^^^^^^^
  File "/home/airflow/.local/lib/python3.12/site-packages/sqlalchemy/engine/create.py", line 574, in connect
    return dialect.connect(*cargs, **cparams)
           ^^^^^^^^^^^^^^^^^^^^^^^^^^^^^^^^^^
  File "/home/airflow/.local/lib/python3.12/site-packages/sqlalchemy/engine/default.py", line 598, in connect
    return self.dbapi.connect(*cargs, **cparams)
           ^^^^^^^^^^^^^^^^^^^^^^^^^^^^^^^^^^^^^
  File "/home/airflow/.local/lib/python3.12/site-packages/psycopg2/__init__.py", line 122, in connect
    conn = _connect(dsn, connection_factory=connection_factory, **kwasync)
           ^^^^^^^^^^^^^^^^^^^^^^^^^^^^^^^^^^^^^^^^^^^^^^^^^^^^^^^^^^^^^^^
psycopg2.OperationalError: could not translate host name "postgres" to address: Temporary failure in name resolution


The above exception was the direct cause of the following exception:

Traceback (most recent call last):
  File "/home/airflow/.local/lib/python3.12/site-packages/airflow/dag_processing/processor.py", line 182, in _run_file_processor
    _handle_dag_file_processing()
  File "/home/airflow/.local/lib/python3.12/site-packages/airflow/dag_processing/processor.py", line 163, in _handle_dag_file_processing
    result: tuple[int, int] = dag_file_processor.process_file(
                              ^^^^^^^^^^^^^^^^^^^^^^^^^^^^^^^^
  File "/home/airflow/.local/lib/python3.12/site-packages/airflow/utils/session.py", line 79, in wrapper
    return func(*args, session=session, **kwargs)
           ^^^^^^^^^^^^^^^^^^^^^^^^^^^^^^^^^^^^^^
  File "/home/airflow/.local/lib/python3.12/site-packages/airflow/dag_processing/processor.py", line 859, in process_file
    serialize_errors = DagFileProcessor.save_dag_to_db(
                       ^^^^^^^^^^^^^^^^^^^^^^^^^^^^^^^^
  File "/home/airflow/.local/lib/python3.12/site-packages/airflow/api_internal/internal_api_call.py", line 115, in wrapper
    return func(*args, **kwargs)
           ^^^^^^^^^^^^^^^^^^^^^
  File "/home/airflow/.local/lib/python3.12/site-packages/airflow/utils/session.py", line 79, in wrapper
    return func(*args, session=session, **kwargs)
           ^^^^^^^^^^^^^^^^^^^^^^^^^^^^^^^^^^^^^^
  File "/home/airflow/.local/lib/python3.12/site-packages/airflow/dag_processing/processor.py", line 895, in save_dag_to_db
    import_errors = DagBag._sync_to_db(dags=dags, processor_subdir=dag_directory, session=session)
                    ^^^^^^^^^^^^^^^^^^^^^^^^^^^^^^^^^^^^^^^^^^^^^^^^^^^^^^^^^^^^^^^^^^^^^^^^^^^^^^
  File "/home/airflow/.local/lib/python3.12/site-packages/airflow/utils/session.py", line 76, in wrapper
    return func(*args, **kwargs)
           ^^^^^^^^^^^^^^^^^^^^^
  File "/home/airflow/.local/lib/python3.12/site-packages/airflow/models/dagbag.py", line 664, in _sync_to_db
    for attempt in run_with_db_retries(logger=log):
  File "/home/airflow/.local/lib/python3.12/site-packages/tenacity/__init__.py", line 435, in __iter__
    do = self.iter(retry_state=retry_state)
         ^^^^^^^^^^^^^^^^^^^^^^^^^^^^^^^^^^
  File "/home/airflow/.local/lib/python3.12/site-packages/tenacity/__init__.py", line 368, in iter
    result = action(retry_state)
             ^^^^^^^^^^^^^^^^^^^
  File "/home/airflow/.local/lib/python3.12/site-packages/tenacity/__init__.py", line 410, in exc_check
    raise retry_exc.reraise()
          ^^^^^^^^^^^^^^^^^^^
  File "/home/airflow/.local/lib/python3.12/site-packages/tenacity/__init__.py", line 183, in reraise
    raise self.last_attempt.result()
          ^^^^^^^^^^^^^^^^^^^^^^^^^^
  File "/usr/local/lib/python3.12/concurrent/futures/_base.py", line 449, in result
    return self.__get_result()
           ^^^^^^^^^^^^^^^^^^^
  File "/usr/local/lib/python3.12/concurrent/futures/_base.py", line 401, in __get_result
    raise self._exception
  File "/home/airflow/.local/lib/python3.12/site-packages/airflow/models/dagbag.py", line 677, in _sync_to_db
    _serialize_dag_capturing_errors(dag, session, processor_subdir)
  File "/home/airflow/.local/lib/python3.12/site-packages/airflow/models/dagbag.py", line 642, in _serialize_dag_capturing_errors
    dag_was_updated = SerializedDagModel.write_dag(
                      ^^^^^^^^^^^^^^^^^^^^^^^^^^^^^
  File "/home/airflow/.local/lib/python3.12/site-packages/airflow/utils/session.py", line 76, in wrapper
    return func(*args, **kwargs)
           ^^^^^^^^^^^^^^^^^^^^^
  File "/home/airflow/.local/lib/python3.12/site-packages/airflow/models/serialized_dag.py", line 158, in write_dag
    if session.scalar(
       ^^^^^^^^^^^^^^^
  File "/home/airflow/.local/lib/python3.12/site-packages/sqlalchemy/orm/session.py", line 1747, in scalar
    return self.execute(
           ^^^^^^^^^^^^^
  File "/home/airflow/.local/lib/python3.12/site-packages/sqlalchemy/orm/session.py", line 1716, in execute
    conn = self._connection_for_bind(bind)
           ^^^^^^^^^^^^^^^^^^^^^^^^^^^^^^^
  File "/home/airflow/.local/lib/python3.12/site-packages/sqlalchemy/orm/session.py", line 1555, in _connection_for_bind
    return self._transaction._connection_for_bind(
           ^^^^^^^^^^^^^^^^^^^^^^^^^^^^^^^^^^^^^^^
  File "/home/airflow/.local/lib/python3.12/site-packages/sqlalchemy/orm/session.py", line 750, in _connection_for_bind
    conn = bind.connect()
           ^^^^^^^^^^^^^^
  File "/home/airflow/.local/lib/python3.12/site-packages/sqlalchemy/future/engine.py", line 412, in connect
    return super(Engine, self).connect()
           ^^^^^^^^^^^^^^^^^^^^^^^^^^^^^
  File "/home/airflow/.local/lib/python3.12/site-packages/sqlalchemy/engine/base.py", line 3325, in connect
    return self._connection_cls(self, close_with_result=close_with_result)
           ^^^^^^^^^^^^^^^^^^^^^^^^^^^^^^^^^^^^^^^^^^^^^^^^^^^^^^^^^^^^^^^
  File "/home/airflow/.local/lib/python3.12/site-packages/sqlalchemy/engine/base.py", line 96, in __init__
    else engine.raw_connection()
         ^^^^^^^^^^^^^^^^^^^^^^^
  File "/home/airflow/.local/lib/python3.12/site-packages/sqlalchemy/engine/base.py", line 3404, in raw_connection
    return self._wrap_pool_connect(self.pool.connect, _connection)
           ^^^^^^^^^^^^^^^^^^^^^^^^^^^^^^^^^^^^^^^^^^^^^^^^^^^^^^^
  File "/home/airflow/.local/lib/python3.12/site-packages/sqlalchemy/engine/base.py", line 3374, in _wrap_pool_connect
    Connection._handle_dbapi_exception_noconnection(
  File "/home/airflow/.local/lib/python3.12/site-packages/sqlalchemy/engine/base.py", line 2208, in _handle_dbapi_exception_noconnection
    util.raise_(
  File "/home/airflow/.local/lib/python3.12/site-packages/sqlalchemy/util/compat.py", line 211, in raise_
    raise exception
  File "/home/airflow/.local/lib/python3.12/site-packages/sqlalchemy/engine/base.py", line 3371, in _wrap_pool_connect
    return fn()
           ^^^^
  File "/home/airflow/.local/lib/python3.12/site-packages/sqlalchemy/pool/base.py", line 327, in connect
    return _ConnectionFairy._checkout(self)
           ^^^^^^^^^^^^^^^^^^^^^^^^^^^^^^^^
  File "/home/airflow/.local/lib/python3.12/site-packages/sqlalchemy/pool/base.py", line 894, in _checkout
    fairy = _ConnectionRecord.checkout(pool)
            ^^^^^^^^^^^^^^^^^^^^^^^^^^^^^^^^
  File "/home/airflow/.local/lib/python3.12/site-packages/sqlalchemy/pool/base.py", line 493, in checkout
    rec = pool._do_get()
          ^^^^^^^^^^^^^^
  File "/home/airflow/.local/lib/python3.12/site-packages/sqlalchemy/pool/impl.py", line 145, in _do_get
    with util.safe_reraise():
  File "/home/airflow/.local/lib/python3.12/site-packages/sqlalchemy/util/langhelpers.py", line 70, in __exit__
    compat.raise_(
  File "/home/airflow/.local/lib/python3.12/site-packages/sqlalchemy/util/compat.py", line 211, in raise_
    raise exception
  File "/home/airflow/.local/lib/python3.12/site-packages/sqlalchemy/pool/impl.py", line 143, in _do_get
    return self._create_connection()
           ^^^^^^^^^^^^^^^^^^^^^^^^^
  File "/home/airflow/.local/lib/python3.12/site-packages/sqlalchemy/pool/base.py", line 273, in _create_connection
    return _ConnectionRecord(self)
           ^^^^^^^^^^^^^^^^^^^^^^^
  File "/home/airflow/.local/lib/python3.12/site-packages/sqlalchemy/pool/base.py", line 388, in __init__
    self.__connect()
  File "/home/airflow/.local/lib/python3.12/site-packages/sqlalchemy/pool/base.py", line 690, in __connect
    with util.safe_reraise():
  File "/home/airflow/.local/lib/python3.12/site-packages/sqlalchemy/util/langhelpers.py", line 70, in __exit__
    compat.raise_(
  File "/home/airflow/.local/lib/python3.12/site-packages/sqlalchemy/util/compat.py", line 211, in raise_
    raise exception
  File "/home/airflow/.local/lib/python3.12/site-packages/sqlalchemy/pool/base.py", line 686, in __connect
    self.dbapi_connection = connection = pool._invoke_creator(self)
                                         ^^^^^^^^^^^^^^^^^^^^^^^^^^
  File "/home/airflow/.local/lib/python3.12/site-packages/sqlalchemy/engine/create.py", line 574, in connect
    return dialect.connect(*cargs, **cparams)
           ^^^^^^^^^^^^^^^^^^^^^^^^^^^^^^^^^^
  File "/home/airflow/.local/lib/python3.12/site-packages/sqlalchemy/engine/default.py", line 598, in connect
    return self.dbapi.connect(*cargs, **cparams)
           ^^^^^^^^^^^^^^^^^^^^^^^^^^^^^^^^^^^^^
  File "/home/airflow/.local/lib/python3.12/site-packages/psycopg2/__init__.py", line 122, in connect
    conn = _connect(dsn, connection_factory=connection_factory, **kwasync)
           ^^^^^^^^^^^^^^^^^^^^^^^^^^^^^^^^^^^^^^^^^^^^^^^^^^^^^^^^^^^^^^^
sqlalchemy.exc.OperationalError: (psycopg2.OperationalError) could not translate host name "postgres" to address: Temporary failure in name resolution

(Background on this error at: https://sqlalche.me/e/14/e3q8)
[2024-06-24T03:08:59.274+0000] {processor.py:161} INFO - Started process (PID=1003) to work on /opt/airflow/dags/desencriptar_transformar_cargar.py
[2024-06-24T03:08:59.279+0000] {processor.py:830} INFO - Processing file /opt/airflow/dags/desencriptar_transformar_cargar.py for tasks to queue
[2024-06-24T03:08:59.302+0000] {logging_mixin.py:188} INFO - [2024-06-24T03:08:59.300+0000] {dagbag.py:545} INFO - Filling up the DagBag from /opt/airflow/dags/desencriptar_transformar_cargar.py
[2024-06-24T03:09:02.253+0000] {processor.py:840} INFO - DAG(s) 'decrypt_transform_dag' retrieved from /opt/airflow/dags/desencriptar_transformar_cargar.py
[2024-06-24T03:09:02.453+0000] {logging_mixin.py:188} INFO - [2024-06-24T03:09:02.452+0000] {dag.py:3096} INFO - Sync 1 DAGs
[2024-06-24T03:09:02.462+0000] {logging_mixin.py:188} INFO - [2024-06-24T03:09:02.462+0000] {dag.py:3954} INFO - Setting next_dagrun for decrypt_transform_dag to None, run_after=None
[2024-06-24T03:09:02.487+0000] {processor.py:183} INFO - Processing /opt/airflow/dags/desencriptar_transformar_cargar.py took 3.273 seconds
[2024-06-24T03:09:32.634+0000] {processor.py:161} INFO - Started process (PID=1092) to work on /opt/airflow/dags/desencriptar_transformar_cargar.py
[2024-06-24T03:09:32.638+0000] {processor.py:830} INFO - Processing file /opt/airflow/dags/desencriptar_transformar_cargar.py for tasks to queue
[2024-06-24T03:09:32.643+0000] {logging_mixin.py:188} INFO - [2024-06-24T03:09:32.641+0000] {dagbag.py:545} INFO - Filling up the DagBag from /opt/airflow/dags/desencriptar_transformar_cargar.py
[2024-06-24T03:09:34.509+0000] {processor.py:840} INFO - DAG(s) 'decrypt_transform_dag' retrieved from /opt/airflow/dags/desencriptar_transformar_cargar.py
[2024-06-24T03:09:34.778+0000] {logging_mixin.py:188} INFO - [2024-06-24T03:09:34.771+0000] {dag.py:3096} INFO - Sync 1 DAGs
[2024-06-24T03:09:34.840+0000] {logging_mixin.py:188} INFO - [2024-06-24T03:09:34.831+0000] {dag.py:3954} INFO - Setting next_dagrun for decrypt_transform_dag to None, run_after=None
[2024-06-24T03:09:35.094+0000] {processor.py:183} INFO - Processing /opt/airflow/dags/desencriptar_transformar_cargar.py took 2.472 seconds
[2024-06-24T03:10:05.668+0000] {processor.py:161} INFO - Started process (PID=1182) to work on /opt/airflow/dags/desencriptar_transformar_cargar.py
[2024-06-24T03:10:05.671+0000] {processor.py:830} INFO - Processing file /opt/airflow/dags/desencriptar_transformar_cargar.py for tasks to queue
[2024-06-24T03:10:05.675+0000] {logging_mixin.py:188} INFO - [2024-06-24T03:10:05.673+0000] {dagbag.py:545} INFO - Filling up the DagBag from /opt/airflow/dags/desencriptar_transformar_cargar.py
[2024-06-24T03:10:20.474+0000] {processor.py:840} INFO - DAG(s) 'decrypt_transform_dag' retrieved from /opt/airflow/dags/desencriptar_transformar_cargar.py
[2024-06-24T03:10:43.663+0000] {logging_mixin.py:188} INFO - [2024-06-24T03:10:43.661+0000] {dag.py:3096} INFO - Sync 1 DAGs
[2024-06-24T03:10:43.685+0000] {logging_mixin.py:188} INFO - [2024-06-24T03:10:43.684+0000] {dag.py:3954} INFO - Setting next_dagrun for decrypt_transform_dag to None, run_after=None
[2024-06-24T03:10:43.739+0000] {processor.py:183} INFO - Processing /opt/airflow/dags/desencriptar_transformar_cargar.py took 38.084 seconds
[2024-06-24T03:11:14.191+0000] {processor.py:161} INFO - Started process (PID=1275) to work on /opt/airflow/dags/desencriptar_transformar_cargar.py
[2024-06-24T03:11:14.193+0000] {processor.py:830} INFO - Processing file /opt/airflow/dags/desencriptar_transformar_cargar.py for tasks to queue
[2024-06-24T03:11:14.199+0000] {logging_mixin.py:188} INFO - [2024-06-24T03:11:14.198+0000] {dagbag.py:545} INFO - Filling up the DagBag from /opt/airflow/dags/desencriptar_transformar_cargar.py
[2024-06-24T03:11:15.895+0000] {processor.py:840} INFO - DAG(s) 'decrypt_transform_dag' retrieved from /opt/airflow/dags/desencriptar_transformar_cargar.py
[2024-06-24T03:11:15.920+0000] {logging_mixin.py:188} INFO - [2024-06-24T03:11:15.919+0000] {dag.py:3096} INFO - Sync 1 DAGs
[2024-06-24T03:11:15.931+0000] {logging_mixin.py:188} INFO - [2024-06-24T03:11:15.931+0000] {dag.py:3954} INFO - Setting next_dagrun for decrypt_transform_dag to None, run_after=None
[2024-06-24T03:11:15.952+0000] {processor.py:183} INFO - Processing /opt/airflow/dags/desencriptar_transformar_cargar.py took 1.777 seconds
[2024-06-24T03:11:46.931+0000] {processor.py:161} INFO - Started process (PID=1370) to work on /opt/airflow/dags/desencriptar_transformar_cargar.py
[2024-06-24T03:11:46.933+0000] {processor.py:830} INFO - Processing file /opt/airflow/dags/desencriptar_transformar_cargar.py for tasks to queue
[2024-06-24T03:11:46.937+0000] {logging_mixin.py:188} INFO - [2024-06-24T03:11:46.935+0000] {dagbag.py:545} INFO - Filling up the DagBag from /opt/airflow/dags/desencriptar_transformar_cargar.py
[2024-06-24T03:11:48.747+0000] {processor.py:840} INFO - DAG(s) 'decrypt_transform_dag' retrieved from /opt/airflow/dags/desencriptar_transformar_cargar.py
[2024-06-24T03:11:49.911+0000] {logging_mixin.py:188} INFO - [2024-06-24T03:11:49.906+0000] {dag.py:3096} INFO - Sync 1 DAGs
[2024-06-24T03:11:49.922+0000] {logging_mixin.py:188} INFO - [2024-06-24T03:11:49.922+0000] {dag.py:3954} INFO - Setting next_dagrun for decrypt_transform_dag to None, run_after=None
[2024-06-24T03:11:49.953+0000] {processor.py:183} INFO - Processing /opt/airflow/dags/desencriptar_transformar_cargar.py took 3.032 seconds
[2024-06-24T03:12:20.158+0000] {processor.py:161} INFO - Started process (PID=1459) to work on /opt/airflow/dags/desencriptar_transformar_cargar.py
[2024-06-24T03:12:20.161+0000] {processor.py:830} INFO - Processing file /opt/airflow/dags/desencriptar_transformar_cargar.py for tasks to queue
[2024-06-24T03:12:20.164+0000] {logging_mixin.py:188} INFO - [2024-06-24T03:12:20.163+0000] {dagbag.py:545} INFO - Filling up the DagBag from /opt/airflow/dags/desencriptar_transformar_cargar.py
[2024-06-24T03:12:23.036+0000] {processor.py:840} INFO - DAG(s) 'decrypt_transform_dag' retrieved from /opt/airflow/dags/desencriptar_transformar_cargar.py
[2024-06-24T03:12:23.136+0000] {logging_mixin.py:188} INFO - [2024-06-24T03:12:23.135+0000] {dag.py:3096} INFO - Sync 1 DAGs
[2024-06-24T03:12:23.152+0000] {logging_mixin.py:188} INFO - [2024-06-24T03:12:23.151+0000] {dag.py:3954} INFO - Setting next_dagrun for decrypt_transform_dag to None, run_after=None
[2024-06-24T03:12:23.178+0000] {processor.py:183} INFO - Processing /opt/airflow/dags/desencriptar_transformar_cargar.py took 3.028 seconds
[2024-06-24T03:12:53.696+0000] {processor.py:161} INFO - Started process (PID=1548) to work on /opt/airflow/dags/desencriptar_transformar_cargar.py
[2024-06-24T03:12:53.698+0000] {processor.py:830} INFO - Processing file /opt/airflow/dags/desencriptar_transformar_cargar.py for tasks to queue
[2024-06-24T03:12:53.702+0000] {logging_mixin.py:188} INFO - [2024-06-24T03:12:53.701+0000] {dagbag.py:545} INFO - Filling up the DagBag from /opt/airflow/dags/desencriptar_transformar_cargar.py
[2024-06-24T03:13:22.489+0000] {processor.py:840} INFO - DAG(s) 'decrypt_transform_dag' retrieved from /opt/airflow/dags/desencriptar_transformar_cargar.py
[2024-06-24T03:13:22.887+0000] {logging_mixin.py:188} INFO - [2024-06-24T03:13:22.876+0000] {dag.py:3096} INFO - Sync 1 DAGs
[2024-06-24T03:13:23.386+0000] {logging_mixin.py:188} INFO - [2024-06-24T03:13:23.386+0000] {dag.py:3954} INFO - Setting next_dagrun for decrypt_transform_dag to None, run_after=None
[2024-06-24T03:13:23.851+0000] {processor.py:183} INFO - Processing /opt/airflow/dags/desencriptar_transformar_cargar.py took 30.168 seconds
[2024-06-24T03:13:54.122+0000] {processor.py:161} INFO - Started process (PID=1671) to work on /opt/airflow/dags/desencriptar_transformar_cargar.py
[2024-06-24T03:13:54.124+0000] {processor.py:830} INFO - Processing file /opt/airflow/dags/desencriptar_transformar_cargar.py for tasks to queue
[2024-06-24T03:13:54.126+0000] {logging_mixin.py:188} INFO - [2024-06-24T03:13:54.125+0000] {dagbag.py:545} INFO - Filling up the DagBag from /opt/airflow/dags/desencriptar_transformar_cargar.py
[2024-06-24T03:13:55.444+0000] {processor.py:840} INFO - DAG(s) 'decrypt_transform_dag' retrieved from /opt/airflow/dags/desencriptar_transformar_cargar.py
[2024-06-24T03:13:55.556+0000] {logging_mixin.py:188} INFO - [2024-06-24T03:13:55.556+0000] {dag.py:3096} INFO - Sync 1 DAGs
[2024-06-24T03:13:55.569+0000] {logging_mixin.py:188} INFO - [2024-06-24T03:13:55.569+0000] {dag.py:3954} INFO - Setting next_dagrun for decrypt_transform_dag to None, run_after=None
[2024-06-24T03:13:55.593+0000] {processor.py:183} INFO - Processing /opt/airflow/dags/desencriptar_transformar_cargar.py took 1.478 seconds
[2024-06-24T03:14:39.439+0000] {processor.py:161} INFO - Started process (PID=1746) to work on /opt/airflow/dags/desencriptar_transformar_cargar.py
[2024-06-24T03:14:39.446+0000] {processor.py:830} INFO - Processing file /opt/airflow/dags/desencriptar_transformar_cargar.py for tasks to queue
[2024-06-24T03:14:39.482+0000] {logging_mixin.py:188} INFO - [2024-06-24T03:14:39.477+0000] {dagbag.py:545} INFO - Filling up the DagBag from /opt/airflow/dags/desencriptar_transformar_cargar.py
[2024-06-24T03:14:51.602+0000] {processor.py:840} INFO - DAG(s) 'decrypt_transform_dag' retrieved from /opt/airflow/dags/desencriptar_transformar_cargar.py
[2024-06-24T03:14:51.960+0000] {logging_mixin.py:188} INFO - [2024-06-24T03:14:51.959+0000] {dag.py:3096} INFO - Sync 1 DAGs
[2024-06-24T03:14:51.976+0000] {logging_mixin.py:188} INFO - [2024-06-24T03:14:51.976+0000] {dag.py:3954} INFO - Setting next_dagrun for decrypt_transform_dag to None, run_after=None
[2024-06-24T03:14:52.009+0000] {processor.py:183} INFO - Processing /opt/airflow/dags/desencriptar_transformar_cargar.py took 12.731 seconds
[2024-06-24T03:15:22.541+0000] {processor.py:161} INFO - Started process (PID=1855) to work on /opt/airflow/dags/desencriptar_transformar_cargar.py
[2024-06-24T03:15:22.543+0000] {processor.py:830} INFO - Processing file /opt/airflow/dags/desencriptar_transformar_cargar.py for tasks to queue
[2024-06-24T03:15:22.546+0000] {logging_mixin.py:188} INFO - [2024-06-24T03:15:22.546+0000] {dagbag.py:545} INFO - Filling up the DagBag from /opt/airflow/dags/desencriptar_transformar_cargar.py
[2024-06-24T03:15:24.242+0000] {processor.py:840} INFO - DAG(s) 'decrypt_transform_dag' retrieved from /opt/airflow/dags/desencriptar_transformar_cargar.py
[2024-06-24T03:15:24.425+0000] {logging_mixin.py:188} INFO - [2024-06-24T03:15:24.421+0000] {dag.py:3096} INFO - Sync 1 DAGs
[2024-06-24T03:15:24.443+0000] {logging_mixin.py:188} INFO - [2024-06-24T03:15:24.443+0000] {dag.py:3954} INFO - Setting next_dagrun for decrypt_transform_dag to None, run_after=None
[2024-06-24T03:15:28.161+0000] {processor.py:183} INFO - Processing /opt/airflow/dags/desencriptar_transformar_cargar.py took 5.626 seconds
[2024-06-24T03:15:58.374+0000] {processor.py:161} INFO - Started process (PID=1957) to work on /opt/airflow/dags/desencriptar_transformar_cargar.py
[2024-06-24T03:15:58.375+0000] {processor.py:830} INFO - Processing file /opt/airflow/dags/desencriptar_transformar_cargar.py for tasks to queue
[2024-06-24T03:15:58.379+0000] {logging_mixin.py:188} INFO - [2024-06-24T03:15:58.378+0000] {dagbag.py:545} INFO - Filling up the DagBag from /opt/airflow/dags/desencriptar_transformar_cargar.py
[2024-06-24T03:15:59.861+0000] {processor.py:840} INFO - DAG(s) 'decrypt_transform_dag' retrieved from /opt/airflow/dags/desencriptar_transformar_cargar.py
[2024-06-24T03:15:59.878+0000] {logging_mixin.py:188} INFO - [2024-06-24T03:15:59.877+0000] {dag.py:3096} INFO - Sync 1 DAGs
[2024-06-24T03:15:59.897+0000] {logging_mixin.py:188} INFO - [2024-06-24T03:15:59.897+0000] {dag.py:3954} INFO - Setting next_dagrun for decrypt_transform_dag to None, run_after=None
[2024-06-24T03:15:59.932+0000] {processor.py:183} INFO - Processing /opt/airflow/dags/desencriptar_transformar_cargar.py took 1.566 seconds
[2024-06-24T03:16:30.194+0000] {processor.py:161} INFO - Started process (PID=2046) to work on /opt/airflow/dags/desencriptar_transformar_cargar.py
[2024-06-24T03:16:30.196+0000] {processor.py:830} INFO - Processing file /opt/airflow/dags/desencriptar_transformar_cargar.py for tasks to queue
[2024-06-24T03:16:30.198+0000] {logging_mixin.py:188} INFO - [2024-06-24T03:16:30.198+0000] {dagbag.py:545} INFO - Filling up the DagBag from /opt/airflow/dags/desencriptar_transformar_cargar.py
[2024-06-24T03:16:31.356+0000] {processor.py:840} INFO - DAG(s) 'decrypt_transform_dag' retrieved from /opt/airflow/dags/desencriptar_transformar_cargar.py
[2024-06-24T03:16:31.525+0000] {logging_mixin.py:188} INFO - [2024-06-24T03:16:31.524+0000] {dag.py:3096} INFO - Sync 1 DAGs
[2024-06-24T03:16:31.534+0000] {logging_mixin.py:188} INFO - [2024-06-24T03:16:31.533+0000] {dag.py:3954} INFO - Setting next_dagrun for decrypt_transform_dag to None, run_after=None
[2024-06-24T03:16:31.558+0000] {processor.py:183} INFO - Processing /opt/airflow/dags/desencriptar_transformar_cargar.py took 1.372 seconds
[2024-06-24T03:17:26.234+0000] {processor.py:161} INFO - Started process (PID=2123) to work on /opt/airflow/dags/desencriptar_transformar_cargar.py
[2024-06-24T03:17:26.239+0000] {processor.py:830} INFO - Processing file /opt/airflow/dags/desencriptar_transformar_cargar.py for tasks to queue
[2024-06-24T03:17:26.272+0000] {logging_mixin.py:188} INFO - [2024-06-24T03:17:26.266+0000] {dagbag.py:545} INFO - Filling up the DagBag from /opt/airflow/dags/desencriptar_transformar_cargar.py
[2024-06-24T03:17:33.573+0000] {processor.py:840} INFO - DAG(s) 'decrypt_transform_dag' retrieved from /opt/airflow/dags/desencriptar_transformar_cargar.py
[2024-06-24T03:17:34.185+0000] {logging_mixin.py:188} INFO - [2024-06-24T03:17:34.183+0000] {dag.py:3096} INFO - Sync 1 DAGs
[2024-06-24T03:17:34.220+0000] {logging_mixin.py:188} INFO - [2024-06-24T03:17:34.220+0000] {dag.py:3954} INFO - Setting next_dagrun for decrypt_transform_dag to None, run_after=None
[2024-06-24T03:17:34.267+0000] {processor.py:183} INFO - Processing /opt/airflow/dags/desencriptar_transformar_cargar.py took 8.170 seconds
[2024-06-24T03:17:35.761+0000] {processor.py:161} INFO - Started process (PID=2187) to work on /opt/airflow/dags/desencriptar_transformar_cargar.py
[2024-06-24T03:17:35.763+0000] {processor.py:830} INFO - Processing file /opt/airflow/dags/desencriptar_transformar_cargar.py for tasks to queue
[2024-06-24T03:17:35.766+0000] {logging_mixin.py:188} INFO - [2024-06-24T03:17:35.765+0000] {dagbag.py:545} INFO - Filling up the DagBag from /opt/airflow/dags/desencriptar_transformar_cargar.py
[2024-06-24T03:17:36.542+0000] {processor.py:840} INFO - DAG(s) 'decrypt_transform_dag' retrieved from /opt/airflow/dags/desencriptar_transformar_cargar.py
[2024-06-24T03:17:36.555+0000] {logging_mixin.py:188} INFO - [2024-06-24T03:17:36.554+0000] {dag.py:3096} INFO - Sync 1 DAGs
[2024-06-24T03:17:36.564+0000] {logging_mixin.py:188} INFO - [2024-06-24T03:17:36.564+0000] {dag.py:3954} INFO - Setting next_dagrun for decrypt_transform_dag to None, run_after=None
[2024-06-24T03:17:36.594+0000] {processor.py:183} INFO - Processing /opt/airflow/dags/desencriptar_transformar_cargar.py took 0.840 seconds
