[2024-06-24T03:21:08.678+0000] {processor.py:161} INFO - Started process (PID=2475) to work on /opt/airflow/dags/encriptar_csv_gcs.py
[2024-06-24T03:21:08.679+0000] {processor.py:830} INFO - Processing file /opt/airflow/dags/encriptar_csv_gcs.py for tasks to queue
[2024-06-24T03:21:08.682+0000] {logging_mixin.py:188} INFO - [2024-06-24T03:21:08.682+0000] {dagbag.py:545} INFO - Filling up the DagBag from /opt/airflow/dags/encriptar_csv_gcs.py
[2024-06-24T03:21:09.137+0000] {processor.py:840} INFO - DAG(s) 'encriptar_csv_gcs' retrieved from /opt/airflow/dags/encriptar_csv_gcs.py
[2024-06-24T03:21:09.340+0000] {logging_mixin.py:188} INFO - [2024-06-24T03:21:09.339+0000] {dag.py:3096} INFO - Sync 1 DAGs
[2024-06-24T03:21:09.350+0000] {logging_mixin.py:188} INFO - [2024-06-24T03:21:09.350+0000] {dag.py:3954} INFO - Setting next_dagrun for encriptar_csv_gcs to None, run_after=None
[2024-06-24T03:21:09.384+0000] {processor.py:183} INFO - Processing /opt/airflow/dags/encriptar_csv_gcs.py took 0.712 seconds
[2024-06-24T03:24:05.175+0000] {processor.py:161} INFO - Started process (PID=65) to work on /opt/airflow/dags/encriptar_csv_gcs.py
[2024-06-24T03:24:05.214+0000] {processor.py:830} INFO - Processing file /opt/airflow/dags/encriptar_csv_gcs.py for tasks to queue
[2024-06-24T03:24:05.313+0000] {logging_mixin.py:188} INFO - [2024-06-24T03:24:05.301+0000] {dagbag.py:545} INFO - Filling up the DagBag from /opt/airflow/dags/encriptar_csv_gcs.py
[2024-06-24T03:24:06.539+0000] {processor.py:840} INFO - DAG(s) 'encriptar_csv_gcs' retrieved from /opt/airflow/dags/encriptar_csv_gcs.py
[2024-06-24T03:24:07.068+0000] {logging_mixin.py:188} INFO - [2024-06-24T03:24:07.066+0000] {dag.py:3096} INFO - Sync 1 DAGs
[2024-06-24T03:24:07.125+0000] {logging_mixin.py:188} INFO - [2024-06-24T03:24:07.124+0000] {dag.py:3954} INFO - Setting next_dagrun for encriptar_csv_gcs to None, run_after=None
[2024-06-24T03:24:07.197+0000] {processor.py:183} INFO - Processing /opt/airflow/dags/encriptar_csv_gcs.py took 2.107 seconds
[2024-06-24T03:24:37.314+0000] {processor.py:161} INFO - Started process (PID=153) to work on /opt/airflow/dags/encriptar_csv_gcs.py
[2024-06-24T03:24:37.316+0000] {processor.py:830} INFO - Processing file /opt/airflow/dags/encriptar_csv_gcs.py for tasks to queue
[2024-06-24T03:24:37.318+0000] {logging_mixin.py:188} INFO - [2024-06-24T03:24:37.317+0000] {dagbag.py:545} INFO - Filling up the DagBag from /opt/airflow/dags/encriptar_csv_gcs.py
[2024-06-24T03:24:37.472+0000] {processor.py:840} INFO - DAG(s) 'encriptar_csv_gcs' retrieved from /opt/airflow/dags/encriptar_csv_gcs.py
[2024-06-24T03:24:37.500+0000] {logging_mixin.py:188} INFO - [2024-06-24T03:24:37.499+0000] {dag.py:3096} INFO - Sync 1 DAGs
[2024-06-24T03:24:37.514+0000] {logging_mixin.py:188} INFO - [2024-06-24T03:24:37.514+0000] {dag.py:3954} INFO - Setting next_dagrun for encriptar_csv_gcs to None, run_after=None
[2024-06-24T03:24:37.542+0000] {processor.py:183} INFO - Processing /opt/airflow/dags/encriptar_csv_gcs.py took 0.234 seconds
[2024-06-24T03:25:08.218+0000] {processor.py:161} INFO - Started process (PID=242) to work on /opt/airflow/dags/encriptar_csv_gcs.py
[2024-06-24T03:25:08.219+0000] {processor.py:830} INFO - Processing file /opt/airflow/dags/encriptar_csv_gcs.py for tasks to queue
[2024-06-24T03:25:08.222+0000] {logging_mixin.py:188} INFO - [2024-06-24T03:25:08.221+0000] {dagbag.py:545} INFO - Filling up the DagBag from /opt/airflow/dags/encriptar_csv_gcs.py
[2024-06-24T03:25:08.521+0000] {processor.py:840} INFO - DAG(s) 'encriptar_csv_gcs' retrieved from /opt/airflow/dags/encriptar_csv_gcs.py
[2024-06-24T03:25:08.583+0000] {logging_mixin.py:188} INFO - [2024-06-24T03:25:08.583+0000] {dag.py:3096} INFO - Sync 1 DAGs
[2024-06-24T03:25:08.595+0000] {logging_mixin.py:188} INFO - [2024-06-24T03:25:08.595+0000] {dag.py:3954} INFO - Setting next_dagrun for encriptar_csv_gcs to None, run_after=None
[2024-06-24T03:25:08.619+0000] {processor.py:183} INFO - Processing /opt/airflow/dags/encriptar_csv_gcs.py took 0.409 seconds
[2024-06-24T03:25:38.739+0000] {processor.py:161} INFO - Started process (PID=331) to work on /opt/airflow/dags/encriptar_csv_gcs.py
[2024-06-24T03:25:38.741+0000] {processor.py:830} INFO - Processing file /opt/airflow/dags/encriptar_csv_gcs.py for tasks to queue
[2024-06-24T03:25:38.745+0000] {logging_mixin.py:188} INFO - [2024-06-24T03:25:38.744+0000] {dagbag.py:545} INFO - Filling up the DagBag from /opt/airflow/dags/encriptar_csv_gcs.py
[2024-06-24T03:25:38.962+0000] {processor.py:840} INFO - DAG(s) 'encriptar_csv_gcs' retrieved from /opt/airflow/dags/encriptar_csv_gcs.py
[2024-06-24T03:25:38.996+0000] {logging_mixin.py:188} INFO - [2024-06-24T03:25:38.995+0000] {dag.py:3096} INFO - Sync 1 DAGs
[2024-06-24T03:25:39.015+0000] {logging_mixin.py:188} INFO - [2024-06-24T03:25:39.015+0000] {dag.py:3954} INFO - Setting next_dagrun for encriptar_csv_gcs to None, run_after=None
[2024-06-24T03:25:39.045+0000] {processor.py:183} INFO - Processing /opt/airflow/dags/encriptar_csv_gcs.py took 0.315 seconds
[2024-06-24T03:26:09.539+0000] {processor.py:161} INFO - Started process (PID=420) to work on /opt/airflow/dags/encriptar_csv_gcs.py
[2024-06-24T03:26:09.540+0000] {processor.py:830} INFO - Processing file /opt/airflow/dags/encriptar_csv_gcs.py for tasks to queue
[2024-06-24T03:26:09.542+0000] {logging_mixin.py:188} INFO - [2024-06-24T03:26:09.542+0000] {dagbag.py:545} INFO - Filling up the DagBag from /opt/airflow/dags/encriptar_csv_gcs.py
[2024-06-24T03:26:09.699+0000] {processor.py:840} INFO - DAG(s) 'encriptar_csv_gcs' retrieved from /opt/airflow/dags/encriptar_csv_gcs.py
[2024-06-24T03:26:09.724+0000] {logging_mixin.py:188} INFO - [2024-06-24T03:26:09.724+0000] {dag.py:3096} INFO - Sync 1 DAGs
[2024-06-24T03:26:09.740+0000] {logging_mixin.py:188} INFO - [2024-06-24T03:26:09.740+0000] {dag.py:3954} INFO - Setting next_dagrun for encriptar_csv_gcs to None, run_after=None
[2024-06-24T03:26:09.765+0000] {processor.py:183} INFO - Processing /opt/airflow/dags/encriptar_csv_gcs.py took 0.232 seconds
[2024-06-24T03:26:40.197+0000] {processor.py:161} INFO - Started process (PID=497) to work on /opt/airflow/dags/encriptar_csv_gcs.py
[2024-06-24T03:26:40.199+0000] {processor.py:830} INFO - Processing file /opt/airflow/dags/encriptar_csv_gcs.py for tasks to queue
[2024-06-24T03:26:40.202+0000] {logging_mixin.py:188} INFO - [2024-06-24T03:26:40.202+0000] {dagbag.py:545} INFO - Filling up the DagBag from /opt/airflow/dags/encriptar_csv_gcs.py
[2024-06-24T03:26:40.442+0000] {processor.py:840} INFO - DAG(s) 'encriptar_csv_gcs' retrieved from /opt/airflow/dags/encriptar_csv_gcs.py
[2024-06-24T03:26:40.479+0000] {logging_mixin.py:188} INFO - [2024-06-24T03:26:40.478+0000] {dag.py:3096} INFO - Sync 1 DAGs
[2024-06-24T03:26:40.493+0000] {logging_mixin.py:188} INFO - [2024-06-24T03:26:40.493+0000] {dag.py:3954} INFO - Setting next_dagrun for encriptar_csv_gcs to None, run_after=None
[2024-06-24T03:26:40.517+0000] {processor.py:183} INFO - Processing /opt/airflow/dags/encriptar_csv_gcs.py took 0.328 seconds
[2024-06-24T03:27:10.783+0000] {processor.py:161} INFO - Started process (PID=584) to work on /opt/airflow/dags/encriptar_csv_gcs.py
[2024-06-24T03:27:10.785+0000] {processor.py:830} INFO - Processing file /opt/airflow/dags/encriptar_csv_gcs.py for tasks to queue
[2024-06-24T03:27:10.788+0000] {logging_mixin.py:188} INFO - [2024-06-24T03:27:10.787+0000] {dagbag.py:545} INFO - Filling up the DagBag from /opt/airflow/dags/encriptar_csv_gcs.py
[2024-06-24T03:27:11.004+0000] {processor.py:840} INFO - DAG(s) 'encriptar_csv_gcs' retrieved from /opt/airflow/dags/encriptar_csv_gcs.py
[2024-06-24T03:27:11.032+0000] {logging_mixin.py:188} INFO - [2024-06-24T03:27:11.031+0000] {dag.py:3096} INFO - Sync 1 DAGs
[2024-06-24T03:27:11.047+0000] {logging_mixin.py:188} INFO - [2024-06-24T03:27:11.046+0000] {dag.py:3954} INFO - Setting next_dagrun for encriptar_csv_gcs to None, run_after=None
[2024-06-24T03:27:11.071+0000] {processor.py:183} INFO - Processing /opt/airflow/dags/encriptar_csv_gcs.py took 0.295 seconds
[2024-06-24T03:27:41.323+0000] {processor.py:161} INFO - Started process (PID=660) to work on /opt/airflow/dags/encriptar_csv_gcs.py
[2024-06-24T03:27:41.325+0000] {processor.py:830} INFO - Processing file /opt/airflow/dags/encriptar_csv_gcs.py for tasks to queue
[2024-06-24T03:27:41.328+0000] {logging_mixin.py:188} INFO - [2024-06-24T03:27:41.328+0000] {dagbag.py:545} INFO - Filling up the DagBag from /opt/airflow/dags/encriptar_csv_gcs.py
[2024-06-24T03:27:41.599+0000] {processor.py:840} INFO - DAG(s) 'encriptar_csv_gcs' retrieved from /opt/airflow/dags/encriptar_csv_gcs.py
[2024-06-24T03:27:41.664+0000] {logging_mixin.py:188} INFO - [2024-06-24T03:27:41.663+0000] {dag.py:3096} INFO - Sync 1 DAGs
[2024-06-24T03:27:41.680+0000] {logging_mixin.py:188} INFO - [2024-06-24T03:27:41.680+0000] {dag.py:3954} INFO - Setting next_dagrun for encriptar_csv_gcs to None, run_after=None
[2024-06-24T03:27:41.709+0000] {processor.py:183} INFO - Processing /opt/airflow/dags/encriptar_csv_gcs.py took 0.394 seconds
[2024-06-24T03:28:12.115+0000] {processor.py:161} INFO - Started process (PID=748) to work on /opt/airflow/dags/encriptar_csv_gcs.py
[2024-06-24T03:28:12.117+0000] {processor.py:830} INFO - Processing file /opt/airflow/dags/encriptar_csv_gcs.py for tasks to queue
[2024-06-24T03:28:12.119+0000] {logging_mixin.py:188} INFO - [2024-06-24T03:28:12.118+0000] {dagbag.py:545} INFO - Filling up the DagBag from /opt/airflow/dags/encriptar_csv_gcs.py
[2024-06-24T03:28:12.391+0000] {processor.py:840} INFO - DAG(s) 'encriptar_csv_gcs' retrieved from /opt/airflow/dags/encriptar_csv_gcs.py
[2024-06-24T03:28:12.431+0000] {logging_mixin.py:188} INFO - [2024-06-24T03:28:12.431+0000] {dag.py:3096} INFO - Sync 1 DAGs
[2024-06-24T03:28:12.445+0000] {logging_mixin.py:188} INFO - [2024-06-24T03:28:12.445+0000] {dag.py:3954} INFO - Setting next_dagrun for encriptar_csv_gcs to None, run_after=None
[2024-06-24T03:28:12.470+0000] {processor.py:183} INFO - Processing /opt/airflow/dags/encriptar_csv_gcs.py took 0.363 seconds
[2024-06-24T03:29:10.904+0000] {processor.py:161} INFO - Started process (PID=876) to work on /opt/airflow/dags/encriptar_csv_gcs.py
[2024-06-24T03:29:10.907+0000] {processor.py:830} INFO - Processing file /opt/airflow/dags/encriptar_csv_gcs.py for tasks to queue
[2024-06-24T03:29:10.911+0000] {logging_mixin.py:188} INFO - [2024-06-24T03:29:10.911+0000] {dagbag.py:545} INFO - Filling up the DagBag from /opt/airflow/dags/encriptar_csv_gcs.py
[2024-06-24T03:29:11.198+0000] {processor.py:840} INFO - DAG(s) 'encriptar_csv_gcs' retrieved from /opt/airflow/dags/encriptar_csv_gcs.py
[2024-06-24T03:29:11.230+0000] {logging_mixin.py:188} INFO - [2024-06-24T03:29:11.230+0000] {dag.py:3096} INFO - Sync 1 DAGs
[2024-06-24T03:29:11.246+0000] {logging_mixin.py:188} INFO - [2024-06-24T03:29:11.245+0000] {dag.py:3954} INFO - Setting next_dagrun for encriptar_csv_gcs to None, run_after=None
[2024-06-24T03:29:11.271+0000] {processor.py:183} INFO - Processing /opt/airflow/dags/encriptar_csv_gcs.py took 0.377 seconds
[2024-06-24T03:30:36.748+0000] {processor.py:161} INFO - Started process (PID=933) to work on /opt/airflow/dags/encriptar_csv_gcs.py
[2024-06-24T03:30:36.750+0000] {processor.py:830} INFO - Processing file /opt/airflow/dags/encriptar_csv_gcs.py for tasks to queue
[2024-06-24T03:30:36.753+0000] {logging_mixin.py:188} INFO - [2024-06-24T03:30:36.752+0000] {dagbag.py:545} INFO - Filling up the DagBag from /opt/airflow/dags/encriptar_csv_gcs.py
[2024-06-24T03:30:37.157+0000] {processor.py:840} INFO - DAG(s) 'encriptar_csv_gcs' retrieved from /opt/airflow/dags/encriptar_csv_gcs.py
[2024-06-24T03:30:37.216+0000] {logging_mixin.py:188} INFO - [2024-06-24T03:30:37.216+0000] {dag.py:3096} INFO - Sync 1 DAGs
[2024-06-24T03:30:37.236+0000] {logging_mixin.py:188} INFO - [2024-06-24T03:30:37.236+0000] {dag.py:3954} INFO - Setting next_dagrun for encriptar_csv_gcs to None, run_after=None
[2024-06-24T03:30:37.275+0000] {processor.py:183} INFO - Processing /opt/airflow/dags/encriptar_csv_gcs.py took 0.568 seconds
[2024-06-24T03:33:10.012+0000] {processor.py:161} INFO - Started process (PID=61) to work on /opt/airflow/dags/encriptar_csv_gcs.py
[2024-06-24T03:33:10.014+0000] {processor.py:830} INFO - Processing file /opt/airflow/dags/encriptar_csv_gcs.py for tasks to queue
[2024-06-24T03:33:10.017+0000] {logging_mixin.py:188} INFO - [2024-06-24T03:33:10.016+0000] {dagbag.py:545} INFO - Filling up the DagBag from /opt/airflow/dags/encriptar_csv_gcs.py
[2024-06-24T03:33:10.380+0000] {processor.py:840} INFO - DAG(s) 'encriptar_csv_gcs' retrieved from /opt/airflow/dags/encriptar_csv_gcs.py
[2024-06-24T03:33:23.907+0000] {logging_mixin.py:188} INFO - [2024-06-24T03:33:23.905+0000] {dag.py:3096} INFO - Sync 1 DAGs
[2024-06-24T03:33:23.949+0000] {logging_mixin.py:188} INFO - [2024-06-24T03:33:23.948+0000] {dag.py:3954} INFO - Setting next_dagrun for encriptar_csv_gcs to None, run_after=None
[2024-06-24T03:33:23.991+0000] {processor.py:183} INFO - Processing /opt/airflow/dags/encriptar_csv_gcs.py took 13.990 seconds
[2024-06-24T03:33:54.402+0000] {processor.py:161} INFO - Started process (PID=157) to work on /opt/airflow/dags/encriptar_csv_gcs.py
[2024-06-24T03:33:54.407+0000] {processor.py:830} INFO - Processing file /opt/airflow/dags/encriptar_csv_gcs.py for tasks to queue
[2024-06-24T03:33:54.411+0000] {logging_mixin.py:188} INFO - [2024-06-24T03:33:54.409+0000] {dagbag.py:545} INFO - Filling up the DagBag from /opt/airflow/dags/encriptar_csv_gcs.py
[2024-06-24T03:33:54.721+0000] {processor.py:840} INFO - DAG(s) 'encriptar_csv_gcs' retrieved from /opt/airflow/dags/encriptar_csv_gcs.py
[2024-06-24T03:33:54.786+0000] {logging_mixin.py:188} INFO - [2024-06-24T03:33:54.785+0000] {dag.py:3096} INFO - Sync 1 DAGs
[2024-06-24T03:33:54.804+0000] {logging_mixin.py:188} INFO - [2024-06-24T03:33:54.804+0000] {dag.py:3954} INFO - Setting next_dagrun for encriptar_csv_gcs to None, run_after=None
[2024-06-24T03:33:54.830+0000] {processor.py:183} INFO - Processing /opt/airflow/dags/encriptar_csv_gcs.py took 0.447 seconds
[2024-06-24T03:34:25.144+0000] {processor.py:161} INFO - Started process (PID=245) to work on /opt/airflow/dags/encriptar_csv_gcs.py
[2024-06-24T03:34:25.145+0000] {processor.py:830} INFO - Processing file /opt/airflow/dags/encriptar_csv_gcs.py for tasks to queue
[2024-06-24T03:34:25.147+0000] {logging_mixin.py:188} INFO - [2024-06-24T03:34:25.146+0000] {dagbag.py:545} INFO - Filling up the DagBag from /opt/airflow/dags/encriptar_csv_gcs.py
[2024-06-24T03:34:25.365+0000] {processor.py:840} INFO - DAG(s) 'encriptar_csv_gcs' retrieved from /opt/airflow/dags/encriptar_csv_gcs.py
[2024-06-24T03:34:25.404+0000] {logging_mixin.py:188} INFO - [2024-06-24T03:34:25.403+0000] {dag.py:3096} INFO - Sync 1 DAGs
[2024-06-24T03:34:25.420+0000] {logging_mixin.py:188} INFO - [2024-06-24T03:34:25.420+0000] {dag.py:3954} INFO - Setting next_dagrun for encriptar_csv_gcs to None, run_after=None
[2024-06-24T03:34:25.462+0000] {processor.py:183} INFO - Processing /opt/airflow/dags/encriptar_csv_gcs.py took 0.326 seconds
[2024-06-24T03:34:55.876+0000] {processor.py:161} INFO - Started process (PID=334) to work on /opt/airflow/dags/encriptar_csv_gcs.py
[2024-06-24T03:34:55.877+0000] {processor.py:830} INFO - Processing file /opt/airflow/dags/encriptar_csv_gcs.py for tasks to queue
[2024-06-24T03:34:55.878+0000] {logging_mixin.py:188} INFO - [2024-06-24T03:34:55.877+0000] {dagbag.py:545} INFO - Filling up the DagBag from /opt/airflow/dags/encriptar_csv_gcs.py
[2024-06-24T03:34:56.071+0000] {processor.py:840} INFO - DAG(s) 'encriptar_csv_gcs' retrieved from /opt/airflow/dags/encriptar_csv_gcs.py
[2024-06-24T03:34:56.099+0000] {logging_mixin.py:188} INFO - [2024-06-24T03:34:56.098+0000] {dag.py:3096} INFO - Sync 1 DAGs
[2024-06-24T03:34:56.112+0000] {logging_mixin.py:188} INFO - [2024-06-24T03:34:56.111+0000] {dag.py:3954} INFO - Setting next_dagrun for encriptar_csv_gcs to None, run_after=None
[2024-06-24T03:34:56.141+0000] {processor.py:183} INFO - Processing /opt/airflow/dags/encriptar_csv_gcs.py took 0.273 seconds
[2024-06-24T03:35:26.602+0000] {processor.py:161} INFO - Started process (PID=423) to work on /opt/airflow/dags/encriptar_csv_gcs.py
[2024-06-24T03:35:26.603+0000] {processor.py:830} INFO - Processing file /opt/airflow/dags/encriptar_csv_gcs.py for tasks to queue
[2024-06-24T03:35:26.604+0000] {logging_mixin.py:188} INFO - [2024-06-24T03:35:26.604+0000] {dagbag.py:545} INFO - Filling up the DagBag from /opt/airflow/dags/encriptar_csv_gcs.py
[2024-06-24T03:35:26.797+0000] {processor.py:840} INFO - DAG(s) 'encriptar_csv_gcs' retrieved from /opt/airflow/dags/encriptar_csv_gcs.py
[2024-06-24T03:35:26.823+0000] {logging_mixin.py:188} INFO - [2024-06-24T03:35:26.823+0000] {dag.py:3096} INFO - Sync 1 DAGs
[2024-06-24T03:35:26.836+0000] {logging_mixin.py:188} INFO - [2024-06-24T03:35:26.836+0000] {dag.py:3954} INFO - Setting next_dagrun for encriptar_csv_gcs to None, run_after=None
[2024-06-24T03:35:26.866+0000] {processor.py:183} INFO - Processing /opt/airflow/dags/encriptar_csv_gcs.py took 0.272 seconds
[2024-06-24T03:35:57.752+0000] {processor.py:161} INFO - Started process (PID=512) to work on /opt/airflow/dags/encriptar_csv_gcs.py
[2024-06-24T03:35:57.754+0000] {processor.py:830} INFO - Processing file /opt/airflow/dags/encriptar_csv_gcs.py for tasks to queue
[2024-06-24T03:35:57.755+0000] {logging_mixin.py:188} INFO - [2024-06-24T03:35:57.754+0000] {dagbag.py:545} INFO - Filling up the DagBag from /opt/airflow/dags/encriptar_csv_gcs.py
[2024-06-24T03:35:57.894+0000] {processor.py:840} INFO - DAG(s) 'encriptar_csv_gcs' retrieved from /opt/airflow/dags/encriptar_csv_gcs.py
[2024-06-24T03:35:57.920+0000] {logging_mixin.py:188} INFO - [2024-06-24T03:35:57.920+0000] {dag.py:3096} INFO - Sync 1 DAGs
[2024-06-24T03:35:57.934+0000] {logging_mixin.py:188} INFO - [2024-06-24T03:35:57.934+0000] {dag.py:3954} INFO - Setting next_dagrun for encriptar_csv_gcs to None, run_after=None
[2024-06-24T03:35:57.958+0000] {processor.py:183} INFO - Processing /opt/airflow/dags/encriptar_csv_gcs.py took 0.212 seconds
[2024-06-24T03:36:28.549+0000] {processor.py:161} INFO - Started process (PID=601) to work on /opt/airflow/dags/encriptar_csv_gcs.py
[2024-06-24T03:36:28.550+0000] {processor.py:830} INFO - Processing file /opt/airflow/dags/encriptar_csv_gcs.py for tasks to queue
[2024-06-24T03:36:28.552+0000] {logging_mixin.py:188} INFO - [2024-06-24T03:36:28.551+0000] {dagbag.py:545} INFO - Filling up the DagBag from /opt/airflow/dags/encriptar_csv_gcs.py
[2024-06-24T03:36:28.706+0000] {processor.py:840} INFO - DAG(s) 'encriptar_csv_gcs' retrieved from /opt/airflow/dags/encriptar_csv_gcs.py
[2024-06-24T03:36:28.733+0000] {logging_mixin.py:188} INFO - [2024-06-24T03:36:28.733+0000] {dag.py:3096} INFO - Sync 1 DAGs
[2024-06-24T03:36:28.748+0000] {logging_mixin.py:188} INFO - [2024-06-24T03:36:28.747+0000] {dag.py:3954} INFO - Setting next_dagrun for encriptar_csv_gcs to None, run_after=None
[2024-06-24T03:36:28.770+0000] {processor.py:183} INFO - Processing /opt/airflow/dags/encriptar_csv_gcs.py took 0.226 seconds
[2024-06-24T03:37:24.428+0000] {processor.py:161} INFO - Started process (PID=686) to work on /opt/airflow/dags/encriptar_csv_gcs.py
[2024-06-24T03:37:24.480+0000] {processor.py:830} INFO - Processing file /opt/airflow/dags/encriptar_csv_gcs.py for tasks to queue
[2024-06-24T03:37:24.513+0000] {logging_mixin.py:188} INFO - [2024-06-24T03:37:24.499+0000] {dagbag.py:545} INFO - Filling up the DagBag from /opt/airflow/dags/encriptar_csv_gcs.py
[2024-06-24T03:37:25.672+0000] {processor.py:840} INFO - DAG(s) 'encriptar_csv_gcs' retrieved from /opt/airflow/dags/encriptar_csv_gcs.py
[2024-06-24T03:37:25.735+0000] {logging_mixin.py:188} INFO - [2024-06-24T03:37:25.734+0000] {dag.py:3096} INFO - Sync 1 DAGs
[2024-06-24T03:37:25.771+0000] {logging_mixin.py:188} INFO - [2024-06-24T03:37:25.771+0000] {dag.py:3954} INFO - Setting next_dagrun for encriptar_csv_gcs to None, run_after=None
[2024-06-24T03:37:25.809+0000] {processor.py:183} INFO - Processing /opt/airflow/dags/encriptar_csv_gcs.py took 1.473 seconds
[2024-06-24T03:37:56.538+0000] {processor.py:161} INFO - Started process (PID=780) to work on /opt/airflow/dags/encriptar_csv_gcs.py
[2024-06-24T03:37:56.539+0000] {processor.py:830} INFO - Processing file /opt/airflow/dags/encriptar_csv_gcs.py for tasks to queue
[2024-06-24T03:37:56.541+0000] {logging_mixin.py:188} INFO - [2024-06-24T03:37:56.540+0000] {dagbag.py:545} INFO - Filling up the DagBag from /opt/airflow/dags/encriptar_csv_gcs.py
[2024-06-24T03:37:56.766+0000] {processor.py:840} INFO - DAG(s) 'encriptar_csv_gcs' retrieved from /opt/airflow/dags/encriptar_csv_gcs.py
[2024-06-24T03:37:56.794+0000] {logging_mixin.py:188} INFO - [2024-06-24T03:37:56.794+0000] {dag.py:3096} INFO - Sync 1 DAGs
[2024-06-24T03:37:56.812+0000] {logging_mixin.py:188} INFO - [2024-06-24T03:37:56.811+0000] {dag.py:3954} INFO - Setting next_dagrun for encriptar_csv_gcs to None, run_after=None
[2024-06-24T03:37:56.841+0000] {processor.py:183} INFO - Processing /opt/airflow/dags/encriptar_csv_gcs.py took 0.312 seconds
[2024-06-24T03:38:28.124+0000] {processor.py:161} INFO - Started process (PID=869) to work on /opt/airflow/dags/encriptar_csv_gcs.py
[2024-06-24T03:38:28.126+0000] {processor.py:830} INFO - Processing file /opt/airflow/dags/encriptar_csv_gcs.py for tasks to queue
[2024-06-24T03:38:28.127+0000] {logging_mixin.py:188} INFO - [2024-06-24T03:38:28.126+0000] {dagbag.py:545} INFO - Filling up the DagBag from /opt/airflow/dags/encriptar_csv_gcs.py
[2024-06-24T03:38:28.281+0000] {processor.py:840} INFO - DAG(s) 'encriptar_csv_gcs' retrieved from /opt/airflow/dags/encriptar_csv_gcs.py
[2024-06-24T03:38:28.306+0000] {logging_mixin.py:188} INFO - [2024-06-24T03:38:28.305+0000] {dag.py:3096} INFO - Sync 1 DAGs
[2024-06-24T03:38:28.320+0000] {logging_mixin.py:188} INFO - [2024-06-24T03:38:28.320+0000] {dag.py:3954} INFO - Setting next_dagrun for encriptar_csv_gcs to None, run_after=None
[2024-06-24T03:38:28.351+0000] {processor.py:183} INFO - Processing /opt/airflow/dags/encriptar_csv_gcs.py took 0.233 seconds
[2024-06-24T03:38:59.920+0000] {processor.py:161} INFO - Started process (PID=972) to work on /opt/airflow/dags/encriptar_csv_gcs.py
[2024-06-24T03:38:59.921+0000] {processor.py:830} INFO - Processing file /opt/airflow/dags/encriptar_csv_gcs.py for tasks to queue
[2024-06-24T03:38:59.923+0000] {logging_mixin.py:188} INFO - [2024-06-24T03:38:59.922+0000] {dagbag.py:545} INFO - Filling up the DagBag from /opt/airflow/dags/encriptar_csv_gcs.py
[2024-06-24T03:39:00.159+0000] {processor.py:840} INFO - DAG(s) 'encriptar_csv_gcs' retrieved from /opt/airflow/dags/encriptar_csv_gcs.py
[2024-06-24T03:39:00.188+0000] {logging_mixin.py:188} INFO - [2024-06-24T03:39:00.188+0000] {dag.py:3096} INFO - Sync 1 DAGs
[2024-06-24T03:39:00.206+0000] {logging_mixin.py:188} INFO - [2024-06-24T03:39:00.206+0000] {dag.py:3954} INFO - Setting next_dagrun for encriptar_csv_gcs to None, run_after=None
[2024-06-24T03:39:00.237+0000] {processor.py:183} INFO - Processing /opt/airflow/dags/encriptar_csv_gcs.py took 0.326 seconds
[2024-06-24T03:39:47.989+0000] {processor.py:161} INFO - Started process (PID=1049) to work on /opt/airflow/dags/encriptar_csv_gcs.py
[2024-06-24T03:39:47.994+0000] {processor.py:830} INFO - Processing file /opt/airflow/dags/encriptar_csv_gcs.py for tasks to queue
[2024-06-24T03:39:47.998+0000] {logging_mixin.py:188} INFO - [2024-06-24T03:39:47.996+0000] {dagbag.py:545} INFO - Filling up the DagBag from /opt/airflow/dags/encriptar_csv_gcs.py
[2024-06-24T03:39:48.495+0000] {processor.py:840} INFO - DAG(s) 'encriptar_csv_gcs' retrieved from /opt/airflow/dags/encriptar_csv_gcs.py
[2024-06-24T03:39:48.596+0000] {logging_mixin.py:188} INFO - [2024-06-24T03:39:48.595+0000] {dag.py:3096} INFO - Sync 1 DAGs
[2024-06-24T03:39:48.648+0000] {logging_mixin.py:188} INFO - [2024-06-24T03:39:48.647+0000] {dag.py:3954} INFO - Setting next_dagrun for encriptar_csv_gcs to None, run_after=None
[2024-06-24T03:39:48.682+0000] {processor.py:183} INFO - Processing /opt/airflow/dags/encriptar_csv_gcs.py took 0.731 seconds
[2024-06-24T03:40:55.693+0000] {processor.py:161} INFO - Started process (PID=1117) to work on /opt/airflow/dags/encriptar_csv_gcs.py
[2024-06-24T03:40:55.695+0000] {processor.py:830} INFO - Processing file /opt/airflow/dags/encriptar_csv_gcs.py for tasks to queue
[2024-06-24T03:40:55.698+0000] {logging_mixin.py:188} INFO - [2024-06-24T03:40:55.697+0000] {dagbag.py:545} INFO - Filling up the DagBag from /opt/airflow/dags/encriptar_csv_gcs.py
[2024-06-24T03:40:56.268+0000] {processor.py:840} INFO - DAG(s) 'encriptar_csv_gcs' retrieved from /opt/airflow/dags/encriptar_csv_gcs.py
[2024-06-24T03:40:58.712+0000] {logging_mixin.py:188} INFO - [2024-06-24T03:40:57.633+0000] {dag.py:3096} INFO - Sync 1 DAGs
[2024-06-24T03:41:05.477+0000] {logging_mixin.py:188} INFO - [2024-06-24T03:41:05.470+0000] {dag.py:3954} INFO - Setting next_dagrun for encriptar_csv_gcs to None, run_after=None
[2024-06-24T03:41:05.542+0000] {processor.py:183} INFO - Processing /opt/airflow/dags/encriptar_csv_gcs.py took 9.876 seconds
[2024-06-24T03:41:41.005+0000] {processor.py:161} INFO - Started process (PID=1215) to work on /opt/airflow/dags/encriptar_csv_gcs.py
[2024-06-24T03:41:41.007+0000] {processor.py:830} INFO - Processing file /opt/airflow/dags/encriptar_csv_gcs.py for tasks to queue
[2024-06-24T03:41:41.009+0000] {logging_mixin.py:188} INFO - [2024-06-24T03:41:41.009+0000] {dagbag.py:545} INFO - Filling up the DagBag from /opt/airflow/dags/encriptar_csv_gcs.py
[2024-06-24T03:41:41.520+0000] {processor.py:840} INFO - DAG(s) 'encriptar_csv_gcs' retrieved from /opt/airflow/dags/encriptar_csv_gcs.py
[2024-06-24T03:41:44.082+0000] {logging_mixin.py:188} INFO - [2024-06-24T03:41:44.077+0000] {dag.py:3096} INFO - Sync 1 DAGs
[2024-06-24T03:41:44.102+0000] {logging_mixin.py:188} INFO - [2024-06-24T03:41:44.102+0000] {dag.py:3954} INFO - Setting next_dagrun for encriptar_csv_gcs to None, run_after=None
[2024-06-24T03:41:44.137+0000] {processor.py:183} INFO - Processing /opt/airflow/dags/encriptar_csv_gcs.py took 3.157 seconds
[2024-06-24T03:42:14.308+0000] {processor.py:161} INFO - Started process (PID=1310) to work on /opt/airflow/dags/encriptar_csv_gcs.py
[2024-06-24T03:42:14.311+0000] {processor.py:830} INFO - Processing file /opt/airflow/dags/encriptar_csv_gcs.py for tasks to queue
[2024-06-24T03:42:14.313+0000] {logging_mixin.py:188} INFO - [2024-06-24T03:42:14.312+0000] {dagbag.py:545} INFO - Filling up the DagBag from /opt/airflow/dags/encriptar_csv_gcs.py
[2024-06-24T03:42:14.795+0000] {processor.py:840} INFO - DAG(s) 'encriptar_csv_gcs' retrieved from /opt/airflow/dags/encriptar_csv_gcs.py
[2024-06-24T03:42:14.829+0000] {logging_mixin.py:188} INFO - [2024-06-24T03:42:14.829+0000] {dag.py:3096} INFO - Sync 1 DAGs
[2024-06-24T03:42:14.858+0000] {logging_mixin.py:188} INFO - [2024-06-24T03:42:14.858+0000] {dag.py:3954} INFO - Setting next_dagrun for encriptar_csv_gcs to None, run_after=None
[2024-06-24T03:42:14.892+0000] {processor.py:183} INFO - Processing /opt/airflow/dags/encriptar_csv_gcs.py took 0.605 seconds
[2024-06-24T03:43:27.134+0000] {processor.py:161} INFO - Started process (PID=1402) to work on /opt/airflow/dags/encriptar_csv_gcs.py
[2024-06-24T03:43:27.136+0000] {processor.py:830} INFO - Processing file /opt/airflow/dags/encriptar_csv_gcs.py for tasks to queue
[2024-06-24T03:43:27.138+0000] {logging_mixin.py:188} INFO - [2024-06-24T03:43:27.138+0000] {dagbag.py:545} INFO - Filling up the DagBag from /opt/airflow/dags/encriptar_csv_gcs.py
[2024-06-24T03:43:27.367+0000] {processor.py:840} INFO - DAG(s) 'encriptar_csv_gcs' retrieved from /opt/airflow/dags/encriptar_csv_gcs.py
[2024-06-24T03:43:27.403+0000] {logging_mixin.py:188} INFO - [2024-06-24T03:43:27.403+0000] {dag.py:3096} INFO - Sync 1 DAGs
[2024-06-24T03:43:27.421+0000] {logging_mixin.py:188} INFO - [2024-06-24T03:43:27.420+0000] {dag.py:3954} INFO - Setting next_dagrun for encriptar_csv_gcs to None, run_after=None
[2024-06-24T03:43:27.446+0000] {processor.py:183} INFO - Processing /opt/airflow/dags/encriptar_csv_gcs.py took 0.320 seconds
[2024-06-24T03:44:09.119+0000] {processor.py:161} INFO - Started process (PID=1456) to work on /opt/airflow/dags/encriptar_csv_gcs.py
[2024-06-24T03:44:09.125+0000] {processor.py:830} INFO - Processing file /opt/airflow/dags/encriptar_csv_gcs.py for tasks to queue
[2024-06-24T03:44:09.131+0000] {logging_mixin.py:188} INFO - [2024-06-24T03:44:09.128+0000] {dagbag.py:545} INFO - Filling up the DagBag from /opt/airflow/dags/encriptar_csv_gcs.py
[2024-06-24T03:44:09.890+0000] {processor.py:840} INFO - DAG(s) 'encriptar_csv_gcs' retrieved from /opt/airflow/dags/encriptar_csv_gcs.py
[2024-06-24T03:44:42.437+0000] {logging_mixin.py:188} INFO - [2024-06-24T03:44:42.427+0000] {dag.py:3096} INFO - Sync 1 DAGs
[2024-06-24T03:44:42.499+0000] {logging_mixin.py:188} INFO - [2024-06-24T03:44:42.499+0000] {dag.py:3954} INFO - Setting next_dagrun for encriptar_csv_gcs to None, run_after=None
[2024-06-24T03:44:42.598+0000] {processor.py:183} INFO - Processing /opt/airflow/dags/encriptar_csv_gcs.py took 33.528 seconds
[2024-06-24T03:45:13.201+0000] {processor.py:161} INFO - Started process (PID=1519) to work on /opt/airflow/dags/encriptar_csv_gcs.py
[2024-06-24T03:45:13.202+0000] {processor.py:830} INFO - Processing file /opt/airflow/dags/encriptar_csv_gcs.py for tasks to queue
[2024-06-24T03:45:13.203+0000] {logging_mixin.py:188} INFO - [2024-06-24T03:45:13.203+0000] {dagbag.py:545} INFO - Filling up the DagBag from /opt/airflow/dags/encriptar_csv_gcs.py
[2024-06-24T03:45:13.486+0000] {processor.py:840} INFO - DAG(s) 'encriptar_csv_gcs' retrieved from /opt/airflow/dags/encriptar_csv_gcs.py
[2024-06-24T03:45:13.531+0000] {logging_mixin.py:188} INFO - [2024-06-24T03:45:13.531+0000] {dag.py:3096} INFO - Sync 1 DAGs
[2024-06-24T03:45:13.553+0000] {logging_mixin.py:188} INFO - [2024-06-24T03:45:13.552+0000] {dag.py:3954} INFO - Setting next_dagrun for encriptar_csv_gcs to None, run_after=None
[2024-06-24T03:45:13.576+0000] {processor.py:183} INFO - Processing /opt/airflow/dags/encriptar_csv_gcs.py took 0.381 seconds
[2024-06-24T03:45:44.557+0000] {processor.py:161} INFO - Started process (PID=1579) to work on /opt/airflow/dags/encriptar_csv_gcs.py
[2024-06-24T03:45:44.559+0000] {processor.py:830} INFO - Processing file /opt/airflow/dags/encriptar_csv_gcs.py for tasks to queue
[2024-06-24T03:45:44.560+0000] {logging_mixin.py:188} INFO - [2024-06-24T03:45:44.559+0000] {dagbag.py:545} INFO - Filling up the DagBag from /opt/airflow/dags/encriptar_csv_gcs.py
[2024-06-24T03:45:44.764+0000] {processor.py:840} INFO - DAG(s) 'encriptar_csv_gcs' retrieved from /opt/airflow/dags/encriptar_csv_gcs.py
[2024-06-24T03:45:44.794+0000] {logging_mixin.py:188} INFO - [2024-06-24T03:45:44.793+0000] {dag.py:3096} INFO - Sync 1 DAGs
[2024-06-24T03:45:44.807+0000] {logging_mixin.py:188} INFO - [2024-06-24T03:45:44.806+0000] {dag.py:3954} INFO - Setting next_dagrun for encriptar_csv_gcs to None, run_after=None
[2024-06-24T03:45:44.834+0000] {processor.py:183} INFO - Processing /opt/airflow/dags/encriptar_csv_gcs.py took 0.284 seconds
[2024-06-24T03:46:15.514+0000] {processor.py:161} INFO - Started process (PID=1640) to work on /opt/airflow/dags/encriptar_csv_gcs.py
[2024-06-24T03:46:15.515+0000] {processor.py:830} INFO - Processing file /opt/airflow/dags/encriptar_csv_gcs.py for tasks to queue
[2024-06-24T03:46:15.517+0000] {logging_mixin.py:188} INFO - [2024-06-24T03:46:15.516+0000] {dagbag.py:545} INFO - Filling up the DagBag from /opt/airflow/dags/encriptar_csv_gcs.py
[2024-06-24T03:46:15.800+0000] {processor.py:840} INFO - DAG(s) 'encriptar_csv_gcs' retrieved from /opt/airflow/dags/encriptar_csv_gcs.py
[2024-06-24T03:46:15.837+0000] {logging_mixin.py:188} INFO - [2024-06-24T03:46:15.836+0000] {dag.py:3096} INFO - Sync 1 DAGs
[2024-06-24T03:46:15.855+0000] {logging_mixin.py:188} INFO - [2024-06-24T03:46:15.855+0000] {dag.py:3954} INFO - Setting next_dagrun for encriptar_csv_gcs to None, run_after=None
[2024-06-24T03:46:15.882+0000] {processor.py:183} INFO - Processing /opt/airflow/dags/encriptar_csv_gcs.py took 0.379 seconds
[2024-06-24T04:19:03.826+0000] {processor.py:161} INFO - Started process (PID=36) to work on /opt/airflow/dags/encriptar_csv_gcs.py
[2024-06-24T04:19:03.830+0000] {processor.py:830} INFO - Processing file /opt/airflow/dags/encriptar_csv_gcs.py for tasks to queue
[2024-06-24T04:19:03.844+0000] {logging_mixin.py:188} INFO - [2024-06-24T04:19:03.843+0000] {dagbag.py:545} INFO - Filling up the DagBag from /opt/airflow/dags/encriptar_csv_gcs.py
[2024-06-24T04:19:08.153+0000] {processor.py:840} INFO - DAG(s) 'encriptar_csv_gcs' retrieved from /opt/airflow/dags/encriptar_csv_gcs.py
[2024-06-24T04:19:09.243+0000] {logging_mixin.py:188} INFO - [2024-06-24T04:19:09.235+0000] {dag.py:3096} INFO - Sync 1 DAGs
[2024-06-24T04:19:09.321+0000] {logging_mixin.py:188} INFO - [2024-06-24T04:19:09.321+0000] {dag.py:3954} INFO - Setting next_dagrun for encriptar_csv_gcs to None, run_after=None
[2024-06-24T04:19:09.459+0000] {processor.py:183} INFO - Processing /opt/airflow/dags/encriptar_csv_gcs.py took 5.711 seconds
[2024-06-24T04:19:39.657+0000] {processor.py:161} INFO - Started process (PID=96) to work on /opt/airflow/dags/encriptar_csv_gcs.py
[2024-06-24T04:19:39.660+0000] {processor.py:830} INFO - Processing file /opt/airflow/dags/encriptar_csv_gcs.py for tasks to queue
[2024-06-24T04:19:39.665+0000] {logging_mixin.py:188} INFO - [2024-06-24T04:19:39.664+0000] {dagbag.py:545} INFO - Filling up the DagBag from /opt/airflow/dags/encriptar_csv_gcs.py
[2024-06-24T04:19:40.085+0000] {processor.py:840} INFO - DAG(s) 'encriptar_csv_gcs' retrieved from /opt/airflow/dags/encriptar_csv_gcs.py
[2024-06-24T04:19:40.126+0000] {logging_mixin.py:188} INFO - [2024-06-24T04:19:40.125+0000] {dag.py:3096} INFO - Sync 1 DAGs
[2024-06-24T04:19:40.153+0000] {logging_mixin.py:188} INFO - [2024-06-24T04:19:40.153+0000] {dag.py:3954} INFO - Setting next_dagrun for encriptar_csv_gcs to None, run_after=None
[2024-06-24T04:19:40.211+0000] {processor.py:183} INFO - Processing /opt/airflow/dags/encriptar_csv_gcs.py took 0.566 seconds
[2024-06-24T04:20:10.540+0000] {processor.py:161} INFO - Started process (PID=157) to work on /opt/airflow/dags/encriptar_csv_gcs.py
[2024-06-24T04:20:10.544+0000] {processor.py:830} INFO - Processing file /opt/airflow/dags/encriptar_csv_gcs.py for tasks to queue
[2024-06-24T04:20:10.552+0000] {logging_mixin.py:188} INFO - [2024-06-24T04:20:10.550+0000] {dagbag.py:545} INFO - Filling up the DagBag from /opt/airflow/dags/encriptar_csv_gcs.py
[2024-06-24T04:20:11.044+0000] {processor.py:840} INFO - DAG(s) 'encriptar_csv_gcs' retrieved from /opt/airflow/dags/encriptar_csv_gcs.py
[2024-06-24T04:20:11.141+0000] {logging_mixin.py:188} INFO - [2024-06-24T04:20:11.141+0000] {dag.py:3096} INFO - Sync 1 DAGs
[2024-06-24T04:20:11.182+0000] {logging_mixin.py:188} INFO - [2024-06-24T04:20:11.181+0000] {dag.py:3954} INFO - Setting next_dagrun for encriptar_csv_gcs to None, run_after=None
[2024-06-24T04:20:11.226+0000] {processor.py:183} INFO - Processing /opt/airflow/dags/encriptar_csv_gcs.py took 0.708 seconds
[2024-06-24T04:20:41.680+0000] {processor.py:161} INFO - Started process (PID=218) to work on /opt/airflow/dags/encriptar_csv_gcs.py
[2024-06-24T04:20:41.682+0000] {processor.py:830} INFO - Processing file /opt/airflow/dags/encriptar_csv_gcs.py for tasks to queue
[2024-06-24T04:20:41.685+0000] {logging_mixin.py:188} INFO - [2024-06-24T04:20:41.685+0000] {dagbag.py:545} INFO - Filling up the DagBag from /opt/airflow/dags/encriptar_csv_gcs.py
[2024-06-24T04:20:41.948+0000] {processor.py:840} INFO - DAG(s) 'encriptar_csv_gcs' retrieved from /opt/airflow/dags/encriptar_csv_gcs.py
[2024-06-24T04:20:41.985+0000] {logging_mixin.py:188} INFO - [2024-06-24T04:20:41.984+0000] {dag.py:3096} INFO - Sync 1 DAGs
[2024-06-24T04:20:42.007+0000] {logging_mixin.py:188} INFO - [2024-06-24T04:20:42.007+0000] {dag.py:3954} INFO - Setting next_dagrun for encriptar_csv_gcs to None, run_after=None
[2024-06-24T04:20:42.044+0000] {processor.py:183} INFO - Processing /opt/airflow/dags/encriptar_csv_gcs.py took 0.373 seconds
[2024-06-24T04:21:12.958+0000] {processor.py:161} INFO - Started process (PID=279) to work on /opt/airflow/dags/encriptar_csv_gcs.py
[2024-06-24T04:21:12.960+0000] {processor.py:830} INFO - Processing file /opt/airflow/dags/encriptar_csv_gcs.py for tasks to queue
[2024-06-24T04:21:12.964+0000] {logging_mixin.py:188} INFO - [2024-06-24T04:21:12.963+0000] {dagbag.py:545} INFO - Filling up the DagBag from /opt/airflow/dags/encriptar_csv_gcs.py
[2024-06-24T04:21:13.262+0000] {processor.py:840} INFO - DAG(s) 'encriptar_csv_gcs' retrieved from /opt/airflow/dags/encriptar_csv_gcs.py
[2024-06-24T04:21:13.302+0000] {logging_mixin.py:188} INFO - [2024-06-24T04:21:13.301+0000] {dag.py:3096} INFO - Sync 1 DAGs
[2024-06-24T04:21:13.323+0000] {logging_mixin.py:188} INFO - [2024-06-24T04:21:13.323+0000] {dag.py:3954} INFO - Setting next_dagrun for encriptar_csv_gcs to None, run_after=None
[2024-06-24T04:21:13.357+0000] {processor.py:183} INFO - Processing /opt/airflow/dags/encriptar_csv_gcs.py took 0.411 seconds
[2024-06-24T04:21:44.794+0000] {processor.py:161} INFO - Started process (PID=326) to work on /opt/airflow/dags/encriptar_csv_gcs.py
[2024-06-24T04:21:44.808+0000] {processor.py:830} INFO - Processing file /opt/airflow/dags/encriptar_csv_gcs.py for tasks to queue
[2024-06-24T04:21:44.823+0000] {logging_mixin.py:188} INFO - [2024-06-24T04:21:44.817+0000] {dagbag.py:545} INFO - Filling up the DagBag from /opt/airflow/dags/encriptar_csv_gcs.py
[2024-06-24T04:22:07.916+0000] {processor.py:840} INFO - DAG(s) 'encriptar_csv_gcs' retrieved from /opt/airflow/dags/encriptar_csv_gcs.py
[2024-06-24T04:22:08.526+0000] {logging_mixin.py:188} INFO - [2024-06-24T04:22:08.525+0000] {dag.py:3096} INFO - Sync 1 DAGs
[2024-06-24T04:22:08.561+0000] {logging_mixin.py:188} INFO - [2024-06-24T04:22:08.560+0000] {dag.py:3954} INFO - Setting next_dagrun for encriptar_csv_gcs to None, run_after=None
[2024-06-24T04:22:08.648+0000] {processor.py:183} INFO - Processing /opt/airflow/dags/encriptar_csv_gcs.py took 23.924 seconds
[2024-06-24T04:22:39.001+0000] {processor.py:161} INFO - Started process (PID=374) to work on /opt/airflow/dags/encriptar_csv_gcs.py
[2024-06-24T04:22:39.003+0000] {processor.py:830} INFO - Processing file /opt/airflow/dags/encriptar_csv_gcs.py for tasks to queue
[2024-06-24T04:22:39.006+0000] {logging_mixin.py:188} INFO - [2024-06-24T04:22:39.005+0000] {dagbag.py:545} INFO - Filling up the DagBag from /opt/airflow/dags/encriptar_csv_gcs.py
[2024-06-24T04:22:39.227+0000] {processor.py:840} INFO - DAG(s) 'encriptar_csv_gcs' retrieved from /opt/airflow/dags/encriptar_csv_gcs.py
[2024-06-24T04:22:39.270+0000] {logging_mixin.py:188} INFO - [2024-06-24T04:22:39.269+0000] {dag.py:3096} INFO - Sync 1 DAGs
[2024-06-24T04:22:39.291+0000] {logging_mixin.py:188} INFO - [2024-06-24T04:22:39.291+0000] {dag.py:3954} INFO - Setting next_dagrun for encriptar_csv_gcs to None, run_after=None
[2024-06-24T04:22:39.364+0000] {processor.py:183} INFO - Processing /opt/airflow/dags/encriptar_csv_gcs.py took 0.370 seconds
[2024-06-24T04:23:09.725+0000] {processor.py:161} INFO - Started process (PID=440) to work on /opt/airflow/dags/encriptar_csv_gcs.py
[2024-06-24T04:23:09.729+0000] {processor.py:830} INFO - Processing file /opt/airflow/dags/encriptar_csv_gcs.py for tasks to queue
[2024-06-24T04:23:09.737+0000] {logging_mixin.py:188} INFO - [2024-06-24T04:23:09.735+0000] {dagbag.py:545} INFO - Filling up the DagBag from /opt/airflow/dags/encriptar_csv_gcs.py
[2024-06-24T04:23:10.171+0000] {processor.py:840} INFO - DAG(s) 'encriptar_csv_gcs' retrieved from /opt/airflow/dags/encriptar_csv_gcs.py
[2024-06-24T04:23:10.282+0000] {logging_mixin.py:188} INFO - [2024-06-24T04:23:10.281+0000] {dag.py:3096} INFO - Sync 1 DAGs
[2024-06-24T04:23:10.320+0000] {logging_mixin.py:188} INFO - [2024-06-24T04:23:10.320+0000] {dag.py:3954} INFO - Setting next_dagrun for encriptar_csv_gcs to None, run_after=None
[2024-06-24T04:23:10.359+0000] {processor.py:183} INFO - Processing /opt/airflow/dags/encriptar_csv_gcs.py took 0.667 seconds
[2024-06-24T04:23:40.704+0000] {processor.py:161} INFO - Started process (PID=501) to work on /opt/airflow/dags/encriptar_csv_gcs.py
[2024-06-24T04:23:40.707+0000] {processor.py:830} INFO - Processing file /opt/airflow/dags/encriptar_csv_gcs.py for tasks to queue
[2024-06-24T04:23:40.710+0000] {logging_mixin.py:188} INFO - [2024-06-24T04:23:40.710+0000] {dagbag.py:545} INFO - Filling up the DagBag from /opt/airflow/dags/encriptar_csv_gcs.py
[2024-06-24T04:23:41.172+0000] {processor.py:840} INFO - DAG(s) 'encriptar_csv_gcs' retrieved from /opt/airflow/dags/encriptar_csv_gcs.py
[2024-06-24T04:23:41.207+0000] {logging_mixin.py:188} INFO - [2024-06-24T04:23:41.203+0000] {dag.py:3096} INFO - Sync 1 DAGs
[2024-06-24T04:23:41.226+0000] {logging_mixin.py:188} INFO - [2024-06-24T04:23:41.226+0000] {dag.py:3954} INFO - Setting next_dagrun for encriptar_csv_gcs to None, run_after=None
[2024-06-24T04:23:41.257+0000] {processor.py:183} INFO - Processing /opt/airflow/dags/encriptar_csv_gcs.py took 0.570 seconds
[2024-06-24T04:24:11.866+0000] {processor.py:161} INFO - Started process (PID=562) to work on /opt/airflow/dags/encriptar_csv_gcs.py
[2024-06-24T04:24:11.870+0000] {processor.py:830} INFO - Processing file /opt/airflow/dags/encriptar_csv_gcs.py for tasks to queue
[2024-06-24T04:24:11.876+0000] {logging_mixin.py:188} INFO - [2024-06-24T04:24:11.875+0000] {dagbag.py:545} INFO - Filling up the DagBag from /opt/airflow/dags/encriptar_csv_gcs.py
[2024-06-24T04:24:12.366+0000] {processor.py:840} INFO - DAG(s) 'encriptar_csv_gcs' retrieved from /opt/airflow/dags/encriptar_csv_gcs.py
[2024-06-24T04:24:12.435+0000] {logging_mixin.py:188} INFO - [2024-06-24T04:24:12.434+0000] {dag.py:3096} INFO - Sync 1 DAGs
[2024-06-24T04:24:12.481+0000] {logging_mixin.py:188} INFO - [2024-06-24T04:24:12.480+0000] {dag.py:3954} INFO - Setting next_dagrun for encriptar_csv_gcs to None, run_after=None
[2024-06-24T04:24:12.538+0000] {processor.py:183} INFO - Processing /opt/airflow/dags/encriptar_csv_gcs.py took 0.690 seconds
[2024-06-24T04:24:42.796+0000] {processor.py:161} INFO - Started process (PID=623) to work on /opt/airflow/dags/encriptar_csv_gcs.py
[2024-06-24T04:24:42.798+0000] {processor.py:830} INFO - Processing file /opt/airflow/dags/encriptar_csv_gcs.py for tasks to queue
[2024-06-24T04:24:42.801+0000] {logging_mixin.py:188} INFO - [2024-06-24T04:24:42.800+0000] {dagbag.py:545} INFO - Filling up the DagBag from /opt/airflow/dags/encriptar_csv_gcs.py
[2024-06-24T04:24:43.103+0000] {processor.py:840} INFO - DAG(s) 'encriptar_csv_gcs' retrieved from /opt/airflow/dags/encriptar_csv_gcs.py
[2024-06-24T04:24:43.143+0000] {logging_mixin.py:188} INFO - [2024-06-24T04:24:43.142+0000] {dag.py:3096} INFO - Sync 1 DAGs
[2024-06-24T04:24:43.160+0000] {logging_mixin.py:188} INFO - [2024-06-24T04:24:43.159+0000] {dag.py:3954} INFO - Setting next_dagrun for encriptar_csv_gcs to None, run_after=None
[2024-06-24T04:24:43.190+0000] {processor.py:183} INFO - Processing /opt/airflow/dags/encriptar_csv_gcs.py took 0.403 seconds
[2024-06-24T04:25:13.553+0000] {processor.py:161} INFO - Started process (PID=684) to work on /opt/airflow/dags/encriptar_csv_gcs.py
[2024-06-24T04:25:13.557+0000] {processor.py:830} INFO - Processing file /opt/airflow/dags/encriptar_csv_gcs.py for tasks to queue
[2024-06-24T04:25:13.563+0000] {logging_mixin.py:188} INFO - [2024-06-24T04:25:13.562+0000] {dagbag.py:545} INFO - Filling up the DagBag from /opt/airflow/dags/encriptar_csv_gcs.py
[2024-06-24T04:25:14.005+0000] {processor.py:840} INFO - DAG(s) 'encriptar_csv_gcs' retrieved from /opt/airflow/dags/encriptar_csv_gcs.py
[2024-06-24T04:25:14.069+0000] {logging_mixin.py:188} INFO - [2024-06-24T04:25:14.068+0000] {dag.py:3096} INFO - Sync 1 DAGs
[2024-06-24T04:25:14.090+0000] {logging_mixin.py:188} INFO - [2024-06-24T04:25:14.090+0000] {dag.py:3954} INFO - Setting next_dagrun for encriptar_csv_gcs to None, run_after=None
[2024-06-24T04:25:14.122+0000] {processor.py:183} INFO - Processing /opt/airflow/dags/encriptar_csv_gcs.py took 0.586 seconds
[2024-06-24T04:33:58.794+0000] {processor.py:161} INFO - Started process (PID=1277) to work on /opt/airflow/dags/encriptar_csv_gcs.py
[2024-06-24T04:33:58.798+0000] {processor.py:830} INFO - Processing file /opt/airflow/dags/encriptar_csv_gcs.py for tasks to queue
[2024-06-24T04:33:58.801+0000] {logging_mixin.py:188} INFO - [2024-06-24T04:33:58.800+0000] {dagbag.py:545} INFO - Filling up the DagBag from /opt/airflow/dags/encriptar_csv_gcs.py
[2024-06-24T04:33:59.516+0000] {processor.py:840} INFO - DAG(s) 'encriptar_csv_gcs' retrieved from /opt/airflow/dags/encriptar_csv_gcs.py
[2024-06-24T04:34:00.063+0000] {logging_mixin.py:188} INFO - [2024-06-24T04:34:00.062+0000] {dag.py:3096} INFO - Sync 1 DAGs
[2024-06-24T04:34:00.076+0000] {logging_mixin.py:188} INFO - [2024-06-24T04:34:00.076+0000] {dag.py:3954} INFO - Setting next_dagrun for encriptar_csv_gcs to None, run_after=None
[2024-06-24T04:34:00.136+0000] {processor.py:183} INFO - Processing /opt/airflow/dags/encriptar_csv_gcs.py took 1.354 seconds
