[2024-06-24T03:21:08.736+0000] {processor.py:161} INFO - Started process (PID=2476) to work on /opt/airflow/dags/encryption_upload_dag.py
[2024-06-24T03:21:08.739+0000] {processor.py:830} INFO - Processing file /opt/airflow/dags/encryption_upload_dag.py for tasks to queue
[2024-06-24T03:21:08.741+0000] {logging_mixin.py:188} INFO - [2024-06-24T03:21:08.741+0000] {dagbag.py:545} INFO - Filling up the DagBag from /opt/airflow/dags/encryption_upload_dag.py
[2024-06-24T03:21:09.193+0000] {processor.py:840} INFO - DAG(s) 'encryption_upload_dag' retrieved from /opt/airflow/dags/encryption_upload_dag.py
[2024-06-24T03:21:09.340+0000] {logging_mixin.py:188} INFO - [2024-06-24T03:21:09.339+0000] {dag.py:3096} INFO - Sync 1 DAGs
[2024-06-24T03:21:09.350+0000] {logging_mixin.py:188} INFO - [2024-06-24T03:21:09.350+0000] {dag.py:3954} INFO - Setting next_dagrun for encryption_upload_dag to None, run_after=None
[2024-06-24T03:21:09.382+0000] {processor.py:183} INFO - Processing /opt/airflow/dags/encryption_upload_dag.py took 0.652 seconds
[2024-06-24T03:24:07.293+0000] {processor.py:161} INFO - Started process (PID=79) to work on /opt/airflow/dags/encryption_upload_dag.py
[2024-06-24T03:24:07.295+0000] {processor.py:830} INFO - Processing file /opt/airflow/dags/encryption_upload_dag.py for tasks to queue
[2024-06-24T03:24:07.300+0000] {logging_mixin.py:188} INFO - [2024-06-24T03:24:07.299+0000] {dagbag.py:545} INFO - Filling up the DagBag from /opt/airflow/dags/encryption_upload_dag.py
[2024-06-24T03:24:07.570+0000] {processor.py:840} INFO - DAG(s) 'encryption_upload_dag' retrieved from /opt/airflow/dags/encryption_upload_dag.py
[2024-06-24T03:24:07.780+0000] {logging_mixin.py:188} INFO - [2024-06-24T03:24:07.779+0000] {dag.py:3096} INFO - Sync 1 DAGs
[2024-06-24T03:24:07.793+0000] {logging_mixin.py:188} INFO - [2024-06-24T03:24:07.793+0000] {dag.py:3954} INFO - Setting next_dagrun for encryption_upload_dag to None, run_after=None
[2024-06-24T03:24:07.827+0000] {processor.py:183} INFO - Processing /opt/airflow/dags/encryption_upload_dag.py took 0.544 seconds
[2024-06-24T03:24:38.346+0000] {processor.py:161} INFO - Started process (PID=167) to work on /opt/airflow/dags/encryption_upload_dag.py
[2024-06-24T03:24:38.347+0000] {processor.py:830} INFO - Processing file /opt/airflow/dags/encryption_upload_dag.py for tasks to queue
[2024-06-24T03:24:38.349+0000] {logging_mixin.py:188} INFO - [2024-06-24T03:24:38.349+0000] {dagbag.py:545} INFO - Filling up the DagBag from /opt/airflow/dags/encryption_upload_dag.py
[2024-06-24T03:24:38.511+0000] {processor.py:840} INFO - DAG(s) 'encryption_upload_dag' retrieved from /opt/airflow/dags/encryption_upload_dag.py
[2024-06-24T03:24:38.542+0000] {logging_mixin.py:188} INFO - [2024-06-24T03:24:38.542+0000] {dag.py:3096} INFO - Sync 1 DAGs
[2024-06-24T03:24:38.557+0000] {logging_mixin.py:188} INFO - [2024-06-24T03:24:38.557+0000] {dag.py:3954} INFO - Setting next_dagrun for encryption_upload_dag to None, run_after=None
[2024-06-24T03:24:38.583+0000] {processor.py:183} INFO - Processing /opt/airflow/dags/encryption_upload_dag.py took 0.247 seconds
[2024-06-24T03:25:08.665+0000] {processor.py:161} INFO - Started process (PID=255) to work on /opt/airflow/dags/encryption_upload_dag.py
[2024-06-24T03:25:08.666+0000] {processor.py:830} INFO - Processing file /opt/airflow/dags/encryption_upload_dag.py for tasks to queue
[2024-06-24T03:25:08.668+0000] {logging_mixin.py:188} INFO - [2024-06-24T03:25:08.668+0000] {dagbag.py:545} INFO - Filling up the DagBag from /opt/airflow/dags/encryption_upload_dag.py
[2024-06-24T03:25:08.815+0000] {processor.py:840} INFO - DAG(s) 'encryption_upload_dag' retrieved from /opt/airflow/dags/encryption_upload_dag.py
[2024-06-24T03:25:08.840+0000] {logging_mixin.py:188} INFO - [2024-06-24T03:25:08.839+0000] {dag.py:3096} INFO - Sync 1 DAGs
[2024-06-24T03:25:08.852+0000] {logging_mixin.py:188} INFO - [2024-06-24T03:25:08.852+0000] {dag.py:3954} INFO - Setting next_dagrun for encryption_upload_dag to None, run_after=None
[2024-06-24T03:25:08.881+0000] {processor.py:183} INFO - Processing /opt/airflow/dags/encryption_upload_dag.py took 0.223 seconds
[2024-06-24T03:25:38.988+0000] {processor.py:161} INFO - Started process (PID=344) to work on /opt/airflow/dags/encryption_upload_dag.py
[2024-06-24T03:25:38.990+0000] {processor.py:830} INFO - Processing file /opt/airflow/dags/encryption_upload_dag.py for tasks to queue
[2024-06-24T03:25:38.992+0000] {logging_mixin.py:188} INFO - [2024-06-24T03:25:38.991+0000] {dagbag.py:545} INFO - Filling up the DagBag from /opt/airflow/dags/encryption_upload_dag.py
[2024-06-24T03:25:39.179+0000] {processor.py:840} INFO - DAG(s) 'encryption_upload_dag' retrieved from /opt/airflow/dags/encryption_upload_dag.py
[2024-06-24T03:25:39.203+0000] {logging_mixin.py:188} INFO - [2024-06-24T03:25:39.203+0000] {dag.py:3096} INFO - Sync 1 DAGs
[2024-06-24T03:25:39.217+0000] {logging_mixin.py:188} INFO - [2024-06-24T03:25:39.217+0000] {dag.py:3954} INFO - Setting next_dagrun for encryption_upload_dag to None, run_after=None
[2024-06-24T03:25:39.238+0000] {processor.py:183} INFO - Processing /opt/airflow/dags/encryption_upload_dag.py took 0.260 seconds
[2024-06-24T03:26:09.548+0000] {processor.py:161} INFO - Started process (PID=421) to work on /opt/airflow/dags/encryption_upload_dag.py
[2024-06-24T03:26:09.550+0000] {processor.py:830} INFO - Processing file /opt/airflow/dags/encryption_upload_dag.py for tasks to queue
[2024-06-24T03:26:09.552+0000] {logging_mixin.py:188} INFO - [2024-06-24T03:26:09.552+0000] {dagbag.py:545} INFO - Filling up the DagBag from /opt/airflow/dags/encryption_upload_dag.py
[2024-06-24T03:26:09.702+0000] {processor.py:840} INFO - DAG(s) 'encryption_upload_dag' retrieved from /opt/airflow/dags/encryption_upload_dag.py
[2024-06-24T03:26:09.725+0000] {logging_mixin.py:188} INFO - [2024-06-24T03:26:09.725+0000] {dag.py:3096} INFO - Sync 1 DAGs
[2024-06-24T03:26:09.740+0000] {logging_mixin.py:188} INFO - [2024-06-24T03:26:09.740+0000] {dag.py:3954} INFO - Setting next_dagrun for encryption_upload_dag to None, run_after=None
[2024-06-24T03:26:09.767+0000] {processor.py:183} INFO - Processing /opt/airflow/dags/encryption_upload_dag.py took 0.227 seconds
[2024-06-24T03:26:40.562+0000] {processor.py:161} INFO - Started process (PID=510) to work on /opt/airflow/dags/encryption_upload_dag.py
[2024-06-24T03:26:40.563+0000] {processor.py:830} INFO - Processing file /opt/airflow/dags/encryption_upload_dag.py for tasks to queue
[2024-06-24T03:26:40.566+0000] {logging_mixin.py:188} INFO - [2024-06-24T03:26:40.565+0000] {dagbag.py:545} INFO - Filling up the DagBag from /opt/airflow/dags/encryption_upload_dag.py
[2024-06-24T03:26:40.736+0000] {processor.py:840} INFO - DAG(s) 'encryption_upload_dag' retrieved from /opt/airflow/dags/encryption_upload_dag.py
[2024-06-24T03:26:40.764+0000] {logging_mixin.py:188} INFO - [2024-06-24T03:26:40.763+0000] {dag.py:3096} INFO - Sync 1 DAGs
[2024-06-24T03:26:40.778+0000] {logging_mixin.py:188} INFO - [2024-06-24T03:26:40.778+0000] {dag.py:3954} INFO - Setting next_dagrun for encryption_upload_dag to None, run_after=None
[2024-06-24T03:26:40.802+0000] {processor.py:183} INFO - Processing /opt/airflow/dags/encryption_upload_dag.py took 0.246 seconds
[2024-06-24T03:27:10.854+0000] {processor.py:161} INFO - Started process (PID=585) to work on /opt/airflow/dags/encryption_upload_dag.py
[2024-06-24T03:27:10.856+0000] {processor.py:830} INFO - Processing file /opt/airflow/dags/encryption_upload_dag.py for tasks to queue
[2024-06-24T03:27:10.859+0000] {logging_mixin.py:188} INFO - [2024-06-24T03:27:10.858+0000] {dagbag.py:545} INFO - Filling up the DagBag from /opt/airflow/dags/encryption_upload_dag.py
[2024-06-24T03:27:11.027+0000] {processor.py:840} INFO - DAG(s) 'encryption_upload_dag' retrieved from /opt/airflow/dags/encryption_upload_dag.py
[2024-06-24T03:27:11.057+0000] {logging_mixin.py:188} INFO - [2024-06-24T03:27:11.056+0000] {dag.py:3096} INFO - Sync 1 DAGs
[2024-06-24T03:27:11.071+0000] {logging_mixin.py:188} INFO - [2024-06-24T03:27:11.071+0000] {dag.py:3954} INFO - Setting next_dagrun for encryption_upload_dag to None, run_after=None
[2024-06-24T03:27:11.095+0000] {processor.py:183} INFO - Processing /opt/airflow/dags/encryption_upload_dag.py took 0.248 seconds
[2024-06-24T03:27:41.748+0000] {processor.py:161} INFO - Started process (PID=674) to work on /opt/airflow/dags/encryption_upload_dag.py
[2024-06-24T03:27:41.750+0000] {processor.py:830} INFO - Processing file /opt/airflow/dags/encryption_upload_dag.py for tasks to queue
[2024-06-24T03:27:41.752+0000] {logging_mixin.py:188} INFO - [2024-06-24T03:27:41.751+0000] {dagbag.py:545} INFO - Filling up the DagBag from /opt/airflow/dags/encryption_upload_dag.py
[2024-06-24T03:27:41.919+0000] {processor.py:840} INFO - DAG(s) 'encryption_upload_dag' retrieved from /opt/airflow/dags/encryption_upload_dag.py
[2024-06-24T03:27:41.951+0000] {logging_mixin.py:188} INFO - [2024-06-24T03:27:41.950+0000] {dag.py:3096} INFO - Sync 1 DAGs
[2024-06-24T03:27:41.967+0000] {logging_mixin.py:188} INFO - [2024-06-24T03:27:41.967+0000] {dag.py:3954} INFO - Setting next_dagrun for encryption_upload_dag to None, run_after=None
[2024-06-24T03:27:41.995+0000] {processor.py:183} INFO - Processing /opt/airflow/dags/encryption_upload_dag.py took 0.253 seconds
[2024-06-24T03:28:12.125+0000] {processor.py:161} INFO - Started process (PID=749) to work on /opt/airflow/dags/encryption_upload_dag.py
[2024-06-24T03:28:12.126+0000] {processor.py:830} INFO - Processing file /opt/airflow/dags/encryption_upload_dag.py for tasks to queue
[2024-06-24T03:28:12.128+0000] {logging_mixin.py:188} INFO - [2024-06-24T03:28:12.128+0000] {dagbag.py:545} INFO - Filling up the DagBag from /opt/airflow/dags/encryption_upload_dag.py
[2024-06-24T03:28:12.391+0000] {processor.py:840} INFO - DAG(s) 'encryption_upload_dag' retrieved from /opt/airflow/dags/encryption_upload_dag.py
[2024-06-24T03:28:12.431+0000] {logging_mixin.py:188} INFO - [2024-06-24T03:28:12.431+0000] {dag.py:3096} INFO - Sync 1 DAGs
[2024-06-24T03:28:12.445+0000] {logging_mixin.py:188} INFO - [2024-06-24T03:28:12.445+0000] {dag.py:3954} INFO - Setting next_dagrun for encryption_upload_dag to None, run_after=None
[2024-06-24T03:28:12.471+0000] {processor.py:183} INFO - Processing /opt/airflow/dags/encryption_upload_dag.py took 0.354 seconds
[2024-06-24T03:29:11.313+0000] {processor.py:161} INFO - Started process (PID=889) to work on /opt/airflow/dags/encryption_upload_dag.py
[2024-06-24T03:29:11.315+0000] {processor.py:830} INFO - Processing file /opt/airflow/dags/encryption_upload_dag.py for tasks to queue
[2024-06-24T03:29:11.317+0000] {logging_mixin.py:188} INFO - [2024-06-24T03:29:11.317+0000] {dagbag.py:545} INFO - Filling up the DagBag from /opt/airflow/dags/encryption_upload_dag.py
[2024-06-24T03:29:11.499+0000] {processor.py:840} INFO - DAG(s) 'encryption_upload_dag' retrieved from /opt/airflow/dags/encryption_upload_dag.py
[2024-06-24T03:29:11.526+0000] {logging_mixin.py:188} INFO - [2024-06-24T03:29:11.526+0000] {dag.py:3096} INFO - Sync 1 DAGs
[2024-06-24T03:29:11.541+0000] {logging_mixin.py:188} INFO - [2024-06-24T03:29:11.541+0000] {dag.py:3954} INFO - Setting next_dagrun for encryption_upload_dag to None, run_after=None
[2024-06-24T03:29:11.567+0000] {processor.py:183} INFO - Processing /opt/airflow/dags/encryption_upload_dag.py took 0.261 seconds
[2024-06-24T03:30:37.348+0000] {processor.py:161} INFO - Started process (PID=954) to work on /opt/airflow/dags/encryption_upload_dag.py
[2024-06-24T03:30:37.350+0000] {processor.py:830} INFO - Processing file /opt/airflow/dags/encryption_upload_dag.py for tasks to queue
[2024-06-24T03:30:37.352+0000] {logging_mixin.py:188} INFO - [2024-06-24T03:30:37.352+0000] {dagbag.py:545} INFO - Filling up the DagBag from /opt/airflow/dags/encryption_upload_dag.py
[2024-06-24T03:30:37.569+0000] {processor.py:840} INFO - DAG(s) 'encryption_upload_dag' retrieved from /opt/airflow/dags/encryption_upload_dag.py
[2024-06-24T03:30:37.610+0000] {logging_mixin.py:188} INFO - [2024-06-24T03:30:37.610+0000] {dag.py:3096} INFO - Sync 1 DAGs
[2024-06-24T03:30:37.627+0000] {logging_mixin.py:188} INFO - [2024-06-24T03:30:37.627+0000] {dag.py:3954} INFO - Setting next_dagrun for encryption_upload_dag to None, run_after=None
[2024-06-24T03:30:37.660+0000] {processor.py:183} INFO - Processing /opt/airflow/dags/encryption_upload_dag.py took 0.332 seconds
[2024-06-24T03:33:24.081+0000] {processor.py:161} INFO - Started process (PID=94) to work on /opt/airflow/dags/encryption_upload_dag.py
[2024-06-24T03:33:24.083+0000] {processor.py:830} INFO - Processing file /opt/airflow/dags/encryption_upload_dag.py for tasks to queue
[2024-06-24T03:33:24.087+0000] {logging_mixin.py:188} INFO - [2024-06-24T03:33:24.086+0000] {dagbag.py:545} INFO - Filling up the DagBag from /opt/airflow/dags/encryption_upload_dag.py
[2024-06-24T03:33:24.402+0000] {processor.py:840} INFO - DAG(s) 'encryption_upload_dag' retrieved from /opt/airflow/dags/encryption_upload_dag.py
[2024-06-24T03:33:24.448+0000] {logging_mixin.py:188} INFO - [2024-06-24T03:33:24.447+0000] {dag.py:3096} INFO - Sync 1 DAGs
[2024-06-24T03:33:24.471+0000] {logging_mixin.py:188} INFO - [2024-06-24T03:33:24.471+0000] {dag.py:3954} INFO - Setting next_dagrun for encryption_upload_dag to None, run_after=None
[2024-06-24T03:33:24.499+0000] {processor.py:183} INFO - Processing /opt/airflow/dags/encryption_upload_dag.py took 0.431 seconds
[2024-06-24T03:33:54.877+0000] {processor.py:161} INFO - Started process (PID=171) to work on /opt/airflow/dags/encryption_upload_dag.py
[2024-06-24T03:33:54.878+0000] {processor.py:830} INFO - Processing file /opt/airflow/dags/encryption_upload_dag.py for tasks to queue
[2024-06-24T03:33:54.880+0000] {logging_mixin.py:188} INFO - [2024-06-24T03:33:54.879+0000] {dagbag.py:545} INFO - Filling up the DagBag from /opt/airflow/dags/encryption_upload_dag.py
[2024-06-24T03:33:55.073+0000] {processor.py:840} INFO - DAG(s) 'encryption_upload_dag' retrieved from /opt/airflow/dags/encryption_upload_dag.py
[2024-06-24T03:33:55.105+0000] {logging_mixin.py:188} INFO - [2024-06-24T03:33:55.105+0000] {dag.py:3096} INFO - Sync 1 DAGs
[2024-06-24T03:33:55.123+0000] {logging_mixin.py:188} INFO - [2024-06-24T03:33:55.122+0000] {dag.py:3954} INFO - Setting next_dagrun for encryption_upload_dag to None, run_after=None
[2024-06-24T03:33:55.147+0000] {processor.py:183} INFO - Processing /opt/airflow/dags/encryption_upload_dag.py took 0.277 seconds
[2024-06-24T03:34:25.450+0000] {processor.py:161} INFO - Started process (PID=258) to work on /opt/airflow/dags/encryption_upload_dag.py
[2024-06-24T03:34:25.451+0000] {processor.py:830} INFO - Processing file /opt/airflow/dags/encryption_upload_dag.py for tasks to queue
[2024-06-24T03:34:25.453+0000] {logging_mixin.py:188} INFO - [2024-06-24T03:34:25.452+0000] {dagbag.py:545} INFO - Filling up the DagBag from /opt/airflow/dags/encryption_upload_dag.py
[2024-06-24T03:34:25.612+0000] {processor.py:840} INFO - DAG(s) 'encryption_upload_dag' retrieved from /opt/airflow/dags/encryption_upload_dag.py
[2024-06-24T03:34:25.637+0000] {logging_mixin.py:188} INFO - [2024-06-24T03:34:25.637+0000] {dag.py:3096} INFO - Sync 1 DAGs
[2024-06-24T03:34:25.650+0000] {logging_mixin.py:188} INFO - [2024-06-24T03:34:25.650+0000] {dag.py:3954} INFO - Setting next_dagrun for encryption_upload_dag to None, run_after=None
[2024-06-24T03:34:25.721+0000] {processor.py:183} INFO - Processing /opt/airflow/dags/encryption_upload_dag.py took 0.278 seconds
[2024-06-24T03:34:55.888+0000] {processor.py:161} INFO - Started process (PID=335) to work on /opt/airflow/dags/encryption_upload_dag.py
[2024-06-24T03:34:55.889+0000] {processor.py:830} INFO - Processing file /opt/airflow/dags/encryption_upload_dag.py for tasks to queue
[2024-06-24T03:34:55.890+0000] {logging_mixin.py:188} INFO - [2024-06-24T03:34:55.890+0000] {dagbag.py:545} INFO - Filling up the DagBag from /opt/airflow/dags/encryption_upload_dag.py
[2024-06-24T03:34:56.073+0000] {processor.py:840} INFO - DAG(s) 'encryption_upload_dag' retrieved from /opt/airflow/dags/encryption_upload_dag.py
[2024-06-24T03:34:56.099+0000] {logging_mixin.py:188} INFO - [2024-06-24T03:34:56.098+0000] {dag.py:3096} INFO - Sync 1 DAGs
[2024-06-24T03:34:56.112+0000] {logging_mixin.py:188} INFO - [2024-06-24T03:34:56.111+0000] {dag.py:3954} INFO - Setting next_dagrun for encryption_upload_dag to None, run_after=None
[2024-06-24T03:34:56.141+0000] {processor.py:183} INFO - Processing /opt/airflow/dags/encryption_upload_dag.py took 0.259 seconds
[2024-06-24T03:35:26.612+0000] {processor.py:161} INFO - Started process (PID=424) to work on /opt/airflow/dags/encryption_upload_dag.py
[2024-06-24T03:35:26.613+0000] {processor.py:830} INFO - Processing file /opt/airflow/dags/encryption_upload_dag.py for tasks to queue
[2024-06-24T03:35:26.614+0000] {logging_mixin.py:188} INFO - [2024-06-24T03:35:26.613+0000] {dagbag.py:545} INFO - Filling up the DagBag from /opt/airflow/dags/encryption_upload_dag.py
[2024-06-24T03:35:26.802+0000] {processor.py:840} INFO - DAG(s) 'encryption_upload_dag' retrieved from /opt/airflow/dags/encryption_upload_dag.py
[2024-06-24T03:35:26.826+0000] {logging_mixin.py:188} INFO - [2024-06-24T03:35:26.826+0000] {dag.py:3096} INFO - Sync 1 DAGs
[2024-06-24T03:35:26.839+0000] {logging_mixin.py:188} INFO - [2024-06-24T03:35:26.839+0000] {dag.py:3954} INFO - Setting next_dagrun for encryption_upload_dag to None, run_after=None
[2024-06-24T03:35:26.867+0000] {processor.py:183} INFO - Processing /opt/airflow/dags/encryption_upload_dag.py took 0.264 seconds
[2024-06-24T03:35:57.765+0000] {processor.py:161} INFO - Started process (PID=513) to work on /opt/airflow/dags/encryption_upload_dag.py
[2024-06-24T03:35:57.766+0000] {processor.py:830} INFO - Processing file /opt/airflow/dags/encryption_upload_dag.py for tasks to queue
[2024-06-24T03:35:57.767+0000] {logging_mixin.py:188} INFO - [2024-06-24T03:35:57.767+0000] {dagbag.py:545} INFO - Filling up the DagBag from /opt/airflow/dags/encryption_upload_dag.py
[2024-06-24T03:35:57.903+0000] {processor.py:840} INFO - DAG(s) 'encryption_upload_dag' retrieved from /opt/airflow/dags/encryption_upload_dag.py
[2024-06-24T03:35:57.925+0000] {logging_mixin.py:188} INFO - [2024-06-24T03:35:57.924+0000] {dag.py:3096} INFO - Sync 1 DAGs
[2024-06-24T03:35:57.938+0000] {logging_mixin.py:188} INFO - [2024-06-24T03:35:57.937+0000] {dag.py:3954} INFO - Setting next_dagrun for encryption_upload_dag to None, run_after=None
[2024-06-24T03:35:57.962+0000] {processor.py:183} INFO - Processing /opt/airflow/dags/encryption_upload_dag.py took 0.203 seconds
[2024-06-24T03:36:28.563+0000] {processor.py:161} INFO - Started process (PID=602) to work on /opt/airflow/dags/encryption_upload_dag.py
[2024-06-24T03:36:28.565+0000] {processor.py:830} INFO - Processing file /opt/airflow/dags/encryption_upload_dag.py for tasks to queue
[2024-06-24T03:36:28.566+0000] {logging_mixin.py:188} INFO - [2024-06-24T03:36:28.565+0000] {dagbag.py:545} INFO - Filling up the DagBag from /opt/airflow/dags/encryption_upload_dag.py
[2024-06-24T03:36:28.713+0000] {processor.py:840} INFO - DAG(s) 'encryption_upload_dag' retrieved from /opt/airflow/dags/encryption_upload_dag.py
[2024-06-24T03:36:28.739+0000] {logging_mixin.py:188} INFO - [2024-06-24T03:36:28.739+0000] {dag.py:3096} INFO - Sync 1 DAGs
[2024-06-24T03:36:28.752+0000] {logging_mixin.py:188} INFO - [2024-06-24T03:36:28.752+0000] {dag.py:3954} INFO - Setting next_dagrun for encryption_upload_dag to None, run_after=None
[2024-06-24T03:36:28.775+0000] {processor.py:183} INFO - Processing /opt/airflow/dags/encryption_upload_dag.py took 0.218 seconds
[2024-06-24T03:37:24.690+0000] {processor.py:161} INFO - Started process (PID=687) to work on /opt/airflow/dags/encryption_upload_dag.py
[2024-06-24T03:37:24.708+0000] {processor.py:830} INFO - Processing file /opt/airflow/dags/encryption_upload_dag.py for tasks to queue
[2024-06-24T03:37:24.732+0000] {logging_mixin.py:188} INFO - [2024-06-24T03:37:24.721+0000] {dagbag.py:545} INFO - Filling up the DagBag from /opt/airflow/dags/encryption_upload_dag.py
[2024-06-24T03:37:25.671+0000] {processor.py:840} INFO - DAG(s) 'encryption_upload_dag' retrieved from /opt/airflow/dags/encryption_upload_dag.py
[2024-06-24T03:37:25.733+0000] {logging_mixin.py:188} INFO - [2024-06-24T03:37:25.732+0000] {dag.py:3096} INFO - Sync 1 DAGs
[2024-06-24T03:37:25.769+0000] {logging_mixin.py:188} INFO - [2024-06-24T03:37:25.768+0000] {dag.py:3954} INFO - Setting next_dagrun for encryption_upload_dag to None, run_after=None
[2024-06-24T03:37:25.809+0000] {processor.py:183} INFO - Processing /opt/airflow/dags/encryption_upload_dag.py took 1.248 seconds
[2024-06-24T03:37:56.890+0000] {processor.py:161} INFO - Started process (PID=793) to work on /opt/airflow/dags/encryption_upload_dag.py
[2024-06-24T03:37:56.891+0000] {processor.py:830} INFO - Processing file /opt/airflow/dags/encryption_upload_dag.py for tasks to queue
[2024-06-24T03:37:56.892+0000] {logging_mixin.py:188} INFO - [2024-06-24T03:37:56.892+0000] {dagbag.py:545} INFO - Filling up the DagBag from /opt/airflow/dags/encryption_upload_dag.py
[2024-06-24T03:37:57.055+0000] {processor.py:840} INFO - DAG(s) 'encryption_upload_dag' retrieved from /opt/airflow/dags/encryption_upload_dag.py
[2024-06-24T03:37:57.087+0000] {logging_mixin.py:188} INFO - [2024-06-24T03:37:57.087+0000] {dag.py:3096} INFO - Sync 1 DAGs
[2024-06-24T03:37:57.105+0000] {logging_mixin.py:188} INFO - [2024-06-24T03:37:57.104+0000] {dag.py:3954} INFO - Setting next_dagrun for encryption_upload_dag to None, run_after=None
[2024-06-24T03:37:57.128+0000] {processor.py:183} INFO - Processing /opt/airflow/dags/encryption_upload_dag.py took 0.244 seconds
[2024-06-24T03:38:28.404+0000] {processor.py:161} INFO - Started process (PID=882) to work on /opt/airflow/dags/encryption_upload_dag.py
[2024-06-24T03:38:28.405+0000] {processor.py:830} INFO - Processing file /opt/airflow/dags/encryption_upload_dag.py for tasks to queue
[2024-06-24T03:38:28.406+0000] {logging_mixin.py:188} INFO - [2024-06-24T03:38:28.406+0000] {dagbag.py:545} INFO - Filling up the DagBag from /opt/airflow/dags/encryption_upload_dag.py
[2024-06-24T03:38:28.577+0000] {processor.py:840} INFO - DAG(s) 'encryption_upload_dag' retrieved from /opt/airflow/dags/encryption_upload_dag.py
[2024-06-24T03:38:28.607+0000] {logging_mixin.py:188} INFO - [2024-06-24T03:38:28.607+0000] {dag.py:3096} INFO - Sync 1 DAGs
[2024-06-24T03:38:28.622+0000] {logging_mixin.py:188} INFO - [2024-06-24T03:38:28.622+0000] {dag.py:3954} INFO - Setting next_dagrun for encryption_upload_dag to None, run_after=None
[2024-06-24T03:38:28.648+0000] {processor.py:183} INFO - Processing /opt/airflow/dags/encryption_upload_dag.py took 0.251 seconds
[2024-06-24T03:39:00.290+0000] {processor.py:161} INFO - Started process (PID=985) to work on /opt/airflow/dags/encryption_upload_dag.py
[2024-06-24T03:39:00.291+0000] {processor.py:830} INFO - Processing file /opt/airflow/dags/encryption_upload_dag.py for tasks to queue
[2024-06-24T03:39:00.293+0000] {logging_mixin.py:188} INFO - [2024-06-24T03:39:00.292+0000] {dagbag.py:545} INFO - Filling up the DagBag from /opt/airflow/dags/encryption_upload_dag.py
[2024-06-24T03:39:00.475+0000] {processor.py:840} INFO - DAG(s) 'encryption_upload_dag' retrieved from /opt/airflow/dags/encryption_upload_dag.py
[2024-06-24T03:39:00.508+0000] {logging_mixin.py:188} INFO - [2024-06-24T03:39:00.508+0000] {dag.py:3096} INFO - Sync 1 DAGs
[2024-06-24T03:39:00.524+0000] {logging_mixin.py:188} INFO - [2024-06-24T03:39:00.523+0000] {dag.py:3954} INFO - Setting next_dagrun for encryption_upload_dag to None, run_after=None
[2024-06-24T03:39:00.551+0000] {processor.py:183} INFO - Processing /opt/airflow/dags/encryption_upload_dag.py took 0.270 seconds
[2024-06-24T03:39:48.747+0000] {processor.py:161} INFO - Started process (PID=1063) to work on /opt/airflow/dags/encryption_upload_dag.py
[2024-06-24T03:39:48.749+0000] {processor.py:830} INFO - Processing file /opt/airflow/dags/encryption_upload_dag.py for tasks to queue
[2024-06-24T03:39:48.751+0000] {logging_mixin.py:188} INFO - [2024-06-24T03:39:48.750+0000] {dagbag.py:545} INFO - Filling up the DagBag from /opt/airflow/dags/encryption_upload_dag.py
[2024-06-24T03:39:49.040+0000] {processor.py:840} INFO - DAG(s) 'encryption_upload_dag' retrieved from /opt/airflow/dags/encryption_upload_dag.py
[2024-06-24T03:39:49.104+0000] {logging_mixin.py:188} INFO - [2024-06-24T03:39:49.104+0000] {dag.py:3096} INFO - Sync 1 DAGs
[2024-06-24T03:39:49.146+0000] {logging_mixin.py:188} INFO - [2024-06-24T03:39:49.145+0000] {dag.py:3954} INFO - Setting next_dagrun for encryption_upload_dag to None, run_after=None
[2024-06-24T03:39:49.191+0000] {processor.py:183} INFO - Processing /opt/airflow/dags/encryption_upload_dag.py took 0.454 seconds
[2024-06-24T03:41:05.658+0000] {processor.py:161} INFO - Started process (PID=1144) to work on /opt/airflow/dags/encryption_upload_dag.py
[2024-06-24T03:41:05.661+0000] {processor.py:830} INFO - Processing file /opt/airflow/dags/encryption_upload_dag.py for tasks to queue
[2024-06-24T03:41:05.663+0000] {logging_mixin.py:188} INFO - [2024-06-24T03:41:05.662+0000] {dagbag.py:545} INFO - Filling up the DagBag from /opt/airflow/dags/encryption_upload_dag.py
[2024-06-24T03:41:06.750+0000] {processor.py:840} INFO - DAG(s) 'encryption_upload_dag' retrieved from /opt/airflow/dags/encryption_upload_dag.py
[2024-06-24T03:41:09.721+0000] {logging_mixin.py:188} INFO - [2024-06-24T03:41:09.720+0000] {dag.py:3096} INFO - Sync 1 DAGs
[2024-06-24T03:41:09.790+0000] {logging_mixin.py:188} INFO - [2024-06-24T03:41:09.789+0000] {dag.py:3954} INFO - Setting next_dagrun for encryption_upload_dag to None, run_after=None
[2024-06-24T03:41:09.847+0000] {processor.py:183} INFO - Processing /opt/airflow/dags/encryption_upload_dag.py took 4.198 seconds
[2024-06-24T03:41:41.056+0000] {processor.py:161} INFO - Started process (PID=1216) to work on /opt/airflow/dags/encryption_upload_dag.py
[2024-06-24T03:41:41.057+0000] {processor.py:830} INFO - Processing file /opt/airflow/dags/encryption_upload_dag.py for tasks to queue
[2024-06-24T03:41:41.059+0000] {logging_mixin.py:188} INFO - [2024-06-24T03:41:41.058+0000] {dagbag.py:545} INFO - Filling up the DagBag from /opt/airflow/dags/encryption_upload_dag.py
[2024-06-24T03:41:41.520+0000] {processor.py:840} INFO - DAG(s) 'encryption_upload_dag' retrieved from /opt/airflow/dags/encryption_upload_dag.py
[2024-06-24T03:41:44.082+0000] {logging_mixin.py:188} INFO - [2024-06-24T03:41:44.080+0000] {dag.py:3096} INFO - Sync 1 DAGs
[2024-06-24T03:41:44.102+0000] {logging_mixin.py:188} INFO - [2024-06-24T03:41:44.102+0000] {dag.py:3954} INFO - Setting next_dagrun for encryption_upload_dag to None, run_after=None
[2024-06-24T03:41:44.139+0000] {processor.py:183} INFO - Processing /opt/airflow/dags/encryption_upload_dag.py took 3.095 seconds
[2024-06-24T03:42:14.341+0000] {processor.py:161} INFO - Started process (PID=1311) to work on /opt/airflow/dags/encryption_upload_dag.py
[2024-06-24T03:42:14.343+0000] {processor.py:830} INFO - Processing file /opt/airflow/dags/encryption_upload_dag.py for tasks to queue
[2024-06-24T03:42:14.345+0000] {logging_mixin.py:188} INFO - [2024-06-24T03:42:14.344+0000] {dagbag.py:545} INFO - Filling up the DagBag from /opt/airflow/dags/encryption_upload_dag.py
[2024-06-24T03:42:14.782+0000] {processor.py:840} INFO - DAG(s) 'encryption_upload_dag' retrieved from /opt/airflow/dags/encryption_upload_dag.py
[2024-06-24T03:42:14.818+0000] {logging_mixin.py:188} INFO - [2024-06-24T03:42:14.817+0000] {dag.py:3096} INFO - Sync 1 DAGs
[2024-06-24T03:42:14.835+0000] {logging_mixin.py:188} INFO - [2024-06-24T03:42:14.834+0000] {dag.py:3954} INFO - Setting next_dagrun for encryption_upload_dag to None, run_after=None
[2024-06-24T03:42:14.870+0000] {processor.py:183} INFO - Processing /opt/airflow/dags/encryption_upload_dag.py took 0.551 seconds
[2024-06-24T03:43:27.497+0000] {processor.py:161} INFO - Started process (PID=1415) to work on /opt/airflow/dags/encryption_upload_dag.py
[2024-06-24T03:43:27.498+0000] {processor.py:830} INFO - Processing file /opt/airflow/dags/encryption_upload_dag.py for tasks to queue
[2024-06-24T03:43:27.499+0000] {logging_mixin.py:188} INFO - [2024-06-24T03:43:27.499+0000] {dagbag.py:545} INFO - Filling up the DagBag from /opt/airflow/dags/encryption_upload_dag.py
[2024-06-24T03:43:27.681+0000] {processor.py:840} INFO - DAG(s) 'encryption_upload_dag' retrieved from /opt/airflow/dags/encryption_upload_dag.py
[2024-06-24T03:43:27.715+0000] {logging_mixin.py:188} INFO - [2024-06-24T03:43:27.714+0000] {dag.py:3096} INFO - Sync 1 DAGs
[2024-06-24T03:43:27.732+0000] {logging_mixin.py:188} INFO - [2024-06-24T03:43:27.732+0000] {dag.py:3954} INFO - Setting next_dagrun for encryption_upload_dag to None, run_after=None
[2024-06-24T03:43:27.758+0000] {processor.py:183} INFO - Processing /opt/airflow/dags/encryption_upload_dag.py took 0.268 seconds
[2024-06-24T03:44:42.898+0000] {processor.py:161} INFO - Started process (PID=1484) to work on /opt/airflow/dags/encryption_upload_dag.py
[2024-06-24T03:44:42.916+0000] {processor.py:830} INFO - Processing file /opt/airflow/dags/encryption_upload_dag.py for tasks to queue
[2024-06-24T03:44:42.924+0000] {logging_mixin.py:188} INFO - [2024-06-24T03:44:42.919+0000] {dagbag.py:545} INFO - Filling up the DagBag from /opt/airflow/dags/encryption_upload_dag.py
[2024-06-24T03:44:44.150+0000] {processor.py:840} INFO - DAG(s) 'encryption_upload_dag' retrieved from /opt/airflow/dags/encryption_upload_dag.py
[2024-06-24T03:44:44.322+0000] {logging_mixin.py:188} INFO - [2024-06-24T03:44:44.322+0000] {dag.py:3096} INFO - Sync 1 DAGs
[2024-06-24T03:44:44.348+0000] {logging_mixin.py:188} INFO - [2024-06-24T03:44:44.347+0000] {dag.py:3954} INFO - Setting next_dagrun for encryption_upload_dag to None, run_after=None
[2024-06-24T03:44:44.395+0000] {processor.py:183} INFO - Processing /opt/airflow/dags/encryption_upload_dag.py took 1.571 seconds
[2024-06-24T03:45:14.631+0000] {processor.py:161} INFO - Started process (PID=1545) to work on /opt/airflow/dags/encryption_upload_dag.py
[2024-06-24T03:45:14.632+0000] {processor.py:830} INFO - Processing file /opt/airflow/dags/encryption_upload_dag.py for tasks to queue
[2024-06-24T03:45:14.634+0000] {logging_mixin.py:188} INFO - [2024-06-24T03:45:14.633+0000] {dagbag.py:545} INFO - Filling up the DagBag from /opt/airflow/dags/encryption_upload_dag.py
[2024-06-24T03:45:14.816+0000] {processor.py:840} INFO - DAG(s) 'encryption_upload_dag' retrieved from /opt/airflow/dags/encryption_upload_dag.py
[2024-06-24T03:45:14.847+0000] {logging_mixin.py:188} INFO - [2024-06-24T03:45:14.846+0000] {dag.py:3096} INFO - Sync 1 DAGs
[2024-06-24T03:45:14.859+0000] {logging_mixin.py:188} INFO - [2024-06-24T03:45:14.859+0000] {dag.py:3954} INFO - Setting next_dagrun for encryption_upload_dag to None, run_after=None
[2024-06-24T03:45:14.884+0000] {processor.py:183} INFO - Processing /opt/airflow/dags/encryption_upload_dag.py took 0.259 seconds
[2024-06-24T03:45:45.609+0000] {processor.py:161} INFO - Started process (PID=1594) to work on /opt/airflow/dags/encryption_upload_dag.py
[2024-06-24T03:45:45.611+0000] {processor.py:830} INFO - Processing file /opt/airflow/dags/encryption_upload_dag.py for tasks to queue
[2024-06-24T03:45:45.612+0000] {logging_mixin.py:188} INFO - [2024-06-24T03:45:45.612+0000] {dagbag.py:545} INFO - Filling up the DagBag from /opt/airflow/dags/encryption_upload_dag.py
[2024-06-24T03:45:45.766+0000] {processor.py:840} INFO - DAG(s) 'encryption_upload_dag' retrieved from /opt/airflow/dags/encryption_upload_dag.py
[2024-06-24T03:45:45.791+0000] {logging_mixin.py:188} INFO - [2024-06-24T03:45:45.791+0000] {dag.py:3096} INFO - Sync 1 DAGs
[2024-06-24T03:45:45.805+0000] {logging_mixin.py:188} INFO - [2024-06-24T03:45:45.805+0000] {dag.py:3954} INFO - Setting next_dagrun for encryption_upload_dag to None, run_after=None
[2024-06-24T03:45:45.829+0000] {processor.py:183} INFO - Processing /opt/airflow/dags/encryption_upload_dag.py took 0.227 seconds
[2024-06-24T03:46:15.931+0000] {processor.py:161} INFO - Started process (PID=1653) to work on /opt/airflow/dags/encryption_upload_dag.py
[2024-06-24T03:46:15.932+0000] {processor.py:830} INFO - Processing file /opt/airflow/dags/encryption_upload_dag.py for tasks to queue
[2024-06-24T03:46:15.933+0000] {logging_mixin.py:188} INFO - [2024-06-24T03:46:15.933+0000] {dagbag.py:545} INFO - Filling up the DagBag from /opt/airflow/dags/encryption_upload_dag.py
[2024-06-24T03:46:16.085+0000] {processor.py:840} INFO - DAG(s) 'encryption_upload_dag' retrieved from /opt/airflow/dags/encryption_upload_dag.py
[2024-06-24T03:46:16.108+0000] {logging_mixin.py:188} INFO - [2024-06-24T03:46:16.108+0000] {dag.py:3096} INFO - Sync 1 DAGs
[2024-06-24T03:46:16.121+0000] {logging_mixin.py:188} INFO - [2024-06-24T03:46:16.121+0000] {dag.py:3954} INFO - Setting next_dagrun for encryption_upload_dag to None, run_after=None
[2024-06-24T03:46:16.146+0000] {processor.py:183} INFO - Processing /opt/airflow/dags/encryption_upload_dag.py took 0.221 seconds
[2024-06-24T04:19:09.750+0000] {processor.py:161} INFO - Started process (PID=50) to work on /opt/airflow/dags/encryption_upload_dag.py
[2024-06-24T04:19:09.761+0000] {processor.py:830} INFO - Processing file /opt/airflow/dags/encryption_upload_dag.py for tasks to queue
[2024-06-24T04:19:09.798+0000] {logging_mixin.py:188} INFO - [2024-06-24T04:19:09.791+0000] {dagbag.py:545} INFO - Filling up the DagBag from /opt/airflow/dags/encryption_upload_dag.py
[2024-06-24T04:19:13.289+0000] {processor.py:840} INFO - DAG(s) 'encryption_upload_dag' retrieved from /opt/airflow/dags/encryption_upload_dag.py
[2024-06-24T04:19:13.587+0000] {logging_mixin.py:188} INFO - [2024-06-24T04:19:13.585+0000] {dag.py:3096} INFO - Sync 1 DAGs
[2024-06-24T04:19:13.624+0000] {logging_mixin.py:188} INFO - [2024-06-24T04:19:13.623+0000] {dag.py:3954} INFO - Setting next_dagrun for encryption_upload_dag to None, run_after=None
[2024-06-24T04:19:13.672+0000] {processor.py:183} INFO - Processing /opt/airflow/dags/encryption_upload_dag.py took 3.990 seconds
[2024-06-24T04:19:44.364+0000] {processor.py:161} INFO - Started process (PID=109) to work on /opt/airflow/dags/encryption_upload_dag.py
[2024-06-24T04:19:44.367+0000] {processor.py:830} INFO - Processing file /opt/airflow/dags/encryption_upload_dag.py for tasks to queue
[2024-06-24T04:19:44.371+0000] {logging_mixin.py:188} INFO - [2024-06-24T04:19:44.371+0000] {dagbag.py:545} INFO - Filling up the DagBag from /opt/airflow/dags/encryption_upload_dag.py
[2024-06-24T04:19:44.654+0000] {processor.py:840} INFO - DAG(s) 'encryption_upload_dag' retrieved from /opt/airflow/dags/encryption_upload_dag.py
[2024-06-24T04:19:44.696+0000] {logging_mixin.py:188} INFO - [2024-06-24T04:19:44.695+0000] {dag.py:3096} INFO - Sync 1 DAGs
[2024-06-24T04:19:44.719+0000] {logging_mixin.py:188} INFO - [2024-06-24T04:19:44.719+0000] {dag.py:3954} INFO - Setting next_dagrun for encryption_upload_dag to None, run_after=None
[2024-06-24T04:19:44.753+0000] {processor.py:183} INFO - Processing /opt/airflow/dags/encryption_upload_dag.py took 0.397 seconds
[2024-06-24T04:20:15.355+0000] {processor.py:161} INFO - Started process (PID=170) to work on /opt/airflow/dags/encryption_upload_dag.py
[2024-06-24T04:20:15.358+0000] {processor.py:830} INFO - Processing file /opt/airflow/dags/encryption_upload_dag.py for tasks to queue
[2024-06-24T04:20:15.363+0000] {logging_mixin.py:188} INFO - [2024-06-24T04:20:15.362+0000] {dagbag.py:545} INFO - Filling up the DagBag from /opt/airflow/dags/encryption_upload_dag.py
[2024-06-24T04:20:15.847+0000] {processor.py:840} INFO - DAG(s) 'encryption_upload_dag' retrieved from /opt/airflow/dags/encryption_upload_dag.py
[2024-06-24T04:20:15.911+0000] {logging_mixin.py:188} INFO - [2024-06-24T04:20:15.910+0000] {dag.py:3096} INFO - Sync 1 DAGs
[2024-06-24T04:20:15.947+0000] {logging_mixin.py:188} INFO - [2024-06-24T04:20:15.947+0000] {dag.py:3954} INFO - Setting next_dagrun for encryption_upload_dag to None, run_after=None
[2024-06-24T04:20:15.988+0000] {processor.py:183} INFO - Processing /opt/airflow/dags/encryption_upload_dag.py took 0.647 seconds
[2024-06-24T04:20:46.204+0000] {processor.py:161} INFO - Started process (PID=231) to work on /opt/airflow/dags/encryption_upload_dag.py
[2024-06-24T04:20:46.206+0000] {processor.py:830} INFO - Processing file /opt/airflow/dags/encryption_upload_dag.py for tasks to queue
[2024-06-24T04:20:46.209+0000] {logging_mixin.py:188} INFO - [2024-06-24T04:20:46.209+0000] {dagbag.py:545} INFO - Filling up the DagBag from /opt/airflow/dags/encryption_upload_dag.py
[2024-06-24T04:20:46.490+0000] {processor.py:840} INFO - DAG(s) 'encryption_upload_dag' retrieved from /opt/airflow/dags/encryption_upload_dag.py
[2024-06-24T04:20:46.544+0000] {logging_mixin.py:188} INFO - [2024-06-24T04:20:46.542+0000] {dag.py:3096} INFO - Sync 1 DAGs
[2024-06-24T04:20:46.570+0000] {logging_mixin.py:188} INFO - [2024-06-24T04:20:46.569+0000] {dag.py:3954} INFO - Setting next_dagrun for encryption_upload_dag to None, run_after=None
[2024-06-24T04:20:46.618+0000] {processor.py:183} INFO - Processing /opt/airflow/dags/encryption_upload_dag.py took 0.424 seconds
[2024-06-24T04:21:17.157+0000] {processor.py:161} INFO - Started process (PID=296) to work on /opt/airflow/dags/encryption_upload_dag.py
[2024-06-24T04:21:17.160+0000] {processor.py:830} INFO - Processing file /opt/airflow/dags/encryption_upload_dag.py for tasks to queue
[2024-06-24T04:21:17.163+0000] {logging_mixin.py:188} INFO - [2024-06-24T04:21:17.162+0000] {dagbag.py:545} INFO - Filling up the DagBag from /opt/airflow/dags/encryption_upload_dag.py
[2024-06-24T04:21:17.404+0000] {processor.py:840} INFO - DAG(s) 'encryption_upload_dag' retrieved from /opt/airflow/dags/encryption_upload_dag.py
[2024-06-24T04:21:17.452+0000] {logging_mixin.py:188} INFO - [2024-06-24T04:21:17.451+0000] {dag.py:3096} INFO - Sync 1 DAGs
[2024-06-24T04:21:17.475+0000] {logging_mixin.py:188} INFO - [2024-06-24T04:21:17.475+0000] {dag.py:3954} INFO - Setting next_dagrun for encryption_upload_dag to None, run_after=None
[2024-06-24T04:21:17.507+0000] {processor.py:183} INFO - Processing /opt/airflow/dags/encryption_upload_dag.py took 0.367 seconds
[2024-06-24T04:22:08.339+0000] {processor.py:161} INFO - Started process (PID=339) to work on /opt/airflow/dags/encryption_upload_dag.py
[2024-06-24T04:22:08.341+0000] {processor.py:830} INFO - Processing file /opt/airflow/dags/encryption_upload_dag.py for tasks to queue
[2024-06-24T04:22:08.360+0000] {logging_mixin.py:188} INFO - [2024-06-24T04:22:08.356+0000] {dagbag.py:545} INFO - Filling up the DagBag from /opt/airflow/dags/encryption_upload_dag.py
[2024-06-24T04:22:08.872+0000] {processor.py:840} INFO - DAG(s) 'encryption_upload_dag' retrieved from /opt/airflow/dags/encryption_upload_dag.py
[2024-06-24T04:22:08.922+0000] {logging_mixin.py:188} INFO - [2024-06-24T04:22:08.921+0000] {dag.py:3096} INFO - Sync 1 DAGs
[2024-06-24T04:22:08.949+0000] {logging_mixin.py:188} INFO - [2024-06-24T04:22:08.949+0000] {dag.py:3954} INFO - Setting next_dagrun for encryption_upload_dag to None, run_after=None
[2024-06-24T04:22:09.020+0000] {processor.py:183} INFO - Processing /opt/airflow/dags/encryption_upload_dag.py took 0.799 seconds
[2024-06-24T04:22:39.439+0000] {processor.py:161} INFO - Started process (PID=393) to work on /opt/airflow/dags/encryption_upload_dag.py
[2024-06-24T04:22:39.440+0000] {processor.py:830} INFO - Processing file /opt/airflow/dags/encryption_upload_dag.py for tasks to queue
[2024-06-24T04:22:39.443+0000] {logging_mixin.py:188} INFO - [2024-06-24T04:22:39.442+0000] {dagbag.py:545} INFO - Filling up the DagBag from /opt/airflow/dags/encryption_upload_dag.py
[2024-06-24T04:22:39.711+0000] {processor.py:840} INFO - DAG(s) 'encryption_upload_dag' retrieved from /opt/airflow/dags/encryption_upload_dag.py
[2024-06-24T04:22:39.782+0000] {logging_mixin.py:188} INFO - [2024-06-24T04:22:39.780+0000] {dag.py:3096} INFO - Sync 1 DAGs
[2024-06-24T04:22:39.822+0000] {logging_mixin.py:188} INFO - [2024-06-24T04:22:39.821+0000] {dag.py:3954} INFO - Setting next_dagrun for encryption_upload_dag to None, run_after=None
[2024-06-24T04:22:39.919+0000] {processor.py:183} INFO - Processing /opt/airflow/dags/encryption_upload_dag.py took 0.489 seconds
[2024-06-24T04:23:10.367+0000] {processor.py:161} INFO - Started process (PID=453) to work on /opt/airflow/dags/encryption_upload_dag.py
[2024-06-24T04:23:10.368+0000] {processor.py:830} INFO - Processing file /opt/airflow/dags/encryption_upload_dag.py for tasks to queue
[2024-06-24T04:23:10.371+0000] {logging_mixin.py:188} INFO - [2024-06-24T04:23:10.370+0000] {dagbag.py:545} INFO - Filling up the DagBag from /opt/airflow/dags/encryption_upload_dag.py
[2024-06-24T04:23:10.639+0000] {processor.py:840} INFO - DAG(s) 'encryption_upload_dag' retrieved from /opt/airflow/dags/encryption_upload_dag.py
[2024-06-24T04:23:10.712+0000] {logging_mixin.py:188} INFO - [2024-06-24T04:23:10.711+0000] {dag.py:3096} INFO - Sync 1 DAGs
[2024-06-24T04:23:10.746+0000] {logging_mixin.py:188} INFO - [2024-06-24T04:23:10.746+0000] {dag.py:3954} INFO - Setting next_dagrun for encryption_upload_dag to None, run_after=None
[2024-06-24T04:23:10.798+0000] {processor.py:183} INFO - Processing /opt/airflow/dags/encryption_upload_dag.py took 0.445 seconds
[2024-06-24T04:23:41.012+0000] {processor.py:161} INFO - Started process (PID=502) to work on /opt/airflow/dags/encryption_upload_dag.py
[2024-06-24T04:23:41.014+0000] {processor.py:830} INFO - Processing file /opt/airflow/dags/encryption_upload_dag.py for tasks to queue
[2024-06-24T04:23:41.017+0000] {logging_mixin.py:188} INFO - [2024-06-24T04:23:41.016+0000] {dagbag.py:545} INFO - Filling up the DagBag from /opt/airflow/dags/encryption_upload_dag.py
[2024-06-24T04:23:41.292+0000] {processor.py:840} INFO - DAG(s) 'encryption_upload_dag' retrieved from /opt/airflow/dags/encryption_upload_dag.py
[2024-06-24T04:23:41.329+0000] {logging_mixin.py:188} INFO - [2024-06-24T04:23:41.328+0000] {dag.py:3096} INFO - Sync 1 DAGs
[2024-06-24T04:23:41.351+0000] {logging_mixin.py:188} INFO - [2024-06-24T04:23:41.351+0000] {dag.py:3954} INFO - Setting next_dagrun for encryption_upload_dag to None, run_after=None
[2024-06-24T04:23:41.380+0000] {processor.py:183} INFO - Processing /opt/airflow/dags/encryption_upload_dag.py took 0.376 seconds
[2024-06-24T04:24:11.905+0000] {processor.py:161} INFO - Started process (PID=563) to work on /opt/airflow/dags/encryption_upload_dag.py
[2024-06-24T04:24:11.923+0000] {processor.py:830} INFO - Processing file /opt/airflow/dags/encryption_upload_dag.py for tasks to queue
[2024-06-24T04:24:11.931+0000] {logging_mixin.py:188} INFO - [2024-06-24T04:24:11.930+0000] {dagbag.py:545} INFO - Filling up the DagBag from /opt/airflow/dags/encryption_upload_dag.py
[2024-06-24T04:24:12.366+0000] {processor.py:840} INFO - DAG(s) 'encryption_upload_dag' retrieved from /opt/airflow/dags/encryption_upload_dag.py
[2024-06-24T04:24:12.433+0000] {logging_mixin.py:188} INFO - [2024-06-24T04:24:12.432+0000] {dag.py:3096} INFO - Sync 1 DAGs
[2024-06-24T04:24:12.479+0000] {logging_mixin.py:188} INFO - [2024-06-24T04:24:12.477+0000] {dag.py:3954} INFO - Setting next_dagrun for encryption_upload_dag to None, run_after=None
[2024-06-24T04:24:12.538+0000] {processor.py:183} INFO - Processing /opt/airflow/dags/encryption_upload_dag.py took 0.659 seconds
[2024-06-24T04:24:42.812+0000] {processor.py:161} INFO - Started process (PID=624) to work on /opt/airflow/dags/encryption_upload_dag.py
[2024-06-24T04:24:42.813+0000] {processor.py:830} INFO - Processing file /opt/airflow/dags/encryption_upload_dag.py for tasks to queue
[2024-06-24T04:24:42.816+0000] {logging_mixin.py:188} INFO - [2024-06-24T04:24:42.816+0000] {dagbag.py:545} INFO - Filling up the DagBag from /opt/airflow/dags/encryption_upload_dag.py
[2024-06-24T04:24:43.102+0000] {processor.py:840} INFO - DAG(s) 'encryption_upload_dag' retrieved from /opt/airflow/dags/encryption_upload_dag.py
[2024-06-24T04:24:43.142+0000] {logging_mixin.py:188} INFO - [2024-06-24T04:24:43.142+0000] {dag.py:3096} INFO - Sync 1 DAGs
[2024-06-24T04:24:43.159+0000] {logging_mixin.py:188} INFO - [2024-06-24T04:24:43.159+0000] {dag.py:3954} INFO - Setting next_dagrun for encryption_upload_dag to None, run_after=None
[2024-06-24T04:24:43.190+0000] {processor.py:183} INFO - Processing /opt/airflow/dags/encryption_upload_dag.py took 0.390 seconds
[2024-06-24T04:25:13.580+0000] {processor.py:161} INFO - Started process (PID=685) to work on /opt/airflow/dags/encryption_upload_dag.py
[2024-06-24T04:25:13.583+0000] {processor.py:830} INFO - Processing file /opt/airflow/dags/encryption_upload_dag.py for tasks to queue
[2024-06-24T04:25:13.592+0000] {logging_mixin.py:188} INFO - [2024-06-24T04:25:13.591+0000] {dagbag.py:545} INFO - Filling up the DagBag from /opt/airflow/dags/encryption_upload_dag.py
[2024-06-24T04:25:14.005+0000] {processor.py:840} INFO - DAG(s) 'encryption_upload_dag' retrieved from /opt/airflow/dags/encryption_upload_dag.py
[2024-06-24T04:25:14.066+0000] {logging_mixin.py:188} INFO - [2024-06-24T04:25:14.065+0000] {dag.py:3096} INFO - Sync 1 DAGs
[2024-06-24T04:25:14.092+0000] {logging_mixin.py:188} INFO - [2024-06-24T04:25:14.092+0000] {dag.py:3954} INFO - Setting next_dagrun for encryption_upload_dag to None, run_after=None
[2024-06-24T04:25:14.122+0000] {processor.py:183} INFO - Processing /opt/airflow/dags/encryption_upload_dag.py took 0.563 seconds
[2024-06-24T04:25:44.431+0000] {processor.py:161} INFO - Started process (PID=745) to work on /opt/airflow/dags/encryption_upload_dag.py
[2024-06-24T04:25:44.433+0000] {processor.py:830} INFO - Processing file /opt/airflow/dags/encryption_upload_dag.py for tasks to queue
[2024-06-24T04:25:44.436+0000] {logging_mixin.py:188} INFO - [2024-06-24T04:25:44.434+0000] {dagbag.py:545} INFO - Filling up the DagBag from /opt/airflow/dags/encryption_upload_dag.py
[2024-06-24T04:25:46.849+0000] {processor.py:840} INFO - DAG(s) 'encryption_upload_dag' retrieved from /opt/airflow/dags/encryption_upload_dag.py
[2024-06-24T04:25:47.936+0000] {logging_mixin.py:188} INFO - [2024-06-24T04:25:47.933+0000] {dag.py:3096} INFO - Sync 1 DAGs
[2024-06-24T04:25:47.977+0000] {logging_mixin.py:188} INFO - [2024-06-24T04:25:47.977+0000] {dag.py:3954} INFO - Setting next_dagrun for encryption_upload_dag to None, run_after=None
[2024-06-24T04:25:48.015+0000] {processor.py:183} INFO - Processing /opt/airflow/dags/encryption_upload_dag.py took 3.600 seconds
[2024-06-24T04:26:18.186+0000] {processor.py:161} INFO - Started process (PID=793) to work on /opt/airflow/dags/encryption_upload_dag.py
[2024-06-24T04:26:18.189+0000] {processor.py:830} INFO - Processing file /opt/airflow/dags/encryption_upload_dag.py for tasks to queue
[2024-06-24T04:26:18.190+0000] {logging_mixin.py:188} INFO - [2024-06-24T04:26:18.190+0000] {dagbag.py:545} INFO - Filling up the DagBag from /opt/airflow/dags/encryption_upload_dag.py
[2024-06-24T04:26:18.462+0000] {processor.py:840} INFO - DAG(s) 'encryption_upload_dag' retrieved from /opt/airflow/dags/encryption_upload_dag.py
[2024-06-24T04:26:18.506+0000] {logging_mixin.py:188} INFO - [2024-06-24T04:26:18.505+0000] {dag.py:3096} INFO - Sync 1 DAGs
[2024-06-24T04:26:18.533+0000] {logging_mixin.py:188} INFO - [2024-06-24T04:26:18.533+0000] {dag.py:3954} INFO - Setting next_dagrun for encryption_upload_dag to None, run_after=None
[2024-06-24T04:26:18.568+0000] {processor.py:183} INFO - Processing /opt/airflow/dags/encryption_upload_dag.py took 0.391 seconds
[2024-06-24T04:33:58.819+0000] {processor.py:161} INFO - Started process (PID=1278) to work on /opt/airflow/dags/encryption_upload_dag.py
[2024-06-24T04:33:58.823+0000] {processor.py:830} INFO - Processing file /opt/airflow/dags/encryption_upload_dag.py for tasks to queue
[2024-06-24T04:33:58.826+0000] {logging_mixin.py:188} INFO - [2024-06-24T04:33:58.825+0000] {dagbag.py:545} INFO - Filling up the DagBag from /opt/airflow/dags/encryption_upload_dag.py
[2024-06-24T04:33:59.517+0000] {processor.py:840} INFO - DAG(s) 'encryption_upload_dag' retrieved from /opt/airflow/dags/encryption_upload_dag.py
[2024-06-24T04:34:00.063+0000] {logging_mixin.py:188} INFO - [2024-06-24T04:34:00.062+0000] {dag.py:3096} INFO - Sync 1 DAGs
[2024-06-24T04:34:00.079+0000] {logging_mixin.py:188} INFO - [2024-06-24T04:34:00.078+0000] {dag.py:3954} INFO - Setting next_dagrun for encryption_upload_dag to None, run_after=None
[2024-06-24T04:34:00.139+0000] {processor.py:183} INFO - Processing /opt/airflow/dags/encryption_upload_dag.py took 1.337 seconds
