[2024-06-24T02:29:16.942+0000] {processor.py:161} INFO - Started process (PID=5343) to work on /opt/airflow/dags/encriptar_csv.py
[2024-06-24T02:29:16.945+0000] {processor.py:830} INFO - Processing file /opt/airflow/dags/encriptar_csv.py for tasks to queue
[2024-06-24T02:29:16.949+0000] {logging_mixin.py:188} INFO - [2024-06-24T02:29:16.946+0000] {dagbag.py:545} INFO - Filling up the DagBag from /opt/airflow/dags/encriptar_csv.py
[2024-06-24T02:29:18.038+0000] {processor.py:840} INFO - DAG(s) 'encriptar_csv_gcs' retrieved from /opt/airflow/dags/encriptar_csv.py
[2024-06-24T02:29:30.817+0000] {logging_mixin.py:188} INFO - [2024-06-24T02:29:30.807+0000] {override.py:1829} INFO - Created Permission View: can delete on DAG:encriptar_csv_gcs
[2024-06-24T02:29:30.838+0000] {logging_mixin.py:188} INFO - [2024-06-24T02:29:30.837+0000] {override.py:1829} INFO - Created Permission View: can read on DAG:encriptar_csv_gcs
[2024-06-24T02:29:30.860+0000] {logging_mixin.py:188} INFO - [2024-06-24T02:29:30.859+0000] {override.py:1829} INFO - Created Permission View: can edit on DAG:encriptar_csv_gcs
[2024-06-24T02:29:30.861+0000] {logging_mixin.py:188} INFO - [2024-06-24T02:29:30.861+0000] {dag.py:3096} INFO - Sync 1 DAGs
[2024-06-24T02:29:30.893+0000] {logging_mixin.py:188} INFO - [2024-06-24T02:29:30.889+0000] {dag.py:3118} INFO - Creating ORM DAG for encriptar_csv_gcs
[2024-06-24T02:29:30.897+0000] {logging_mixin.py:188} INFO - [2024-06-24T02:29:30.896+0000] {dag.py:3954} INFO - Setting next_dagrun for encriptar_csv_gcs to None, run_after=None
[2024-06-24T02:29:30.949+0000] {processor.py:183} INFO - Processing /opt/airflow/dags/encriptar_csv.py took 14.045 seconds
[2024-06-24T02:30:12.402+0000] {processor.py:161} INFO - Started process (PID=5433) to work on /opt/airflow/dags/encriptar_csv.py
[2024-06-24T02:30:12.405+0000] {processor.py:830} INFO - Processing file /opt/airflow/dags/encriptar_csv.py for tasks to queue
[2024-06-24T02:30:12.408+0000] {logging_mixin.py:188} INFO - [2024-06-24T02:30:12.406+0000] {dagbag.py:545} INFO - Filling up the DagBag from /opt/airflow/dags/encriptar_csv.py
[2024-06-24T02:30:13.619+0000] {processor.py:840} INFO - DAG(s) 'encriptar_csv_gcs' retrieved from /opt/airflow/dags/encriptar_csv.py
[2024-06-24T02:30:13.654+0000] {logging_mixin.py:188} INFO - [2024-06-24T02:30:13.653+0000] {dag.py:3096} INFO - Sync 1 DAGs
[2024-06-24T02:30:13.679+0000] {logging_mixin.py:188} INFO - [2024-06-24T02:30:13.678+0000] {dag.py:3954} INFO - Setting next_dagrun for encriptar_csv_gcs to None, run_after=None
[2024-06-24T02:30:13.711+0000] {processor.py:183} INFO - Processing /opt/airflow/dags/encriptar_csv.py took 1.338 seconds
[2024-06-24T02:30:48.670+0000] {processor.py:161} INFO - Started process (PID=5531) to work on /opt/airflow/dags/encriptar_csv.py
[2024-06-24T02:30:48.671+0000] {processor.py:830} INFO - Processing file /opt/airflow/dags/encriptar_csv.py for tasks to queue
[2024-06-24T02:30:48.672+0000] {logging_mixin.py:188} INFO - [2024-06-24T02:30:48.672+0000] {dagbag.py:545} INFO - Filling up the DagBag from /opt/airflow/dags/encriptar_csv.py
[2024-06-24T02:30:48.912+0000] {processor.py:840} INFO - DAG(s) 'encriptar_csv_gcs' retrieved from /opt/airflow/dags/encriptar_csv.py
[2024-06-24T02:30:48.934+0000] {logging_mixin.py:188} INFO - [2024-06-24T02:30:48.934+0000] {dag.py:3096} INFO - Sync 1 DAGs
[2024-06-24T02:30:48.947+0000] {logging_mixin.py:188} INFO - [2024-06-24T02:30:48.947+0000] {dag.py:3954} INFO - Setting next_dagrun for encriptar_csv_gcs to None, run_after=None
[2024-06-24T02:30:48.979+0000] {processor.py:183} INFO - Processing /opt/airflow/dags/encriptar_csv.py took 0.318 seconds
[2024-06-24T02:31:47.690+0000] {processor.py:161} INFO - Started process (PID=5606) to work on /opt/airflow/dags/encriptar_csv.py
[2024-06-24T02:31:47.714+0000] {processor.py:830} INFO - Processing file /opt/airflow/dags/encriptar_csv.py for tasks to queue
[2024-06-24T02:31:47.726+0000] {logging_mixin.py:188} INFO - [2024-06-24T02:31:47.718+0000] {dagbag.py:545} INFO - Filling up the DagBag from /opt/airflow/dags/encriptar_csv.py
[2024-06-24T02:35:11.489+0000] {processor.py:161} INFO - Started process (PID=39) to work on /opt/airflow/dags/encriptar_csv.py
[2024-06-24T02:35:11.495+0000] {processor.py:830} INFO - Processing file /opt/airflow/dags/encriptar_csv.py for tasks to queue
[2024-06-24T02:35:11.500+0000] {logging_mixin.py:188} INFO - [2024-06-24T02:35:11.499+0000] {dagbag.py:545} INFO - Filling up the DagBag from /opt/airflow/dags/encriptar_csv.py
[2024-06-24T02:35:14.650+0000] {processor.py:840} INFO - DAG(s) 'encriptar_csv_gcs' retrieved from /opt/airflow/dags/encriptar_csv.py
[2024-06-24T02:35:15.741+0000] {logging_mixin.py:188} INFO - [2024-06-24T02:35:15.739+0000] {dag.py:3096} INFO - Sync 1 DAGs
[2024-06-24T02:35:15.786+0000] {logging_mixin.py:188} INFO - [2024-06-24T02:35:15.785+0000] {dag.py:3954} INFO - Setting next_dagrun for encriptar_csv_gcs to None, run_after=None
[2024-06-24T02:35:15.868+0000] {processor.py:183} INFO - Processing /opt/airflow/dags/encriptar_csv.py took 4.392 seconds
[2024-06-24T02:35:46.177+0000] {processor.py:161} INFO - Started process (PID=127) to work on /opt/airflow/dags/encriptar_csv.py
[2024-06-24T02:35:46.179+0000] {processor.py:830} INFO - Processing file /opt/airflow/dags/encriptar_csv.py for tasks to queue
[2024-06-24T02:35:46.181+0000] {logging_mixin.py:188} INFO - [2024-06-24T02:35:46.181+0000] {dagbag.py:545} INFO - Filling up the DagBag from /opt/airflow/dags/encriptar_csv.py
[2024-06-24T02:35:46.428+0000] {processor.py:840} INFO - DAG(s) 'encriptar_csv_gcs' retrieved from /opt/airflow/dags/encriptar_csv.py
[2024-06-24T02:35:46.453+0000] {logging_mixin.py:188} INFO - [2024-06-24T02:35:46.452+0000] {dag.py:3096} INFO - Sync 1 DAGs
[2024-06-24T02:35:46.470+0000] {logging_mixin.py:188} INFO - [2024-06-24T02:35:46.469+0000] {dag.py:3954} INFO - Setting next_dagrun for encriptar_csv_gcs to None, run_after=None
[2024-06-24T02:35:46.496+0000] {processor.py:183} INFO - Processing /opt/airflow/dags/encriptar_csv.py took 0.328 seconds
[2024-06-24T02:36:16.867+0000] {processor.py:161} INFO - Started process (PID=218) to work on /opt/airflow/dags/encriptar_csv.py
[2024-06-24T02:36:16.869+0000] {processor.py:830} INFO - Processing file /opt/airflow/dags/encriptar_csv.py for tasks to queue
[2024-06-24T02:36:16.871+0000] {logging_mixin.py:188} INFO - [2024-06-24T02:36:16.871+0000] {dagbag.py:545} INFO - Filling up the DagBag from /opt/airflow/dags/encriptar_csv.py
[2024-06-24T02:36:17.056+0000] {processor.py:840} INFO - DAG(s) 'encriptar_csv_gcs' retrieved from /opt/airflow/dags/encriptar_csv.py
[2024-06-24T02:36:17.097+0000] {logging_mixin.py:188} INFO - [2024-06-24T02:36:17.097+0000] {dag.py:3096} INFO - Sync 1 DAGs
[2024-06-24T02:36:17.119+0000] {logging_mixin.py:188} INFO - [2024-06-24T02:36:17.119+0000] {dag.py:3954} INFO - Setting next_dagrun for encriptar_csv_gcs to None, run_after=None
[2024-06-24T02:36:17.142+0000] {processor.py:183} INFO - Processing /opt/airflow/dags/encriptar_csv.py took 0.282 seconds
[2024-06-24T02:36:47.585+0000] {processor.py:161} INFO - Started process (PID=308) to work on /opt/airflow/dags/encriptar_csv.py
[2024-06-24T02:36:47.589+0000] {processor.py:830} INFO - Processing file /opt/airflow/dags/encriptar_csv.py for tasks to queue
[2024-06-24T02:36:47.592+0000] {logging_mixin.py:188} INFO - [2024-06-24T02:36:47.592+0000] {dagbag.py:545} INFO - Filling up the DagBag from /opt/airflow/dags/encriptar_csv.py
[2024-06-24T02:36:48.047+0000] {processor.py:840} INFO - DAG(s) 'encriptar_csv_gcs' retrieved from /opt/airflow/dags/encriptar_csv.py
[2024-06-24T02:36:57.126+0000] {logging_mixin.py:188} INFO - [2024-06-24T02:36:57.125+0000] {dag.py:3096} INFO - Sync 1 DAGs
[2024-06-24T02:36:57.151+0000] {logging_mixin.py:188} INFO - [2024-06-24T02:36:57.150+0000] {dag.py:3954} INFO - Setting next_dagrun for encriptar_csv_gcs to None, run_after=None
[2024-06-24T02:36:57.193+0000] {processor.py:183} INFO - Processing /opt/airflow/dags/encriptar_csv.py took 9.624 seconds
[2024-06-24T02:37:27.870+0000] {processor.py:161} INFO - Started process (PID=420) to work on /opt/airflow/dags/encriptar_csv.py
[2024-06-24T02:37:27.872+0000] {processor.py:830} INFO - Processing file /opt/airflow/dags/encriptar_csv.py for tasks to queue
[2024-06-24T02:37:27.886+0000] {logging_mixin.py:188} INFO - [2024-06-24T02:37:27.885+0000] {dagbag.py:545} INFO - Filling up the DagBag from /opt/airflow/dags/encriptar_csv.py
[2024-06-24T02:37:28.170+0000] {processor.py:840} INFO - DAG(s) 'encriptar_csv_gcs' retrieved from /opt/airflow/dags/encriptar_csv.py
[2024-06-24T02:37:28.212+0000] {logging_mixin.py:188} INFO - [2024-06-24T02:37:28.212+0000] {dag.py:3096} INFO - Sync 1 DAGs
[2024-06-24T02:37:28.236+0000] {logging_mixin.py:188} INFO - [2024-06-24T02:37:28.235+0000] {dag.py:3954} INFO - Setting next_dagrun for encriptar_csv_gcs to None, run_after=None
[2024-06-24T02:37:28.260+0000] {processor.py:183} INFO - Processing /opt/airflow/dags/encriptar_csv.py took 0.404 seconds
[2024-06-24T02:37:58.394+0000] {processor.py:161} INFO - Started process (PID=510) to work on /opt/airflow/dags/encriptar_csv.py
[2024-06-24T02:37:58.396+0000] {processor.py:830} INFO - Processing file /opt/airflow/dags/encriptar_csv.py for tasks to queue
[2024-06-24T02:37:58.401+0000] {logging_mixin.py:188} INFO - [2024-06-24T02:37:58.399+0000] {dagbag.py:545} INFO - Filling up the DagBag from /opt/airflow/dags/encriptar_csv.py
[2024-06-24T02:37:58.726+0000] {processor.py:840} INFO - DAG(s) 'encriptar_csv_gcs' retrieved from /opt/airflow/dags/encriptar_csv.py
[2024-06-24T02:37:58.833+0000] {logging_mixin.py:188} INFO - [2024-06-24T02:37:58.830+0000] {dag.py:3096} INFO - Sync 1 DAGs
[2024-06-24T02:37:58.853+0000] {logging_mixin.py:188} INFO - [2024-06-24T02:37:58.853+0000] {dag.py:3954} INFO - Setting next_dagrun for encriptar_csv_gcs to None, run_after=None
[2024-06-24T02:37:58.887+0000] {processor.py:183} INFO - Processing /opt/airflow/dags/encriptar_csv.py took 0.503 seconds
[2024-06-24T02:38:29.043+0000] {processor.py:161} INFO - Started process (PID=600) to work on /opt/airflow/dags/encriptar_csv.py
[2024-06-24T02:38:29.046+0000] {processor.py:830} INFO - Processing file /opt/airflow/dags/encriptar_csv.py for tasks to queue
[2024-06-24T02:38:29.053+0000] {logging_mixin.py:188} INFO - [2024-06-24T02:38:29.049+0000] {dagbag.py:545} INFO - Filling up the DagBag from /opt/airflow/dags/encriptar_csv.py
[2024-06-24T02:38:29.422+0000] {processor.py:840} INFO - DAG(s) 'encriptar_csv_gcs' retrieved from /opt/airflow/dags/encriptar_csv.py
[2024-06-24T02:38:29.537+0000] {logging_mixin.py:188} INFO - [2024-06-24T02:38:29.533+0000] {dag.py:3096} INFO - Sync 1 DAGs
[2024-06-24T02:38:29.556+0000] {logging_mixin.py:188} INFO - [2024-06-24T02:38:29.556+0000] {dag.py:3954} INFO - Setting next_dagrun for encriptar_csv_gcs to None, run_after=None
[2024-06-24T02:38:29.590+0000] {processor.py:183} INFO - Processing /opt/airflow/dags/encriptar_csv.py took 0.563 seconds
[2024-06-24T02:39:54.792+0000] {processor.py:161} INFO - Started process (PID=638) to work on /opt/airflow/dags/encriptar_csv.py
[2024-06-24T02:39:54.794+0000] {processor.py:830} INFO - Processing file /opt/airflow/dags/encriptar_csv.py for tasks to queue
[2024-06-24T02:39:54.797+0000] {logging_mixin.py:188} INFO - [2024-06-24T02:39:54.797+0000] {dagbag.py:545} INFO - Filling up the DagBag from /opt/airflow/dags/encriptar_csv.py
[2024-06-24T02:39:55.415+0000] {processor.py:840} INFO - DAG(s) 'encriptar_csv_gcs' retrieved from /opt/airflow/dags/encriptar_csv.py
[2024-06-24T02:39:57.511+0000] {logging_mixin.py:188} INFO - [2024-06-24T02:39:57.509+0000] {dag.py:3096} INFO - Sync 1 DAGs
[2024-06-24T02:39:57.557+0000] {logging_mixin.py:188} INFO - [2024-06-24T02:39:57.557+0000] {dag.py:3954} INFO - Setting next_dagrun for encriptar_csv_gcs to None, run_after=None
[2024-06-24T02:39:57.618+0000] {processor.py:183} INFO - Processing /opt/airflow/dags/encriptar_csv.py took 2.839 seconds
[2024-06-24T02:40:27.958+0000] {processor.py:161} INFO - Started process (PID=728) to work on /opt/airflow/dags/encriptar_csv.py
[2024-06-24T02:40:27.960+0000] {processor.py:830} INFO - Processing file /opt/airflow/dags/encriptar_csv.py for tasks to queue
[2024-06-24T02:40:27.962+0000] {logging_mixin.py:188} INFO - [2024-06-24T02:40:27.961+0000] {dagbag.py:545} INFO - Filling up the DagBag from /opt/airflow/dags/encriptar_csv.py
[2024-06-24T02:40:30.479+0000] {processor.py:840} INFO - DAG(s) 'encriptar_csv_gcs' retrieved from /opt/airflow/dags/encriptar_csv.py
[2024-06-24T02:40:56.029+0000] {logging_mixin.py:188} INFO - [2024-06-24T02:40:56.027+0000] {dag.py:3096} INFO - Sync 1 DAGs
[2024-06-24T02:40:56.058+0000] {logging_mixin.py:188} INFO - [2024-06-24T02:40:56.057+0000] {dag.py:3954} INFO - Setting next_dagrun for encriptar_csv_gcs to None, run_after=None
[2024-06-24T02:40:56.107+0000] {processor.py:183} INFO - Processing /opt/airflow/dags/encriptar_csv.py took 28.157 seconds
[2024-06-24T02:41:26.735+0000] {processor.py:161} INFO - Started process (PID=809) to work on /opt/airflow/dags/encriptar_csv.py
[2024-06-24T02:41:26.737+0000] {processor.py:830} INFO - Processing file /opt/airflow/dags/encriptar_csv.py for tasks to queue
[2024-06-24T02:41:26.739+0000] {logging_mixin.py:188} INFO - [2024-06-24T02:41:26.738+0000] {dagbag.py:545} INFO - Filling up the DagBag from /opt/airflow/dags/encriptar_csv.py
[2024-06-24T02:41:26.935+0000] {processor.py:840} INFO - DAG(s) 'encriptar_csv_gcs' retrieved from /opt/airflow/dags/encriptar_csv.py
[2024-06-24T02:41:26.957+0000] {logging_mixin.py:188} INFO - [2024-06-24T02:41:26.957+0000] {dag.py:3096} INFO - Sync 1 DAGs
[2024-06-24T02:41:26.973+0000] {logging_mixin.py:188} INFO - [2024-06-24T02:41:26.972+0000] {dag.py:3954} INFO - Setting next_dagrun for encriptar_csv_gcs to None, run_after=None
[2024-06-24T02:41:26.999+0000] {processor.py:183} INFO - Processing /opt/airflow/dags/encriptar_csv.py took 0.272 seconds
[2024-06-24T02:42:11.843+0000] {processor.py:161} INFO - Started process (PID=907) to work on /opt/airflow/dags/encriptar_csv.py
[2024-06-24T02:42:11.844+0000] {processor.py:830} INFO - Processing file /opt/airflow/dags/encriptar_csv.py for tasks to queue
[2024-06-24T02:42:11.845+0000] {logging_mixin.py:188} INFO - [2024-06-24T02:42:11.845+0000] {dagbag.py:545} INFO - Filling up the DagBag from /opt/airflow/dags/encriptar_csv.py
[2024-06-24T02:42:12.088+0000] {processor.py:840} INFO - DAG(s) 'encriptar_csv_gcs' retrieved from /opt/airflow/dags/encriptar_csv.py
[2024-06-24T02:42:12.122+0000] {logging_mixin.py:188} INFO - [2024-06-24T02:42:12.121+0000] {dag.py:3096} INFO - Sync 1 DAGs
[2024-06-24T02:42:12.142+0000] {logging_mixin.py:188} INFO - [2024-06-24T02:42:12.142+0000] {dag.py:3954} INFO - Setting next_dagrun for encriptar_csv_gcs to None, run_after=None
[2024-06-24T02:42:12.169+0000] {processor.py:183} INFO - Processing /opt/airflow/dags/encriptar_csv.py took 0.333 seconds
[2024-06-24T02:42:44.974+0000] {processor.py:161} INFO - Started process (PID=997) to work on /opt/airflow/dags/encriptar_csv.py
[2024-06-24T02:42:44.976+0000] {processor.py:830} INFO - Processing file /opt/airflow/dags/encriptar_csv.py for tasks to queue
[2024-06-24T02:42:44.977+0000] {logging_mixin.py:188} INFO - [2024-06-24T02:42:44.976+0000] {dagbag.py:545} INFO - Filling up the DagBag from /opt/airflow/dags/encriptar_csv.py
[2024-06-24T02:42:45.153+0000] {processor.py:840} INFO - DAG(s) 'encriptar_csv_gcs' retrieved from /opt/airflow/dags/encriptar_csv.py
[2024-06-24T02:42:45.177+0000] {logging_mixin.py:188} INFO - [2024-06-24T02:42:45.177+0000] {dag.py:3096} INFO - Sync 1 DAGs
[2024-06-24T02:42:45.195+0000] {logging_mixin.py:188} INFO - [2024-06-24T02:42:45.194+0000] {dag.py:3954} INFO - Setting next_dagrun for encriptar_csv_gcs to None, run_after=None
[2024-06-24T02:42:45.222+0000] {processor.py:183} INFO - Processing /opt/airflow/dags/encriptar_csv.py took 0.256 seconds
[2024-06-24T02:43:19.343+0000] {processor.py:161} INFO - Started process (PID=1037) to work on /opt/airflow/dags/encriptar_csv.py
[2024-06-24T02:43:19.346+0000] {processor.py:830} INFO - Processing file /opt/airflow/dags/encriptar_csv.py for tasks to queue
[2024-06-24T02:43:19.348+0000] {logging_mixin.py:188} INFO - [2024-06-24T02:43:19.347+0000] {dagbag.py:545} INFO - Filling up the DagBag from /opt/airflow/dags/encriptar_csv.py
[2024-06-24T02:43:19.800+0000] {processor.py:840} INFO - DAG(s) 'encriptar_csv_gcs' retrieved from /opt/airflow/dags/encriptar_csv.py
[2024-06-24T02:43:20.403+0000] {logging_mixin.py:188} INFO - [2024-06-24T02:43:20.403+0000] {dag.py:3096} INFO - Sync 1 DAGs
[2024-06-24T02:43:20.437+0000] {logging_mixin.py:188} INFO - [2024-06-24T02:43:20.436+0000] {dag.py:3954} INFO - Setting next_dagrun for encriptar_csv_gcs to None, run_after=None
[2024-06-24T02:43:20.479+0000] {processor.py:183} INFO - Processing /opt/airflow/dags/encriptar_csv.py took 1.150 seconds
[2024-06-24T02:43:50.629+0000] {processor.py:161} INFO - Started process (PID=1127) to work on /opt/airflow/dags/encriptar_csv.py
[2024-06-24T02:43:50.631+0000] {processor.py:830} INFO - Processing file /opt/airflow/dags/encriptar_csv.py for tasks to queue
[2024-06-24T02:43:50.632+0000] {logging_mixin.py:188} INFO - [2024-06-24T02:43:50.632+0000] {dagbag.py:545} INFO - Filling up the DagBag from /opt/airflow/dags/encriptar_csv.py
[2024-06-24T02:43:50.908+0000] {processor.py:840} INFO - DAG(s) 'encriptar_csv_gcs' retrieved from /opt/airflow/dags/encriptar_csv.py
[2024-06-24T02:43:50.941+0000] {logging_mixin.py:188} INFO - [2024-06-24T02:43:50.940+0000] {dag.py:3096} INFO - Sync 1 DAGs
[2024-06-24T02:43:50.961+0000] {logging_mixin.py:188} INFO - [2024-06-24T02:43:50.961+0000] {dag.py:3954} INFO - Setting next_dagrun for encriptar_csv_gcs to None, run_after=None
[2024-06-24T02:43:50.990+0000] {processor.py:183} INFO - Processing /opt/airflow/dags/encriptar_csv.py took 0.369 seconds
[2024-06-24T02:44:24.360+0000] {processor.py:161} INFO - Started process (PID=1211) to work on /opt/airflow/dags/encriptar_csv.py
[2024-06-24T02:44:24.363+0000] {processor.py:830} INFO - Processing file /opt/airflow/dags/encriptar_csv.py for tasks to queue
[2024-06-24T02:44:24.364+0000] {logging_mixin.py:188} INFO - [2024-06-24T02:44:24.364+0000] {dagbag.py:545} INFO - Filling up the DagBag from /opt/airflow/dags/encriptar_csv.py
[2024-06-24T02:44:24.567+0000] {processor.py:840} INFO - DAG(s) 'encriptar_csv_gcs' retrieved from /opt/airflow/dags/encriptar_csv.py
[2024-06-24T02:44:24.602+0000] {logging_mixin.py:188} INFO - [2024-06-24T02:44:24.601+0000] {dag.py:3096} INFO - Sync 1 DAGs
[2024-06-24T02:44:24.619+0000] {logging_mixin.py:188} INFO - [2024-06-24T02:44:24.618+0000] {dag.py:3954} INFO - Setting next_dagrun for encriptar_csv_gcs to None, run_after=None
[2024-06-24T02:44:24.650+0000] {processor.py:183} INFO - Processing /opt/airflow/dags/encriptar_csv.py took 0.296 seconds
[2024-06-24T02:44:55.278+0000] {processor.py:161} INFO - Started process (PID=1286) to work on /opt/airflow/dags/encriptar_csv.py
[2024-06-24T02:44:55.280+0000] {processor.py:830} INFO - Processing file /opt/airflow/dags/encriptar_csv.py for tasks to queue
[2024-06-24T02:44:55.281+0000] {logging_mixin.py:188} INFO - [2024-06-24T02:44:55.280+0000] {dagbag.py:545} INFO - Filling up the DagBag from /opt/airflow/dags/encriptar_csv.py
[2024-06-24T02:44:55.432+0000] {processor.py:840} INFO - DAG(s) 'encriptar_csv_gcs' retrieved from /opt/airflow/dags/encriptar_csv.py
[2024-06-24T02:44:55.456+0000] {logging_mixin.py:188} INFO - [2024-06-24T02:44:55.456+0000] {dag.py:3096} INFO - Sync 1 DAGs
[2024-06-24T02:44:55.470+0000] {logging_mixin.py:188} INFO - [2024-06-24T02:44:55.469+0000] {dag.py:3954} INFO - Setting next_dagrun for encriptar_csv_gcs to None, run_after=None
[2024-06-24T02:44:55.492+0000] {processor.py:183} INFO - Processing /opt/airflow/dags/encriptar_csv.py took 0.221 seconds
[2024-06-24T02:45:26.110+0000] {processor.py:161} INFO - Started process (PID=1348) to work on /opt/airflow/dags/encriptar_csv.py
[2024-06-24T02:45:26.112+0000] {processor.py:830} INFO - Processing file /opt/airflow/dags/encriptar_csv.py for tasks to queue
[2024-06-24T02:45:26.114+0000] {logging_mixin.py:188} INFO - [2024-06-24T02:45:26.113+0000] {dagbag.py:545} INFO - Filling up the DagBag from /opt/airflow/dags/encriptar_csv.py
[2024-06-24T02:45:26.424+0000] {processor.py:840} INFO - DAG(s) 'encriptar_csv_gcs' retrieved from /opt/airflow/dags/encriptar_csv.py
[2024-06-24T02:45:26.472+0000] {logging_mixin.py:188} INFO - [2024-06-24T02:45:26.471+0000] {dag.py:3096} INFO - Sync 1 DAGs
[2024-06-24T02:45:26.489+0000] {logging_mixin.py:188} INFO - [2024-06-24T02:45:26.489+0000] {dag.py:3954} INFO - Setting next_dagrun for encriptar_csv_gcs to None, run_after=None
[2024-06-24T02:45:26.517+0000] {processor.py:183} INFO - Processing /opt/airflow/dags/encriptar_csv.py took 0.415 seconds
[2024-06-24T02:46:01.821+0000] {processor.py:161} INFO - Started process (PID=1412) to work on /opt/airflow/dags/encriptar_csv.py
[2024-06-24T02:46:01.822+0000] {processor.py:830} INFO - Processing file /opt/airflow/dags/encriptar_csv.py for tasks to queue
[2024-06-24T02:46:01.824+0000] {logging_mixin.py:188} INFO - [2024-06-24T02:46:01.824+0000] {dagbag.py:545} INFO - Filling up the DagBag from /opt/airflow/dags/encriptar_csv.py
[2024-06-24T02:46:02.136+0000] {processor.py:840} INFO - DAG(s) 'encriptar_csv_gcs' retrieved from /opt/airflow/dags/encriptar_csv.py
[2024-06-24T02:46:02.524+0000] {logging_mixin.py:188} INFO - [2024-06-24T02:46:02.495+0000] {dag.py:3096} INFO - Sync 1 DAGs
[2024-06-24T02:46:02.890+0000] {logging_mixin.py:188} INFO - [2024-06-24T02:46:02.881+0000] {dag.py:3954} INFO - Setting next_dagrun for encriptar_csv_gcs to None, run_after=None
[2024-06-24T02:46:04.198+0000] {processor.py:183} INFO - Processing /opt/airflow/dags/encriptar_csv.py took 2.384 seconds
[2024-06-24T02:46:34.294+0000] {processor.py:161} INFO - Started process (PID=1501) to work on /opt/airflow/dags/encriptar_csv.py
[2024-06-24T02:46:34.295+0000] {processor.py:830} INFO - Processing file /opt/airflow/dags/encriptar_csv.py for tasks to queue
[2024-06-24T02:46:34.297+0000] {logging_mixin.py:188} INFO - [2024-06-24T02:46:34.296+0000] {dagbag.py:545} INFO - Filling up the DagBag from /opt/airflow/dags/encriptar_csv.py
[2024-06-24T02:46:34.447+0000] {processor.py:840} INFO - DAG(s) 'encriptar_csv_gcs' retrieved from /opt/airflow/dags/encriptar_csv.py
[2024-06-24T02:46:34.470+0000] {logging_mixin.py:188} INFO - [2024-06-24T02:46:34.470+0000] {dag.py:3096} INFO - Sync 1 DAGs
[2024-06-24T02:46:34.483+0000] {logging_mixin.py:188} INFO - [2024-06-24T02:46:34.483+0000] {dag.py:3954} INFO - Setting next_dagrun for encriptar_csv_gcs to None, run_after=None
[2024-06-24T02:46:34.516+0000] {processor.py:183} INFO - Processing /opt/airflow/dags/encriptar_csv.py took 0.230 seconds
[2024-06-24T02:47:04.635+0000] {processor.py:161} INFO - Started process (PID=1619) to work on /opt/airflow/dags/encriptar_csv.py
[2024-06-24T02:47:04.636+0000] {processor.py:830} INFO - Processing file /opt/airflow/dags/encriptar_csv.py for tasks to queue
[2024-06-24T02:47:04.638+0000] {logging_mixin.py:188} INFO - [2024-06-24T02:47:04.637+0000] {dagbag.py:545} INFO - Filling up the DagBag from /opt/airflow/dags/encriptar_csv.py
[2024-06-24T02:47:04.783+0000] {processor.py:840} INFO - DAG(s) 'encriptar_csv_gcs' retrieved from /opt/airflow/dags/encriptar_csv.py
[2024-06-24T02:47:04.809+0000] {logging_mixin.py:188} INFO - [2024-06-24T02:47:04.809+0000] {dag.py:3096} INFO - Sync 1 DAGs
[2024-06-24T02:47:04.825+0000] {logging_mixin.py:188} INFO - [2024-06-24T02:47:04.825+0000] {dag.py:3954} INFO - Setting next_dagrun for encriptar_csv_gcs to None, run_after=None
[2024-06-24T02:47:04.850+0000] {processor.py:183} INFO - Processing /opt/airflow/dags/encriptar_csv.py took 0.221 seconds
[2024-06-24T02:47:42.494+0000] {processor.py:161} INFO - Started process (PID=1649) to work on /opt/airflow/dags/encriptar_csv.py
[2024-06-24T02:47:42.500+0000] {processor.py:830} INFO - Processing file /opt/airflow/dags/encriptar_csv.py for tasks to queue
[2024-06-24T02:47:42.508+0000] {logging_mixin.py:188} INFO - [2024-06-24T02:47:42.504+0000] {dagbag.py:545} INFO - Filling up the DagBag from /opt/airflow/dags/encriptar_csv.py
[2024-06-24T02:47:43.981+0000] {processor.py:840} INFO - DAG(s) 'encriptar_csv_gcs' retrieved from /opt/airflow/dags/encriptar_csv.py
[2024-06-24T02:47:44.119+0000] {logging_mixin.py:188} INFO - [2024-06-24T02:47:44.115+0000] {dag.py:3096} INFO - Sync 1 DAGs
[2024-06-24T02:47:44.149+0000] {logging_mixin.py:188} INFO - [2024-06-24T02:47:44.149+0000] {dag.py:3954} INFO - Setting next_dagrun for encriptar_csv_gcs to None, run_after=None
[2024-06-24T02:47:44.190+0000] {processor.py:183} INFO - Processing /opt/airflow/dags/encriptar_csv.py took 1.772 seconds
[2024-06-24T02:48:15.907+0000] {processor.py:161} INFO - Started process (PID=1729) to work on /opt/airflow/dags/encriptar_csv.py
[2024-06-24T02:48:15.908+0000] {processor.py:830} INFO - Processing file /opt/airflow/dags/encriptar_csv.py for tasks to queue
[2024-06-24T02:48:15.910+0000] {logging_mixin.py:188} INFO - [2024-06-24T02:48:15.909+0000] {dagbag.py:545} INFO - Filling up the DagBag from /opt/airflow/dags/encriptar_csv.py
[2024-06-24T02:48:16.162+0000] {processor.py:840} INFO - DAG(s) 'encriptar_csv_gcs' retrieved from /opt/airflow/dags/encriptar_csv.py
[2024-06-24T02:48:16.229+0000] {logging_mixin.py:188} INFO - [2024-06-24T02:48:16.223+0000] {dag.py:3096} INFO - Sync 1 DAGs
[2024-06-24T02:48:16.266+0000] {logging_mixin.py:188} INFO - [2024-06-24T02:48:16.265+0000] {dag.py:3954} INFO - Setting next_dagrun for encriptar_csv_gcs to None, run_after=None
[2024-06-24T02:48:16.351+0000] {processor.py:183} INFO - Processing /opt/airflow/dags/encriptar_csv.py took 0.452 seconds
[2024-06-24T02:49:16.280+0000] {processor.py:161} INFO - Started process (PID=1806) to work on /opt/airflow/dags/encriptar_csv.py
[2024-06-24T02:49:16.282+0000] {processor.py:830} INFO - Processing file /opt/airflow/dags/encriptar_csv.py for tasks to queue
[2024-06-24T02:49:16.285+0000] {logging_mixin.py:188} INFO - [2024-06-24T02:49:16.284+0000] {dagbag.py:545} INFO - Filling up the DagBag from /opt/airflow/dags/encriptar_csv.py
[2024-06-24T02:49:16.713+0000] {processor.py:840} INFO - DAG(s) 'encriptar_csv_gcs' retrieved from /opt/airflow/dags/encriptar_csv.py
[2024-06-24T02:49:16.772+0000] {logging_mixin.py:188} INFO - [2024-06-24T02:49:16.772+0000] {dag.py:3096} INFO - Sync 1 DAGs
[2024-06-24T02:49:16.792+0000] {logging_mixin.py:188} INFO - [2024-06-24T02:49:16.792+0000] {dag.py:3954} INFO - Setting next_dagrun for encriptar_csv_gcs to None, run_after=None
[2024-06-24T02:49:16.826+0000] {processor.py:183} INFO - Processing /opt/airflow/dags/encriptar_csv.py took 0.556 seconds
[2024-06-24T02:49:48.146+0000] {processor.py:161} INFO - Started process (PID=1902) to work on /opt/airflow/dags/encriptar_csv.py
[2024-06-24T02:49:48.147+0000] {processor.py:830} INFO - Processing file /opt/airflow/dags/encriptar_csv.py for tasks to queue
[2024-06-24T02:49:48.148+0000] {logging_mixin.py:188} INFO - [2024-06-24T02:49:48.148+0000] {dagbag.py:545} INFO - Filling up the DagBag from /opt/airflow/dags/encriptar_csv.py
[2024-06-24T02:49:48.343+0000] {processor.py:840} INFO - DAG(s) 'encriptar_csv_gcs' retrieved from /opt/airflow/dags/encriptar_csv.py
[2024-06-24T02:49:48.365+0000] {logging_mixin.py:188} INFO - [2024-06-24T02:49:48.365+0000] {dag.py:3096} INFO - Sync 1 DAGs
[2024-06-24T02:49:48.378+0000] {logging_mixin.py:188} INFO - [2024-06-24T02:49:48.378+0000] {dag.py:3954} INFO - Setting next_dagrun for encriptar_csv_gcs to None, run_after=None
[2024-06-24T02:49:48.404+0000] {processor.py:183} INFO - Processing /opt/airflow/dags/encriptar_csv.py took 0.265 seconds
[2024-06-24T02:50:19.628+0000] {processor.py:161} INFO - Started process (PID=1992) to work on /opt/airflow/dags/encriptar_csv.py
[2024-06-24T02:50:19.630+0000] {processor.py:830} INFO - Processing file /opt/airflow/dags/encriptar_csv.py for tasks to queue
[2024-06-24T02:50:19.631+0000] {logging_mixin.py:188} INFO - [2024-06-24T02:50:19.630+0000] {dagbag.py:545} INFO - Filling up the DagBag from /opt/airflow/dags/encriptar_csv.py
[2024-06-24T02:50:19.844+0000] {processor.py:840} INFO - DAG(s) 'encriptar_csv_gcs' retrieved from /opt/airflow/dags/encriptar_csv.py
[2024-06-24T02:50:19.868+0000] {logging_mixin.py:188} INFO - [2024-06-24T02:50:19.868+0000] {dag.py:3096} INFO - Sync 1 DAGs
[2024-06-24T02:50:19.881+0000] {logging_mixin.py:188} INFO - [2024-06-24T02:50:19.880+0000] {dag.py:3954} INFO - Setting next_dagrun for encriptar_csv_gcs to None, run_after=None
[2024-06-24T02:50:19.906+0000] {processor.py:183} INFO - Processing /opt/airflow/dags/encriptar_csv.py took 0.285 seconds
[2024-06-24T02:51:07.227+0000] {processor.py:161} INFO - Started process (PID=2050) to work on /opt/airflow/dags/encriptar_csv.py
[2024-06-24T02:51:07.229+0000] {processor.py:830} INFO - Processing file /opt/airflow/dags/encriptar_csv.py for tasks to queue
[2024-06-24T02:51:07.232+0000] {logging_mixin.py:188} INFO - [2024-06-24T02:51:07.230+0000] {dagbag.py:545} INFO - Filling up the DagBag from /opt/airflow/dags/encriptar_csv.py
[2024-06-24T02:51:07.644+0000] {processor.py:840} INFO - DAG(s) 'encriptar_csv_gcs' retrieved from /opt/airflow/dags/encriptar_csv.py
[2024-06-24T02:51:07.695+0000] {logging_mixin.py:188} INFO - [2024-06-24T02:51:07.694+0000] {dag.py:3096} INFO - Sync 1 DAGs
[2024-06-24T02:51:07.719+0000] {logging_mixin.py:188} INFO - [2024-06-24T02:51:07.718+0000] {dag.py:3954} INFO - Setting next_dagrun for encriptar_csv_gcs to None, run_after=None
[2024-06-24T02:51:07.753+0000] {processor.py:183} INFO - Processing /opt/airflow/dags/encriptar_csv.py took 0.541 seconds
[2024-06-24T02:51:38.320+0000] {processor.py:161} INFO - Started process (PID=2144) to work on /opt/airflow/dags/encriptar_csv.py
[2024-06-24T02:51:38.321+0000] {processor.py:830} INFO - Processing file /opt/airflow/dags/encriptar_csv.py for tasks to queue
[2024-06-24T02:51:38.322+0000] {logging_mixin.py:188} INFO - [2024-06-24T02:51:38.322+0000] {dagbag.py:545} INFO - Filling up the DagBag from /opt/airflow/dags/encriptar_csv.py
[2024-06-24T02:51:38.495+0000] {processor.py:840} INFO - DAG(s) 'encriptar_csv_gcs' retrieved from /opt/airflow/dags/encriptar_csv.py
[2024-06-24T02:51:38.521+0000] {logging_mixin.py:188} INFO - [2024-06-24T02:51:38.520+0000] {dag.py:3096} INFO - Sync 1 DAGs
[2024-06-24T02:51:38.538+0000] {logging_mixin.py:188} INFO - [2024-06-24T02:51:38.538+0000] {dag.py:3954} INFO - Setting next_dagrun for encriptar_csv_gcs to None, run_after=None
[2024-06-24T02:51:38.564+0000] {processor.py:183} INFO - Processing /opt/airflow/dags/encriptar_csv.py took 0.251 seconds
[2024-06-24T02:52:09.201+0000] {processor.py:161} INFO - Started process (PID=2234) to work on /opt/airflow/dags/encriptar_csv.py
[2024-06-24T02:52:09.202+0000] {processor.py:830} INFO - Processing file /opt/airflow/dags/encriptar_csv.py for tasks to queue
[2024-06-24T02:52:09.204+0000] {logging_mixin.py:188} INFO - [2024-06-24T02:52:09.203+0000] {dagbag.py:545} INFO - Filling up the DagBag from /opt/airflow/dags/encriptar_csv.py
[2024-06-24T02:52:09.389+0000] {processor.py:840} INFO - DAG(s) 'encriptar_csv_gcs' retrieved from /opt/airflow/dags/encriptar_csv.py
[2024-06-24T02:52:09.445+0000] {logging_mixin.py:188} INFO - [2024-06-24T02:52:09.444+0000] {dag.py:3096} INFO - Sync 1 DAGs
[2024-06-24T02:52:09.472+0000] {logging_mixin.py:188} INFO - [2024-06-24T02:52:09.471+0000] {dag.py:3954} INFO - Setting next_dagrun for encriptar_csv_gcs to None, run_after=None
[2024-06-24T02:52:09.497+0000] {processor.py:183} INFO - Processing /opt/airflow/dags/encriptar_csv.py took 0.303 seconds
[2024-06-24T02:52:39.925+0000] {processor.py:161} INFO - Started process (PID=2324) to work on /opt/airflow/dags/encriptar_csv.py
[2024-06-24T02:52:39.926+0000] {processor.py:830} INFO - Processing file /opt/airflow/dags/encriptar_csv.py for tasks to queue
[2024-06-24T02:52:39.927+0000] {logging_mixin.py:188} INFO - [2024-06-24T02:52:39.927+0000] {dagbag.py:545} INFO - Filling up the DagBag from /opt/airflow/dags/encriptar_csv.py
[2024-06-24T02:52:40.076+0000] {processor.py:840} INFO - DAG(s) 'encriptar_csv_gcs' retrieved from /opt/airflow/dags/encriptar_csv.py
[2024-06-24T02:52:40.097+0000] {logging_mixin.py:188} INFO - [2024-06-24T02:52:40.097+0000] {dag.py:3096} INFO - Sync 1 DAGs
[2024-06-24T02:52:40.112+0000] {logging_mixin.py:188} INFO - [2024-06-24T02:52:40.111+0000] {dag.py:3954} INFO - Setting next_dagrun for encriptar_csv_gcs to None, run_after=None
[2024-06-24T02:52:40.137+0000] {processor.py:183} INFO - Processing /opt/airflow/dags/encriptar_csv.py took 0.218 seconds
[2024-06-24T02:53:10.191+0000] {processor.py:161} INFO - Started process (PID=2414) to work on /opt/airflow/dags/encriptar_csv.py
[2024-06-24T02:53:10.192+0000] {processor.py:830} INFO - Processing file /opt/airflow/dags/encriptar_csv.py for tasks to queue
[2024-06-24T02:53:10.193+0000] {logging_mixin.py:188} INFO - [2024-06-24T02:53:10.193+0000] {dagbag.py:545} INFO - Filling up the DagBag from /opt/airflow/dags/encriptar_csv.py
[2024-06-24T02:53:10.354+0000] {processor.py:840} INFO - DAG(s) 'encriptar_csv_gcs' retrieved from /opt/airflow/dags/encriptar_csv.py
[2024-06-24T02:53:10.377+0000] {logging_mixin.py:188} INFO - [2024-06-24T02:53:10.377+0000] {dag.py:3096} INFO - Sync 1 DAGs
[2024-06-24T02:53:10.390+0000] {logging_mixin.py:188} INFO - [2024-06-24T02:53:10.390+0000] {dag.py:3954} INFO - Setting next_dagrun for encriptar_csv_gcs to None, run_after=None
[2024-06-24T02:53:10.415+0000] {processor.py:183} INFO - Processing /opt/airflow/dags/encriptar_csv.py took 0.231 seconds
[2024-06-24T02:53:40.488+0000] {processor.py:161} INFO - Started process (PID=2505) to work on /opt/airflow/dags/encriptar_csv.py
[2024-06-24T02:53:40.490+0000] {processor.py:830} INFO - Processing file /opt/airflow/dags/encriptar_csv.py for tasks to queue
[2024-06-24T02:53:40.491+0000] {logging_mixin.py:188} INFO - [2024-06-24T02:53:40.491+0000] {dagbag.py:545} INFO - Filling up the DagBag from /opt/airflow/dags/encriptar_csv.py
[2024-06-24T02:53:40.950+0000] {processor.py:840} INFO - DAG(s) 'encriptar_csv_gcs' retrieved from /opt/airflow/dags/encriptar_csv.py
[2024-06-24T02:53:40.979+0000] {logging_mixin.py:188} INFO - [2024-06-24T02:53:40.978+0000] {dag.py:3096} INFO - Sync 1 DAGs
[2024-06-24T02:53:41.000+0000] {logging_mixin.py:188} INFO - [2024-06-24T02:53:41.000+0000] {dag.py:3954} INFO - Setting next_dagrun for encriptar_csv_gcs to None, run_after=None
[2024-06-24T02:53:41.029+0000] {processor.py:183} INFO - Processing /opt/airflow/dags/encriptar_csv.py took 0.546 seconds
[2024-06-24T02:54:42.835+0000] {processor.py:161} INFO - Started process (PID=2585) to work on /opt/airflow/dags/encriptar_csv.py
[2024-06-24T02:54:42.836+0000] {processor.py:830} INFO - Processing file /opt/airflow/dags/encriptar_csv.py for tasks to queue
[2024-06-24T02:54:42.837+0000] {logging_mixin.py:188} INFO - [2024-06-24T02:54:42.837+0000] {dagbag.py:545} INFO - Filling up the DagBag from /opt/airflow/dags/encriptar_csv.py
[2024-06-24T02:54:43.011+0000] {processor.py:840} INFO - DAG(s) 'encriptar_csv_gcs' retrieved from /opt/airflow/dags/encriptar_csv.py
[2024-06-24T02:54:43.046+0000] {logging_mixin.py:188} INFO - [2024-06-24T02:54:43.045+0000] {dag.py:3096} INFO - Sync 1 DAGs
[2024-06-24T02:54:43.063+0000] {logging_mixin.py:188} INFO - [2024-06-24T02:54:43.063+0000] {dag.py:3954} INFO - Setting next_dagrun for encriptar_csv_gcs to None, run_after=None
[2024-06-24T02:54:43.089+0000] {processor.py:183} INFO - Processing /opt/airflow/dags/encriptar_csv.py took 0.261 seconds
[2024-06-24T02:55:13.545+0000] {processor.py:161} INFO - Started process (PID=2673) to work on /opt/airflow/dags/encriptar_csv.py
[2024-06-24T02:55:13.546+0000] {processor.py:830} INFO - Processing file /opt/airflow/dags/encriptar_csv.py for tasks to queue
[2024-06-24T02:55:13.548+0000] {logging_mixin.py:188} INFO - [2024-06-24T02:55:13.547+0000] {dagbag.py:545} INFO - Filling up the DagBag from /opt/airflow/dags/encriptar_csv.py
[2024-06-24T02:55:13.713+0000] {processor.py:840} INFO - DAG(s) 'encriptar_csv_gcs' retrieved from /opt/airflow/dags/encriptar_csv.py
[2024-06-24T02:55:13.749+0000] {logging_mixin.py:188} INFO - [2024-06-24T02:55:13.749+0000] {dag.py:3096} INFO - Sync 1 DAGs
[2024-06-24T02:55:13.764+0000] {logging_mixin.py:188} INFO - [2024-06-24T02:55:13.763+0000] {dag.py:3954} INFO - Setting next_dagrun for encriptar_csv_gcs to None, run_after=None
[2024-06-24T02:55:13.787+0000] {processor.py:183} INFO - Processing /opt/airflow/dags/encriptar_csv.py took 0.249 seconds
[2024-06-24T02:56:08.941+0000] {processor.py:161} INFO - Started process (PID=2756) to work on /opt/airflow/dags/encriptar_csv.py
[2024-06-24T02:56:08.942+0000] {processor.py:830} INFO - Processing file /opt/airflow/dags/encriptar_csv.py for tasks to queue
[2024-06-24T02:56:08.944+0000] {logging_mixin.py:188} INFO - [2024-06-24T02:56:08.943+0000] {dagbag.py:545} INFO - Filling up the DagBag from /opt/airflow/dags/encriptar_csv.py
[2024-06-24T02:56:09.337+0000] {processor.py:840} INFO - DAG(s) 'encriptar_csv_gcs' retrieved from /opt/airflow/dags/encriptar_csv.py
[2024-06-24T02:56:09.366+0000] {logging_mixin.py:188} INFO - [2024-06-24T02:56:09.365+0000] {dag.py:3096} INFO - Sync 1 DAGs
[2024-06-24T02:56:09.392+0000] {logging_mixin.py:188} INFO - [2024-06-24T02:56:09.391+0000] {dag.py:3954} INFO - Setting next_dagrun for encriptar_csv_gcs to None, run_after=None
[2024-06-24T02:56:09.420+0000] {processor.py:183} INFO - Processing /opt/airflow/dags/encriptar_csv.py took 0.489 seconds
[2024-06-24T02:56:55.237+0000] {processor.py:161} INFO - Started process (PID=2814) to work on /opt/airflow/dags/encriptar_csv.py
[2024-06-24T02:56:55.240+0000] {processor.py:830} INFO - Processing file /opt/airflow/dags/encriptar_csv.py for tasks to queue
[2024-06-24T02:56:55.243+0000] {logging_mixin.py:188} INFO - [2024-06-24T02:56:55.242+0000] {dagbag.py:545} INFO - Filling up the DagBag from /opt/airflow/dags/encriptar_csv.py
[2024-06-24T02:56:58.255+0000] {processor.py:840} INFO - DAG(s) 'encriptar_csv_gcs' retrieved from /opt/airflow/dags/encriptar_csv.py
[2024-06-24T02:56:59.552+0000] {logging_mixin.py:188} INFO - [2024-06-24T02:56:59.532+0000] {dag.py:3096} INFO - Sync 1 DAGs
[2024-06-24T02:56:59.647+0000] {logging_mixin.py:188} INFO - [2024-06-24T02:56:59.646+0000] {dag.py:3954} INFO - Setting next_dagrun for encriptar_csv_gcs to None, run_after=None
[2024-06-24T02:56:59.745+0000] {processor.py:183} INFO - Processing /opt/airflow/dags/encriptar_csv.py took 4.520 seconds
[2024-06-24T02:57:30.569+0000] {processor.py:161} INFO - Started process (PID=2903) to work on /opt/airflow/dags/encriptar_csv.py
[2024-06-24T02:57:30.570+0000] {processor.py:830} INFO - Processing file /opt/airflow/dags/encriptar_csv.py for tasks to queue
[2024-06-24T02:57:30.572+0000] {logging_mixin.py:188} INFO - [2024-06-24T02:57:30.571+0000] {dagbag.py:545} INFO - Filling up the DagBag from /opt/airflow/dags/encriptar_csv.py
[2024-06-24T02:57:30.750+0000] {processor.py:840} INFO - DAG(s) 'encriptar_csv_gcs' retrieved from /opt/airflow/dags/encriptar_csv.py
[2024-06-24T02:57:30.773+0000] {logging_mixin.py:188} INFO - [2024-06-24T02:57:30.773+0000] {dag.py:3096} INFO - Sync 1 DAGs
[2024-06-24T02:57:30.788+0000] {logging_mixin.py:188} INFO - [2024-06-24T02:57:30.788+0000] {dag.py:3954} INFO - Setting next_dagrun for encriptar_csv_gcs to None, run_after=None
[2024-06-24T02:57:30.818+0000] {processor.py:183} INFO - Processing /opt/airflow/dags/encriptar_csv.py took 0.256 seconds
[2024-06-24T02:58:00.906+0000] {processor.py:161} INFO - Started process (PID=2993) to work on /opt/airflow/dags/encriptar_csv.py
[2024-06-24T02:58:00.909+0000] {processor.py:830} INFO - Processing file /opt/airflow/dags/encriptar_csv.py for tasks to queue
[2024-06-24T02:58:00.915+0000] {logging_mixin.py:188} INFO - [2024-06-24T02:58:00.912+0000] {dagbag.py:545} INFO - Filling up the DagBag from /opt/airflow/dags/encriptar_csv.py
[2024-06-24T02:58:05.696+0000] {processor.py:840} INFO - DAG(s) 'encriptar_csv_gcs' retrieved from /opt/airflow/dags/encriptar_csv.py
[2024-06-24T02:59:22.819+0000] {processor.py:161} INFO - Started process (PID=3066) to work on /opt/airflow/dags/encriptar_csv.py
[2024-06-24T02:59:22.821+0000] {processor.py:830} INFO - Processing file /opt/airflow/dags/encriptar_csv.py for tasks to queue
[2024-06-24T02:59:22.823+0000] {logging_mixin.py:188} INFO - [2024-06-24T02:59:22.822+0000] {dagbag.py:545} INFO - Filling up the DagBag from /opt/airflow/dags/encriptar_csv.py
[2024-06-24T02:59:26.990+0000] {processor.py:840} INFO - DAG(s) 'encriptar_csv_gcs' retrieved from /opt/airflow/dags/encriptar_csv.py
[2024-06-24T02:59:59.010+0000] {processor.py:186} ERROR - Got an exception! Propagating...
Traceback (most recent call last):
  File "/home/airflow/.local/lib/python3.12/site-packages/sqlalchemy/engine/base.py", line 3371, in _wrap_pool_connect
    return fn()
           ^^^^
  File "/home/airflow/.local/lib/python3.12/site-packages/sqlalchemy/pool/base.py", line 327, in connect
    return _ConnectionFairy._checkout(self)
           ^^^^^^^^^^^^^^^^^^^^^^^^^^^^^^^^
  File "/home/airflow/.local/lib/python3.12/site-packages/sqlalchemy/pool/base.py", line 894, in _checkout
    fairy = _ConnectionRecord.checkout(pool)
            ^^^^^^^^^^^^^^^^^^^^^^^^^^^^^^^^
  File "/home/airflow/.local/lib/python3.12/site-packages/sqlalchemy/pool/base.py", line 493, in checkout
    rec = pool._do_get()
          ^^^^^^^^^^^^^^
  File "/home/airflow/.local/lib/python3.12/site-packages/sqlalchemy/pool/impl.py", line 145, in _do_get
    with util.safe_reraise():
  File "/home/airflow/.local/lib/python3.12/site-packages/sqlalchemy/util/langhelpers.py", line 70, in __exit__
    compat.raise_(
  File "/home/airflow/.local/lib/python3.12/site-packages/sqlalchemy/util/compat.py", line 211, in raise_
    raise exception
  File "/home/airflow/.local/lib/python3.12/site-packages/sqlalchemy/pool/impl.py", line 143, in _do_get
    return self._create_connection()
           ^^^^^^^^^^^^^^^^^^^^^^^^^
  File "/home/airflow/.local/lib/python3.12/site-packages/sqlalchemy/pool/base.py", line 273, in _create_connection
    return _ConnectionRecord(self)
           ^^^^^^^^^^^^^^^^^^^^^^^
  File "/home/airflow/.local/lib/python3.12/site-packages/sqlalchemy/pool/base.py", line 388, in __init__
    self.__connect()
  File "/home/airflow/.local/lib/python3.12/site-packages/sqlalchemy/pool/base.py", line 690, in __connect
    with util.safe_reraise():
  File "/home/airflow/.local/lib/python3.12/site-packages/sqlalchemy/util/langhelpers.py", line 70, in __exit__
    compat.raise_(
  File "/home/airflow/.local/lib/python3.12/site-packages/sqlalchemy/util/compat.py", line 211, in raise_
    raise exception
  File "/home/airflow/.local/lib/python3.12/site-packages/sqlalchemy/pool/base.py", line 686, in __connect
    self.dbapi_connection = connection = pool._invoke_creator(self)
                                         ^^^^^^^^^^^^^^^^^^^^^^^^^^
  File "/home/airflow/.local/lib/python3.12/site-packages/sqlalchemy/engine/create.py", line 574, in connect
    return dialect.connect(*cargs, **cparams)
           ^^^^^^^^^^^^^^^^^^^^^^^^^^^^^^^^^^
  File "/home/airflow/.local/lib/python3.12/site-packages/sqlalchemy/engine/default.py", line 598, in connect
    return self.dbapi.connect(*cargs, **cparams)
           ^^^^^^^^^^^^^^^^^^^^^^^^^^^^^^^^^^^^^
  File "/home/airflow/.local/lib/python3.12/site-packages/psycopg2/__init__.py", line 122, in connect
    conn = _connect(dsn, connection_factory=connection_factory, **kwasync)
           ^^^^^^^^^^^^^^^^^^^^^^^^^^^^^^^^^^^^^^^^^^^^^^^^^^^^^^^^^^^^^^^
psycopg2.OperationalError: could not translate host name "postgres" to address: Temporary failure in name resolution


The above exception was the direct cause of the following exception:

Traceback (most recent call last):
  File "/home/airflow/.local/lib/python3.12/site-packages/airflow/dag_processing/processor.py", line 182, in _run_file_processor
    _handle_dag_file_processing()
  File "/home/airflow/.local/lib/python3.12/site-packages/airflow/dag_processing/processor.py", line 163, in _handle_dag_file_processing
    result: tuple[int, int] = dag_file_processor.process_file(
                              ^^^^^^^^^^^^^^^^^^^^^^^^^^^^^^^^
  File "/home/airflow/.local/lib/python3.12/site-packages/airflow/utils/session.py", line 79, in wrapper
    return func(*args, session=session, **kwargs)
           ^^^^^^^^^^^^^^^^^^^^^^^^^^^^^^^^^^^^^^
  File "/home/airflow/.local/lib/python3.12/site-packages/airflow/dag_processing/processor.py", line 859, in process_file
    serialize_errors = DagFileProcessor.save_dag_to_db(
                       ^^^^^^^^^^^^^^^^^^^^^^^^^^^^^^^^
  File "/home/airflow/.local/lib/python3.12/site-packages/airflow/api_internal/internal_api_call.py", line 115, in wrapper
    return func(*args, **kwargs)
           ^^^^^^^^^^^^^^^^^^^^^
  File "/home/airflow/.local/lib/python3.12/site-packages/airflow/utils/session.py", line 79, in wrapper
    return func(*args, session=session, **kwargs)
           ^^^^^^^^^^^^^^^^^^^^^^^^^^^^^^^^^^^^^^
  File "/home/airflow/.local/lib/python3.12/site-packages/airflow/dag_processing/processor.py", line 895, in save_dag_to_db
    import_errors = DagBag._sync_to_db(dags=dags, processor_subdir=dag_directory, session=session)
                    ^^^^^^^^^^^^^^^^^^^^^^^^^^^^^^^^^^^^^^^^^^^^^^^^^^^^^^^^^^^^^^^^^^^^^^^^^^^^^^
  File "/home/airflow/.local/lib/python3.12/site-packages/airflow/utils/session.py", line 76, in wrapper
    return func(*args, **kwargs)
           ^^^^^^^^^^^^^^^^^^^^^
  File "/home/airflow/.local/lib/python3.12/site-packages/airflow/models/dagbag.py", line 664, in _sync_to_db
    for attempt in run_with_db_retries(logger=log):
  File "/home/airflow/.local/lib/python3.12/site-packages/tenacity/__init__.py", line 435, in __iter__
    do = self.iter(retry_state=retry_state)
         ^^^^^^^^^^^^^^^^^^^^^^^^^^^^^^^^^^
  File "/home/airflow/.local/lib/python3.12/site-packages/tenacity/__init__.py", line 368, in iter
    result = action(retry_state)
             ^^^^^^^^^^^^^^^^^^^
  File "/home/airflow/.local/lib/python3.12/site-packages/tenacity/__init__.py", line 410, in exc_check
    raise retry_exc.reraise()
          ^^^^^^^^^^^^^^^^^^^
  File "/home/airflow/.local/lib/python3.12/site-packages/tenacity/__init__.py", line 183, in reraise
    raise self.last_attempt.result()
          ^^^^^^^^^^^^^^^^^^^^^^^^^^
  File "/usr/local/lib/python3.12/concurrent/futures/_base.py", line 449, in result
    return self.__get_result()
           ^^^^^^^^^^^^^^^^^^^
  File "/usr/local/lib/python3.12/concurrent/futures/_base.py", line 401, in __get_result
    raise self._exception
  File "/home/airflow/.local/lib/python3.12/site-packages/airflow/models/dagbag.py", line 677, in _sync_to_db
    _serialize_dag_capturing_errors(dag, session, processor_subdir)
  File "/home/airflow/.local/lib/python3.12/site-packages/airflow/models/dagbag.py", line 642, in _serialize_dag_capturing_errors
    dag_was_updated = SerializedDagModel.write_dag(
                      ^^^^^^^^^^^^^^^^^^^^^^^^^^^^^
  File "/home/airflow/.local/lib/python3.12/site-packages/airflow/utils/session.py", line 76, in wrapper
    return func(*args, **kwargs)
           ^^^^^^^^^^^^^^^^^^^^^
  File "/home/airflow/.local/lib/python3.12/site-packages/airflow/models/serialized_dag.py", line 158, in write_dag
    if session.scalar(
       ^^^^^^^^^^^^^^^
  File "/home/airflow/.local/lib/python3.12/site-packages/sqlalchemy/orm/session.py", line 1747, in scalar
    return self.execute(
           ^^^^^^^^^^^^^
  File "/home/airflow/.local/lib/python3.12/site-packages/sqlalchemy/orm/session.py", line 1716, in execute
    conn = self._connection_for_bind(bind)
           ^^^^^^^^^^^^^^^^^^^^^^^^^^^^^^^
  File "/home/airflow/.local/lib/python3.12/site-packages/sqlalchemy/orm/session.py", line 1555, in _connection_for_bind
    return self._transaction._connection_for_bind(
           ^^^^^^^^^^^^^^^^^^^^^^^^^^^^^^^^^^^^^^^
  File "/home/airflow/.local/lib/python3.12/site-packages/sqlalchemy/orm/session.py", line 750, in _connection_for_bind
    conn = bind.connect()
           ^^^^^^^^^^^^^^
  File "/home/airflow/.local/lib/python3.12/site-packages/sqlalchemy/future/engine.py", line 412, in connect
    return super(Engine, self).connect()
           ^^^^^^^^^^^^^^^^^^^^^^^^^^^^^
  File "/home/airflow/.local/lib/python3.12/site-packages/sqlalchemy/engine/base.py", line 3325, in connect
    return self._connection_cls(self, close_with_result=close_with_result)
           ^^^^^^^^^^^^^^^^^^^^^^^^^^^^^^^^^^^^^^^^^^^^^^^^^^^^^^^^^^^^^^^
  File "/home/airflow/.local/lib/python3.12/site-packages/sqlalchemy/engine/base.py", line 96, in __init__
    else engine.raw_connection()
         ^^^^^^^^^^^^^^^^^^^^^^^
  File "/home/airflow/.local/lib/python3.12/site-packages/sqlalchemy/engine/base.py", line 3404, in raw_connection
    return self._wrap_pool_connect(self.pool.connect, _connection)
           ^^^^^^^^^^^^^^^^^^^^^^^^^^^^^^^^^^^^^^^^^^^^^^^^^^^^^^^
  File "/home/airflow/.local/lib/python3.12/site-packages/sqlalchemy/engine/base.py", line 3374, in _wrap_pool_connect
    Connection._handle_dbapi_exception_noconnection(
  File "/home/airflow/.local/lib/python3.12/site-packages/sqlalchemy/engine/base.py", line 2208, in _handle_dbapi_exception_noconnection
    util.raise_(
  File "/home/airflow/.local/lib/python3.12/site-packages/sqlalchemy/util/compat.py", line 211, in raise_
    raise exception
  File "/home/airflow/.local/lib/python3.12/site-packages/sqlalchemy/engine/base.py", line 3371, in _wrap_pool_connect
    return fn()
           ^^^^
  File "/home/airflow/.local/lib/python3.12/site-packages/sqlalchemy/pool/base.py", line 327, in connect
    return _ConnectionFairy._checkout(self)
           ^^^^^^^^^^^^^^^^^^^^^^^^^^^^^^^^
  File "/home/airflow/.local/lib/python3.12/site-packages/sqlalchemy/pool/base.py", line 894, in _checkout
    fairy = _ConnectionRecord.checkout(pool)
            ^^^^^^^^^^^^^^^^^^^^^^^^^^^^^^^^
  File "/home/airflow/.local/lib/python3.12/site-packages/sqlalchemy/pool/base.py", line 493, in checkout
    rec = pool._do_get()
          ^^^^^^^^^^^^^^
  File "/home/airflow/.local/lib/python3.12/site-packages/sqlalchemy/pool/impl.py", line 145, in _do_get
    with util.safe_reraise():
  File "/home/airflow/.local/lib/python3.12/site-packages/sqlalchemy/util/langhelpers.py", line 70, in __exit__
    compat.raise_(
  File "/home/airflow/.local/lib/python3.12/site-packages/sqlalchemy/util/compat.py", line 211, in raise_
    raise exception
  File "/home/airflow/.local/lib/python3.12/site-packages/sqlalchemy/pool/impl.py", line 143, in _do_get
    return self._create_connection()
           ^^^^^^^^^^^^^^^^^^^^^^^^^
  File "/home/airflow/.local/lib/python3.12/site-packages/sqlalchemy/pool/base.py", line 273, in _create_connection
    return _ConnectionRecord(self)
           ^^^^^^^^^^^^^^^^^^^^^^^
  File "/home/airflow/.local/lib/python3.12/site-packages/sqlalchemy/pool/base.py", line 388, in __init__
    self.__connect()
  File "/home/airflow/.local/lib/python3.12/site-packages/sqlalchemy/pool/base.py", line 690, in __connect
    with util.safe_reraise():
  File "/home/airflow/.local/lib/python3.12/site-packages/sqlalchemy/util/langhelpers.py", line 70, in __exit__
    compat.raise_(
  File "/home/airflow/.local/lib/python3.12/site-packages/sqlalchemy/util/compat.py", line 211, in raise_
    raise exception
  File "/home/airflow/.local/lib/python3.12/site-packages/sqlalchemy/pool/base.py", line 686, in __connect
    self.dbapi_connection = connection = pool._invoke_creator(self)
                                         ^^^^^^^^^^^^^^^^^^^^^^^^^^
  File "/home/airflow/.local/lib/python3.12/site-packages/sqlalchemy/engine/create.py", line 574, in connect
    return dialect.connect(*cargs, **cparams)
           ^^^^^^^^^^^^^^^^^^^^^^^^^^^^^^^^^^
  File "/home/airflow/.local/lib/python3.12/site-packages/sqlalchemy/engine/default.py", line 598, in connect
    return self.dbapi.connect(*cargs, **cparams)
           ^^^^^^^^^^^^^^^^^^^^^^^^^^^^^^^^^^^^^
  File "/home/airflow/.local/lib/python3.12/site-packages/psycopg2/__init__.py", line 122, in connect
    conn = _connect(dsn, connection_factory=connection_factory, **kwasync)
           ^^^^^^^^^^^^^^^^^^^^^^^^^^^^^^^^^^^^^^^^^^^^^^^^^^^^^^^^^^^^^^^
sqlalchemy.exc.OperationalError: (psycopg2.OperationalError) could not translate host name "postgres" to address: Temporary failure in name resolution

(Background on this error at: https://sqlalche.me/e/14/e3q8)
[2024-06-24T03:01:15.484+0000] {processor.py:161} INFO - Started process (PID=32) to work on /opt/airflow/dags/encriptar_csv.py
[2024-06-24T03:01:15.486+0000] {processor.py:830} INFO - Processing file /opt/airflow/dags/encriptar_csv.py for tasks to queue
[2024-06-24T03:01:15.489+0000] {logging_mixin.py:188} INFO - [2024-06-24T03:01:15.488+0000] {dagbag.py:545} INFO - Filling up the DagBag from /opt/airflow/dags/encriptar_csv.py
[2024-06-24T03:01:15.788+0000] {processor.py:840} INFO - DAG(s) 'encriptar_csv_gcs' retrieved from /opt/airflow/dags/encriptar_csv.py
[2024-06-24T03:01:15.979+0000] {logging_mixin.py:188} INFO - [2024-06-24T03:01:15.978+0000] {dag.py:3096} INFO - Sync 1 DAGs
[2024-06-24T03:01:15.993+0000] {logging_mixin.py:188} INFO - [2024-06-24T03:01:15.992+0000] {dag.py:3954} INFO - Setting next_dagrun for encriptar_csv_gcs to None, run_after=None
[2024-06-24T03:01:16.024+0000] {processor.py:183} INFO - Processing /opt/airflow/dags/encriptar_csv.py took 0.551 seconds
[2024-06-24T03:01:46.302+0000] {processor.py:161} INFO - Started process (PID=121) to work on /opt/airflow/dags/encriptar_csv.py
[2024-06-24T03:01:46.303+0000] {processor.py:830} INFO - Processing file /opt/airflow/dags/encriptar_csv.py for tasks to queue
[2024-06-24T03:01:46.305+0000] {logging_mixin.py:188} INFO - [2024-06-24T03:01:46.305+0000] {dagbag.py:545} INFO - Filling up the DagBag from /opt/airflow/dags/encriptar_csv.py
[2024-06-24T03:01:46.604+0000] {processor.py:840} INFO - DAG(s) 'encriptar_csv_gcs' retrieved from /opt/airflow/dags/encriptar_csv.py
[2024-06-24T03:01:46.636+0000] {logging_mixin.py:188} INFO - [2024-06-24T03:01:46.635+0000] {dag.py:3096} INFO - Sync 1 DAGs
[2024-06-24T03:01:46.650+0000] {logging_mixin.py:188} INFO - [2024-06-24T03:01:46.649+0000] {dag.py:3954} INFO - Setting next_dagrun for encriptar_csv_gcs to None, run_after=None
[2024-06-24T03:01:46.672+0000] {processor.py:183} INFO - Processing /opt/airflow/dags/encriptar_csv.py took 0.380 seconds
[2024-06-24T03:02:17.481+0000] {processor.py:161} INFO - Started process (PID=211) to work on /opt/airflow/dags/encriptar_csv.py
[2024-06-24T03:02:17.495+0000] {processor.py:830} INFO - Processing file /opt/airflow/dags/encriptar_csv.py for tasks to queue
[2024-06-24T03:02:17.518+0000] {logging_mixin.py:188} INFO - [2024-06-24T03:02:17.508+0000] {dagbag.py:545} INFO - Filling up the DagBag from /opt/airflow/dags/encriptar_csv.py
[2024-06-24T03:02:28.911+0000] {processor.py:840} INFO - DAG(s) 'encriptar_csv_gcs' retrieved from /opt/airflow/dags/encriptar_csv.py
[2024-06-24T03:02:29.084+0000] {logging_mixin.py:188} INFO - [2024-06-24T03:02:29.083+0000] {dag.py:3096} INFO - Sync 1 DAGs
[2024-06-24T03:02:29.106+0000] {logging_mixin.py:188} INFO - [2024-06-24T03:02:29.106+0000] {dag.py:3954} INFO - Setting next_dagrun for encriptar_csv_gcs to None, run_after=None
[2024-06-24T03:02:29.136+0000] {processor.py:183} INFO - Processing /opt/airflow/dags/encriptar_csv.py took 11.675 seconds
[2024-06-24T03:03:00.167+0000] {processor.py:161} INFO - Started process (PID=302) to work on /opt/airflow/dags/encriptar_csv.py
[2024-06-24T03:03:00.169+0000] {processor.py:830} INFO - Processing file /opt/airflow/dags/encriptar_csv.py for tasks to queue
[2024-06-24T03:03:00.173+0000] {logging_mixin.py:188} INFO - [2024-06-24T03:03:00.173+0000] {dagbag.py:545} INFO - Filling up the DagBag from /opt/airflow/dags/encriptar_csv.py
[2024-06-24T03:03:00.488+0000] {processor.py:840} INFO - DAG(s) 'encriptar_csv_gcs' retrieved from /opt/airflow/dags/encriptar_csv.py
[2024-06-24T03:03:00.526+0000] {logging_mixin.py:188} INFO - [2024-06-24T03:03:00.525+0000] {dag.py:3096} INFO - Sync 1 DAGs
[2024-06-24T03:03:00.542+0000] {logging_mixin.py:188} INFO - [2024-06-24T03:03:00.541+0000] {dag.py:3954} INFO - Setting next_dagrun for encriptar_csv_gcs to None, run_after=None
[2024-06-24T03:03:00.570+0000] {processor.py:183} INFO - Processing /opt/airflow/dags/encriptar_csv.py took 0.416 seconds
[2024-06-24T03:03:32.760+0000] {processor.py:161} INFO - Started process (PID=353) to work on /opt/airflow/dags/encriptar_csv.py
[2024-06-24T03:03:32.761+0000] {processor.py:830} INFO - Processing file /opt/airflow/dags/encriptar_csv.py for tasks to queue
[2024-06-24T03:03:32.766+0000] {logging_mixin.py:188} INFO - [2024-06-24T03:03:32.765+0000] {dagbag.py:545} INFO - Filling up the DagBag from /opt/airflow/dags/encriptar_csv.py
[2024-06-24T03:03:33.102+0000] {processor.py:840} INFO - DAG(s) 'encriptar_csv_gcs' retrieved from /opt/airflow/dags/encriptar_csv.py
[2024-06-24T03:03:33.173+0000] {logging_mixin.py:188} INFO - [2024-06-24T03:03:33.172+0000] {dag.py:3096} INFO - Sync 1 DAGs
[2024-06-24T03:03:33.219+0000] {logging_mixin.py:188} INFO - [2024-06-24T03:03:33.218+0000] {dag.py:3954} INFO - Setting next_dagrun for encriptar_csv_gcs to None, run_after=None
[2024-06-24T03:03:33.279+0000] {processor.py:183} INFO - Processing /opt/airflow/dags/encriptar_csv.py took 0.529 seconds
[2024-06-24T03:04:03.501+0000] {processor.py:161} INFO - Started process (PID=443) to work on /opt/airflow/dags/encriptar_csv.py
[2024-06-24T03:04:03.502+0000] {processor.py:830} INFO - Processing file /opt/airflow/dags/encriptar_csv.py for tasks to queue
[2024-06-24T03:04:03.505+0000] {logging_mixin.py:188} INFO - [2024-06-24T03:04:03.505+0000] {dagbag.py:545} INFO - Filling up the DagBag from /opt/airflow/dags/encriptar_csv.py
[2024-06-24T03:04:03.686+0000] {processor.py:840} INFO - DAG(s) 'encriptar_csv_gcs' retrieved from /opt/airflow/dags/encriptar_csv.py
[2024-06-24T03:04:03.718+0000] {logging_mixin.py:188} INFO - [2024-06-24T03:04:03.717+0000] {dag.py:3096} INFO - Sync 1 DAGs
[2024-06-24T03:04:03.737+0000] {logging_mixin.py:188} INFO - [2024-06-24T03:04:03.736+0000] {dag.py:3954} INFO - Setting next_dagrun for encriptar_csv_gcs to None, run_after=None
[2024-06-24T03:04:03.763+0000] {processor.py:183} INFO - Processing /opt/airflow/dags/encriptar_csv.py took 0.268 seconds
[2024-06-24T03:04:34.200+0000] {processor.py:161} INFO - Started process (PID=507) to work on /opt/airflow/dags/encriptar_csv.py
[2024-06-24T03:04:34.201+0000] {processor.py:830} INFO - Processing file /opt/airflow/dags/encriptar_csv.py for tasks to queue
[2024-06-24T03:04:34.203+0000] {logging_mixin.py:188} INFO - [2024-06-24T03:04:34.203+0000] {dagbag.py:545} INFO - Filling up the DagBag from /opt/airflow/dags/encriptar_csv.py
[2024-06-24T03:04:34.349+0000] {processor.py:840} INFO - DAG(s) 'encriptar_csv_gcs' retrieved from /opt/airflow/dags/encriptar_csv.py
[2024-06-24T03:04:34.375+0000] {logging_mixin.py:188} INFO - [2024-06-24T03:04:34.375+0000] {dag.py:3096} INFO - Sync 1 DAGs
[2024-06-24T03:04:34.391+0000] {logging_mixin.py:188} INFO - [2024-06-24T03:04:34.391+0000] {dag.py:3954} INFO - Setting next_dagrun for encriptar_csv_gcs to None, run_after=None
[2024-06-24T03:04:34.419+0000] {processor.py:183} INFO - Processing /opt/airflow/dags/encriptar_csv.py took 0.226 seconds
[2024-06-24T03:05:04.530+0000] {processor.py:161} INFO - Started process (PID=594) to work on /opt/airflow/dags/encriptar_csv.py
[2024-06-24T03:05:04.531+0000] {processor.py:830} INFO - Processing file /opt/airflow/dags/encriptar_csv.py for tasks to queue
[2024-06-24T03:05:04.533+0000] {logging_mixin.py:188} INFO - [2024-06-24T03:05:04.533+0000] {dagbag.py:545} INFO - Filling up the DagBag from /opt/airflow/dags/encriptar_csv.py
[2024-06-24T03:05:04.685+0000] {processor.py:840} INFO - DAG(s) 'encriptar_csv_gcs' retrieved from /opt/airflow/dags/encriptar_csv.py
[2024-06-24T03:05:04.709+0000] {logging_mixin.py:188} INFO - [2024-06-24T03:05:04.709+0000] {dag.py:3096} INFO - Sync 1 DAGs
[2024-06-24T03:05:04.723+0000] {logging_mixin.py:188} INFO - [2024-06-24T03:05:04.723+0000] {dag.py:3954} INFO - Setting next_dagrun for encriptar_csv_gcs to None, run_after=None
[2024-06-24T03:05:04.745+0000] {processor.py:183} INFO - Processing /opt/airflow/dags/encriptar_csv.py took 0.221 seconds
[2024-06-24T03:05:35.126+0000] {processor.py:161} INFO - Started process (PID=685) to work on /opt/airflow/dags/encriptar_csv.py
[2024-06-24T03:05:35.127+0000] {processor.py:830} INFO - Processing file /opt/airflow/dags/encriptar_csv.py for tasks to queue
[2024-06-24T03:05:35.129+0000] {logging_mixin.py:188} INFO - [2024-06-24T03:05:35.129+0000] {dagbag.py:545} INFO - Filling up the DagBag from /opt/airflow/dags/encriptar_csv.py
[2024-06-24T03:05:35.322+0000] {processor.py:840} INFO - DAG(s) 'encriptar_csv_gcs' retrieved from /opt/airflow/dags/encriptar_csv.py
[2024-06-24T03:05:35.344+0000] {logging_mixin.py:188} INFO - [2024-06-24T03:05:35.343+0000] {dag.py:3096} INFO - Sync 1 DAGs
[2024-06-24T03:05:35.359+0000] {logging_mixin.py:188} INFO - [2024-06-24T03:05:35.359+0000] {dag.py:3954} INFO - Setting next_dagrun for encriptar_csv_gcs to None, run_after=None
[2024-06-24T03:05:35.385+0000] {processor.py:183} INFO - Processing /opt/airflow/dags/encriptar_csv.py took 0.267 seconds
[2024-06-24T03:06:43.494+0000] {processor.py:161} INFO - Started process (PID=777) to work on /opt/airflow/dags/encriptar_csv.py
[2024-06-24T03:06:43.496+0000] {processor.py:830} INFO - Processing file /opt/airflow/dags/encriptar_csv.py for tasks to queue
[2024-06-24T03:06:43.499+0000] {logging_mixin.py:188} INFO - [2024-06-24T03:06:43.498+0000] {dagbag.py:545} INFO - Filling up the DagBag from /opt/airflow/dags/encriptar_csv.py
[2024-06-24T03:06:43.853+0000] {processor.py:840} INFO - DAG(s) 'encriptar_csv_gcs' retrieved from /opt/airflow/dags/encriptar_csv.py
[2024-06-24T03:06:44.014+0000] {logging_mixin.py:188} INFO - [2024-06-24T03:06:44.013+0000] {dag.py:3096} INFO - Sync 1 DAGs
[2024-06-24T03:06:44.067+0000] {logging_mixin.py:188} INFO - [2024-06-24T03:06:44.066+0000] {dag.py:3954} INFO - Setting next_dagrun for encriptar_csv_gcs to None, run_after=None
[2024-06-24T03:06:44.101+0000] {processor.py:183} INFO - Processing /opt/airflow/dags/encriptar_csv.py took 0.614 seconds
[2024-06-24T03:07:23.685+0000] {processor.py:161} INFO - Started process (PID=856) to work on /opt/airflow/dags/encriptar_csv.py
[2024-06-24T03:07:23.687+0000] {processor.py:830} INFO - Processing file /opt/airflow/dags/encriptar_csv.py for tasks to queue
[2024-06-24T03:07:23.690+0000] {logging_mixin.py:188} INFO - [2024-06-24T03:07:23.689+0000] {dagbag.py:545} INFO - Filling up the DagBag from /opt/airflow/dags/encriptar_csv.py
[2024-06-24T03:07:23.987+0000] {processor.py:840} INFO - DAG(s) 'encriptar_csv_gcs' retrieved from /opt/airflow/dags/encriptar_csv.py
[2024-06-24T03:07:24.235+0000] {logging_mixin.py:188} INFO - [2024-06-24T03:07:24.225+0000] {dag.py:3096} INFO - Sync 1 DAGs
[2024-06-24T03:07:24.404+0000] {logging_mixin.py:188} INFO - [2024-06-24T03:07:24.365+0000] {dag.py:3954} INFO - Setting next_dagrun for encriptar_csv_gcs to None, run_after=None
[2024-06-24T03:07:25.213+0000] {processor.py:183} INFO - Processing /opt/airflow/dags/encriptar_csv.py took 1.535 seconds
[2024-06-24T03:08:29.127+0000] {processor.py:161} INFO - Started process (PID=952) to work on /opt/airflow/dags/encriptar_csv.py
[2024-06-24T03:08:29.129+0000] {processor.py:830} INFO - Processing file /opt/airflow/dags/encriptar_csv.py for tasks to queue
[2024-06-24T03:08:29.132+0000] {logging_mixin.py:188} INFO - [2024-06-24T03:08:29.132+0000] {dagbag.py:545} INFO - Filling up the DagBag from /opt/airflow/dags/encriptar_csv.py
[2024-06-24T03:08:29.390+0000] {processor.py:840} INFO - DAG(s) 'encriptar_csv_gcs' retrieved from /opt/airflow/dags/encriptar_csv.py
[2024-06-24T03:08:29.422+0000] {logging_mixin.py:188} INFO - [2024-06-24T03:08:29.422+0000] {dag.py:3096} INFO - Sync 1 DAGs
[2024-06-24T03:08:29.439+0000] {logging_mixin.py:188} INFO - [2024-06-24T03:08:29.439+0000] {dag.py:3954} INFO - Setting next_dagrun for encriptar_csv_gcs to None, run_after=None
[2024-06-24T03:08:29.464+0000] {processor.py:183} INFO - Processing /opt/airflow/dags/encriptar_csv.py took 0.344 seconds
[2024-06-24T03:09:02.825+0000] {processor.py:161} INFO - Started process (PID=1046) to work on /opt/airflow/dags/encriptar_csv.py
[2024-06-24T03:09:02.826+0000] {processor.py:830} INFO - Processing file /opt/airflow/dags/encriptar_csv.py for tasks to queue
[2024-06-24T03:09:02.828+0000] {logging_mixin.py:188} INFO - [2024-06-24T03:09:02.828+0000] {dagbag.py:545} INFO - Filling up the DagBag from /opt/airflow/dags/encriptar_csv.py
[2024-06-24T03:09:02.991+0000] {processor.py:840} INFO - DAG(s) 'encriptar_csv_gcs' retrieved from /opt/airflow/dags/encriptar_csv.py
[2024-06-24T03:09:03.029+0000] {logging_mixin.py:188} INFO - [2024-06-24T03:09:03.028+0000] {dag.py:3096} INFO - Sync 1 DAGs
[2024-06-24T03:09:03.049+0000] {logging_mixin.py:188} INFO - [2024-06-24T03:09:03.048+0000] {dag.py:3954} INFO - Setting next_dagrun for encriptar_csv_gcs to None, run_after=None
[2024-06-24T03:09:03.091+0000] {processor.py:183} INFO - Processing /opt/airflow/dags/encriptar_csv.py took 0.272 seconds
[2024-06-24T03:09:35.213+0000] {processor.py:161} INFO - Started process (PID=1120) to work on /opt/airflow/dags/encriptar_csv.py
[2024-06-24T03:09:35.215+0000] {processor.py:830} INFO - Processing file /opt/airflow/dags/encriptar_csv.py for tasks to queue
[2024-06-24T03:09:35.220+0000] {logging_mixin.py:188} INFO - [2024-06-24T03:09:35.219+0000] {dagbag.py:545} INFO - Filling up the DagBag from /opt/airflow/dags/encriptar_csv.py
[2024-06-24T03:09:35.614+0000] {processor.py:840} INFO - DAG(s) 'encriptar_csv_gcs' retrieved from /opt/airflow/dags/encriptar_csv.py
[2024-06-24T03:09:35.690+0000] {logging_mixin.py:188} INFO - [2024-06-24T03:09:35.689+0000] {dag.py:3096} INFO - Sync 1 DAGs
[2024-06-24T03:09:35.711+0000] {logging_mixin.py:188} INFO - [2024-06-24T03:09:35.711+0000] {dag.py:3954} INFO - Setting next_dagrun for encriptar_csv_gcs to None, run_after=None
[2024-06-24T03:09:35.739+0000] {processor.py:183} INFO - Processing /opt/airflow/dags/encriptar_csv.py took 0.542 seconds
[2024-06-24T03:10:43.832+0000] {processor.py:161} INFO - Started process (PID=1218) to work on /opt/airflow/dags/encriptar_csv.py
[2024-06-24T03:10:43.835+0000] {processor.py:830} INFO - Processing file /opt/airflow/dags/encriptar_csv.py for tasks to queue
[2024-06-24T03:10:43.840+0000] {logging_mixin.py:188} INFO - [2024-06-24T03:10:43.838+0000] {dagbag.py:545} INFO - Filling up the DagBag from /opt/airflow/dags/encriptar_csv.py
[2024-06-24T03:10:44.503+0000] {processor.py:840} INFO - DAG(s) 'encriptar_csv_gcs' retrieved from /opt/airflow/dags/encriptar_csv.py
[2024-06-24T03:10:50.867+0000] {logging_mixin.py:188} INFO - [2024-06-24T03:10:50.865+0000] {dag.py:3096} INFO - Sync 1 DAGs
[2024-06-24T03:10:50.888+0000] {logging_mixin.py:188} INFO - [2024-06-24T03:10:50.888+0000] {dag.py:3954} INFO - Setting next_dagrun for encriptar_csv_gcs to None, run_after=None
[2024-06-24T03:10:50.922+0000] {processor.py:183} INFO - Processing /opt/airflow/dags/encriptar_csv.py took 7.111 seconds
[2024-06-24T03:11:21.108+0000] {processor.py:161} INFO - Started process (PID=1309) to work on /opt/airflow/dags/encriptar_csv.py
[2024-06-24T03:11:21.110+0000] {processor.py:830} INFO - Processing file /opt/airflow/dags/encriptar_csv.py for tasks to queue
[2024-06-24T03:11:21.113+0000] {logging_mixin.py:188} INFO - [2024-06-24T03:11:21.112+0000] {dagbag.py:545} INFO - Filling up the DagBag from /opt/airflow/dags/encriptar_csv.py
[2024-06-24T03:11:21.294+0000] {processor.py:840} INFO - DAG(s) 'encriptar_csv_gcs' retrieved from /opt/airflow/dags/encriptar_csv.py
[2024-06-24T03:11:21.323+0000] {logging_mixin.py:188} INFO - [2024-06-24T03:11:21.323+0000] {dag.py:3096} INFO - Sync 1 DAGs
[2024-06-24T03:11:21.339+0000] {logging_mixin.py:188} INFO - [2024-06-24T03:11:21.339+0000] {dag.py:3954} INFO - Setting next_dagrun for encriptar_csv_gcs to None, run_after=None
[2024-06-24T03:11:21.586+0000] {processor.py:183} INFO - Processing /opt/airflow/dags/encriptar_csv.py took 0.491 seconds
[2024-06-24T03:11:51.976+0000] {processor.py:161} INFO - Started process (PID=1398) to work on /opt/airflow/dags/encriptar_csv.py
[2024-06-24T03:11:51.978+0000] {processor.py:830} INFO - Processing file /opt/airflow/dags/encriptar_csv.py for tasks to queue
[2024-06-24T03:11:51.981+0000] {logging_mixin.py:188} INFO - [2024-06-24T03:11:51.980+0000] {dagbag.py:545} INFO - Filling up the DagBag from /opt/airflow/dags/encriptar_csv.py
[2024-06-24T03:11:52.270+0000] {processor.py:840} INFO - DAG(s) 'encriptar_csv_gcs' retrieved from /opt/airflow/dags/encriptar_csv.py
[2024-06-24T03:11:52.356+0000] {logging_mixin.py:188} INFO - [2024-06-24T03:11:52.355+0000] {dag.py:3096} INFO - Sync 1 DAGs
[2024-06-24T03:11:52.369+0000] {logging_mixin.py:188} INFO - [2024-06-24T03:11:52.368+0000] {dag.py:3954} INFO - Setting next_dagrun for encriptar_csv_gcs to None, run_after=None
[2024-06-24T03:11:52.393+0000] {processor.py:183} INFO - Processing /opt/airflow/dags/encriptar_csv.py took 0.430 seconds
[2024-06-24T03:12:23.230+0000] {processor.py:161} INFO - Started process (PID=1487) to work on /opt/airflow/dags/encriptar_csv.py
[2024-06-24T03:12:23.232+0000] {processor.py:830} INFO - Processing file /opt/airflow/dags/encriptar_csv.py for tasks to queue
[2024-06-24T03:12:23.235+0000] {logging_mixin.py:188} INFO - [2024-06-24T03:12:23.234+0000] {dagbag.py:545} INFO - Filling up the DagBag from /opt/airflow/dags/encriptar_csv.py
[2024-06-24T03:12:23.468+0000] {processor.py:840} INFO - DAG(s) 'encriptar_csv_gcs' retrieved from /opt/airflow/dags/encriptar_csv.py
[2024-06-24T03:12:23.515+0000] {logging_mixin.py:188} INFO - [2024-06-24T03:12:23.514+0000] {dag.py:3096} INFO - Sync 1 DAGs
[2024-06-24T03:12:23.527+0000] {logging_mixin.py:188} INFO - [2024-06-24T03:12:23.527+0000] {dag.py:3954} INFO - Setting next_dagrun for encriptar_csv_gcs to None, run_after=None
[2024-06-24T03:12:23.550+0000] {processor.py:183} INFO - Processing /opt/airflow/dags/encriptar_csv.py took 0.327 seconds
[2024-06-24T03:12:53.715+0000] {processor.py:161} INFO - Started process (PID=1549) to work on /opt/airflow/dags/encriptar_csv.py
[2024-06-24T03:12:53.718+0000] {processor.py:830} INFO - Processing file /opt/airflow/dags/encriptar_csv.py for tasks to queue
[2024-06-24T03:12:53.724+0000] {logging_mixin.py:188} INFO - [2024-06-24T03:12:53.723+0000] {dagbag.py:545} INFO - Filling up the DagBag from /opt/airflow/dags/encriptar_csv.py
[2024-06-24T03:12:53.936+0000] {processor.py:840} INFO - DAG(s) 'encriptar_csv_gcs' retrieved from /opt/airflow/dags/encriptar_csv.py
[2024-06-24T03:12:54.053+0000] {logging_mixin.py:188} INFO - [2024-06-24T03:12:54.051+0000] {dag.py:3096} INFO - Sync 1 DAGs
[2024-06-24T03:12:54.068+0000] {logging_mixin.py:188} INFO - [2024-06-24T03:12:54.068+0000] {dag.py:3954} INFO - Setting next_dagrun for encriptar_csv_gcs to None, run_after=None
[2024-06-24T03:12:54.094+0000] {processor.py:183} INFO - Processing /opt/airflow/dags/encriptar_csv.py took 0.392 seconds
[2024-06-24T03:13:41.653+0000] {processor.py:161} INFO - Started process (PID=1639) to work on /opt/airflow/dags/encriptar_csv.py
[2024-06-24T03:13:41.654+0000] {processor.py:830} INFO - Processing file /opt/airflow/dags/encriptar_csv.py for tasks to queue
[2024-06-24T03:13:41.656+0000] {logging_mixin.py:188} INFO - [2024-06-24T03:13:41.656+0000] {dagbag.py:545} INFO - Filling up the DagBag from /opt/airflow/dags/encriptar_csv.py
[2024-06-24T03:13:41.802+0000] {processor.py:840} INFO - DAG(s) 'encriptar_csv_gcs' retrieved from /opt/airflow/dags/encriptar_csv.py
[2024-06-24T03:13:41.829+0000] {logging_mixin.py:188} INFO - [2024-06-24T03:13:41.828+0000] {dag.py:3096} INFO - Sync 1 DAGs
[2024-06-24T03:13:41.843+0000] {logging_mixin.py:188} INFO - [2024-06-24T03:13:41.842+0000] {dag.py:3954} INFO - Setting next_dagrun for encriptar_csv_gcs to None, run_after=None
[2024-06-24T03:13:41.871+0000] {processor.py:183} INFO - Processing /opt/airflow/dags/encriptar_csv.py took 0.225 seconds
[2024-06-24T03:14:12.974+0000] {processor.py:161} INFO - Started process (PID=1713) to work on /opt/airflow/dags/encriptar_csv.py
[2024-06-24T03:14:12.975+0000] {processor.py:830} INFO - Processing file /opt/airflow/dags/encriptar_csv.py for tasks to queue
[2024-06-24T03:14:12.978+0000] {logging_mixin.py:188} INFO - [2024-06-24T03:14:12.977+0000] {dagbag.py:545} INFO - Filling up the DagBag from /opt/airflow/dags/encriptar_csv.py
[2024-06-24T03:14:13.155+0000] {processor.py:840} INFO - DAG(s) 'encriptar_csv_gcs' retrieved from /opt/airflow/dags/encriptar_csv.py
[2024-06-24T03:14:13.192+0000] {logging_mixin.py:188} INFO - [2024-06-24T03:14:13.191+0000] {dag.py:3096} INFO - Sync 1 DAGs
[2024-06-24T03:14:13.434+0000] {logging_mixin.py:188} INFO - [2024-06-24T03:14:13.434+0000] {dag.py:3954} INFO - Setting next_dagrun for encriptar_csv_gcs to None, run_after=None
[2024-06-24T03:14:13.454+0000] {processor.py:183} INFO - Processing /opt/airflow/dags/encriptar_csv.py took 0.488 seconds
[2024-06-24T03:14:49.190+0000] {processor.py:161} INFO - Started process (PID=1768) to work on /opt/airflow/dags/encriptar_csv.py
[2024-06-24T03:14:49.209+0000] {processor.py:830} INFO - Processing file /opt/airflow/dags/encriptar_csv.py for tasks to queue
[2024-06-24T03:14:49.234+0000] {logging_mixin.py:188} INFO - [2024-06-24T03:14:49.231+0000] {dagbag.py:545} INFO - Filling up the DagBag from /opt/airflow/dags/encriptar_csv.py
[2024-06-24T03:14:50.683+0000] {processor.py:840} INFO - DAG(s) 'encriptar_csv_gcs' retrieved from /opt/airflow/dags/encriptar_csv.py
[2024-06-24T03:14:50.826+0000] {logging_mixin.py:188} INFO - [2024-06-24T03:14:50.823+0000] {dag.py:3096} INFO - Sync 1 DAGs
[2024-06-24T03:14:52.011+0000] {logging_mixin.py:188} INFO - [2024-06-24T03:14:52.010+0000] {dag.py:3954} INFO - Setting next_dagrun for encriptar_csv_gcs to None, run_after=None
[2024-06-24T03:14:52.041+0000] {processor.py:183} INFO - Processing /opt/airflow/dags/encriptar_csv.py took 2.934 seconds
[2024-06-24T03:15:22.556+0000] {processor.py:161} INFO - Started process (PID=1856) to work on /opt/airflow/dags/encriptar_csv.py
[2024-06-24T03:15:22.558+0000] {processor.py:830} INFO - Processing file /opt/airflow/dags/encriptar_csv.py for tasks to queue
[2024-06-24T03:15:22.561+0000] {logging_mixin.py:188} INFO - [2024-06-24T03:15:22.560+0000] {dagbag.py:545} INFO - Filling up the DagBag from /opt/airflow/dags/encriptar_csv.py
[2024-06-24T03:15:22.813+0000] {processor.py:840} INFO - DAG(s) 'encriptar_csv_gcs' retrieved from /opt/airflow/dags/encriptar_csv.py
[2024-06-24T03:15:22.848+0000] {logging_mixin.py:188} INFO - [2024-06-24T03:15:22.847+0000] {dag.py:3096} INFO - Sync 1 DAGs
[2024-06-24T03:15:22.862+0000] {logging_mixin.py:188} INFO - [2024-06-24T03:15:22.861+0000] {dag.py:3954} INFO - Setting next_dagrun for encriptar_csv_gcs to None, run_after=None
[2024-06-24T03:15:22.882+0000] {processor.py:183} INFO - Processing /opt/airflow/dags/encriptar_csv.py took 0.335 seconds
[2024-06-24T03:15:53.075+0000] {processor.py:161} INFO - Started process (PID=1944) to work on /opt/airflow/dags/encriptar_csv.py
[2024-06-24T03:15:53.077+0000] {processor.py:830} INFO - Processing file /opt/airflow/dags/encriptar_csv.py for tasks to queue
[2024-06-24T03:15:53.079+0000] {logging_mixin.py:188} INFO - [2024-06-24T03:15:53.078+0000] {dagbag.py:545} INFO - Filling up the DagBag from /opt/airflow/dags/encriptar_csv.py
[2024-06-24T03:15:53.250+0000] {processor.py:840} INFO - DAG(s) 'encriptar_csv_gcs' retrieved from /opt/airflow/dags/encriptar_csv.py
[2024-06-24T03:15:53.279+0000] {logging_mixin.py:188} INFO - [2024-06-24T03:15:53.278+0000] {dag.py:3096} INFO - Sync 1 DAGs
[2024-06-24T03:15:53.293+0000] {logging_mixin.py:188} INFO - [2024-06-24T03:15:53.293+0000] {dag.py:3954} INFO - Setting next_dagrun for encriptar_csv_gcs to None, run_after=None
[2024-06-24T03:15:53.312+0000] {processor.py:183} INFO - Processing /opt/airflow/dags/encriptar_csv.py took 0.244 seconds
[2024-06-24T03:16:23.972+0000] {processor.py:161} INFO - Started process (PID=2033) to work on /opt/airflow/dags/encriptar_csv.py
[2024-06-24T03:16:23.974+0000] {processor.py:830} INFO - Processing file /opt/airflow/dags/encriptar_csv.py for tasks to queue
[2024-06-24T03:16:23.976+0000] {logging_mixin.py:188} INFO - [2024-06-24T03:16:23.975+0000] {dagbag.py:545} INFO - Filling up the DagBag from /opt/airflow/dags/encriptar_csv.py
[2024-06-24T03:16:24.112+0000] {processor.py:840} INFO - DAG(s) 'encriptar_csv_gcs' retrieved from /opt/airflow/dags/encriptar_csv.py
[2024-06-24T03:16:24.136+0000] {logging_mixin.py:188} INFO - [2024-06-24T03:16:24.135+0000] {dag.py:3096} INFO - Sync 1 DAGs
[2024-06-24T03:16:24.149+0000] {logging_mixin.py:188} INFO - [2024-06-24T03:16:24.148+0000] {dag.py:3954} INFO - Setting next_dagrun for encriptar_csv_gcs to None, run_after=None
[2024-06-24T03:16:24.171+0000] {processor.py:183} INFO - Processing /opt/airflow/dags/encriptar_csv.py took 0.205 seconds
[2024-06-24T03:17:26.423+0000] {processor.py:161} INFO - Started process (PID=2124) to work on /opt/airflow/dags/encriptar_csv.py
[2024-06-24T03:17:26.425+0000] {processor.py:830} INFO - Processing file /opt/airflow/dags/encriptar_csv.py for tasks to queue
[2024-06-24T03:17:26.429+0000] {logging_mixin.py:188} INFO - [2024-06-24T03:17:26.429+0000] {dagbag.py:545} INFO - Filling up the DagBag from /opt/airflow/dags/encriptar_csv.py
[2024-06-24T03:17:27.715+0000] {processor.py:840} INFO - DAG(s) 'encriptar_csv_gcs' retrieved from /opt/airflow/dags/encriptar_csv.py
[2024-06-24T03:17:28.365+0000] {logging_mixin.py:188} INFO - [2024-06-24T03:17:28.356+0000] {dag.py:3096} INFO - Sync 1 DAGs
[2024-06-24T03:17:28.402+0000] {logging_mixin.py:188} INFO - [2024-06-24T03:17:28.401+0000] {dag.py:3954} INFO - Setting next_dagrun for encriptar_csv_gcs to None, run_after=None
[2024-06-24T03:17:28.461+0000] {processor.py:183} INFO - Processing /opt/airflow/dags/encriptar_csv.py took 2.086 seconds
[2024-06-24T03:17:59.033+0000] {processor.py:161} INFO - Started process (PID=2226) to work on /opt/airflow/dags/encriptar_csv.py
[2024-06-24T03:17:59.035+0000] {processor.py:830} INFO - Processing file /opt/airflow/dags/encriptar_csv.py for tasks to queue
[2024-06-24T03:17:59.037+0000] {logging_mixin.py:188} INFO - [2024-06-24T03:17:59.036+0000] {dagbag.py:545} INFO - Filling up the DagBag from /opt/airflow/dags/encriptar_csv.py
[2024-06-24T03:17:59.701+0000] {processor.py:840} INFO - DAG(s) 'encriptar_csv_gcs' retrieved from /opt/airflow/dags/encriptar_csv.py
[2024-06-24T03:17:59.857+0000] {logging_mixin.py:188} INFO - [2024-06-24T03:17:59.856+0000] {dag.py:3096} INFO - Sync 1 DAGs
[2024-06-24T03:17:59.945+0000] {logging_mixin.py:188} INFO - [2024-06-24T03:17:59.944+0000] {dag.py:3954} INFO - Setting next_dagrun for encriptar_csv_gcs to None, run_after=None
[2024-06-24T03:18:00.007+0000] {processor.py:183} INFO - Processing /opt/airflow/dags/encriptar_csv.py took 0.991 seconds
[2024-06-24T03:19:20.533+0000] {processor.py:161} INFO - Started process (PID=2284) to work on /opt/airflow/dags/encriptar_csv.py
[2024-06-24T03:19:20.536+0000] {processor.py:830} INFO - Processing file /opt/airflow/dags/encriptar_csv.py for tasks to queue
[2024-06-24T03:19:20.550+0000] {logging_mixin.py:188} INFO - [2024-06-24T03:19:20.548+0000] {dagbag.py:545} INFO - Filling up the DagBag from /opt/airflow/dags/encriptar_csv.py
[2024-06-24T03:19:21.773+0000] {processor.py:840} INFO - DAG(s) 'encriptar_csv_gcs' retrieved from /opt/airflow/dags/encriptar_csv.py
[2024-06-24T03:19:21.914+0000] {logging_mixin.py:188} INFO - [2024-06-24T03:19:21.910+0000] {dag.py:3096} INFO - Sync 1 DAGs
[2024-06-24T03:19:21.929+0000] {logging_mixin.py:188} INFO - [2024-06-24T03:19:21.929+0000] {dag.py:3954} INFO - Setting next_dagrun for encriptar_csv_gcs to None, run_after=None
[2024-06-24T03:19:21.955+0000] {processor.py:183} INFO - Processing /opt/airflow/dags/encriptar_csv.py took 1.486 seconds
[2024-06-24T03:19:52.205+0000] {processor.py:161} INFO - Started process (PID=2373) to work on /opt/airflow/dags/encriptar_csv.py
[2024-06-24T03:19:52.206+0000] {processor.py:830} INFO - Processing file /opt/airflow/dags/encriptar_csv.py for tasks to queue
[2024-06-24T03:19:52.209+0000] {logging_mixin.py:188} INFO - [2024-06-24T03:19:52.209+0000] {dagbag.py:545} INFO - Filling up the DagBag from /opt/airflow/dags/encriptar_csv.py
[2024-06-24T03:19:52.583+0000] {processor.py:840} INFO - DAG(s) 'encriptar_csv_gcs' retrieved from /opt/airflow/dags/encriptar_csv.py
[2024-06-24T03:19:52.605+0000] {logging_mixin.py:188} INFO - [2024-06-24T03:19:52.604+0000] {dag.py:3096} INFO - Sync 1 DAGs
[2024-06-24T03:19:52.615+0000] {logging_mixin.py:188} INFO - [2024-06-24T03:19:52.615+0000] {dag.py:3954} INFO - Setting next_dagrun for encriptar_csv_gcs to None, run_after=None
[2024-06-24T03:19:52.635+0000] {processor.py:183} INFO - Processing /opt/airflow/dags/encriptar_csv.py took 0.437 seconds
