[2024-06-23T00:57:51.877+0000] {local_task_job_runner.py:120} INFO - ::group::Pre task execution logs
[2024-06-23T00:57:51.894+0000] {taskinstance.py:2076} INFO - Dependencies all met for dep_context=non-requeueable deps ti=<TaskInstance: etl_pipeline_dag.transform_data_query manual__2024-06-23T00:57:39.387366+00:00 [queued]>
[2024-06-23T00:57:51.902+0000] {taskinstance.py:2076} INFO - Dependencies all met for dep_context=requeueable deps ti=<TaskInstance: etl_pipeline_dag.transform_data_query manual__2024-06-23T00:57:39.387366+00:00 [queued]>
[2024-06-23T00:57:51.903+0000] {taskinstance.py:2306} INFO - Starting attempt 1 of 1
[2024-06-23T00:57:51.919+0000] {taskinstance.py:2330} INFO - Executing <Task(BigQueryInsertJobOperator): transform_data_query> on 2024-06-23 00:57:39.387366+00:00
[2024-06-23T00:57:51.941+0000] {warnings.py:112} WARNING - /home/***/.local/lib/python3.12/site-packages/***/task/task_runner/standard_task_runner.py:61: DeprecationWarning: This process (pid=3336) is multi-threaded, use of fork() may lead to deadlocks in the child.
  pid = os.fork()

[2024-06-23T00:57:51.944+0000] {standard_task_runner.py:63} INFO - Started process 3338 to run task
[2024-06-23T00:57:51.944+0000] {standard_task_runner.py:90} INFO - Running: ['***', 'tasks', 'run', 'etl_pipeline_dag', 'transform_data_query', 'manual__2024-06-23T00:57:39.387366+00:00', '--job-id', '54', '--raw', '--subdir', 'DAGS_FOLDER/bigquery.py', '--cfg-path', '/tmp/tmpxjn4cf52']
[2024-06-23T00:57:51.947+0000] {standard_task_runner.py:91} INFO - Job 54: Subtask transform_data_query
[2024-06-23T00:57:52.012+0000] {task_command.py:426} INFO - Running <TaskInstance: etl_pipeline_dag.transform_data_query manual__2024-06-23T00:57:39.387366+00:00 [running]> on host 64917a389d59
[2024-06-23T00:57:52.115+0000] {taskinstance.py:2648} INFO - Exporting env vars: AIRFLOW_CTX_DAG_OWNER='***' AIRFLOW_CTX_DAG_ID='etl_pipeline_dag' AIRFLOW_CTX_TASK_ID='transform_data_query' AIRFLOW_CTX_EXECUTION_DATE='2024-06-23T00:57:39.387366+00:00' AIRFLOW_CTX_TRY_NUMBER='1' AIRFLOW_CTX_DAG_RUN_ID='manual__2024-06-23T00:57:39.387366+00:00'
[2024-06-23T00:57:52.116+0000] {taskinstance.py:430} INFO - ::endgroup::
[2024-06-23T00:57:52.147+0000] {connection.py:274} WARNING - Connection schemes (type: google_cloud_platform) shall not contain '_' according to RFC3986.
[2024-06-23T00:57:52.150+0000] {base.py:84} INFO - Using connection ID 'google_cloud_default' for task execution.
[2024-06-23T00:57:52.214+0000] {bigquery.py:2872} INFO - Executing: {'query': {'query': "\n                    CREATE OR REPLACE TABLE `transformed_1.filtered_test` AS\n                    SELECT \n                        id,\n                        CASE WHEN gender = 'M' THEN 1 ELSE 0 END AS gender,\n                        bike,\n                        swim,\n                        run,\n                        other\n                    FROM \n                        `transformed_1.test`\n                    WHERE \n                        bike > 0 AND \n                        swim = 0 AND \n                        run = 0 AND \n                        other = 0\n                ", 'useLegacySql': False}}'
[2024-06-23T00:57:52.216+0000] {bigquery.py:1670} INFO - Inserting job ***_etl_pipeline_dag_transform_data_query_2024_06_23T00_57_39_387366_00_00_7667ae87455606bc1e3e0b2e41c74ae1
[2024-06-23T00:57:55.664+0000] {taskinstance.py:441} INFO - ::group::Post task execution logs
[2024-06-23T00:57:55.691+0000] {taskinstance.py:1206} INFO - Marking task as SUCCESS. dag_id=etl_pipeline_dag, task_id=transform_data_query, run_id=manual__2024-06-23T00:57:39.387366+00:00, execution_date=20240623T005739, start_date=20240623T005751, end_date=20240623T005755
[2024-06-23T00:57:55.739+0000] {local_task_job_runner.py:240} INFO - Task exited with return code 0
[2024-06-23T00:57:55.778+0000] {taskinstance.py:3503} INFO - 1 downstream tasks scheduled from follow-on schedule check
[2024-06-23T00:57:55.781+0000] {local_task_job_runner.py:222} INFO - ::endgroup::
