[2024-06-21T02:38:05.623+0000] {local_task_job_runner.py:120} INFO - ::group::Pre task execution logs
[2024-06-21T02:38:05.652+0000] {taskinstance.py:2076} INFO - Dependencies all met for dep_context=non-requeueable deps ti=<TaskInstance: first_dag.first_task scheduled__2024-02-13T00:00:00+00:00 [queued]>
[2024-06-21T02:38:05.663+0000] {taskinstance.py:2076} INFO - Dependencies all met for dep_context=requeueable deps ti=<TaskInstance: first_dag.first_task scheduled__2024-02-13T00:00:00+00:00 [queued]>
[2024-06-21T02:38:05.664+0000] {taskinstance.py:2306} INFO - Starting attempt 1 of 1
[2024-06-21T02:38:05.686+0000] {taskinstance.py:2330} INFO - Executing <Task(BashOperator): first_task> on 2024-02-13 00:00:00+00:00
[2024-06-21T02:38:05.695+0000] {warnings.py:112} WARNING - /home/***/.local/lib/python3.12/site-packages/***/task/task_runner/standard_task_runner.py:61: DeprecationWarning: This process (pid=503) is multi-threaded, use of fork() may lead to deadlocks in the child.
  pid = os.fork()

[2024-06-21T02:38:05.697+0000] {standard_task_runner.py:63} INFO - Started process 504 to run task
[2024-06-21T02:38:05.698+0000] {standard_task_runner.py:90} INFO - Running: ['***', 'tasks', 'run', 'first_dag', 'first_task', 'scheduled__2024-02-13T00:00:00+00:00', '--job-id', '119', '--raw', '--subdir', 'DAGS_FOLDER/first_dag.py', '--cfg-path', '/tmp/tmp12ghefns']
[2024-06-21T02:38:05.700+0000] {standard_task_runner.py:91} INFO - Job 119: Subtask first_task
[2024-06-21T02:38:05.769+0000] {task_command.py:426} INFO - Running <TaskInstance: first_dag.first_task scheduled__2024-02-13T00:00:00+00:00 [running]> on host 6ad2ad549a06
[2024-06-21T02:38:05.895+0000] {taskinstance.py:2648} INFO - Exporting env vars: AIRFLOW_CTX_DAG_OWNER='***' AIRFLOW_CTX_DAG_ID='first_dag' AIRFLOW_CTX_TASK_ID='first_task' AIRFLOW_CTX_EXECUTION_DATE='2024-02-13T00:00:00+00:00' AIRFLOW_CTX_TRY_NUMBER='1' AIRFLOW_CTX_DAG_RUN_ID='scheduled__2024-02-13T00:00:00+00:00'
[2024-06-21T02:38:05.896+0000] {taskinstance.py:430} INFO - ::endgroup::
[2024-06-21T02:38:05.915+0000] {subprocess.py:63} INFO - Tmp dir root location: /tmp
[2024-06-21T02:38:05.917+0000] {subprocess.py:75} INFO - Running command: ['/usr/bin/bash', '-c', 'echo hello world']
[2024-06-21T02:38:05.928+0000] {subprocess.py:86} INFO - Output:
[2024-06-21T02:38:05.930+0000] {subprocess.py:93} INFO - hello world
[2024-06-21T02:38:05.931+0000] {subprocess.py:97} INFO - Command exited with return code 0
[2024-06-21T02:38:05.931+0000] {taskinstance.py:441} INFO - ::group::Post task execution logs
[2024-06-21T02:38:05.962+0000] {taskinstance.py:1206} INFO - Marking task as SUCCESS. dag_id=first_dag, task_id=first_task, run_id=scheduled__2024-02-13T00:00:00+00:00, execution_date=20240213T000000, start_date=20240621T023805, end_date=20240621T023805
[2024-06-21T02:38:05.993+0000] {local_task_job_runner.py:240} INFO - Task exited with return code 0
[2024-06-21T02:38:06.011+0000] {taskinstance.py:3503} INFO - 0 downstream tasks scheduled from follow-on schedule check
[2024-06-21T02:38:06.014+0000] {local_task_job_runner.py:222} INFO - ::endgroup::
