[2024-06-23T01:45:29.648+0000] {local_task_job_runner.py:120} INFO - ::group::Pre task execution logs
[2024-06-23T01:45:29.676+0000] {taskinstance.py:2076} INFO - Dependencies all met for dep_context=non-requeueable deps ti=<TaskInstance: etl_pipeline_dag.delete_table manual__2024-06-23T01:45:14.194834+00:00 [queued]>
[2024-06-23T01:45:29.691+0000] {taskinstance.py:2076} INFO - Dependencies all met for dep_context=requeueable deps ti=<TaskInstance: etl_pipeline_dag.delete_table manual__2024-06-23T01:45:14.194834+00:00 [queued]>
[2024-06-23T01:45:29.692+0000] {taskinstance.py:2306} INFO - Starting attempt 1 of 1
[2024-06-23T01:45:29.712+0000] {taskinstance.py:2330} INFO - Executing <Task(BigQueryDeleteTableOperator): delete_table> on 2024-06-23 01:45:14.194834+00:00
[2024-06-23T01:45:29.730+0000] {warnings.py:112} WARNING - /home/***/.local/lib/python3.12/site-packages/***/task/task_runner/standard_task_runner.py:61: DeprecationWarning: This process (pid=3931) is multi-threaded, use of fork() may lead to deadlocks in the child.
  pid = os.fork()

[2024-06-23T01:45:29.735+0000] {standard_task_runner.py:63} INFO - Started process 3933 to run task
[2024-06-23T01:45:29.731+0000] {standard_task_runner.py:90} INFO - Running: ['***', 'tasks', 'run', 'etl_pipeline_dag', 'delete_table', 'manual__2024-06-23T01:45:14.194834+00:00', '--job-id', '65', '--raw', '--subdir', 'DAGS_FOLDER/bigquery.py', '--cfg-path', '/tmp/tmp591wr579']
[2024-06-23T01:45:29.744+0000] {standard_task_runner.py:91} INFO - Job 65: Subtask delete_table
[2024-06-23T01:45:29.891+0000] {task_command.py:426} INFO - Running <TaskInstance: etl_pipeline_dag.delete_table manual__2024-06-23T01:45:14.194834+00:00 [running]> on host 64917a389d59
[2024-06-23T01:45:30.154+0000] {taskinstance.py:2648} INFO - Exporting env vars: AIRFLOW_CTX_DAG_OWNER='***' AIRFLOW_CTX_DAG_ID='etl_pipeline_dag' AIRFLOW_CTX_TASK_ID='delete_table' AIRFLOW_CTX_EXECUTION_DATE='2024-06-23T01:45:14.194834+00:00' AIRFLOW_CTX_TRY_NUMBER='1' AIRFLOW_CTX_DAG_RUN_ID='manual__2024-06-23T01:45:14.194834+00:00'
[2024-06-23T01:45:30.158+0000] {taskinstance.py:430} INFO - ::endgroup::
[2024-06-23T01:45:30.226+0000] {bigquery.py:2509} INFO - Deleting: transformed_1.weightstd
[2024-06-23T01:45:30.256+0000] {connection.py:274} WARNING - Connection schemes (type: google_cloud_platform) shall not contain '_' according to RFC3986.
[2024-06-23T01:45:30.287+0000] {base.py:84} INFO - Using connection ID 'google_cloud_default' for task execution.
[2024-06-23T01:45:31.810+0000] {bigquery.py:1296} INFO - Deleted table transformed_1.weightstd
[2024-06-23T01:45:31.812+0000] {taskinstance.py:441} INFO - ::group::Post task execution logs
[2024-06-23T01:45:31.847+0000] {taskinstance.py:1206} INFO - Marking task as SUCCESS. dag_id=etl_pipeline_dag, task_id=delete_table, run_id=manual__2024-06-23T01:45:14.194834+00:00, execution_date=20240623T014514, start_date=20240623T014529, end_date=20240623T014531
[2024-06-23T01:45:31.968+0000] {local_task_job_runner.py:240} INFO - Task exited with return code 0
[2024-06-23T01:45:32.018+0000] {taskinstance.py:3503} INFO - 0 downstream tasks scheduled from follow-on schedule check
[2024-06-23T01:45:32.023+0000] {local_task_job_runner.py:222} INFO - ::endgroup::
