[2024-06-21T02:38:47.187+0000] {local_task_job_runner.py:120} INFO - ::group::Pre task execution logs
[2024-06-21T02:38:47.225+0000] {taskinstance.py:2076} INFO - Dependencies all met for dep_context=non-requeueable deps ti=<TaskInstance: first_dag.first_task scheduled__2024-04-19T00:00:00+00:00 [queued]>
[2024-06-21T02:38:47.240+0000] {taskinstance.py:2076} INFO - Dependencies all met for dep_context=requeueable deps ti=<TaskInstance: first_dag.first_task scheduled__2024-04-19T00:00:00+00:00 [queued]>
[2024-06-21T02:38:47.241+0000] {taskinstance.py:2306} INFO - Starting attempt 1 of 1
[2024-06-21T02:38:47.268+0000] {taskinstance.py:2330} INFO - Executing <Task(BashOperator): first_task> on 2024-04-19 00:00:00+00:00
[2024-06-21T02:38:47.284+0000] {warnings.py:112} WARNING - /home/***/.local/lib/python3.12/site-packages/***/task/task_runner/standard_task_runner.py:61: DeprecationWarning: This process (pid=702) is multi-threaded, use of fork() may lead to deadlocks in the child.
  pid = os.fork()

[2024-06-21T02:38:47.287+0000] {standard_task_runner.py:63} INFO - Started process 711 to run task
[2024-06-21T02:38:47.287+0000] {standard_task_runner.py:90} INFO - Running: ['***', 'tasks', 'run', 'first_dag', 'first_task', 'scheduled__2024-04-19T00:00:00+00:00', '--job-id', '185', '--raw', '--subdir', 'DAGS_FOLDER/first_dag.py', '--cfg-path', '/tmp/tmpvscxgkuf']
[2024-06-21T02:38:47.289+0000] {standard_task_runner.py:91} INFO - Job 185: Subtask first_task
[2024-06-21T02:38:47.365+0000] {task_command.py:426} INFO - Running <TaskInstance: first_dag.first_task scheduled__2024-04-19T00:00:00+00:00 [running]> on host 6ad2ad549a06
[2024-06-21T02:38:47.518+0000] {taskinstance.py:2648} INFO - Exporting env vars: AIRFLOW_CTX_DAG_OWNER='***' AIRFLOW_CTX_DAG_ID='first_dag' AIRFLOW_CTX_TASK_ID='first_task' AIRFLOW_CTX_EXECUTION_DATE='2024-04-19T00:00:00+00:00' AIRFLOW_CTX_TRY_NUMBER='1' AIRFLOW_CTX_DAG_RUN_ID='scheduled__2024-04-19T00:00:00+00:00'
[2024-06-21T02:38:47.522+0000] {taskinstance.py:430} INFO - ::endgroup::
[2024-06-21T02:38:47.553+0000] {subprocess.py:63} INFO - Tmp dir root location: /tmp
[2024-06-21T02:38:47.555+0000] {subprocess.py:75} INFO - Running command: ['/usr/bin/bash', '-c', 'echo hello world']
[2024-06-21T02:38:47.571+0000] {subprocess.py:86} INFO - Output:
[2024-06-21T02:38:47.573+0000] {subprocess.py:93} INFO - hello world
[2024-06-21T02:38:47.574+0000] {subprocess.py:97} INFO - Command exited with return code 0
[2024-06-21T02:38:47.575+0000] {taskinstance.py:441} INFO - ::group::Post task execution logs
[2024-06-21T02:38:47.612+0000] {taskinstance.py:1206} INFO - Marking task as SUCCESS. dag_id=first_dag, task_id=first_task, run_id=scheduled__2024-04-19T00:00:00+00:00, execution_date=20240419T000000, start_date=20240621T023847, end_date=20240621T023847
[2024-06-21T02:38:47.664+0000] {local_task_job_runner.py:240} INFO - Task exited with return code 0
[2024-06-21T02:38:47.687+0000] {taskinstance.py:3503} INFO - 0 downstream tasks scheduled from follow-on schedule check
[2024-06-21T02:38:47.692+0000] {local_task_job_runner.py:222} INFO - ::endgroup::
