[2024-06-22T22:26:44.062+0000] {local_task_job_runner.py:120} INFO - ::group::Pre task execution logs
[2024-06-22T22:26:44.158+0000] {taskinstance.py:2076} INFO - Dependencies all met for dep_context=non-requeueable deps ti=<TaskInstance: transform_data_dag.get_data manual__2024-06-22T22:26:08.288860+00:00 [queued]>
[2024-06-22T22:26:44.209+0000] {taskinstance.py:2076} INFO - Dependencies all met for dep_context=requeueable deps ti=<TaskInstance: transform_data_dag.get_data manual__2024-06-22T22:26:08.288860+00:00 [queued]>
[2024-06-22T22:26:44.211+0000] {taskinstance.py:2306} INFO - Starting attempt 1 of 1
[2024-06-22T22:26:44.275+0000] {taskinstance.py:2330} INFO - Executing <Task(BigQueryGetDataOperator): get_data> on 2024-06-22 22:26:08.288860+00:00
[2024-06-22T22:26:44.388+0000] {warnings.py:112} WARNING - /home/***/.local/lib/python3.12/site-packages/***/task/task_runner/standard_task_runner.py:61: DeprecationWarning: This process (pid=1503) is multi-threaded, use of fork() may lead to deadlocks in the child.
  pid = os.fork()

[2024-06-22T22:26:44.394+0000] {standard_task_runner.py:63} INFO - Started process 1512 to run task
[2024-06-22T22:26:44.405+0000] {standard_task_runner.py:90} INFO - Running: ['***', 'tasks', 'run', 'transform_data_dag', 'get_data', 'manual__2024-06-22T22:26:08.288860+00:00', '--job-id', '36', '--raw', '--subdir', 'DAGS_FOLDER/bigquery.py', '--cfg-path', '/tmp/tmphtdhsqo1']
[2024-06-22T22:26:44.415+0000] {standard_task_runner.py:91} INFO - Job 36: Subtask get_data
[2024-06-22T22:26:44.599+0000] {task_command.py:426} INFO - Running <TaskInstance: transform_data_dag.get_data manual__2024-06-22T22:26:08.288860+00:00 [running]> on host 64917a389d59
[2024-06-22T22:26:56.813+0000] {taskinstance.py:2648} INFO - Exporting env vars: AIRFLOW_CTX_DAG_OWNER='***' AIRFLOW_CTX_DAG_ID='transform_data_dag' AIRFLOW_CTX_TASK_ID='get_data' AIRFLOW_CTX_EXECUTION_DATE='2024-06-22T22:26:08.288860+00:00' AIRFLOW_CTX_TRY_NUMBER='1' AIRFLOW_CTX_DAG_RUN_ID='manual__2024-06-22T22:26:08.288860+00:00'
[2024-06-22T22:26:57.061+0000] {taskinstance.py:430} INFO - ::endgroup::
[2024-06-22T22:26:58.249+0000] {connection.py:274} WARNING - Connection schemes (type: google_cloud_platform) shall not contain '_' according to RFC3986.
[2024-06-22T22:26:58.377+0000] {base.py:84} INFO - Using connection ID 'google_cloud_default' for task execution.
[2024-06-22T22:26:59.170+0000] {bigquery.py:1046} INFO - Fetching Data from boreal-forest-427103-q9.transformed_1.test max results: 10
[2024-06-22T22:27:02.947+0000] {bigquery.py:1088} INFO - Total extracted rows: 10
[2024-06-22T22:27:02.959+0000] {taskinstance.py:441} INFO - ::group::Post task execution logs
[2024-06-22T22:27:03.237+0000] {taskinstance.py:1206} INFO - Marking task as SUCCESS. dag_id=transform_data_dag, task_id=get_data, run_id=manual__2024-06-22T22:26:08.288860+00:00, execution_date=20240622T222608, start_date=20240622T222644, end_date=20240622T222703
[2024-06-22T22:27:03.553+0000] {local_task_job_runner.py:240} INFO - Task exited with return code 0
[2024-06-22T22:27:03.717+0000] {taskinstance.py:3503} INFO - 1 downstream tasks scheduled from follow-on schedule check
[2024-06-22T22:27:03.723+0000] {local_task_job_runner.py:222} INFO - ::endgroup::
