[2024-06-23T21:12:31.282+0000] {local_task_job_runner.py:120} INFO - ::group::Pre task execution logs
[2024-06-23T21:12:31.301+0000] {taskinstance.py:2076} INFO - Dependencies all met for dep_context=non-requeueable deps ti=<TaskInstance: decrypt_transform_upload_dag.decrypt_transform_and_upload manual__2024-06-23T21:12:00.667058+00:00 [queued]>
[2024-06-23T21:12:31.310+0000] {taskinstance.py:2076} INFO - Dependencies all met for dep_context=requeueable deps ti=<TaskInstance: decrypt_transform_upload_dag.decrypt_transform_and_upload manual__2024-06-23T21:12:00.667058+00:00 [queued]>
[2024-06-23T21:12:31.311+0000] {taskinstance.py:2306} INFO - Starting attempt 1 of 2
[2024-06-23T21:12:31.327+0000] {taskinstance.py:2330} INFO - Executing <Task(PythonOperator): decrypt_transform_and_upload> on 2024-06-23 21:12:00.667058+00:00
[2024-06-23T21:12:31.358+0000] {warnings.py:112} WARNING - /home/***/.local/lib/python3.12/site-packages/***/task/task_runner/standard_task_runner.py:61: DeprecationWarning: This process (pid=833) is multi-threaded, use of fork() may lead to deadlocks in the child.
  pid = os.fork()

[2024-06-23T21:12:31.360+0000] {standard_task_runner.py:63} INFO - Started process 847 to run task
[2024-06-23T21:12:31.359+0000] {standard_task_runner.py:90} INFO - Running: ['***', 'tasks', 'run', 'decrypt_transform_upload_dag', 'decrypt_transform_and_upload', 'manual__2024-06-23T21:12:00.667058+00:00', '--job-id', '123', '--raw', '--subdir', 'DAGS_FOLDER/desencrypt_upload.py', '--cfg-path', '/tmp/tmpgr95ohuy']
[2024-06-23T21:12:31.362+0000] {standard_task_runner.py:91} INFO - Job 123: Subtask decrypt_transform_and_upload
[2024-06-23T21:12:31.419+0000] {task_command.py:426} INFO - Running <TaskInstance: decrypt_transform_upload_dag.decrypt_transform_and_upload manual__2024-06-23T21:12:00.667058+00:00 [running]> on host 563b0df2b7b8
[2024-06-23T21:12:31.520+0000] {taskinstance.py:2648} INFO - Exporting env vars: AIRFLOW_CTX_DAG_OWNER='***' AIRFLOW_CTX_DAG_ID='decrypt_transform_upload_dag' AIRFLOW_CTX_TASK_ID='decrypt_transform_and_upload' AIRFLOW_CTX_EXECUTION_DATE='2024-06-23T21:12:00.667058+00:00' AIRFLOW_CTX_TRY_NUMBER='1' AIRFLOW_CTX_DAG_RUN_ID='manual__2024-06-23T21:12:00.667058+00:00'
[2024-06-23T21:12:31.522+0000] {taskinstance.py:430} INFO - ::endgroup::
[2024-06-23T21:12:31.548+0000] {desencrypt_upload.py:58} INFO - Starting decryption and transformation process...
[2024-06-23T21:12:31.559+0000] {connection.py:274} WARNING - Connection schemes (type: google_cloud_platform) shall not contain '_' according to RFC3986.
[2024-06-23T21:12:31.561+0000] {base.py:84} INFO - Using connection ID 'google_cloud_default' for task execution.
[2024-06-23T21:12:32.783+0000] {desencrypt_upload.py:65} INFO - File downloaded from GCS: datasets/athletes.csv.enc
[2024-06-23T21:12:34.403+0000] {desencrypt_upload.py:100} ERROR - An error occurred during the decryption, transformation and upload process
Traceback (most recent call last):
  File "/opt/airflow/dags/desencrypt_upload.py", line 71, in task_decrypt_transform_and_upload
    transformed_data = transform_data(plaintext)
                       ^^^^^^^^^^^^^^^^^^^^^^^^^
  File "/opt/airflow/dags/desencrypt_upload.py", line 52, in transform_data
    df = df[columnas_a_mantener]
         ~~^^^^^^^^^^^^^^^^^^^^^
  File "/home/airflow/.local/lib/python3.12/site-packages/pandas/core/frame.py", line 3899, in __getitem__
    indexer = self.columns._get_indexer_strict(key, "columns")[1]
              ^^^^^^^^^^^^^^^^^^^^^^^^^^^^^^^^^^^^^^^^^^^^^^^^
  File "/home/airflow/.local/lib/python3.12/site-packages/pandas/core/indexes/base.py", line 6115, in _get_indexer_strict
    self._raise_if_missing(keyarr, indexer, axis_name)
  File "/home/airflow/.local/lib/python3.12/site-packages/pandas/core/indexes/base.py", line 6179, in _raise_if_missing
    raise KeyError(f"{not_found} not in index")
KeyError: "['address'] not in index"
[2024-06-23T21:12:34.413+0000] {taskinstance.py:441} INFO - ::group::Post task execution logs
[2024-06-23T21:12:34.414+0000] {taskinstance.py:2905} ERROR - Task failed with exception
Traceback (most recent call last):
  File "/home/airflow/.local/lib/python3.12/site-packages/airflow/models/taskinstance.py", line 465, in _execute_task
    result = _execute_callable(context=context, **execute_callable_kwargs)
             ^^^^^^^^^^^^^^^^^^^^^^^^^^^^^^^^^^^^^^^^^^^^^^^^^^^^^^^^^^^^^
  File "/home/airflow/.local/lib/python3.12/site-packages/airflow/models/taskinstance.py", line 432, in _execute_callable
    return execute_callable(context=context, **execute_callable_kwargs)
           ^^^^^^^^^^^^^^^^^^^^^^^^^^^^^^^^^^^^^^^^^^^^^^^^^^^^^^^^^^^^
  File "/home/airflow/.local/lib/python3.12/site-packages/airflow/models/baseoperator.py", line 401, in wrapper
    return func(self, *args, **kwargs)
           ^^^^^^^^^^^^^^^^^^^^^^^^^^^
  File "/home/airflow/.local/lib/python3.12/site-packages/airflow/operators/python.py", line 235, in execute
    return_value = self.execute_callable()
                   ^^^^^^^^^^^^^^^^^^^^^^^
  File "/home/airflow/.local/lib/python3.12/site-packages/airflow/operators/python.py", line 252, in execute_callable
    return self.python_callable(*self.op_args, **self.op_kwargs)
           ^^^^^^^^^^^^^^^^^^^^^^^^^^^^^^^^^^^^^^^^^^^^^^^^^^^^^
  File "/opt/airflow/dags/desencrypt_upload.py", line 71, in task_decrypt_transform_and_upload
    transformed_data = transform_data(plaintext)
                       ^^^^^^^^^^^^^^^^^^^^^^^^^
  File "/opt/airflow/dags/desencrypt_upload.py", line 52, in transform_data
    df = df[columnas_a_mantener]
         ~~^^^^^^^^^^^^^^^^^^^^^
  File "/home/airflow/.local/lib/python3.12/site-packages/pandas/core/frame.py", line 3899, in __getitem__
    indexer = self.columns._get_indexer_strict(key, "columns")[1]
              ^^^^^^^^^^^^^^^^^^^^^^^^^^^^^^^^^^^^^^^^^^^^^^^^
  File "/home/airflow/.local/lib/python3.12/site-packages/pandas/core/indexes/base.py", line 6115, in _get_indexer_strict
    self._raise_if_missing(keyarr, indexer, axis_name)
  File "/home/airflow/.local/lib/python3.12/site-packages/pandas/core/indexes/base.py", line 6179, in _raise_if_missing
    raise KeyError(f"{not_found} not in index")
KeyError: "['address'] not in index"
[2024-06-23T21:12:34.427+0000] {taskinstance.py:1206} INFO - Marking task as UP_FOR_RETRY. dag_id=decrypt_transform_upload_dag, task_id=decrypt_transform_and_upload, run_id=manual__2024-06-23T21:12:00.667058+00:00, execution_date=20240623T211200, start_date=20240623T211231, end_date=20240623T211234
[2024-06-23T21:12:34.446+0000] {standard_task_runner.py:110} ERROR - Failed to execute job 123 for task decrypt_transform_and_upload ("['address'] not in index"; 847)
[2024-06-23T21:12:34.473+0000] {local_task_job_runner.py:240} INFO - Task exited with return code 1
[2024-06-23T21:12:34.491+0000] {taskinstance.py:3503} INFO - 0 downstream tasks scheduled from follow-on schedule check
[2024-06-23T21:12:34.495+0000] {local_task_job_runner.py:222} INFO - ::endgroup::
