[2024-06-22T22:05:56.503+0000] {local_task_job_runner.py:120} INFO - ::group::Pre task execution logs
[2024-06-22T22:05:56.535+0000] {taskinstance.py:2076} INFO - Dependencies all met for dep_context=non-requeueable deps ti=<TaskInstance: transform_data_dag.get_data manual__2024-06-22T22:05:46.999988+00:00 [queued]>
[2024-06-22T22:05:56.549+0000] {taskinstance.py:2076} INFO - Dependencies all met for dep_context=requeueable deps ti=<TaskInstance: transform_data_dag.get_data manual__2024-06-22T22:05:46.999988+00:00 [queued]>
[2024-06-22T22:05:56.550+0000] {taskinstance.py:2306} INFO - Starting attempt 1 of 1
[2024-06-22T22:05:56.573+0000] {taskinstance.py:2330} INFO - Executing <Task(BigQueryGetDataOperator): get_data> on 2024-06-22 22:05:46.999988+00:00
[2024-06-22T22:05:56.593+0000] {warnings.py:112} WARNING - /home/***/.local/lib/python3.12/site-packages/***/task/task_runner/standard_task_runner.py:61: DeprecationWarning: This process (pid=1298) is multi-threaded, use of fork() may lead to deadlocks in the child.
  pid = os.fork()

[2024-06-22T22:05:56.595+0000] {standard_task_runner.py:63} INFO - Started process 1300 to run task
[2024-06-22T22:05:56.596+0000] {standard_task_runner.py:90} INFO - Running: ['***', 'tasks', 'run', 'transform_data_dag', 'get_data', 'manual__2024-06-22T22:05:46.999988+00:00', '--job-id', '34', '--raw', '--subdir', 'DAGS_FOLDER/bigquery.py', '--cfg-path', '/tmp/tmp7uiujx8w']
[2024-06-22T22:05:56.599+0000] {standard_task_runner.py:91} INFO - Job 34: Subtask get_data
[2024-06-22T22:05:56.667+0000] {task_command.py:426} INFO - Running <TaskInstance: transform_data_dag.get_data manual__2024-06-22T22:05:46.999988+00:00 [running]> on host 64917a389d59
[2024-06-22T22:05:56.830+0000] {taskinstance.py:2648} INFO - Exporting env vars: AIRFLOW_CTX_DAG_OWNER='***' AIRFLOW_CTX_DAG_ID='transform_data_dag' AIRFLOW_CTX_TASK_ID='get_data' AIRFLOW_CTX_EXECUTION_DATE='2024-06-22T22:05:46.999988+00:00' AIRFLOW_CTX_TRY_NUMBER='1' AIRFLOW_CTX_DAG_RUN_ID='manual__2024-06-22T22:05:46.999988+00:00'
[2024-06-22T22:05:56.833+0000] {taskinstance.py:430} INFO - ::endgroup::
[2024-06-22T22:05:56.896+0000] {connection.py:274} WARNING - Connection schemes (type: google_cloud_platform) shall not contain '_' according to RFC3986.
[2024-06-22T22:05:56.902+0000] {base.py:84} INFO - Using connection ID 'google_cloud_default' for task execution.
[2024-06-22T22:05:57.013+0000] {bigquery.py:1046} INFO - Fetching Data from boreal-forest-427103-q9.transformed_1.test max results: 10
[2024-06-22T22:05:58.828+0000] {bigquery.py:1088} INFO - Total extracted rows: 10
[2024-06-22T22:05:58.837+0000] {taskinstance.py:441} INFO - ::group::Post task execution logs
[2024-06-22T22:05:59.026+0000] {taskinstance.py:1206} INFO - Marking task as SUCCESS. dag_id=transform_data_dag, task_id=get_data, run_id=manual__2024-06-22T22:05:46.999988+00:00, execution_date=20240622T220546, start_date=20240622T220556, end_date=20240622T220559
[2024-06-22T22:05:59.141+0000] {local_task_job_runner.py:240} INFO - Task exited with return code 0
[2024-06-22T22:05:59.199+0000] {taskinstance.py:3503} INFO - 0 downstream tasks scheduled from follow-on schedule check
[2024-06-22T22:05:59.202+0000] {local_task_job_runner.py:222} INFO - ::endgroup::
