[2024-06-24T03:08:53.330+0000] {local_task_job_runner.py:120} INFO - ::group::Pre task execution logs
[2024-06-24T03:08:53.384+0000] {taskinstance.py:2076} INFO - Dependencies all met for dep_context=non-requeueable deps ti=<TaskInstance: encriptar_csv_gcs.encrypt_and_upload manual__2024-06-24T02:54:45.732592+00:00 [queued]>
[2024-06-24T03:08:53.409+0000] {taskinstance.py:2076} INFO - Dependencies all met for dep_context=requeueable deps ti=<TaskInstance: encriptar_csv_gcs.encrypt_and_upload manual__2024-06-24T02:54:45.732592+00:00 [queued]>
[2024-06-24T03:08:53.410+0000] {taskinstance.py:2306} INFO - Starting attempt 1 of 2
[2024-06-24T03:08:53.457+0000] {taskinstance.py:2330} INFO - Executing <Task(PythonOperator): encrypt_and_upload> on 2024-06-24 02:54:45.732592+00:00
[2024-06-24T03:08:53.521+0000] {warnings.py:112} WARNING - /home/***/.local/lib/python3.12/site-packages/***/task/task_runner/standard_task_runner.py:61: DeprecationWarning: This process (pid=351) is multi-threaded, use of fork() may lead to deadlocks in the child.
  pid = os.fork()

[2024-06-24T03:08:53.529+0000] {standard_task_runner.py:63} INFO - Started process 404 to run task
[2024-06-24T03:08:53.535+0000] {standard_task_runner.py:90} INFO - Running: ['***', 'tasks', 'run', 'encriptar_csv_gcs', 'encrypt_and_upload', 'manual__2024-06-24T02:54:45.732592+00:00', '--job-id', '193', '--raw', '--subdir', 'DAGS_FOLDER/encriptar_csv.py', '--cfg-path', '/tmp/tmpctvz6vnh']
[2024-06-24T03:08:53.544+0000] {standard_task_runner.py:91} INFO - Job 193: Subtask encrypt_and_upload
[2024-06-24T03:08:54.348+0000] {task_command.py:426} INFO - Running <TaskInstance: encriptar_csv_gcs.encrypt_and_upload manual__2024-06-24T02:54:45.732592+00:00 [running]> on host 33e391cc0777
[2024-06-24T03:08:54.481+0000] {taskinstance.py:2648} INFO - Exporting env vars: AIRFLOW_CTX_DAG_OWNER='***' AIRFLOW_CTX_DAG_ID='encriptar_csv_gcs' AIRFLOW_CTX_TASK_ID='encrypt_and_upload' AIRFLOW_CTX_EXECUTION_DATE='2024-06-24T02:54:45.732592+00:00' AIRFLOW_CTX_TRY_NUMBER='1' AIRFLOW_CTX_DAG_RUN_ID='manual__2024-06-24T02:54:45.732592+00:00'
[2024-06-24T03:08:54.483+0000] {taskinstance.py:430} INFO - ::endgroup::
[2024-06-24T03:08:54.517+0000] {encriptar_csv.py:41} INFO - Starting encryption process...
[2024-06-24T03:08:54.532+0000] {connection.py:274} WARNING - Connection schemes (type: google_cloud_platform) shall not contain '_' according to RFC3986.
[2024-06-24T03:08:54.535+0000] {base.py:84} INFO - Using connection ID 'google_cloud_default' for task execution.
[2024-06-24T03:08:55.687+0000] {encriptar_csv.py:48} INFO - File downloaded from GCS: datasets/athletes.csv
[2024-06-24T03:08:57.842+0000] {gcs.py:574} INFO - Data stream uploaded to datasets/athletes.csv.enc in golden-cheetah-datasets bucket
[2024-06-24T03:08:57.843+0000] {encriptar_csv.py:55} INFO - File uploaded to GCS: datasets/athletes.csv.enc
[2024-06-24T03:08:58.036+0000] {encriptar_csv.py:62} ERROR - An error occurred during the encryption and upload process
Traceback (most recent call last):
  File "/opt/airflow/dags/encriptar_csv.py", line 58, in task_encrypt_and_upload
    gcs_hook.delete(bucket_name, source_blob)
  File "/home/airflow/.local/lib/python3.12/site-packages/airflow/providers/google/cloud/hooks/gcs.py", line 696, in delete
    blob.delete()
  File "/home/airflow/.local/lib/python3.12/site-packages/google/cloud/storage/blob.py", line 796, in delete
    self.bucket.delete_blob(
  File "/home/airflow/.local/lib/python3.12/site-packages/google/cloud/storage/bucket.py", line 1680, in delete_blob
    client._delete_resource(
  File "/home/airflow/.local/lib/python3.12/site-packages/google/cloud/storage/client.py", line 769, in _delete_resource
    return self._connection.api_request(
           ^^^^^^^^^^^^^^^^^^^^^^^^^^^^^
  File "/home/airflow/.local/lib/python3.12/site-packages/google/cloud/storage/_http.py", line 78, in api_request
    return call()
           ^^^^^^
  File "/home/airflow/.local/lib/python3.12/site-packages/google/cloud/_http/__init__.py", line 494, in api_request
    raise exceptions.from_http_response(response)
google.api_core.exceptions.NotFound: 404 DELETE https://storage.googleapis.com/storage/v1/b/golden-cheetah-datasets/o/datasets%2Fathletes.csv?prettyPrint=false: No such object: golden-cheetah-datasets/datasets/athletes.csv
[2024-06-24T03:08:58.059+0000] {taskinstance.py:441} INFO - ::group::Post task execution logs
[2024-06-24T03:08:58.060+0000] {taskinstance.py:2905} ERROR - Task failed with exception
Traceback (most recent call last):
  File "/home/airflow/.local/lib/python3.12/site-packages/airflow/models/taskinstance.py", line 465, in _execute_task
    result = _execute_callable(context=context, **execute_callable_kwargs)
             ^^^^^^^^^^^^^^^^^^^^^^^^^^^^^^^^^^^^^^^^^^^^^^^^^^^^^^^^^^^^^
  File "/home/airflow/.local/lib/python3.12/site-packages/airflow/models/taskinstance.py", line 432, in _execute_callable
    return execute_callable(context=context, **execute_callable_kwargs)
           ^^^^^^^^^^^^^^^^^^^^^^^^^^^^^^^^^^^^^^^^^^^^^^^^^^^^^^^^^^^^
  File "/home/airflow/.local/lib/python3.12/site-packages/airflow/models/baseoperator.py", line 401, in wrapper
    return func(self, *args, **kwargs)
           ^^^^^^^^^^^^^^^^^^^^^^^^^^^
  File "/home/airflow/.local/lib/python3.12/site-packages/airflow/operators/python.py", line 235, in execute
    return_value = self.execute_callable()
                   ^^^^^^^^^^^^^^^^^^^^^^^
  File "/home/airflow/.local/lib/python3.12/site-packages/airflow/operators/python.py", line 252, in execute_callable
    return self.python_callable(*self.op_args, **self.op_kwargs)
           ^^^^^^^^^^^^^^^^^^^^^^^^^^^^^^^^^^^^^^^^^^^^^^^^^^^^^
  File "/opt/airflow/dags/encriptar_csv.py", line 58, in task_encrypt_and_upload
    gcs_hook.delete(bucket_name, source_blob)
  File "/home/airflow/.local/lib/python3.12/site-packages/airflow/providers/google/cloud/hooks/gcs.py", line 696, in delete
    blob.delete()
  File "/home/airflow/.local/lib/python3.12/site-packages/google/cloud/storage/blob.py", line 796, in delete
    self.bucket.delete_blob(
  File "/home/airflow/.local/lib/python3.12/site-packages/google/cloud/storage/bucket.py", line 1680, in delete_blob
    client._delete_resource(
  File "/home/airflow/.local/lib/python3.12/site-packages/google/cloud/storage/client.py", line 769, in _delete_resource
    return self._connection.api_request(
           ^^^^^^^^^^^^^^^^^^^^^^^^^^^^^
  File "/home/airflow/.local/lib/python3.12/site-packages/google/cloud/storage/_http.py", line 78, in api_request
    return call()
           ^^^^^^
  File "/home/airflow/.local/lib/python3.12/site-packages/google/cloud/_http/__init__.py", line 494, in api_request
    raise exceptions.from_http_response(response)
google.api_core.exceptions.NotFound: 404 DELETE https://storage.googleapis.com/storage/v1/b/golden-cheetah-datasets/o/datasets%2Fathletes.csv?prettyPrint=false: No such object: golden-cheetah-datasets/datasets/athletes.csv
[2024-06-24T03:08:58.076+0000] {taskinstance.py:1206} INFO - Marking task as UP_FOR_RETRY. dag_id=encriptar_csv_gcs, task_id=encrypt_and_upload, run_id=manual__2024-06-24T02:54:45.732592+00:00, execution_date=20240624T025445, start_date=20240624T030853, end_date=20240624T030858
[2024-06-24T03:08:58.099+0000] {standard_task_runner.py:110} ERROR - Failed to execute job 193 for task encrypt_and_upload (404 DELETE https://storage.googleapis.com/storage/v1/b/golden-cheetah-datasets/o/datasets%2Fathletes.csv?prettyPrint=false: No such object: golden-cheetah-datasets/datasets/athletes.csv; 404)
[2024-06-24T03:08:58.124+0000] {local_task_job_runner.py:240} INFO - Task exited with return code 1
[2024-06-24T03:08:58.152+0000] {taskinstance.py:3503} INFO - 0 downstream tasks scheduled from follow-on schedule check
[2024-06-24T03:08:58.157+0000] {local_task_job_runner.py:222} INFO - ::endgroup::
