[2024-06-21T02:38:55.977+0000] {local_task_job_runner.py:120} INFO - ::group::Pre task execution logs
[2024-06-21T02:38:56.005+0000] {taskinstance.py:2076} INFO - Dependencies all met for dep_context=non-requeueable deps ti=<TaskInstance: first_dag.first_task scheduled__2024-05-02T00:00:00+00:00 [queued]>
[2024-06-21T02:38:56.015+0000] {taskinstance.py:2076} INFO - Dependencies all met for dep_context=requeueable deps ti=<TaskInstance: first_dag.first_task scheduled__2024-05-02T00:00:00+00:00 [queued]>
[2024-06-21T02:38:56.016+0000] {taskinstance.py:2306} INFO - Starting attempt 1 of 1
[2024-06-21T02:38:56.041+0000] {taskinstance.py:2330} INFO - Executing <Task(BashOperator): first_task> on 2024-05-02 00:00:00+00:00
[2024-06-21T02:38:56.049+0000] {warnings.py:112} WARNING - /home/***/.local/lib/python3.12/site-packages/***/task/task_runner/standard_task_runner.py:61: DeprecationWarning: This process (pid=747) is multi-threaded, use of fork() may lead to deadlocks in the child.
  pid = os.fork()

[2024-06-21T02:38:56.051+0000] {standard_task_runner.py:63} INFO - Started process 751 to run task
[2024-06-21T02:38:56.051+0000] {standard_task_runner.py:90} INFO - Running: ['***', 'tasks', 'run', 'first_dag', 'first_task', 'scheduled__2024-05-02T00:00:00+00:00', '--job-id', '198', '--raw', '--subdir', 'DAGS_FOLDER/first_dag.py', '--cfg-path', '/tmp/tmpf8ow4kwz']
[2024-06-21T02:38:56.053+0000] {standard_task_runner.py:91} INFO - Job 198: Subtask first_task
[2024-06-21T02:38:56.117+0000] {task_command.py:426} INFO - Running <TaskInstance: first_dag.first_task scheduled__2024-05-02T00:00:00+00:00 [running]> on host 6ad2ad549a06
[2024-06-21T02:38:56.264+0000] {taskinstance.py:2648} INFO - Exporting env vars: AIRFLOW_CTX_DAG_OWNER='***' AIRFLOW_CTX_DAG_ID='first_dag' AIRFLOW_CTX_TASK_ID='first_task' AIRFLOW_CTX_EXECUTION_DATE='2024-05-02T00:00:00+00:00' AIRFLOW_CTX_TRY_NUMBER='1' AIRFLOW_CTX_DAG_RUN_ID='scheduled__2024-05-02T00:00:00+00:00'
[2024-06-21T02:38:56.266+0000] {taskinstance.py:430} INFO - ::endgroup::
[2024-06-21T02:38:56.286+0000] {subprocess.py:63} INFO - Tmp dir root location: /tmp
[2024-06-21T02:38:56.287+0000] {subprocess.py:75} INFO - Running command: ['/usr/bin/bash', '-c', 'echo hello world']
[2024-06-21T02:38:56.303+0000] {subprocess.py:86} INFO - Output:
[2024-06-21T02:38:56.306+0000] {subprocess.py:93} INFO - hello world
[2024-06-21T02:38:56.307+0000] {subprocess.py:97} INFO - Command exited with return code 0
[2024-06-21T02:38:56.308+0000] {taskinstance.py:441} INFO - ::group::Post task execution logs
[2024-06-21T02:38:56.348+0000] {taskinstance.py:1206} INFO - Marking task as SUCCESS. dag_id=first_dag, task_id=first_task, run_id=scheduled__2024-05-02T00:00:00+00:00, execution_date=20240502T000000, start_date=20240621T023856, end_date=20240621T023856
[2024-06-21T02:38:56.430+0000] {local_task_job_runner.py:240} INFO - Task exited with return code 0
[2024-06-21T02:38:56.454+0000] {taskinstance.py:3503} INFO - 0 downstream tasks scheduled from follow-on schedule check
[2024-06-21T02:38:56.457+0000] {local_task_job_runner.py:222} INFO - ::endgroup::
