[2024-06-23T03:34:38.791+0000] {local_task_job_runner.py:120} INFO - ::group::Pre task execution logs
[2024-06-23T03:34:38.811+0000] {taskinstance.py:2076} INFO - Dependencies all met for dep_context=non-requeueable deps ti=<TaskInstance: etl_pipeline_dag_secure.delete_table manual__2024-06-23T03:23:19.402019+00:00 [queued]>
[2024-06-23T03:34:38.821+0000] {taskinstance.py:2076} INFO - Dependencies all met for dep_context=requeueable deps ti=<TaskInstance: etl_pipeline_dag_secure.delete_table manual__2024-06-23T03:23:19.402019+00:00 [queued]>
[2024-06-23T03:34:38.823+0000] {taskinstance.py:2306} INFO - Starting attempt 3 of 4
[2024-06-23T03:34:38.838+0000] {taskinstance.py:2330} INFO - Executing <Task(BigQueryDeleteTableOperator): delete_table> on 2024-06-23 03:23:19.402019+00:00
[2024-06-23T03:34:38.850+0000] {warnings.py:112} WARNING - /home/***/.local/lib/python3.12/site-packages/***/task/task_runner/standard_task_runner.py:61: DeprecationWarning: This process (pid=5345) is multi-threaded, use of fork() may lead to deadlocks in the child.
  pid = os.fork()

[2024-06-23T03:34:38.853+0000] {standard_task_runner.py:63} INFO - Started process 5348 to run task
[2024-06-23T03:34:38.852+0000] {standard_task_runner.py:90} INFO - Running: ['***', 'tasks', 'run', 'etl_pipeline_dag_secure', 'delete_table', 'manual__2024-06-23T03:23:19.402019+00:00', '--job-id', '96', '--raw', '--subdir', 'DAGS_FOLDER/bigquery.py', '--cfg-path', '/tmp/tmpqzarx4tw']
[2024-06-23T03:34:38.854+0000] {standard_task_runner.py:91} INFO - Job 96: Subtask delete_table
[2024-06-23T03:34:38.968+0000] {task_command.py:426} INFO - Running <TaskInstance: etl_pipeline_dag_secure.delete_table manual__2024-06-23T03:23:19.402019+00:00 [running]> on host 64917a389d59
[2024-06-23T03:34:39.118+0000] {taskinstance.py:2648} INFO - Exporting env vars: AIRFLOW_CTX_DAG_OWNER='***' AIRFLOW_CTX_DAG_ID='etl_pipeline_dag_secure' AIRFLOW_CTX_TASK_ID='delete_table' AIRFLOW_CTX_EXECUTION_DATE='2024-06-23T03:23:19.402019+00:00' AIRFLOW_CTX_TRY_NUMBER='3' AIRFLOW_CTX_DAG_RUN_ID='manual__2024-06-23T03:23:19.402019+00:00'
[2024-06-23T03:34:39.120+0000] {taskinstance.py:430} INFO - ::endgroup::
[2024-06-23T03:34:39.150+0000] {bigquery.py:2509} INFO - Deleting: transformed_1.weightstd
[2024-06-23T03:34:39.163+0000] {connection.py:274} WARNING - Connection schemes (type: google_cloud_platform) shall not contain '_' according to RFC3986.
[2024-06-23T03:34:39.165+0000] {base.py:84} INFO - Using connection ID 'google_cloud_default' for task execution.
[2024-06-23T03:34:40.410+0000] {bigquery.py:1296} INFO - Deleted table transformed_1.weightstd
[2024-06-23T03:34:40.411+0000] {taskinstance.py:441} INFO - ::group::Post task execution logs
[2024-06-23T03:34:40.420+0000] {taskinstance.py:1206} INFO - Marking task as SUCCESS. dag_id=etl_pipeline_dag_secure, task_id=delete_table, run_id=manual__2024-06-23T03:23:19.402019+00:00, execution_date=20240623T032319, start_date=20240623T033438, end_date=20240623T033440
[2024-06-23T03:34:40.474+0000] {local_task_job_runner.py:240} INFO - Task exited with return code 0
[2024-06-23T03:34:40.501+0000] {taskinstance.py:3503} INFO - 1 downstream tasks scheduled from follow-on schedule check
[2024-06-23T03:34:40.505+0000] {local_task_job_runner.py:222} INFO - ::endgroup::
