[2024-06-23T03:01:25.718+0000] {local_task_job_runner.py:120} INFO - ::group::Pre task execution logs
[2024-06-23T03:01:25.760+0000] {taskinstance.py:2076} INFO - Dependencies all met for dep_context=non-requeueable deps ti=<TaskInstance: etl_pipeline_dag_with_encryption.delete_table scheduled__2024-06-22T00:00:00+00:00 [queued]>
[2024-06-23T03:01:25.785+0000] {taskinstance.py:2076} INFO - Dependencies all met for dep_context=requeueable deps ti=<TaskInstance: etl_pipeline_dag_with_encryption.delete_table scheduled__2024-06-22T00:00:00+00:00 [queued]>
[2024-06-23T03:01:25.788+0000] {taskinstance.py:2306} INFO - Starting attempt 2 of 4
[2024-06-23T03:01:25.835+0000] {taskinstance.py:2330} INFO - Executing <Task(BigQueryDeleteTableOperator): delete_table> on 2024-06-22 00:00:00+00:00
[2024-06-23T03:01:25.878+0000] {warnings.py:112} WARNING - /home/***/.local/lib/python3.12/site-packages/***/task/task_runner/standard_task_runner.py:61: DeprecationWarning: This process (pid=4906) is multi-threaded, use of fork() may lead to deadlocks in the child.
  pid = os.fork()

[2024-06-23T03:01:25.904+0000] {standard_task_runner.py:63} INFO - Started process 4910 to run task
[2024-06-23T03:01:25.931+0000] {standard_task_runner.py:90} INFO - Running: ['***', 'tasks', 'run', 'etl_pipeline_dag_with_encryption', 'delete_table', 'scheduled__2024-06-22T00:00:00+00:00', '--job-id', '79', '--raw', '--subdir', 'DAGS_FOLDER/bigquery.py', '--cfg-path', '/tmp/tmp567bvxc6']
[2024-06-23T03:01:25.941+0000] {standard_task_runner.py:91} INFO - Job 79: Subtask delete_table
[2024-06-23T03:01:26.548+0000] {task_command.py:426} INFO - Running <TaskInstance: etl_pipeline_dag_with_encryption.delete_table scheduled__2024-06-22T00:00:00+00:00 [running]> on host 64917a389d59
[2024-06-23T03:01:27.023+0000] {taskinstance.py:2648} INFO - Exporting env vars: AIRFLOW_CTX_DAG_OWNER='***' AIRFLOW_CTX_DAG_ID='etl_pipeline_dag_with_encryption' AIRFLOW_CTX_TASK_ID='delete_table' AIRFLOW_CTX_EXECUTION_DATE='2024-06-22T00:00:00+00:00' AIRFLOW_CTX_TRY_NUMBER='2' AIRFLOW_CTX_DAG_RUN_ID='scheduled__2024-06-22T00:00:00+00:00'
[2024-06-23T03:01:27.026+0000] {taskinstance.py:430} INFO - ::endgroup::
[2024-06-23T03:01:27.071+0000] {bigquery.py:2509} INFO - Deleting: transformed_1.weightstd
[2024-06-23T03:01:27.121+0000] {connection.py:274} WARNING - Connection schemes (type: google_cloud_platform) shall not contain '_' according to RFC3986.
[2024-06-23T03:01:27.167+0000] {base.py:84} INFO - Using connection ID 'google_cloud_default' for task execution.
[2024-06-23T03:01:29.733+0000] {bigquery.py:1296} INFO - Deleted table transformed_1.weightstd
[2024-06-23T03:01:29.737+0000] {taskinstance.py:441} INFO - ::group::Post task execution logs
[2024-06-23T03:01:29.812+0000] {taskinstance.py:1206} INFO - Marking task as SUCCESS. dag_id=etl_pipeline_dag_with_encryption, task_id=delete_table, run_id=scheduled__2024-06-22T00:00:00+00:00, execution_date=20240622T000000, start_date=20240623T030125, end_date=20240623T030129
[2024-06-23T03:01:29.968+0000] {local_task_job_runner.py:240} INFO - Task exited with return code 0
[2024-06-23T03:01:30.140+0000] {taskinstance.py:3503} INFO - 1 downstream tasks scheduled from follow-on schedule check
[2024-06-23T03:01:30.144+0000] {local_task_job_runner.py:222} INFO - ::endgroup::
