[2024-06-24T02:53:44.820+0000] {local_task_job_runner.py:120} INFO - ::group::Pre task execution logs
[2024-06-24T02:53:44.933+0000] {taskinstance.py:2076} INFO - Dependencies all met for dep_context=non-requeueable deps ti=<TaskInstance: ETL_DAG.encrypt_uploadgcs_task manual__2024-06-24T02:36:36.218790+00:00 [queued]>
[2024-06-24T02:53:44.956+0000] {taskinstance.py:2076} INFO - Dependencies all met for dep_context=requeueable deps ti=<TaskInstance: ETL_DAG.encrypt_uploadgcs_task manual__2024-06-24T02:36:36.218790+00:00 [queued]>
[2024-06-24T02:53:44.957+0000] {taskinstance.py:2306} INFO - Starting attempt 1 of 2
[2024-06-24T02:53:44.999+0000] {taskinstance.py:2330} INFO - Executing <Task(TriggerDagRunOperator): encrypt_uploadgcs_task> on 2024-06-24 02:36:36.218790+00:00
[2024-06-24T02:53:45.022+0000] {warnings.py:112} WARNING - /home/***/.local/lib/python3.12/site-packages/***/task/task_runner/standard_task_runner.py:61: DeprecationWarning: This process (pid=226) is multi-threaded, use of fork() may lead to deadlocks in the child.
  pid = os.fork()

[2024-06-24T02:53:45.020+0000] {standard_task_runner.py:90} INFO - Running: ['***', 'tasks', 'run', 'ETL_DAG', 'encrypt_uploadgcs_task', 'manual__2024-06-24T02:36:36.218790+00:00', '--job-id', '189', '--raw', '--subdir', 'DAGS_FOLDER/etl_dags.py', '--cfg-path', '/tmp/tmphfr8f6gq']
[2024-06-24T02:53:45.042+0000] {standard_task_runner.py:63} INFO - Started process 227 to run task
[2024-06-24T02:53:45.042+0000] {standard_task_runner.py:91} INFO - Job 189: Subtask encrypt_uploadgcs_task
[2024-06-24T02:53:45.328+0000] {task_command.py:426} INFO - Running <TaskInstance: ETL_DAG.encrypt_uploadgcs_task manual__2024-06-24T02:36:36.218790+00:00 [running]> on host 33e391cc0777
[2024-06-24T02:53:45.621+0000] {taskinstance.py:2648} INFO - Exporting env vars: AIRFLOW_CTX_DAG_OWNER='***' AIRFLOW_CTX_DAG_ID='ETL_DAG' AIRFLOW_CTX_TASK_ID='encrypt_uploadgcs_task' AIRFLOW_CTX_EXECUTION_DATE='2024-06-24T02:36:36.218790+00:00' AIRFLOW_CTX_TRY_NUMBER='1' AIRFLOW_CTX_DAG_RUN_ID='manual__2024-06-24T02:36:36.218790+00:00'
[2024-06-24T02:53:45.628+0000] {taskinstance.py:430} INFO - ::endgroup::
[2024-06-24T02:53:45.876+0000] {trigger_dagrun.py:222} INFO - Waiting for encriptar_csv_gcs on 2024-06-24 02:53:45.723300+00:00 to become allowed state ['success'] ...
[2024-06-24T02:54:46.070+0000] {trigger_dagrun.py:222} INFO - Waiting for encriptar_csv_gcs on 2024-06-24 02:53:45.723300+00:00 to become allowed state ['success'] ...
[2024-06-24T02:54:51.418+0000] {local_task_job_runner.py:310} WARNING - State of this instance has been externally set to removed. Terminating instance.
[2024-06-24T02:54:51.436+0000] {local_task_job_runner.py:222} INFO - ::endgroup::
[2024-06-24T02:54:51.450+0000] {process_utils.py:132} INFO - Sending 15 to group 227. PIDs of all processes in the group: [227]
[2024-06-24T02:54:51.452+0000] {process_utils.py:87} INFO - Sending the signal 15 to group 227
[2024-06-24T02:54:51.454+0000] {taskinstance.py:2611} ERROR - Received SIGTERM. Terminating subprocesses.
[2024-06-24T02:54:51.457+0000] {taskinstance.py:441} INFO - ::group::Post task execution logs
[2024-06-24T02:54:51.626+0000] {process_utils.py:80} INFO - Process psutil.Process(pid=227, status='terminated', exitcode=0, started='02:53:44') (227) terminated with exit code 0
