[2024-06-23T01:42:30.077+0000] {local_task_job_runner.py:120} INFO - ::group::Pre task execution logs
[2024-06-23T01:42:30.103+0000] {taskinstance.py:2076} INFO - Dependencies all met for dep_context=non-requeueable deps ti=<TaskInstance: etl_pipeline_dag.delete_table manual__2024-06-23T01:42:16.265436+00:00 [queued]>
[2024-06-23T01:42:30.119+0000] {taskinstance.py:2076} INFO - Dependencies all met for dep_context=requeueable deps ti=<TaskInstance: etl_pipeline_dag.delete_table manual__2024-06-23T01:42:16.265436+00:00 [queued]>
[2024-06-23T01:42:30.120+0000] {taskinstance.py:2306} INFO - Starting attempt 1 of 1
[2024-06-23T01:42:30.139+0000] {taskinstance.py:2330} INFO - Executing <Task(BigQueryDeleteTableOperator): delete_table> on 2024-06-23 01:42:16.265436+00:00
[2024-06-23T01:42:30.166+0000] {warnings.py:112} WARNING - /home/***/.local/lib/python3.12/site-packages/***/task/task_runner/standard_task_runner.py:61: DeprecationWarning: This process (pid=3880) is multi-threaded, use of fork() may lead to deadlocks in the child.
  pid = os.fork()

[2024-06-23T01:42:30.176+0000] {standard_task_runner.py:63} INFO - Started process 3889 to run task
[2024-06-23T01:42:30.167+0000] {standard_task_runner.py:90} INFO - Running: ['***', 'tasks', 'run', 'etl_pipeline_dag', 'delete_table', 'manual__2024-06-23T01:42:16.265436+00:00', '--job-id', '60', '--raw', '--subdir', 'DAGS_FOLDER/bigquery.py', '--cfg-path', '/tmp/tmpmzx6irji']
[2024-06-23T01:42:30.179+0000] {standard_task_runner.py:91} INFO - Job 60: Subtask delete_table
[2024-06-23T01:42:30.320+0000] {task_command.py:426} INFO - Running <TaskInstance: etl_pipeline_dag.delete_table manual__2024-06-23T01:42:16.265436+00:00 [running]> on host 64917a389d59
[2024-06-23T01:42:30.518+0000] {taskinstance.py:2648} INFO - Exporting env vars: AIRFLOW_CTX_DAG_OWNER='***' AIRFLOW_CTX_DAG_ID='etl_pipeline_dag' AIRFLOW_CTX_TASK_ID='delete_table' AIRFLOW_CTX_EXECUTION_DATE='2024-06-23T01:42:16.265436+00:00' AIRFLOW_CTX_TRY_NUMBER='1' AIRFLOW_CTX_DAG_RUN_ID='manual__2024-06-23T01:42:16.265436+00:00'
[2024-06-23T01:42:30.521+0000] {taskinstance.py:430} INFO - ::endgroup::
[2024-06-23T01:42:30.555+0000] {bigquery.py:2509} INFO - Deleting: transformed_1.weightstd
[2024-06-23T01:42:30.573+0000] {connection.py:274} WARNING - Connection schemes (type: google_cloud_platform) shall not contain '_' according to RFC3986.
[2024-06-23T01:42:30.580+0000] {base.py:84} INFO - Using connection ID 'google_cloud_default' for task execution.
[2024-06-23T01:42:33.253+0000] {bigquery.py:1296} INFO - Deleted table transformed_1.weightstd
[2024-06-23T01:42:33.255+0000] {taskinstance.py:441} INFO - ::group::Post task execution logs
[2024-06-23T01:42:33.293+0000] {taskinstance.py:1206} INFO - Marking task as SUCCESS. dag_id=etl_pipeline_dag, task_id=delete_table, run_id=manual__2024-06-23T01:42:16.265436+00:00, execution_date=20240623T014216, start_date=20240623T014230, end_date=20240623T014233
[2024-06-23T01:42:33.371+0000] {local_task_job_runner.py:240} INFO - Task exited with return code 0
[2024-06-23T01:42:33.385+0000] {local_task_job_runner.py:222} INFO - ::endgroup::
