[2024-06-23T03:29:06.114+0000] {local_task_job_runner.py:120} INFO - ::group::Pre task execution logs
[2024-06-23T03:29:06.136+0000] {taskinstance.py:2076} INFO - Dependencies all met for dep_context=non-requeueable deps ti=<TaskInstance: etl_pipeline_dag_secure.delete_table scheduled__2024-06-22T00:00:00+00:00 [queued]>
[2024-06-23T03:29:06.145+0000] {taskinstance.py:2076} INFO - Dependencies all met for dep_context=requeueable deps ti=<TaskInstance: etl_pipeline_dag_secure.delete_table scheduled__2024-06-22T00:00:00+00:00 [queued]>
[2024-06-23T03:29:06.147+0000] {taskinstance.py:2306} INFO - Starting attempt 2 of 4
[2024-06-23T03:29:06.164+0000] {taskinstance.py:2330} INFO - Executing <Task(BigQueryDeleteTableOperator): delete_table> on 2024-06-22 00:00:00+00:00
[2024-06-23T03:29:06.184+0000] {warnings.py:112} WARNING - /home/***/.local/lib/python3.12/site-packages/***/task/task_runner/standard_task_runner.py:61: DeprecationWarning: This process (pid=5267) is multi-threaded, use of fork() may lead to deadlocks in the child.
  pid = os.fork()

[2024-06-23T03:29:06.192+0000] {standard_task_runner.py:63} INFO - Started process 5269 to run task
[2024-06-23T03:29:06.185+0000] {standard_task_runner.py:90} INFO - Running: ['***', 'tasks', 'run', 'etl_pipeline_dag_secure', 'delete_table', 'scheduled__2024-06-22T00:00:00+00:00', '--job-id', '95', '--raw', '--subdir', 'DAGS_FOLDER/bigquery.py', '--cfg-path', '/tmp/tmpgf650pmp']
[2024-06-23T03:29:06.195+0000] {standard_task_runner.py:91} INFO - Job 95: Subtask delete_table
[2024-06-23T03:29:06.295+0000] {task_command.py:426} INFO - Running <TaskInstance: etl_pipeline_dag_secure.delete_table scheduled__2024-06-22T00:00:00+00:00 [running]> on host 64917a389d59
[2024-06-23T03:29:06.436+0000] {taskinstance.py:2648} INFO - Exporting env vars: AIRFLOW_CTX_DAG_OWNER='***' AIRFLOW_CTX_DAG_ID='etl_pipeline_dag_secure' AIRFLOW_CTX_TASK_ID='delete_table' AIRFLOW_CTX_EXECUTION_DATE='2024-06-22T00:00:00+00:00' AIRFLOW_CTX_TRY_NUMBER='2' AIRFLOW_CTX_DAG_RUN_ID='scheduled__2024-06-22T00:00:00+00:00'
[2024-06-23T03:29:06.438+0000] {taskinstance.py:430} INFO - ::endgroup::
[2024-06-23T03:29:06.480+0000] {bigquery.py:2509} INFO - Deleting: transformed_1.weightstd
[2024-06-23T03:29:06.499+0000] {connection.py:274} WARNING - Connection schemes (type: google_cloud_platform) shall not contain '_' according to RFC3986.
[2024-06-23T03:29:06.505+0000] {base.py:84} INFO - Using connection ID 'google_cloud_default' for task execution.
[2024-06-23T03:29:07.725+0000] {bigquery.py:1296} INFO - Deleted table transformed_1.weightstd
[2024-06-23T03:29:07.726+0000] {taskinstance.py:441} INFO - ::group::Post task execution logs
[2024-06-23T03:29:07.755+0000] {taskinstance.py:1206} INFO - Marking task as SUCCESS. dag_id=etl_pipeline_dag_secure, task_id=delete_table, run_id=scheduled__2024-06-22T00:00:00+00:00, execution_date=20240622T000000, start_date=20240623T032906, end_date=20240623T032907
[2024-06-23T03:29:07.817+0000] {local_task_job_runner.py:240} INFO - Task exited with return code 0
[2024-06-23T03:29:07.860+0000] {taskinstance.py:3503} INFO - 1 downstream tasks scheduled from follow-on schedule check
[2024-06-23T03:29:07.864+0000] {local_task_job_runner.py:222} INFO - ::endgroup::
