[2024-06-23T01:31:44.060+0000] {local_task_job_runner.py:120} INFO - ::group::Pre task execution logs
[2024-06-23T01:31:44.093+0000] {taskinstance.py:2076} INFO - Dependencies all met for dep_context=non-requeueable deps ti=<TaskInstance: etl_pipeline_dag.load_to_final_data manual__2024-06-23T01:30:54.597209+00:00 [queued]>
[2024-06-23T01:31:44.109+0000] {taskinstance.py:2076} INFO - Dependencies all met for dep_context=requeueable deps ti=<TaskInstance: etl_pipeline_dag.load_to_final_data manual__2024-06-23T01:30:54.597209+00:00 [queued]>
[2024-06-23T01:31:44.111+0000] {taskinstance.py:2306} INFO - Starting attempt 1 of 1
[2024-06-23T01:31:44.132+0000] {taskinstance.py:2330} INFO - Executing <Task(BigQueryInsertJobOperator): load_to_final_data> on 2024-06-23 01:30:54.597209+00:00
[2024-06-23T01:31:44.185+0000] {warnings.py:112} WARNING - /home/***/.local/lib/python3.12/site-packages/***/task/task_runner/standard_task_runner.py:61: DeprecationWarning: This process (pid=3763) is multi-threaded, use of fork() may lead to deadlocks in the child.
  pid = os.fork()

[2024-06-23T01:31:44.187+0000] {standard_task_runner.py:90} INFO - Running: ['***', 'tasks', 'run', 'etl_pipeline_dag', 'load_to_final_data', 'manual__2024-06-23T01:30:54.597209+00:00', '--job-id', '59', '--raw', '--subdir', 'DAGS_FOLDER/bigquery.py', '--cfg-path', '/tmp/tmpjvbctodn']
[2024-06-23T01:31:44.192+0000] {standard_task_runner.py:63} INFO - Started process 3765 to run task
[2024-06-23T01:31:44.193+0000] {standard_task_runner.py:91} INFO - Job 59: Subtask load_to_final_data
[2024-06-23T01:31:44.299+0000] {task_command.py:426} INFO - Running <TaskInstance: etl_pipeline_dag.load_to_final_data manual__2024-06-23T01:30:54.597209+00:00 [running]> on host 64917a389d59
[2024-06-23T01:31:44.457+0000] {taskinstance.py:2648} INFO - Exporting env vars: AIRFLOW_CTX_DAG_OWNER='***' AIRFLOW_CTX_DAG_ID='etl_pipeline_dag' AIRFLOW_CTX_TASK_ID='load_to_final_data' AIRFLOW_CTX_EXECUTION_DATE='2024-06-23T01:30:54.597209+00:00' AIRFLOW_CTX_TRY_NUMBER='1' AIRFLOW_CTX_DAG_RUN_ID='manual__2024-06-23T01:30:54.597209+00:00'
[2024-06-23T01:31:44.459+0000] {taskinstance.py:430} INFO - ::endgroup::
[2024-06-23T01:31:44.508+0000] {connection.py:274} WARNING - Connection schemes (type: google_cloud_platform) shall not contain '_' according to RFC3986.
[2024-06-23T01:31:44.512+0000] {base.py:84} INFO - Using connection ID 'google_cloud_default' for task execution.
[2024-06-23T01:31:44.612+0000] {bigquery.py:2872} INFO - Executing: {'query': {'query': '\n                    INSERT INTO `boreal-forest-427103-q9.final_data.new-data`\n                    SELECT \n                        *\n                    FROM \n                        `transformed_1.final_test`\n                ', 'useLegacySql': False}}'
[2024-06-23T01:31:44.614+0000] {bigquery.py:1670} INFO - Inserting job ***_etl_pipeline_dag_load_to_final_data_2024_06_23T01_30_54_597209_00_00_60685944a8711c2d5bd691908cb09bee
[2024-06-23T01:31:47.240+0000] {taskinstance.py:441} INFO - ::group::Post task execution logs
[2024-06-23T01:31:47.249+0000] {taskinstance.py:2905} ERROR - Task failed with exception
Traceback (most recent call last):
  File "/home/airflow/.local/lib/python3.12/site-packages/airflow/models/taskinstance.py", line 465, in _execute_task
    result = _execute_callable(context=context, **execute_callable_kwargs)
             ^^^^^^^^^^^^^^^^^^^^^^^^^^^^^^^^^^^^^^^^^^^^^^^^^^^^^^^^^^^^^
  File "/home/airflow/.local/lib/python3.12/site-packages/airflow/models/taskinstance.py", line 432, in _execute_callable
    return execute_callable(context=context, **execute_callable_kwargs)
           ^^^^^^^^^^^^^^^^^^^^^^^^^^^^^^^^^^^^^^^^^^^^^^^^^^^^^^^^^^^^
  File "/home/airflow/.local/lib/python3.12/site-packages/airflow/models/baseoperator.py", line 401, in wrapper
    return func(self, *args, **kwargs)
           ^^^^^^^^^^^^^^^^^^^^^^^^^^^
  File "/home/airflow/.local/lib/python3.12/site-packages/airflow/providers/google/cloud/operators/bigquery.py", line 2931, in execute
    job.result(timeout=self.result_timeout, retry=self.result_retry)
  File "/home/airflow/.local/lib/python3.12/site-packages/google/cloud/bigquery/job/query.py", line 1590, in result
    do_get_result()
  File "/home/airflow/.local/lib/python3.12/site-packages/google/cloud/bigquery/job/query.py", line 1579, in do_get_result
    super(QueryJob, self).result(retry=retry, timeout=timeout)
  File "/home/airflow/.local/lib/python3.12/site-packages/google/cloud/bigquery/job/base.py", line 971, in result
    return super(_AsyncJob, self).result(timeout=timeout, **kwargs)
           ^^^^^^^^^^^^^^^^^^^^^^^^^^^^^^^^^^^^^^^^^^^^^^^^^^^^^^^^
  File "/home/airflow/.local/lib/python3.12/site-packages/google/api_core/future/polling.py", line 261, in result
    raise self._exception
google.api_core.exceptions.BadRequest: 400 Inserted row has wrong column count; Has 6, expected 36 at [3:21]; reason: invalidQuery, location: query, message: Inserted row has wrong column count; Has 6, expected 36 at [3:21]

Location: US
Job ID: airflow_etl_pipeline_dag_load_to_final_data_2024_06_23T01_30_54_597209_00_00_60685944a8711c2d5bd691908cb09bee

[2024-06-23T01:31:47.413+0000] {taskinstance.py:1206} INFO - Marking task as FAILED. dag_id=etl_pipeline_dag, task_id=load_to_final_data, run_id=manual__2024-06-23T01:30:54.597209+00:00, execution_date=20240623T013054, start_date=20240623T013144, end_date=20240623T013147
[2024-06-23T01:31:47.442+0000] {standard_task_runner.py:110} ERROR - Failed to execute job 59 for task load_to_final_data (400 Inserted row has wrong column count; Has 6, expected 36 at [3:21]; reason: invalidQuery, location: query, message: Inserted row has wrong column count; Has 6, expected 36 at [3:21]

Location: US
Job ID: airflow_etl_pipeline_dag_load_to_final_data_2024_06_23T01_30_54_597209_00_00_60685944a8711c2d5bd691908cb09bee
; 3765)
[2024-06-23T01:31:47.506+0000] {local_task_job_runner.py:240} INFO - Task exited with return code 1
[2024-06-23T01:31:47.550+0000] {taskinstance.py:3503} INFO - 0 downstream tasks scheduled from follow-on schedule check
[2024-06-23T01:31:47.560+0000] {local_task_job_runner.py:222} INFO - ::endgroup::
