[2024-06-23T23:53:26.624+0000] {processor.py:161} INFO - Started process (PID=3699) to work on /opt/airflow/dags/extraer_encriptar.py
[2024-06-23T23:53:26.627+0000] {processor.py:830} INFO - Processing file /opt/airflow/dags/extraer_encriptar.py for tasks to queue
[2024-06-23T23:53:26.632+0000] {logging_mixin.py:188} INFO - [2024-06-23T23:53:26.630+0000] {dagbag.py:545} INFO - Filling up the DagBag from /opt/airflow/dags/extraer_encriptar.py
[2024-06-23T23:53:29.910+0000] {processor.py:840} INFO - DAG(s) 'encryption_upload_dag' retrieved from /opt/airflow/dags/extraer_encriptar.py
[2024-06-23T23:53:30.159+0000] {logging_mixin.py:188} INFO - [2024-06-23T23:53:30.159+0000] {dag.py:3096} INFO - Sync 1 DAGs
[2024-06-23T23:53:30.176+0000] {logging_mixin.py:188} INFO - [2024-06-23T23:53:30.176+0000] {dag.py:3954} INFO - Setting next_dagrun for encryption_upload_dag to None, run_after=None
[2024-06-23T23:53:30.231+0000] {processor.py:183} INFO - Processing /opt/airflow/dags/extraer_encriptar.py took 3.655 seconds
[2024-06-23T23:54:01.249+0000] {processor.py:161} INFO - Started process (PID=3759) to work on /opt/airflow/dags/extraer_encriptar.py
[2024-06-23T23:54:01.252+0000] {processor.py:830} INFO - Processing file /opt/airflow/dags/extraer_encriptar.py for tasks to queue
[2024-06-23T23:54:01.255+0000] {logging_mixin.py:188} INFO - [2024-06-23T23:54:01.254+0000] {dagbag.py:545} INFO - Filling up the DagBag from /opt/airflow/dags/extraer_encriptar.py
[2024-06-23T23:54:01.512+0000] {processor.py:840} INFO - DAG(s) 'encryption_upload_dag' retrieved from /opt/airflow/dags/extraer_encriptar.py
[2024-06-23T23:54:01.549+0000] {logging_mixin.py:188} INFO - [2024-06-23T23:54:01.548+0000] {dag.py:3096} INFO - Sync 1 DAGs
[2024-06-23T23:54:01.572+0000] {logging_mixin.py:188} INFO - [2024-06-23T23:54:01.572+0000] {dag.py:3954} INFO - Setting next_dagrun for encryption_upload_dag to None, run_after=None
[2024-06-23T23:54:02.163+0000] {processor.py:183} INFO - Processing /opt/airflow/dags/extraer_encriptar.py took 0.949 seconds
[2024-06-23T23:54:33.110+0000] {processor.py:161} INFO - Started process (PID=3819) to work on /opt/airflow/dags/extraer_encriptar.py
[2024-06-23T23:54:33.122+0000] {processor.py:830} INFO - Processing file /opt/airflow/dags/extraer_encriptar.py for tasks to queue
[2024-06-23T23:54:33.132+0000] {logging_mixin.py:188} INFO - [2024-06-23T23:54:33.127+0000] {dagbag.py:545} INFO - Filling up the DagBag from /opt/airflow/dags/extraer_encriptar.py
[2024-06-23T23:54:33.754+0000] {processor.py:840} INFO - DAG(s) 'encryption_upload_dag' retrieved from /opt/airflow/dags/extraer_encriptar.py
[2024-06-23T23:54:35.822+0000] {logging_mixin.py:188} INFO - [2024-06-23T23:54:35.821+0000] {dag.py:3096} INFO - Sync 1 DAGs
[2024-06-23T23:54:35.838+0000] {logging_mixin.py:188} INFO - [2024-06-23T23:54:35.837+0000] {dag.py:3954} INFO - Setting next_dagrun for encryption_upload_dag to None, run_after=None
[2024-06-23T23:54:35.865+0000] {processor.py:183} INFO - Processing /opt/airflow/dags/extraer_encriptar.py took 2.766 seconds
[2024-06-23T23:58:10.984+0000] {processor.py:161} INFO - Started process (PID=36) to work on /opt/airflow/dags/extraer_encriptar.py
[2024-06-23T23:58:11.000+0000] {processor.py:830} INFO - Processing file /opt/airflow/dags/extraer_encriptar.py for tasks to queue
[2024-06-23T23:58:11.022+0000] {logging_mixin.py:188} INFO - [2024-06-23T23:58:11.021+0000] {dagbag.py:545} INFO - Filling up the DagBag from /opt/airflow/dags/extraer_encriptar.py
[2024-06-23T23:58:17.903+0000] {processor.py:840} INFO - DAG(s) 'encryption_upload_dag' retrieved from /opt/airflow/dags/extraer_encriptar.py
[2024-06-23T23:58:19.942+0000] {logging_mixin.py:188} INFO - [2024-06-23T23:58:19.939+0000] {dag.py:3096} INFO - Sync 1 DAGs
[2024-06-23T23:58:20.164+0000] {logging_mixin.py:188} INFO - [2024-06-23T23:58:20.163+0000] {dag.py:3954} INFO - Setting next_dagrun for encryption_upload_dag to None, run_after=None
[2024-06-23T23:58:20.381+0000] {processor.py:183} INFO - Processing /opt/airflow/dags/extraer_encriptar.py took 9.506 seconds
[2024-06-23T23:58:50.796+0000] {processor.py:161} INFO - Started process (PID=97) to work on /opt/airflow/dags/extraer_encriptar.py
[2024-06-23T23:58:50.801+0000] {processor.py:830} INFO - Processing file /opt/airflow/dags/extraer_encriptar.py for tasks to queue
[2024-06-23T23:58:50.810+0000] {logging_mixin.py:188} INFO - [2024-06-23T23:58:50.809+0000] {dagbag.py:545} INFO - Filling up the DagBag from /opt/airflow/dags/extraer_encriptar.py
[2024-06-23T23:58:51.564+0000] {processor.py:840} INFO - DAG(s) 'encryption_upload_dag' retrieved from /opt/airflow/dags/extraer_encriptar.py
[2024-06-23T23:58:51.716+0000] {logging_mixin.py:188} INFO - [2024-06-23T23:58:51.715+0000] {dag.py:3096} INFO - Sync 1 DAGs
[2024-06-23T23:58:51.800+0000] {logging_mixin.py:188} INFO - [2024-06-23T23:58:51.799+0000] {dag.py:3954} INFO - Setting next_dagrun for encryption_upload_dag to None, run_after=None
[2024-06-23T23:58:51.896+0000] {processor.py:183} INFO - Processing /opt/airflow/dags/extraer_encriptar.py took 1.128 seconds
[2024-06-23T23:59:22.046+0000] {processor.py:161} INFO - Started process (PID=159) to work on /opt/airflow/dags/extraer_encriptar.py
[2024-06-23T23:59:22.049+0000] {processor.py:830} INFO - Processing file /opt/airflow/dags/extraer_encriptar.py for tasks to queue
[2024-06-23T23:59:22.052+0000] {logging_mixin.py:188} INFO - [2024-06-23T23:59:22.052+0000] {dagbag.py:545} INFO - Filling up the DagBag from /opt/airflow/dags/extraer_encriptar.py
[2024-06-23T23:59:22.326+0000] {processor.py:840} INFO - DAG(s) 'encryption_upload_dag' retrieved from /opt/airflow/dags/extraer_encriptar.py
[2024-06-23T23:59:22.364+0000] {logging_mixin.py:188} INFO - [2024-06-23T23:59:22.362+0000] {dag.py:3096} INFO - Sync 1 DAGs
[2024-06-23T23:59:22.404+0000] {logging_mixin.py:188} INFO - [2024-06-23T23:59:22.404+0000] {dag.py:3954} INFO - Setting next_dagrun for encryption_upload_dag to None, run_after=None
[2024-06-23T23:59:22.455+0000] {processor.py:183} INFO - Processing /opt/airflow/dags/extraer_encriptar.py took 0.428 seconds
[2024-06-23T23:59:53.125+0000] {processor.py:161} INFO - Started process (PID=221) to work on /opt/airflow/dags/extraer_encriptar.py
[2024-06-23T23:59:53.127+0000] {processor.py:830} INFO - Processing file /opt/airflow/dags/extraer_encriptar.py for tasks to queue
[2024-06-23T23:59:53.130+0000] {logging_mixin.py:188} INFO - [2024-06-23T23:59:53.130+0000] {dagbag.py:545} INFO - Filling up the DagBag from /opt/airflow/dags/extraer_encriptar.py
[2024-06-23T23:59:53.368+0000] {processor.py:840} INFO - DAG(s) 'encryption_upload_dag' retrieved from /opt/airflow/dags/extraer_encriptar.py
[2024-06-23T23:59:53.561+0000] {logging_mixin.py:188} INFO - [2024-06-23T23:59:53.560+0000] {dag.py:3096} INFO - Sync 1 DAGs
[2024-06-23T23:59:53.579+0000] {logging_mixin.py:188} INFO - [2024-06-23T23:59:53.578+0000] {dag.py:3954} INFO - Setting next_dagrun for encryption_upload_dag to None, run_after=None
[2024-06-23T23:59:53.615+0000] {processor.py:183} INFO - Processing /opt/airflow/dags/extraer_encriptar.py took 0.499 seconds
