[2024-06-23T23:53:26.630+0000] {processor.py:161} INFO - Started process (PID=3700) to work on /opt/airflow/dags/transformar_desencriptar.py
[2024-06-23T23:53:26.631+0000] {processor.py:830} INFO - Processing file /opt/airflow/dags/transformar_desencriptar.py for tasks to queue
[2024-06-23T23:53:26.633+0000] {logging_mixin.py:188} INFO - [2024-06-23T23:53:26.632+0000] {dagbag.py:545} INFO - Filling up the DagBag from /opt/airflow/dags/transformar_desencriptar.py
[2024-06-23T23:53:29.910+0000] {processor.py:840} INFO - DAG(s) 'decrypt_transform_upload_dag' retrieved from /opt/airflow/dags/transformar_desencriptar.py
[2024-06-23T23:53:30.164+0000] {logging_mixin.py:188} INFO - [2024-06-23T23:53:30.163+0000] {dag.py:3096} INFO - Sync 1 DAGs
[2024-06-23T23:53:30.181+0000] {logging_mixin.py:188} INFO - [2024-06-23T23:53:30.181+0000] {dag.py:3954} INFO - Setting next_dagrun for decrypt_transform_upload_dag to None, run_after=None
[2024-06-23T23:53:30.234+0000] {processor.py:183} INFO - Processing /opt/airflow/dags/transformar_desencriptar.py took 3.631 seconds
[2024-06-23T23:54:01.269+0000] {processor.py:161} INFO - Started process (PID=3760) to work on /opt/airflow/dags/transformar_desencriptar.py
[2024-06-23T23:54:01.271+0000] {processor.py:830} INFO - Processing file /opt/airflow/dags/transformar_desencriptar.py for tasks to queue
[2024-06-23T23:54:01.273+0000] {logging_mixin.py:188} INFO - [2024-06-23T23:54:01.272+0000] {dagbag.py:545} INFO - Filling up the DagBag from /opt/airflow/dags/transformar_desencriptar.py
[2024-06-23T23:54:01.509+0000] {processor.py:840} INFO - DAG(s) 'decrypt_transform_upload_dag' retrieved from /opt/airflow/dags/transformar_desencriptar.py
[2024-06-23T23:54:01.549+0000] {logging_mixin.py:188} INFO - [2024-06-23T23:54:01.548+0000] {dag.py:3096} INFO - Sync 1 DAGs
[2024-06-23T23:54:01.578+0000] {logging_mixin.py:188} INFO - [2024-06-23T23:54:01.577+0000] {dag.py:3954} INFO - Setting next_dagrun for decrypt_transform_upload_dag to None, run_after=None
[2024-06-23T23:54:02.193+0000] {processor.py:183} INFO - Processing /opt/airflow/dags/transformar_desencriptar.py took 0.936 seconds
[2024-06-23T23:54:33.214+0000] {processor.py:161} INFO - Started process (PID=3820) to work on /opt/airflow/dags/transformar_desencriptar.py
[2024-06-23T23:54:33.216+0000] {processor.py:830} INFO - Processing file /opt/airflow/dags/transformar_desencriptar.py for tasks to queue
[2024-06-23T23:54:33.218+0000] {logging_mixin.py:188} INFO - [2024-06-23T23:54:33.217+0000] {dagbag.py:545} INFO - Filling up the DagBag from /opt/airflow/dags/transformar_desencriptar.py
[2024-06-23T23:54:33.755+0000] {processor.py:840} INFO - DAG(s) 'decrypt_transform_upload_dag' retrieved from /opt/airflow/dags/transformar_desencriptar.py
[2024-06-23T23:54:35.826+0000] {logging_mixin.py:188} INFO - [2024-06-23T23:54:35.825+0000] {dag.py:3096} INFO - Sync 1 DAGs
[2024-06-23T23:54:35.838+0000] {logging_mixin.py:188} INFO - [2024-06-23T23:54:35.837+0000] {dag.py:3954} INFO - Setting next_dagrun for decrypt_transform_upload_dag to None, run_after=None
[2024-06-23T23:54:35.868+0000] {processor.py:183} INFO - Processing /opt/airflow/dags/transformar_desencriptar.py took 2.683 seconds
[2024-06-23T23:58:11.042+0000] {processor.py:161} INFO - Started process (PID=37) to work on /opt/airflow/dags/transformar_desencriptar.py
[2024-06-23T23:58:11.049+0000] {processor.py:830} INFO - Processing file /opt/airflow/dags/transformar_desencriptar.py for tasks to queue
[2024-06-23T23:58:11.068+0000] {logging_mixin.py:188} INFO - [2024-06-23T23:58:11.068+0000] {dagbag.py:545} INFO - Filling up the DagBag from /opt/airflow/dags/transformar_desencriptar.py
[2024-06-23T23:58:32.736+0000] {processor.py:840} INFO - DAG(s) 'decrypt_transform_upload_dag' retrieved from /opt/airflow/dags/transformar_desencriptar.py
[2024-06-23T23:58:33.260+0000] {logging_mixin.py:188} INFO - [2024-06-23T23:58:33.257+0000] {dag.py:3096} INFO - Sync 1 DAGs
[2024-06-23T23:58:33.352+0000] {logging_mixin.py:188} INFO - [2024-06-23T23:58:33.351+0000] {dag.py:3954} INFO - Setting next_dagrun for decrypt_transform_upload_dag to None, run_after=None
[2024-06-23T23:58:33.510+0000] {processor.py:183} INFO - Processing /opt/airflow/dags/transformar_desencriptar.py took 22.486 seconds
[2024-06-23T23:59:04.098+0000] {processor.py:161} INFO - Started process (PID=110) to work on /opt/airflow/dags/transformar_desencriptar.py
[2024-06-23T23:59:04.103+0000] {processor.py:830} INFO - Processing file /opt/airflow/dags/transformar_desencriptar.py for tasks to queue
[2024-06-23T23:59:04.109+0000] {logging_mixin.py:188} INFO - [2024-06-23T23:59:04.108+0000] {dagbag.py:545} INFO - Filling up the DagBag from /opt/airflow/dags/transformar_desencriptar.py
[2024-06-23T23:59:05.774+0000] {processor.py:840} INFO - DAG(s) 'decrypt_transform_upload_dag' retrieved from /opt/airflow/dags/transformar_desencriptar.py
[2024-06-23T23:59:05.805+0000] {logging_mixin.py:188} INFO - [2024-06-23T23:59:05.805+0000] {dag.py:3096} INFO - Sync 1 DAGs
[2024-06-23T23:59:05.827+0000] {logging_mixin.py:188} INFO - [2024-06-23T23:59:05.827+0000] {dag.py:3954} INFO - Setting next_dagrun for decrypt_transform_upload_dag to None, run_after=None
[2024-06-23T23:59:05.860+0000] {processor.py:183} INFO - Processing /opt/airflow/dags/transformar_desencriptar.py took 1.785 seconds
[2024-06-23T23:59:36.204+0000] {processor.py:161} INFO - Started process (PID=172) to work on /opt/airflow/dags/transformar_desencriptar.py
[2024-06-23T23:59:36.206+0000] {processor.py:830} INFO - Processing file /opt/airflow/dags/transformar_desencriptar.py for tasks to queue
[2024-06-23T23:59:36.211+0000] {logging_mixin.py:188} INFO - [2024-06-23T23:59:36.210+0000] {dagbag.py:545} INFO - Filling up the DagBag from /opt/airflow/dags/transformar_desencriptar.py
[2024-06-23T23:59:37.182+0000] {processor.py:840} INFO - DAG(s) 'decrypt_transform_upload_dag' retrieved from /opt/airflow/dags/transformar_desencriptar.py
[2024-06-23T23:59:37.355+0000] {logging_mixin.py:188} INFO - [2024-06-23T23:59:37.354+0000] {dag.py:3096} INFO - Sync 1 DAGs
[2024-06-23T23:59:37.372+0000] {logging_mixin.py:188} INFO - [2024-06-23T23:59:37.372+0000] {dag.py:3954} INFO - Setting next_dagrun for decrypt_transform_upload_dag to None, run_after=None
[2024-06-23T23:59:37.401+0000] {processor.py:183} INFO - Processing /opt/airflow/dags/transformar_desencriptar.py took 1.205 seconds
