[2024-06-24T16:56:25.696+0000] {local_task_job_runner.py:120} INFO - ::group::Pre task execution logs
[2024-06-24T16:56:25.717+0000] {taskinstance.py:2076} INFO - Dependencies all met for dep_context=non-requeueable deps ti=<TaskInstance: ETL_Final.encrypt_and_upload manual__2024-06-24T16:56:16.881597+00:00 [queued]>
[2024-06-24T16:56:25.729+0000] {taskinstance.py:2076} INFO - Dependencies all met for dep_context=requeueable deps ti=<TaskInstance: ETL_Final.encrypt_and_upload manual__2024-06-24T16:56:16.881597+00:00 [queued]>
[2024-06-24T16:56:25.730+0000] {taskinstance.py:2306} INFO - Starting attempt 1 of 2
[2024-06-24T16:56:25.747+0000] {taskinstance.py:2330} INFO - Executing <Task(PythonOperator): encrypt_and_upload> on 2024-06-24 16:56:16.881597+00:00
[2024-06-24T16:56:26.183+0000] {warnings.py:112} WARNING - /home/***/.local/lib/python3.12/site-packages/***/task/task_runner/standard_task_runner.py:61: DeprecationWarning: This process (pid=1365) is multi-threaded, use of fork() may lead to deadlocks in the child.
  pid = os.fork()

[2024-06-24T16:56:26.186+0000] {standard_task_runner.py:63} INFO - Started process 1379 to run task
[2024-06-24T16:56:26.185+0000] {standard_task_runner.py:90} INFO - Running: ['***', 'tasks', 'run', 'ETL_Final', 'encrypt_and_upload', 'manual__2024-06-24T16:56:16.881597+00:00', '--job-id', '238', '--raw', '--subdir', 'DAGS_FOLDER/ETL_Final.py', '--cfg-path', '/tmp/tmplwik_q6a']
[2024-06-24T16:56:26.188+0000] {standard_task_runner.py:91} INFO - Job 238: Subtask encrypt_and_upload
[2024-06-24T16:56:26.276+0000] {task_command.py:426} INFO - Running <TaskInstance: ETL_Final.encrypt_and_upload manual__2024-06-24T16:56:16.881597+00:00 [running]> on host 4e5646ae0bec
[2024-06-24T16:56:26.456+0000] {taskinstance.py:2648} INFO - Exporting env vars: AIRFLOW_CTX_DAG_OWNER='***' AIRFLOW_CTX_DAG_ID='ETL_Final' AIRFLOW_CTX_TASK_ID='encrypt_and_upload' AIRFLOW_CTX_EXECUTION_DATE='2024-06-24T16:56:16.881597+00:00' AIRFLOW_CTX_TRY_NUMBER='1' AIRFLOW_CTX_DAG_RUN_ID='manual__2024-06-24T16:56:16.881597+00:00'
[2024-06-24T16:56:26.457+0000] {taskinstance.py:430} INFO - ::endgroup::
[2024-06-24T16:56:26.481+0000] {encryption_dag.py:44} INFO - Starting encryption process...
[2024-06-24T16:56:26.495+0000] {connection.py:274} WARNING - Connection schemes (type: google_cloud_platform) shall not contain '_' according to RFC3986.
[2024-06-24T16:56:26.502+0000] {base.py:84} INFO - Using connection ID 'google_cloud_default' for task execution.
[2024-06-24T16:56:28.174+0000] {encryption_dag.py:51} INFO - File downloaded from GCS: datasets/athletes.csv
[2024-06-24T16:56:29.454+0000] {encryption_dag.py:39} INFO - Data encrypted successfully with key: projects/boreal-forest-427103-q9/locations/global/keyRings/athletes-key/cryptoKeys/python-key
[2024-06-24T16:56:29.455+0000] {encryption_dag.py:55} INFO - File encrypted successfully
[2024-06-24T16:56:29.905+0000] {gcs.py:574} INFO - Data stream uploaded to datasets/athletes.csv.enc in golden-cheetah-datasets bucket
[2024-06-24T16:56:29.908+0000] {encryption_dag.py:59} INFO - File uploaded to GCS: datasets/athletes.csv.enc
[2024-06-24T16:56:30.280+0000] {gcs.py:698} INFO - Blob datasets/athletes.csv deleted.
[2024-06-24T16:56:30.281+0000] {encryption_dag.py:63} INFO - Original file deleted from GCS: datasets/athletes.csv
[2024-06-24T16:56:30.283+0000] {python.py:237} INFO - Done. Returned value was: None
[2024-06-24T16:56:30.285+0000] {taskinstance.py:441} INFO - ::group::Post task execution logs
[2024-06-24T16:56:30.307+0000] {taskinstance.py:1206} INFO - Marking task as SUCCESS. dag_id=ETL_Final, task_id=encrypt_and_upload, run_id=manual__2024-06-24T16:56:16.881597+00:00, execution_date=20240624T165616, start_date=20240624T165625, end_date=20240624T165630
[2024-06-24T16:56:30.349+0000] {local_task_job_runner.py:240} INFO - Task exited with return code 0
[2024-06-24T16:56:30.375+0000] {taskinstance.py:3503} INFO - 1 downstream tasks scheduled from follow-on schedule check
[2024-06-24T16:56:30.379+0000] {local_task_job_runner.py:222} INFO - ::endgroup::
