[2024-06-21T02:37:53.812+0000] {local_task_job_runner.py:120} INFO - ::group::Pre task execution logs
[2024-06-21T02:37:53.852+0000] {taskinstance.py:2076} INFO - Dependencies all met for dep_context=non-requeueable deps ti=<TaskInstance: first_dag.first_task scheduled__2024-01-29T00:00:00+00:00 [queued]>
[2024-06-21T02:37:53.870+0000] {taskinstance.py:2076} INFO - Dependencies all met for dep_context=requeueable deps ti=<TaskInstance: first_dag.first_task scheduled__2024-01-29T00:00:00+00:00 [queued]>
[2024-06-21T02:37:53.872+0000] {taskinstance.py:2306} INFO - Starting attempt 1 of 1
[2024-06-21T02:37:53.902+0000] {taskinstance.py:2330} INFO - Executing <Task(BashOperator): first_task> on 2024-01-29 00:00:00+00:00
[2024-06-21T02:37:53.912+0000] {warnings.py:112} WARNING - /home/***/.local/lib/python3.12/site-packages/***/task/task_runner/standard_task_runner.py:61: DeprecationWarning: This process (pid=449) is multi-threaded, use of fork() may lead to deadlocks in the child.
  pid = os.fork()

[2024-06-21T02:37:53.915+0000] {standard_task_runner.py:63} INFO - Started process 455 to run task
[2024-06-21T02:37:53.917+0000] {standard_task_runner.py:90} INFO - Running: ['***', 'tasks', 'run', 'first_dag', 'first_task', 'scheduled__2024-01-29T00:00:00+00:00', '--job-id', '104', '--raw', '--subdir', 'DAGS_FOLDER/first_dag.py', '--cfg-path', '/tmp/tmptbxm1ttg']
[2024-06-21T02:37:53.918+0000] {standard_task_runner.py:91} INFO - Job 104: Subtask first_task
[2024-06-21T02:37:54.004+0000] {task_command.py:426} INFO - Running <TaskInstance: first_dag.first_task scheduled__2024-01-29T00:00:00+00:00 [running]> on host 6ad2ad549a06
[2024-06-21T02:37:54.170+0000] {taskinstance.py:2648} INFO - Exporting env vars: AIRFLOW_CTX_DAG_OWNER='***' AIRFLOW_CTX_DAG_ID='first_dag' AIRFLOW_CTX_TASK_ID='first_task' AIRFLOW_CTX_EXECUTION_DATE='2024-01-29T00:00:00+00:00' AIRFLOW_CTX_TRY_NUMBER='1' AIRFLOW_CTX_DAG_RUN_ID='scheduled__2024-01-29T00:00:00+00:00'
[2024-06-21T02:37:54.177+0000] {taskinstance.py:430} INFO - ::endgroup::
[2024-06-21T02:37:54.202+0000] {subprocess.py:63} INFO - Tmp dir root location: /tmp
[2024-06-21T02:37:54.205+0000] {subprocess.py:75} INFO - Running command: ['/usr/bin/bash', '-c', 'echo hello world']
[2024-06-21T02:37:54.223+0000] {subprocess.py:86} INFO - Output:
[2024-06-21T02:37:54.225+0000] {subprocess.py:93} INFO - hello world
[2024-06-21T02:37:54.226+0000] {subprocess.py:97} INFO - Command exited with return code 0
[2024-06-21T02:37:54.228+0000] {taskinstance.py:441} INFO - ::group::Post task execution logs
[2024-06-21T02:37:54.270+0000] {taskinstance.py:1206} INFO - Marking task as SUCCESS. dag_id=first_dag, task_id=first_task, run_id=scheduled__2024-01-29T00:00:00+00:00, execution_date=20240129T000000, start_date=20240621T023753, end_date=20240621T023754
[2024-06-21T02:37:54.339+0000] {local_task_job_runner.py:240} INFO - Task exited with return code 0
[2024-06-21T02:37:54.390+0000] {taskinstance.py:3503} INFO - 0 downstream tasks scheduled from follow-on schedule check
[2024-06-21T02:37:54.395+0000] {local_task_job_runner.py:222} INFO - ::endgroup::
