[2024-06-24T03:08:53.268+0000] {local_task_job_runner.py:120} INFO - ::group::Pre task execution logs
[2024-06-24T03:08:53.323+0000] {taskinstance.py:2076} INFO - Dependencies all met for dep_context=non-requeueable deps ti=<TaskInstance: encriptar_csv_gcs.encrypt_and_upload manual__2024-06-24T02:53:45.723300+00:00 [queued]>
[2024-06-24T03:08:53.347+0000] {taskinstance.py:2076} INFO - Dependencies all met for dep_context=requeueable deps ti=<TaskInstance: encriptar_csv_gcs.encrypt_and_upload manual__2024-06-24T02:53:45.723300+00:00 [queued]>
[2024-06-24T03:08:53.349+0000] {taskinstance.py:2306} INFO - Starting attempt 1 of 2
[2024-06-24T03:08:53.394+0000] {taskinstance.py:2330} INFO - Executing <Task(PythonOperator): encrypt_and_upload> on 2024-06-24 02:53:45.723300+00:00
[2024-06-24T03:08:53.460+0000] {warnings.py:112} WARNING - /home/***/.local/lib/python3.12/site-packages/***/task/task_runner/standard_task_runner.py:61: DeprecationWarning: This process (pid=352) is multi-threaded, use of fork() may lead to deadlocks in the child.
  pid = os.fork()

[2024-06-24T03:08:53.465+0000] {standard_task_runner.py:63} INFO - Started process 379 to run task
[2024-06-24T03:08:53.473+0000] {standard_task_runner.py:90} INFO - Running: ['***', 'tasks', 'run', 'encriptar_csv_gcs', 'encrypt_and_upload', 'manual__2024-06-24T02:53:45.723300+00:00', '--job-id', '192', '--raw', '--subdir', 'DAGS_FOLDER/encriptar_csv.py', '--cfg-path', '/tmp/tmpxz7m728m']
[2024-06-24T03:08:53.478+0000] {standard_task_runner.py:91} INFO - Job 192: Subtask encrypt_and_upload
[2024-06-24T03:08:54.349+0000] {task_command.py:426} INFO - Running <TaskInstance: encriptar_csv_gcs.encrypt_and_upload manual__2024-06-24T02:53:45.723300+00:00 [running]> on host 33e391cc0777
[2024-06-24T03:08:54.481+0000] {taskinstance.py:2648} INFO - Exporting env vars: AIRFLOW_CTX_DAG_OWNER='***' AIRFLOW_CTX_DAG_ID='encriptar_csv_gcs' AIRFLOW_CTX_TASK_ID='encrypt_and_upload' AIRFLOW_CTX_EXECUTION_DATE='2024-06-24T02:53:45.723300+00:00' AIRFLOW_CTX_TRY_NUMBER='1' AIRFLOW_CTX_DAG_RUN_ID='manual__2024-06-24T02:53:45.723300+00:00'
[2024-06-24T03:08:54.483+0000] {taskinstance.py:430} INFO - ::endgroup::
[2024-06-24T03:08:54.517+0000] {encriptar_csv.py:41} INFO - Starting encryption process...
[2024-06-24T03:08:54.532+0000] {connection.py:274} WARNING - Connection schemes (type: google_cloud_platform) shall not contain '_' according to RFC3986.
[2024-06-24T03:08:54.535+0000] {base.py:84} INFO - Using connection ID 'google_cloud_default' for task execution.
[2024-06-24T03:08:55.861+0000] {encriptar_csv.py:48} INFO - File downloaded from GCS: datasets/athletes.csv
[2024-06-24T03:08:57.582+0000] {gcs.py:574} INFO - Data stream uploaded to datasets/athletes.csv.enc in golden-cheetah-datasets bucket
[2024-06-24T03:08:57.583+0000] {encriptar_csv.py:55} INFO - File uploaded to GCS: datasets/athletes.csv.enc
[2024-06-24T03:08:58.002+0000] {gcs.py:698} INFO - Blob datasets/athletes.csv deleted.
[2024-06-24T03:08:58.003+0000] {encriptar_csv.py:59} INFO - Original file deleted from GCS: datasets/athletes.csv
[2024-06-24T03:08:58.003+0000] {python.py:237} INFO - Done. Returned value was: None
[2024-06-24T03:08:58.004+0000] {taskinstance.py:441} INFO - ::group::Post task execution logs
[2024-06-24T03:08:58.014+0000] {taskinstance.py:1206} INFO - Marking task as SUCCESS. dag_id=encriptar_csv_gcs, task_id=encrypt_and_upload, run_id=manual__2024-06-24T02:53:45.723300+00:00, execution_date=20240624T025345, start_date=20240624T030853, end_date=20240624T030858
[2024-06-24T03:08:58.056+0000] {local_task_job_runner.py:240} INFO - Task exited with return code 0
[2024-06-24T03:08:58.074+0000] {taskinstance.py:3503} INFO - 0 downstream tasks scheduled from follow-on schedule check
[2024-06-24T03:08:58.077+0000] {local_task_job_runner.py:222} INFO - ::endgroup::
