[2024-06-24T16:56:33.564+0000] {local_task_job_runner.py:120} INFO - ::group::Pre task execution logs
[2024-06-24T16:56:33.584+0000] {taskinstance.py:2076} INFO - Dependencies all met for dep_context=non-requeueable deps ti=<TaskInstance: ETL_Final.decrypt_transform_and_upload manual__2024-06-24T16:56:16.881597+00:00 [queued]>
[2024-06-24T16:56:33.595+0000] {taskinstance.py:2076} INFO - Dependencies all met for dep_context=requeueable deps ti=<TaskInstance: ETL_Final.decrypt_transform_and_upload manual__2024-06-24T16:56:16.881597+00:00 [queued]>
[2024-06-24T16:56:33.600+0000] {taskinstance.py:2306} INFO - Starting attempt 1 of 2
[2024-06-24T16:56:33.620+0000] {taskinstance.py:2330} INFO - Executing <Task(PythonOperator): decrypt_transform_and_upload> on 2024-06-24 16:56:16.881597+00:00
[2024-06-24T16:56:33.630+0000] {warnings.py:112} WARNING - /home/***/.local/lib/python3.12/site-packages/***/task/task_runner/standard_task_runner.py:61: DeprecationWarning: This process (pid=1407) is multi-threaded, use of fork() may lead to deadlocks in the child.
  pid = os.fork()

[2024-06-24T16:56:33.634+0000] {standard_task_runner.py:63} INFO - Started process 1421 to run task
[2024-06-24T16:56:33.633+0000] {standard_task_runner.py:90} INFO - Running: ['***', 'tasks', 'run', 'ETL_Final', 'decrypt_transform_and_upload', 'manual__2024-06-24T16:56:16.881597+00:00', '--job-id', '239', '--raw', '--subdir', 'DAGS_FOLDER/ETL_Final.py', '--cfg-path', '/tmp/tmpzo2b3wub']
[2024-06-24T16:56:33.637+0000] {standard_task_runner.py:91} INFO - Job 239: Subtask decrypt_transform_and_upload
[2024-06-24T16:56:33.698+0000] {task_command.py:426} INFO - Running <TaskInstance: ETL_Final.decrypt_transform_and_upload manual__2024-06-24T16:56:16.881597+00:00 [running]> on host 4e5646ae0bec
[2024-06-24T16:56:33.836+0000] {taskinstance.py:2648} INFO - Exporting env vars: AIRFLOW_CTX_DAG_OWNER='***' AIRFLOW_CTX_DAG_ID='ETL_Final' AIRFLOW_CTX_TASK_ID='decrypt_transform_and_upload' AIRFLOW_CTX_EXECUTION_DATE='2024-06-24T16:56:16.881597+00:00' AIRFLOW_CTX_TRY_NUMBER='1' AIRFLOW_CTX_DAG_RUN_ID='manual__2024-06-24T16:56:16.881597+00:00'
[2024-06-24T16:56:33.838+0000] {taskinstance.py:430} INFO - ::endgroup::
[2024-06-24T16:56:33.858+0000] {decrypt_transform_dag.py:64} INFO - Starting decryption and transformation process...
[2024-06-24T16:56:33.872+0000] {connection.py:274} WARNING - Connection schemes (type: google_cloud_platform) shall not contain '_' according to RFC3986.
[2024-06-24T16:56:33.877+0000] {base.py:84} INFO - Using connection ID 'google_cloud_default' for task execution.
[2024-06-24T16:56:34.637+0000] {decrypt_transform_dag.py:71} INFO - File downloaded from GCS: datasets/athletes.csv.enc
[2024-06-24T16:58:07.851+0000] {decrypt_transform_dag.py:95} INFO - Data uploaded to BigQuery: boreal-forest-427103-q9.final_data.athletes_encrypted
[2024-06-24T16:58:07.863+0000] {python.py:237} INFO - Done. Returned value was: None
[2024-06-24T16:58:07.881+0000] {taskinstance.py:441} INFO - ::group::Post task execution logs
[2024-06-24T16:58:07.944+0000] {taskinstance.py:1206} INFO - Marking task as SUCCESS. dag_id=ETL_Final, task_id=decrypt_transform_and_upload, run_id=manual__2024-06-24T16:56:16.881597+00:00, execution_date=20240624T165616, start_date=20240624T165633, end_date=20240624T165807
[2024-06-24T16:58:08.075+0000] {local_task_job_runner.py:240} INFO - Task exited with return code 0
[2024-06-24T16:58:08.143+0000] {taskinstance.py:3503} INFO - 0 downstream tasks scheduled from follow-on schedule check
[2024-06-24T16:58:08.148+0000] {local_task_job_runner.py:222} INFO - ::endgroup::
