[2024-06-21T02:38:14.005+0000] {local_task_job_runner.py:120} INFO - ::group::Pre task execution logs
[2024-06-21T02:38:14.062+0000] {taskinstance.py:2076} INFO - Dependencies all met for dep_context=non-requeueable deps ti=<TaskInstance: first_dag.first_task scheduled__2024-02-24T00:00:00+00:00 [queued]>
[2024-06-21T02:38:14.089+0000] {taskinstance.py:2076} INFO - Dependencies all met for dep_context=requeueable deps ti=<TaskInstance: first_dag.first_task scheduled__2024-02-24T00:00:00+00:00 [queued]>
[2024-06-21T02:38:14.091+0000] {taskinstance.py:2306} INFO - Starting attempt 1 of 1
[2024-06-21T02:38:14.134+0000] {taskinstance.py:2330} INFO - Executing <Task(BashOperator): first_task> on 2024-02-24 00:00:00+00:00
[2024-06-21T02:38:14.142+0000] {warnings.py:112} WARNING - /home/***/.local/lib/python3.12/site-packages/***/task/task_runner/standard_task_runner.py:61: DeprecationWarning: This process (pid=528) is multi-threaded, use of fork() may lead to deadlocks in the child.
  pid = os.fork()

[2024-06-21T02:38:14.144+0000] {standard_task_runner.py:90} INFO - Running: ['***', 'tasks', 'run', 'first_dag', 'first_task', 'scheduled__2024-02-24T00:00:00+00:00', '--job-id', '130', '--raw', '--subdir', 'DAGS_FOLDER/first_dag.py', '--cfg-path', '/tmp/tmppcth6_1j']
[2024-06-21T02:38:14.145+0000] {standard_task_runner.py:63} INFO - Started process 538 to run task
[2024-06-21T02:38:14.146+0000] {standard_task_runner.py:91} INFO - Job 130: Subtask first_task
[2024-06-21T02:38:14.224+0000] {task_command.py:426} INFO - Running <TaskInstance: first_dag.first_task scheduled__2024-02-24T00:00:00+00:00 [running]> on host 6ad2ad549a06
[2024-06-21T02:38:14.351+0000] {taskinstance.py:2648} INFO - Exporting env vars: AIRFLOW_CTX_DAG_OWNER='***' AIRFLOW_CTX_DAG_ID='first_dag' AIRFLOW_CTX_TASK_ID='first_task' AIRFLOW_CTX_EXECUTION_DATE='2024-02-24T00:00:00+00:00' AIRFLOW_CTX_TRY_NUMBER='1' AIRFLOW_CTX_DAG_RUN_ID='scheduled__2024-02-24T00:00:00+00:00'
[2024-06-21T02:38:14.352+0000] {taskinstance.py:430} INFO - ::endgroup::
[2024-06-21T02:38:14.368+0000] {subprocess.py:63} INFO - Tmp dir root location: /tmp
[2024-06-21T02:38:14.369+0000] {subprocess.py:75} INFO - Running command: ['/usr/bin/bash', '-c', 'echo hello world']
[2024-06-21T02:38:14.380+0000] {subprocess.py:86} INFO - Output:
[2024-06-21T02:38:14.382+0000] {subprocess.py:93} INFO - hello world
[2024-06-21T02:38:14.383+0000] {subprocess.py:97} INFO - Command exited with return code 0
[2024-06-21T02:38:14.384+0000] {taskinstance.py:441} INFO - ::group::Post task execution logs
[2024-06-21T02:38:14.414+0000] {taskinstance.py:1206} INFO - Marking task as SUCCESS. dag_id=first_dag, task_id=first_task, run_id=scheduled__2024-02-24T00:00:00+00:00, execution_date=20240224T000000, start_date=20240621T023814, end_date=20240621T023814
[2024-06-21T02:38:14.443+0000] {local_task_job_runner.py:240} INFO - Task exited with return code 0
[2024-06-21T02:38:14.462+0000] {taskinstance.py:3503} INFO - 0 downstream tasks scheduled from follow-on schedule check
[2024-06-21T02:38:14.465+0000] {local_task_job_runner.py:222} INFO - ::endgroup::
