[2024-06-21T02:37:18.929+0000] {local_task_job_runner.py:120} INFO - ::group::Pre task execution logs
[2024-06-21T02:37:18.969+0000] {taskinstance.py:2076} INFO - Dependencies all met for dep_context=non-requeueable deps ti=<TaskInstance: first_dag.first_task scheduled__2023-12-05T00:00:00+00:00 [queued]>
[2024-06-21T02:37:18.985+0000] {taskinstance.py:2076} INFO - Dependencies all met for dep_context=requeueable deps ti=<TaskInstance: first_dag.first_task scheduled__2023-12-05T00:00:00+00:00 [queued]>
[2024-06-21T02:37:18.986+0000] {taskinstance.py:2306} INFO - Starting attempt 1 of 1
[2024-06-21T02:37:19.016+0000] {taskinstance.py:2330} INFO - Executing <Task(BashOperator): first_task> on 2023-12-05 00:00:00+00:00
[2024-06-21T02:37:19.024+0000] {warnings.py:112} WARNING - /home/***/.local/lib/python3.12/site-packages/***/task/task_runner/standard_task_runner.py:61: DeprecationWarning: This process (pid=273) is multi-threaded, use of fork() may lead to deadlocks in the child.
  pid = os.fork()

[2024-06-21T02:37:19.026+0000] {standard_task_runner.py:63} INFO - Started process 282 to run task
[2024-06-21T02:37:19.026+0000] {standard_task_runner.py:90} INFO - Running: ['***', 'tasks', 'run', 'first_dag', 'first_task', 'scheduled__2023-12-05T00:00:00+00:00', '--job-id', '49', '--raw', '--subdir', 'DAGS_FOLDER/first_dag.py', '--cfg-path', '/tmp/tmpndxp93jx']
[2024-06-21T02:37:19.029+0000] {standard_task_runner.py:91} INFO - Job 49: Subtask first_task
[2024-06-21T02:37:19.099+0000] {task_command.py:426} INFO - Running <TaskInstance: first_dag.first_task scheduled__2023-12-05T00:00:00+00:00 [running]> on host 6ad2ad549a06
[2024-06-21T02:37:19.237+0000] {taskinstance.py:2648} INFO - Exporting env vars: AIRFLOW_CTX_DAG_OWNER='***' AIRFLOW_CTX_DAG_ID='first_dag' AIRFLOW_CTX_TASK_ID='first_task' AIRFLOW_CTX_EXECUTION_DATE='2023-12-05T00:00:00+00:00' AIRFLOW_CTX_TRY_NUMBER='1' AIRFLOW_CTX_DAG_RUN_ID='scheduled__2023-12-05T00:00:00+00:00'
[2024-06-21T02:37:19.238+0000] {taskinstance.py:430} INFO - ::endgroup::
[2024-06-21T02:37:19.257+0000] {subprocess.py:63} INFO - Tmp dir root location: /tmp
[2024-06-21T02:37:19.260+0000] {subprocess.py:75} INFO - Running command: ['/usr/bin/bash', '-c', 'echo hello world']
[2024-06-21T02:37:19.275+0000] {subprocess.py:86} INFO - Output:
[2024-06-21T02:37:19.277+0000] {subprocess.py:93} INFO - hello world
[2024-06-21T02:37:19.279+0000] {subprocess.py:97} INFO - Command exited with return code 0
[2024-06-21T02:37:19.286+0000] {taskinstance.py:441} INFO - ::group::Post task execution logs
[2024-06-21T02:37:19.323+0000] {taskinstance.py:1206} INFO - Marking task as SUCCESS. dag_id=first_dag, task_id=first_task, run_id=scheduled__2023-12-05T00:00:00+00:00, execution_date=20231205T000000, start_date=20240621T023718, end_date=20240621T023719
[2024-06-21T02:37:19.362+0000] {local_task_job_runner.py:240} INFO - Task exited with return code 0
[2024-06-21T02:37:19.396+0000] {taskinstance.py:3503} INFO - 0 downstream tasks scheduled from follow-on schedule check
[2024-06-21T02:37:19.406+0000] {local_task_job_runner.py:222} INFO - ::endgroup::
