[2024-06-23T01:31:12.115+0000] {local_task_job_runner.py:120} INFO - ::group::Pre task execution logs
[2024-06-23T01:31:12.136+0000] {taskinstance.py:2076} INFO - Dependencies all met for dep_context=non-requeueable deps ti=<TaskInstance: etl_pipeline_dag.delete_table manual__2024-06-23T01:30:54.597209+00:00 [queued]>
[2024-06-23T01:31:12.149+0000] {taskinstance.py:2076} INFO - Dependencies all met for dep_context=requeueable deps ti=<TaskInstance: etl_pipeline_dag.delete_table manual__2024-06-23T01:30:54.597209+00:00 [queued]>
[2024-06-23T01:31:12.151+0000] {taskinstance.py:2306} INFO - Starting attempt 1 of 1
[2024-06-23T01:31:12.179+0000] {taskinstance.py:2330} INFO - Executing <Task(BigQueryDeleteTableOperator): delete_table> on 2024-06-23 01:30:54.597209+00:00
[2024-06-23T01:31:12.217+0000] {warnings.py:112} WARNING - /home/***/.local/lib/python3.12/site-packages/***/task/task_runner/standard_task_runner.py:61: DeprecationWarning: This process (pid=3747) is multi-threaded, use of fork() may lead to deadlocks in the child.
  pid = os.fork()

[2024-06-23T01:31:12.227+0000] {standard_task_runner.py:63} INFO - Started process 3749 to run task
[2024-06-23T01:31:12.221+0000] {standard_task_runner.py:90} INFO - Running: ['***', 'tasks', 'run', 'etl_pipeline_dag', 'delete_table', 'manual__2024-06-23T01:30:54.597209+00:00', '--job-id', '56', '--raw', '--subdir', 'DAGS_FOLDER/bigquery.py', '--cfg-path', '/tmp/tmp2i4t__7g']
[2024-06-23T01:31:12.233+0000] {standard_task_runner.py:91} INFO - Job 56: Subtask delete_table
[2024-06-23T01:31:12.357+0000] {task_command.py:426} INFO - Running <TaskInstance: etl_pipeline_dag.delete_table manual__2024-06-23T01:30:54.597209+00:00 [running]> on host 64917a389d59
[2024-06-23T01:31:12.779+0000] {taskinstance.py:2648} INFO - Exporting env vars: AIRFLOW_CTX_DAG_OWNER='***' AIRFLOW_CTX_DAG_ID='etl_pipeline_dag' AIRFLOW_CTX_TASK_ID='delete_table' AIRFLOW_CTX_EXECUTION_DATE='2024-06-23T01:30:54.597209+00:00' AIRFLOW_CTX_TRY_NUMBER='1' AIRFLOW_CTX_DAG_RUN_ID='manual__2024-06-23T01:30:54.597209+00:00'
[2024-06-23T01:31:12.791+0000] {taskinstance.py:430} INFO - ::endgroup::
[2024-06-23T01:31:12.882+0000] {bigquery.py:2509} INFO - Deleting: transformed_1.weightstd
[2024-06-23T01:31:12.908+0000] {connection.py:274} WARNING - Connection schemes (type: google_cloud_platform) shall not contain '_' according to RFC3986.
[2024-06-23T01:31:12.933+0000] {base.py:84} INFO - Using connection ID 'google_cloud_default' for task execution.
[2024-06-23T01:31:15.005+0000] {bigquery.py:1296} INFO - Deleted table transformed_1.weightstd
[2024-06-23T01:31:15.008+0000] {taskinstance.py:441} INFO - ::group::Post task execution logs
[2024-06-23T01:31:15.030+0000] {taskinstance.py:1206} INFO - Marking task as SUCCESS. dag_id=etl_pipeline_dag, task_id=delete_table, run_id=manual__2024-06-23T01:30:54.597209+00:00, execution_date=20240623T013054, start_date=20240623T013112, end_date=20240623T013115
[2024-06-23T01:31:15.098+0000] {local_task_job_runner.py:240} INFO - Task exited with return code 0
[2024-06-23T01:31:15.130+0000] {taskinstance.py:3503} INFO - 1 downstream tasks scheduled from follow-on schedule check
[2024-06-23T01:31:15.133+0000] {local_task_job_runner.py:222} INFO - ::endgroup::
