[2024-06-21T02:39:03.735+0000] {local_task_job_runner.py:120} INFO - ::group::Pre task execution logs
[2024-06-21T02:39:03.788+0000] {taskinstance.py:2076} INFO - Dependencies all met for dep_context=non-requeueable deps ti=<TaskInstance: first_dag.first_task scheduled__2024-05-20T00:00:00+00:00 [queued]>
[2024-06-21T02:39:03.816+0000] {taskinstance.py:2076} INFO - Dependencies all met for dep_context=requeueable deps ti=<TaskInstance: first_dag.first_task scheduled__2024-05-20T00:00:00+00:00 [queued]>
[2024-06-21T02:39:03.823+0000] {taskinstance.py:2306} INFO - Starting attempt 1 of 1
[2024-06-21T02:39:03.872+0000] {taskinstance.py:2330} INFO - Executing <Task(BashOperator): first_task> on 2024-05-20 00:00:00+00:00
[2024-06-21T02:39:03.888+0000] {warnings.py:112} WARNING - /home/***/.local/lib/python3.12/site-packages/***/task/task_runner/standard_task_runner.py:61: DeprecationWarning: This process (pid=797) is multi-threaded, use of fork() may lead to deadlocks in the child.
  pid = os.fork()

[2024-06-21T02:39:03.890+0000] {standard_task_runner.py:63} INFO - Started process 804 to run task
[2024-06-21T02:39:03.893+0000] {standard_task_runner.py:90} INFO - Running: ['***', 'tasks', 'run', 'first_dag', 'first_task', 'scheduled__2024-05-20T00:00:00+00:00', '--job-id', '216', '--raw', '--subdir', 'DAGS_FOLDER/first_dag.py', '--cfg-path', '/tmp/tmp_njq3b_d']
[2024-06-21T02:39:03.895+0000] {standard_task_runner.py:91} INFO - Job 216: Subtask first_task
[2024-06-21T02:39:04.091+0000] {task_command.py:426} INFO - Running <TaskInstance: first_dag.first_task scheduled__2024-05-20T00:00:00+00:00 [running]> on host 6ad2ad549a06
[2024-06-21T02:39:04.440+0000] {taskinstance.py:2648} INFO - Exporting env vars: AIRFLOW_CTX_DAG_OWNER='***' AIRFLOW_CTX_DAG_ID='first_dag' AIRFLOW_CTX_TASK_ID='first_task' AIRFLOW_CTX_EXECUTION_DATE='2024-05-20T00:00:00+00:00' AIRFLOW_CTX_TRY_NUMBER='1' AIRFLOW_CTX_DAG_RUN_ID='scheduled__2024-05-20T00:00:00+00:00'
[2024-06-21T02:39:04.446+0000] {taskinstance.py:430} INFO - ::endgroup::
[2024-06-21T02:39:04.478+0000] {subprocess.py:63} INFO - Tmp dir root location: /tmp
[2024-06-21T02:39:04.479+0000] {subprocess.py:75} INFO - Running command: ['/usr/bin/bash', '-c', 'echo hello world']
[2024-06-21T02:39:04.509+0000] {subprocess.py:86} INFO - Output:
[2024-06-21T02:39:04.513+0000] {subprocess.py:93} INFO - hello world
[2024-06-21T02:39:04.515+0000] {subprocess.py:97} INFO - Command exited with return code 0
[2024-06-21T02:39:04.518+0000] {taskinstance.py:441} INFO - ::group::Post task execution logs
[2024-06-21T02:39:04.600+0000] {taskinstance.py:1206} INFO - Marking task as SUCCESS. dag_id=first_dag, task_id=first_task, run_id=scheduled__2024-05-20T00:00:00+00:00, execution_date=20240520T000000, start_date=20240621T023903, end_date=20240621T023904
[2024-06-21T02:39:04.651+0000] {local_task_job_runner.py:240} INFO - Task exited with return code 0
[2024-06-21T02:39:04.668+0000] {local_task_job_runner.py:222} INFO - ::endgroup::
