[2024-06-23T00:37:06.028+0000] {local_task_job_runner.py:120} INFO - ::group::Pre task execution logs
[2024-06-23T00:37:06.046+0000] {taskinstance.py:2076} INFO - Dependencies all met for dep_context=non-requeueable deps ti=<TaskInstance: etl_pipeline_dag.log_data_task manual__2024-06-23T00:36:11.304626+00:00 [queued]>
[2024-06-23T00:37:06.055+0000] {taskinstance.py:2076} INFO - Dependencies all met for dep_context=requeueable deps ti=<TaskInstance: etl_pipeline_dag.log_data_task manual__2024-06-23T00:36:11.304626+00:00 [queued]>
[2024-06-23T00:37:06.057+0000] {taskinstance.py:2306} INFO - Starting attempt 1 of 1
[2024-06-23T00:37:06.072+0000] {taskinstance.py:2330} INFO - Executing <Task(PythonOperator): log_data_task> on 2024-06-23 00:36:11.304626+00:00
[2024-06-23T00:37:06.079+0000] {warnings.py:112} WARNING - /home/***/.local/lib/python3.12/site-packages/***/task/task_runner/standard_task_runner.py:61: DeprecationWarning: This process (pid=3058) is multi-threaded, use of fork() may lead to deadlocks in the child.
  pid = os.fork()

[2024-06-23T00:37:06.081+0000] {standard_task_runner.py:63} INFO - Started process 3060 to run task
[2024-06-23T00:37:06.082+0000] {standard_task_runner.py:90} INFO - Running: ['***', 'tasks', 'run', 'etl_pipeline_dag', 'log_data_task', 'manual__2024-06-23T00:36:11.304626+00:00', '--job-id', '48', '--raw', '--subdir', 'DAGS_FOLDER/bigquery.py', '--cfg-path', '/tmp/tmptqzpff41']
[2024-06-23T00:37:06.084+0000] {standard_task_runner.py:91} INFO - Job 48: Subtask log_data_task
[2024-06-23T00:37:06.132+0000] {task_command.py:426} INFO - Running <TaskInstance: etl_pipeline_dag.log_data_task manual__2024-06-23T00:36:11.304626+00:00 [running]> on host 64917a389d59
[2024-06-23T00:37:06.214+0000] {taskinstance.py:2648} INFO - Exporting env vars: AIRFLOW_CTX_DAG_OWNER='***' AIRFLOW_CTX_DAG_ID='etl_pipeline_dag' AIRFLOW_CTX_TASK_ID='log_data_task' AIRFLOW_CTX_EXECUTION_DATE='2024-06-23T00:36:11.304626+00:00' AIRFLOW_CTX_TRY_NUMBER='1' AIRFLOW_CTX_DAG_RUN_ID='manual__2024-06-23T00:36:11.304626+00:00'
[2024-06-23T00:37:06.216+0000] {taskinstance.py:430} INFO - ::endgroup::
[2024-06-23T00:37:06.238+0000] {logging_mixin.py:188} INFO - ['92d4f7fa-59e1-4d60-906f-3abee21f7ef2', '0']
[2024-06-23T00:37:06.239+0000] {logging_mixin.py:188} INFO - ['807d09d2-6c2a-44e8-b83d-cdf375aa8b7e', '0']
[2024-06-23T00:37:06.239+0000] {logging_mixin.py:188} INFO - ['5812db11-e22d-4075-99f0-55f18e52bf02', '0']
[2024-06-23T00:37:06.240+0000] {logging_mixin.py:188} INFO - ['05733228-19c1-4766-a688-6341bb85b996', '0']
[2024-06-23T00:37:06.240+0000] {logging_mixin.py:188} INFO - ['f6222fea-7e24-4483-9576-b56661f6d139', '0']
[2024-06-23T00:37:06.241+0000] {logging_mixin.py:188} INFO - ['778b4e15-39bf-4e02-a5fd-1cbb928cfa77', '0']
[2024-06-23T00:37:06.241+0000] {logging_mixin.py:188} INFO - ['46f09e32-6115-440f-ae8d-a29c45d214ae', '0']
[2024-06-23T00:37:06.242+0000] {logging_mixin.py:188} INFO - ['433abcb7-e4db-4002-892b-f033db0a4700', '0']
[2024-06-23T00:37:06.242+0000] {logging_mixin.py:188} INFO - ['e5179bd4-9eb9-4be2-92d3-314288040232', '0']
[2024-06-23T00:37:06.243+0000] {logging_mixin.py:188} INFO - ['09407f03-8a99-499c-9830-5c657b2dd383', '0']
[2024-06-23T00:37:06.243+0000] {python.py:237} INFO - Done. Returned value was: None
[2024-06-23T00:37:06.244+0000] {taskinstance.py:441} INFO - ::group::Post task execution logs
[2024-06-23T00:37:06.254+0000] {taskinstance.py:1206} INFO - Marking task as SUCCESS. dag_id=etl_pipeline_dag, task_id=log_data_task, run_id=manual__2024-06-23T00:36:11.304626+00:00, execution_date=20240623T003611, start_date=20240623T003706, end_date=20240623T003706
[2024-06-23T00:37:06.296+0000] {local_task_job_runner.py:240} INFO - Task exited with return code 0
[2024-06-23T00:37:06.312+0000] {taskinstance.py:3503} INFO - 0 downstream tasks scheduled from follow-on schedule check
[2024-06-23T00:37:06.315+0000] {local_task_job_runner.py:222} INFO - ::endgroup::
