[2024-06-21T02:39:16.954+0000] {local_task_job_runner.py:120} INFO - ::group::Pre task execution logs
[2024-06-21T02:39:17.008+0000] {taskinstance.py:2076} INFO - Dependencies all met for dep_context=non-requeueable deps ti=<TaskInstance: first_dag.first_task scheduled__2024-06-10T00:00:00+00:00 [queued]>
[2024-06-21T02:39:17.022+0000] {taskinstance.py:2076} INFO - Dependencies all met for dep_context=requeueable deps ti=<TaskInstance: first_dag.first_task scheduled__2024-06-10T00:00:00+00:00 [queued]>
[2024-06-21T02:39:17.023+0000] {taskinstance.py:2306} INFO - Starting attempt 1 of 1
[2024-06-21T02:39:17.050+0000] {taskinstance.py:2330} INFO - Executing <Task(BashOperator): first_task> on 2024-06-10 00:00:00+00:00
[2024-06-21T02:39:17.056+0000] {warnings.py:112} WARNING - /home/***/.local/lib/python3.12/site-packages/***/task/task_runner/standard_task_runner.py:61: DeprecationWarning: This process (pid=863) is multi-threaded, use of fork() may lead to deadlocks in the child.
  pid = os.fork()

[2024-06-21T02:39:17.059+0000] {standard_task_runner.py:63} INFO - Started process 875 to run task
[2024-06-21T02:39:17.058+0000] {standard_task_runner.py:90} INFO - Running: ['***', 'tasks', 'run', 'first_dag', 'first_task', 'scheduled__2024-06-10T00:00:00+00:00', '--job-id', '238', '--raw', '--subdir', 'DAGS_FOLDER/first_dag.py', '--cfg-path', '/tmp/tmpri3w1srq']
[2024-06-21T02:39:17.060+0000] {standard_task_runner.py:91} INFO - Job 238: Subtask first_task
[2024-06-21T02:39:17.114+0000] {task_command.py:426} INFO - Running <TaskInstance: first_dag.first_task scheduled__2024-06-10T00:00:00+00:00 [running]> on host 6ad2ad549a06
[2024-06-21T02:39:17.252+0000] {taskinstance.py:2648} INFO - Exporting env vars: AIRFLOW_CTX_DAG_OWNER='***' AIRFLOW_CTX_DAG_ID='first_dag' AIRFLOW_CTX_TASK_ID='first_task' AIRFLOW_CTX_EXECUTION_DATE='2024-06-10T00:00:00+00:00' AIRFLOW_CTX_TRY_NUMBER='1' AIRFLOW_CTX_DAG_RUN_ID='scheduled__2024-06-10T00:00:00+00:00'
[2024-06-21T02:39:17.254+0000] {taskinstance.py:430} INFO - ::endgroup::
[2024-06-21T02:39:17.294+0000] {subprocess.py:63} INFO - Tmp dir root location: /tmp
[2024-06-21T02:39:17.296+0000] {subprocess.py:75} INFO - Running command: ['/usr/bin/bash', '-c', 'echo hello world']
[2024-06-21T02:39:17.309+0000] {subprocess.py:86} INFO - Output:
[2024-06-21T02:39:17.311+0000] {subprocess.py:93} INFO - hello world
[2024-06-21T02:39:17.312+0000] {subprocess.py:97} INFO - Command exited with return code 0
[2024-06-21T02:39:17.314+0000] {taskinstance.py:441} INFO - ::group::Post task execution logs
[2024-06-21T02:39:17.347+0000] {taskinstance.py:1206} INFO - Marking task as SUCCESS. dag_id=first_dag, task_id=first_task, run_id=scheduled__2024-06-10T00:00:00+00:00, execution_date=20240610T000000, start_date=20240621T023917, end_date=20240621T023917
[2024-06-21T02:39:17.397+0000] {local_task_job_runner.py:240} INFO - Task exited with return code 0
[2024-06-21T02:39:17.422+0000] {taskinstance.py:3503} INFO - 0 downstream tasks scheduled from follow-on schedule check
[2024-06-21T02:39:17.425+0000] {local_task_job_runner.py:222} INFO - ::endgroup::
