[2024-06-23T00:16:12.840+0000] {local_task_job_runner.py:120} INFO - ::group::Pre task execution logs
[2024-06-23T00:16:12.860+0000] {taskinstance.py:2076} INFO - Dependencies all met for dep_context=non-requeueable deps ti=<TaskInstance: etl_pipeline_dag.delete_table manual__2024-06-23T00:16:04.660806+00:00 [queued]>
[2024-06-23T00:16:12.870+0000] {taskinstance.py:2076} INFO - Dependencies all met for dep_context=requeueable deps ti=<TaskInstance: etl_pipeline_dag.delete_table manual__2024-06-23T00:16:04.660806+00:00 [queued]>
[2024-06-23T00:16:12.871+0000] {taskinstance.py:2306} INFO - Starting attempt 1 of 1
[2024-06-23T00:16:12.886+0000] {taskinstance.py:2330} INFO - Executing <Task(BigQueryExecuteQueryOperator): delete_table> on 2024-06-23 00:16:04.660806+00:00
[2024-06-23T00:16:12.905+0000] {warnings.py:112} WARNING - /home/***/.local/lib/python3.12/site-packages/***/task/task_runner/standard_task_runner.py:61: DeprecationWarning: This process (pid=2800) is multi-threaded, use of fork() may lead to deadlocks in the child.
  pid = os.fork()

[2024-06-23T00:16:12.907+0000] {standard_task_runner.py:63} INFO - Started process 2802 to run task
[2024-06-23T00:16:12.906+0000] {standard_task_runner.py:90} INFO - Running: ['***', 'tasks', 'run', 'etl_pipeline_dag', 'delete_table', 'manual__2024-06-23T00:16:04.660806+00:00', '--job-id', '41', '--raw', '--subdir', 'DAGS_FOLDER/bigquery.py', '--cfg-path', '/tmp/tmpf19k6v3l']
[2024-06-23T00:16:12.910+0000] {standard_task_runner.py:91} INFO - Job 41: Subtask delete_table
[2024-06-23T00:16:12.967+0000] {task_command.py:426} INFO - Running <TaskInstance: etl_pipeline_dag.delete_table manual__2024-06-23T00:16:04.660806+00:00 [running]> on host 64917a389d59
[2024-06-23T00:16:13.082+0000] {taskinstance.py:2648} INFO - Exporting env vars: AIRFLOW_CTX_DAG_OWNER='***' AIRFLOW_CTX_DAG_ID='etl_pipeline_dag' AIRFLOW_CTX_TASK_ID='delete_table' AIRFLOW_CTX_EXECUTION_DATE='2024-06-23T00:16:04.660806+00:00' AIRFLOW_CTX_TRY_NUMBER='1' AIRFLOW_CTX_DAG_RUN_ID='manual__2024-06-23T00:16:04.660806+00:00'
[2024-06-23T00:16:13.084+0000] {taskinstance.py:430} INFO - ::endgroup::
[2024-06-23T00:16:13.113+0000] {bigquery.py:1292} INFO - Executing: DROP TABLE IF EXISTS `transformed_1. weightstd`;
[2024-06-23T00:16:13.125+0000] {connection.py:274} WARNING - Connection schemes (type: google_cloud_platform) shall not contain '_' according to RFC3986.
[2024-06-23T00:16:13.128+0000] {base.py:84} INFO - Using connection ID 'google_cloud_default' for task execution.
[2024-06-23T00:16:13.131+0000] {warnings.py:112} WARNING - /home/***/.local/lib/python3.12/site-packages/***/providers/google/cloud/operators/bigquery.py:1301: AirflowProviderDeprecationWarning: Call to deprecated method run_query. (Please use `***.providers.google.cloud.hooks.bigquery.BigQueryHook.insert_job`)
  self.job_id = self.hook.run_query(

[2024-06-23T00:16:13.213+0000] {bigquery.py:1670} INFO - Inserting job ***_1719101773212220_7d8d2356b0b4fc445d629043435bd01d
[2024-06-23T00:16:15.369+0000] {taskinstance.py:441} INFO - ::group::Post task execution logs
[2024-06-23T00:16:15.392+0000] {taskinstance.py:1206} INFO - Marking task as SUCCESS. dag_id=etl_pipeline_dag, task_id=delete_table, run_id=manual__2024-06-23T00:16:04.660806+00:00, execution_date=20240623T001604, start_date=20240623T001612, end_date=20240623T001615
[2024-06-23T00:16:15.456+0000] {local_task_job_runner.py:240} INFO - Task exited with return code 0
[2024-06-23T00:16:15.468+0000] {local_task_job_runner.py:222} INFO - ::endgroup::
