[2024-06-24T16:33:26.083+0000] {local_task_job_runner.py:120} INFO - ::group::Pre task execution logs
[2024-06-24T16:33:26.106+0000] {taskinstance.py:2076} INFO - Dependencies all met for dep_context=non-requeueable deps ti=<TaskInstance: ETL_Final.decrypt_transform_and_upload manual__2024-06-24T16:33:06.036401+00:00 [queued]>
[2024-06-24T16:33:26.118+0000] {taskinstance.py:2076} INFO - Dependencies all met for dep_context=requeueable deps ti=<TaskInstance: ETL_Final.decrypt_transform_and_upload manual__2024-06-24T16:33:06.036401+00:00 [queued]>
[2024-06-24T16:33:26.120+0000] {taskinstance.py:2306} INFO - Starting attempt 1 of 2
[2024-06-24T16:33:26.141+0000] {taskinstance.py:2330} INFO - Executing <Task(PythonOperator): decrypt_transform_and_upload> on 2024-06-24 16:33:06.036401+00:00
[2024-06-24T16:33:26.174+0000] {warnings.py:112} WARNING - /home/***/.local/lib/python3.12/site-packages/***/task/task_runner/standard_task_runner.py:61: DeprecationWarning: This process (pid=152) is multi-threaded, use of fork() may lead to deadlocks in the child.
  pid = os.fork()

[2024-06-24T16:33:26.179+0000] {standard_task_runner.py:63} INFO - Started process 166 to run task
[2024-06-24T16:33:26.176+0000] {standard_task_runner.py:90} INFO - Running: ['***', 'tasks', 'run', 'ETL_Final', 'decrypt_transform_and_upload', 'manual__2024-06-24T16:33:06.036401+00:00', '--job-id', '235', '--raw', '--subdir', 'DAGS_FOLDER/ETL_Final.py', '--cfg-path', '/tmp/tmpl78wgigq']
[2024-06-24T16:33:26.181+0000] {standard_task_runner.py:91} INFO - Job 235: Subtask decrypt_transform_and_upload
[2024-06-24T16:33:26.250+0000] {task_command.py:426} INFO - Running <TaskInstance: ETL_Final.decrypt_transform_and_upload manual__2024-06-24T16:33:06.036401+00:00 [running]> on host 4e5646ae0bec
[2024-06-24T16:33:26.373+0000] {taskinstance.py:2648} INFO - Exporting env vars: AIRFLOW_CTX_DAG_OWNER='***' AIRFLOW_CTX_DAG_ID='ETL_Final' AIRFLOW_CTX_TASK_ID='decrypt_transform_and_upload' AIRFLOW_CTX_EXECUTION_DATE='2024-06-24T16:33:06.036401+00:00' AIRFLOW_CTX_TRY_NUMBER='1' AIRFLOW_CTX_DAG_RUN_ID='manual__2024-06-24T16:33:06.036401+00:00'
[2024-06-24T16:33:26.375+0000] {taskinstance.py:430} INFO - ::endgroup::
[2024-06-24T16:33:26.393+0000] {decrypt_transform_dag.py:64} INFO - Starting decryption and transformation process...
[2024-06-24T16:33:26.404+0000] {connection.py:274} WARNING - Connection schemes (type: google_cloud_platform) shall not contain '_' according to RFC3986.
[2024-06-24T16:33:26.408+0000] {base.py:84} INFO - Using connection ID 'google_cloud_default' for task execution.
[2024-06-24T16:33:27.170+0000] {decrypt_transform_dag.py:71} INFO - File downloaded from GCS: datasets/athletes.csv.enc
[2024-06-24T16:35:08.416+0000] {decrypt_transform_dag.py:95} INFO - Data uploaded to BigQuery: boreal-forest-427103-q9.final_data.new_data2
[2024-06-24T16:35:08.418+0000] {python.py:237} INFO - Done. Returned value was: None
[2024-06-24T16:35:08.421+0000] {taskinstance.py:441} INFO - ::group::Post task execution logs
[2024-06-24T16:35:08.442+0000] {taskinstance.py:1206} INFO - Marking task as SUCCESS. dag_id=ETL_Final, task_id=decrypt_transform_and_upload, run_id=manual__2024-06-24T16:33:06.036401+00:00, execution_date=20240624T163306, start_date=20240624T163326, end_date=20240624T163508
[2024-06-24T16:35:08.514+0000] {local_task_job_runner.py:240} INFO - Task exited with return code 0
[2024-06-24T16:35:08.546+0000] {taskinstance.py:3503} INFO - 0 downstream tasks scheduled from follow-on schedule check
[2024-06-24T16:35:08.550+0000] {local_task_job_runner.py:222} INFO - ::endgroup::
