[2024-06-23T01:46:20.882+0000] {local_task_job_runner.py:120} INFO - ::group::Pre task execution logs
[2024-06-23T01:46:20.917+0000] {taskinstance.py:2076} INFO - Dependencies all met for dep_context=non-requeueable deps ti=<TaskInstance: etl_pipeline_dag.create_final_data_table manual__2024-06-23T01:45:14.194834+00:00 [queued]>
[2024-06-23T01:46:20.934+0000] {taskinstance.py:2076} INFO - Dependencies all met for dep_context=requeueable deps ti=<TaskInstance: etl_pipeline_dag.create_final_data_table manual__2024-06-23T01:45:14.194834+00:00 [queued]>
[2024-06-23T01:46:20.935+0000] {taskinstance.py:2306} INFO - Starting attempt 1 of 1
[2024-06-23T01:46:20.961+0000] {taskinstance.py:2330} INFO - Executing <Task(BigQueryCreateEmptyTableOperator): create_final_data_table> on 2024-06-23 01:45:14.194834+00:00
[2024-06-23T01:46:20.987+0000] {warnings.py:112} WARNING - /home/***/.local/lib/python3.12/site-packages/***/task/task_runner/standard_task_runner.py:61: DeprecationWarning: This process (pid=3948) is multi-threaded, use of fork() may lead to deadlocks in the child.
  pid = os.fork()

[2024-06-23T01:46:20.993+0000] {standard_task_runner.py:63} INFO - Started process 3950 to run task
[2024-06-23T01:46:20.992+0000] {standard_task_runner.py:90} INFO - Running: ['***', 'tasks', 'run', 'etl_pipeline_dag', 'create_final_data_table', 'manual__2024-06-23T01:45:14.194834+00:00', '--job-id', '68', '--raw', '--subdir', 'DAGS_FOLDER/bigquery.py', '--cfg-path', '/tmp/tmpvqgeds14']
[2024-06-23T01:46:21.000+0000] {standard_task_runner.py:91} INFO - Job 68: Subtask create_final_data_table
[2024-06-23T01:46:21.092+0000] {task_command.py:426} INFO - Running <TaskInstance: etl_pipeline_dag.create_final_data_table manual__2024-06-23T01:45:14.194834+00:00 [running]> on host 64917a389d59
[2024-06-23T01:46:21.259+0000] {taskinstance.py:2648} INFO - Exporting env vars: AIRFLOW_CTX_DAG_OWNER='***' AIRFLOW_CTX_DAG_ID='etl_pipeline_dag' AIRFLOW_CTX_TASK_ID='create_final_data_table' AIRFLOW_CTX_EXECUTION_DATE='2024-06-23T01:45:14.194834+00:00' AIRFLOW_CTX_TRY_NUMBER='1' AIRFLOW_CTX_DAG_RUN_ID='manual__2024-06-23T01:45:14.194834+00:00'
[2024-06-23T01:46:21.262+0000] {taskinstance.py:430} INFO - ::endgroup::
[2024-06-23T01:46:21.313+0000] {connection.py:274} WARNING - Connection schemes (type: google_cloud_platform) shall not contain '_' according to RFC3986.
[2024-06-23T01:46:21.321+0000] {base.py:84} INFO - Using connection ID 'google_cloud_default' for task execution.
[2024-06-23T01:46:21.322+0000] {bigquery.py:1563} INFO - Creating table
[2024-06-23T01:46:23.013+0000] {taskinstance.py:441} INFO - ::group::Post task execution logs
[2024-06-23T01:46:23.016+0000] {taskinstance.py:2905} ERROR - Task failed with exception
Traceback (most recent call last):
  File "/home/airflow/.local/lib/python3.12/site-packages/airflow/models/taskinstance.py", line 465, in _execute_task
    result = _execute_callable(context=context, **execute_callable_kwargs)
             ^^^^^^^^^^^^^^^^^^^^^^^^^^^^^^^^^^^^^^^^^^^^^^^^^^^^^^^^^^^^^
  File "/home/airflow/.local/lib/python3.12/site-packages/airflow/models/taskinstance.py", line 432, in _execute_callable
    return execute_callable(context=context, **execute_callable_kwargs)
           ^^^^^^^^^^^^^^^^^^^^^^^^^^^^^^^^^^^^^^^^^^^^^^^^^^^^^^^^^^^^
  File "/home/airflow/.local/lib/python3.12/site-packages/airflow/models/baseoperator.py", line 401, in wrapper
    return func(self, *args, **kwargs)
           ^^^^^^^^^^^^^^^^^^^^^^^^^^^
  File "/home/airflow/.local/lib/python3.12/site-packages/airflow/providers/google/cloud/operators/bigquery.py", line 1564, in execute
    table = bq_hook.create_empty_table(
            ^^^^^^^^^^^^^^^^^^^^^^^^^^^
  File "/home/airflow/.local/lib/python3.12/site-packages/airflow/providers/google/common/hooks/base_google.py", line 528, in inner_wrapper
    return func(self, *args, **kwargs)
           ^^^^^^^^^^^^^^^^^^^^^^^^^^^
  File "/home/airflow/.local/lib/python3.12/site-packages/airflow/providers/google/cloud/hooks/bigquery.py", line 476, in create_empty_table
    return self.get_client(project_id=project_id, location=location).create_table(
           ^^^^^^^^^^^^^^^^^^^^^^^^^^^^^^^^^^^^^^^^^^^^^^^^^^^^^^^^^^^^^^^^^^^^^^^
  File "/home/airflow/.local/lib/python3.12/site-packages/google/cloud/bigquery/client.py", line 797, in create_table
    api_response = self._call_api(
                   ^^^^^^^^^^^^^^^
  File "/home/airflow/.local/lib/python3.12/site-packages/google/cloud/bigquery/client.py", line 831, in _call_api
    return call()
           ^^^^^^
  File "/home/airflow/.local/lib/python3.12/site-packages/google/api_core/retry/retry_unary.py", line 293, in retry_wrapped_func
    return retry_target(
           ^^^^^^^^^^^^^
  File "/home/airflow/.local/lib/python3.12/site-packages/google/api_core/retry/retry_unary.py", line 153, in retry_target
    _retry_error_helper(
  File "/home/airflow/.local/lib/python3.12/site-packages/google/api_core/retry/retry_base.py", line 212, in _retry_error_helper
    raise final_exc from source_exc
  File "/home/airflow/.local/lib/python3.12/site-packages/google/api_core/retry/retry_unary.py", line 144, in retry_target
    result = target()
             ^^^^^^^^
  File "/home/airflow/.local/lib/python3.12/site-packages/google/cloud/_http/__init__.py", line 494, in api_request
    raise exceptions.from_http_response(response)
google.api_core.exceptions.BadRequest: 400 POST https://bigquery.googleapis.com/bigquery/v2/projects/boreal-forest-427103-q9/datasets/final_data/tables?prettyPrint=false: Field other already exists in schema
[2024-06-23T01:46:23.065+0000] {taskinstance.py:1206} INFO - Marking task as FAILED. dag_id=etl_pipeline_dag, task_id=create_final_data_table, run_id=manual__2024-06-23T01:45:14.194834+00:00, execution_date=20240623T014514, start_date=20240623T014620, end_date=20240623T014623
[2024-06-23T01:46:23.109+0000] {standard_task_runner.py:110} ERROR - Failed to execute job 68 for task create_final_data_table (400 POST https://bigquery.googleapis.com/bigquery/v2/projects/boreal-forest-427103-q9/datasets/final_data/tables?prettyPrint=false: Field other already exists in schema; 3950)
[2024-06-23T01:46:23.144+0000] {local_task_job_runner.py:240} INFO - Task exited with return code 1
[2024-06-23T01:46:23.198+0000] {taskinstance.py:3503} INFO - 0 downstream tasks scheduled from follow-on schedule check
[2024-06-23T01:46:23.206+0000] {local_task_job_runner.py:222} INFO - ::endgroup::
