[2024-06-23T23:00:18.560+0000] {local_task_job_runner.py:120} INFO - ::group::Pre task execution logs
[2024-06-23T23:00:18.594+0000] {taskinstance.py:2076} INFO - Dependencies all met for dep_context=non-requeueable deps ti=<TaskInstance: decrypt_transform_upload_dag.decrypt_transform_and_upload manual__2024-06-23T22:59:43.807806+00:00 [queued]>
[2024-06-23T23:00:18.607+0000] {taskinstance.py:2076} INFO - Dependencies all met for dep_context=requeueable deps ti=<TaskInstance: decrypt_transform_upload_dag.decrypt_transform_and_upload manual__2024-06-23T22:59:43.807806+00:00 [queued]>
[2024-06-23T23:00:18.608+0000] {taskinstance.py:2306} INFO - Starting attempt 1 of 2
[2024-06-23T23:00:18.631+0000] {taskinstance.py:2330} INFO - Executing <Task(PythonOperator): decrypt_transform_and_upload> on 2024-06-23 22:59:43.807806+00:00
[2024-06-23T23:00:18.651+0000] {warnings.py:112} WARNING - /home/***/.local/lib/python3.12/site-packages/***/task/task_runner/standard_task_runner.py:61: DeprecationWarning: This process (pid=654) is multi-threaded, use of fork() may lead to deadlocks in the child.
  pid = os.fork()

[2024-06-23T23:00:18.655+0000] {standard_task_runner.py:63} INFO - Started process 669 to run task
[2024-06-23T23:00:18.656+0000] {standard_task_runner.py:90} INFO - Running: ['***', 'tasks', 'run', 'decrypt_transform_upload_dag', 'decrypt_transform_and_upload', 'manual__2024-06-23T22:59:43.807806+00:00', '--job-id', '147', '--raw', '--subdir', 'DAGS_FOLDER/desencrypt_upload.py', '--cfg-path', '/tmp/tmp250w3w1o']
[2024-06-23T23:00:18.660+0000] {standard_task_runner.py:91} INFO - Job 147: Subtask decrypt_transform_and_upload
[2024-06-23T23:00:18.779+0000] {task_command.py:426} INFO - Running <TaskInstance: decrypt_transform_upload_dag.decrypt_transform_and_upload manual__2024-06-23T22:59:43.807806+00:00 [running]> on host 0c896a61bf45
[2024-06-23T23:00:18.935+0000] {taskinstance.py:2648} INFO - Exporting env vars: AIRFLOW_CTX_DAG_OWNER='***' AIRFLOW_CTX_DAG_ID='decrypt_transform_upload_dag' AIRFLOW_CTX_TASK_ID='decrypt_transform_and_upload' AIRFLOW_CTX_EXECUTION_DATE='2024-06-23T22:59:43.807806+00:00' AIRFLOW_CTX_TRY_NUMBER='1' AIRFLOW_CTX_DAG_RUN_ID='manual__2024-06-23T22:59:43.807806+00:00'
[2024-06-23T23:00:18.938+0000] {taskinstance.py:430} INFO - ::endgroup::
[2024-06-23T23:00:18.978+0000] {desencrypt_upload.py:50} INFO - Starting decryption and transformation process...
[2024-06-23T23:00:18.993+0000] {connection.py:274} WARNING - Connection schemes (type: google_cloud_platform) shall not contain '_' according to RFC3986.
[2024-06-23T23:00:18.997+0000] {base.py:84} INFO - Using connection ID 'google_cloud_default' for task execution.
[2024-06-23T23:00:20.135+0000] {desencrypt_upload.py:57} INFO - File downloaded from GCS: datasets/athletes.csv.enc
[2024-06-23T23:00:25.847+0000] {desencrypt_upload.py:84} INFO - Data uploaded to BigQuery: boreal-forest-427103-q9.final_data.new-data
[2024-06-23T23:00:25.849+0000] {python.py:237} INFO - Done. Returned value was: None
[2024-06-23T23:00:25.850+0000] {taskinstance.py:441} INFO - ::group::Post task execution logs
[2024-06-23T23:00:25.866+0000] {taskinstance.py:1206} INFO - Marking task as SUCCESS. dag_id=decrypt_transform_upload_dag, task_id=decrypt_transform_and_upload, run_id=manual__2024-06-23T22:59:43.807806+00:00, execution_date=20240623T225943, start_date=20240623T230018, end_date=20240623T230025
[2024-06-23T23:00:25.908+0000] {local_task_job_runner.py:240} INFO - Task exited with return code 0
[2024-06-23T23:00:25.933+0000] {taskinstance.py:3503} INFO - 0 downstream tasks scheduled from follow-on schedule check
[2024-06-23T23:00:25.937+0000] {local_task_job_runner.py:222} INFO - ::endgroup::
