[2024-06-24T04:50:49.178+0000] {local_task_job_runner.py:120} INFO - ::group::Pre task execution logs
[2024-06-24T04:50:49.196+0000] {taskinstance.py:2076} INFO - Dependencies all met for dep_context=non-requeueable deps ti=<TaskInstance: encryption_dag.encrypt_and_upload manual__2024-06-24T04:50:47.474403+00:00 [queued]>
[2024-06-24T04:50:49.204+0000] {taskinstance.py:2076} INFO - Dependencies all met for dep_context=requeueable deps ti=<TaskInstance: encryption_dag.encrypt_and_upload manual__2024-06-24T04:50:47.474403+00:00 [queued]>
[2024-06-24T04:50:49.205+0000] {taskinstance.py:2306} INFO - Starting attempt 1 of 2
[2024-06-24T04:50:49.220+0000] {taskinstance.py:2330} INFO - Executing <Task(PythonOperator): encrypt_and_upload> on 2024-06-24 04:50:47.474403+00:00
[2024-06-24T04:50:49.232+0000] {warnings.py:112} WARNING - /home/***/.local/lib/python3.12/site-packages/***/task/task_runner/standard_task_runner.py:61: DeprecationWarning: This process (pid=869) is multi-threaded, use of fork() may lead to deadlocks in the child.
  pid = os.fork()

[2024-06-24T04:50:49.234+0000] {standard_task_runner.py:63} INFO - Started process 882 to run task
[2024-06-24T04:50:49.233+0000] {standard_task_runner.py:90} INFO - Running: ['***', 'tasks', 'run', 'encryption_dag', 'encrypt_and_upload', 'manual__2024-06-24T04:50:47.474403+00:00', '--job-id', '218', '--raw', '--subdir', 'DAGS_FOLDER/encryption_dag.py', '--cfg-path', '/tmp/tmpai_ogn30']
[2024-06-24T04:50:49.236+0000] {standard_task_runner.py:91} INFO - Job 218: Subtask encrypt_and_upload
[2024-06-24T04:50:49.286+0000] {task_command.py:426} INFO - Running <TaskInstance: encryption_dag.encrypt_and_upload manual__2024-06-24T04:50:47.474403+00:00 [running]> on host 4e5646ae0bec
[2024-06-24T04:50:49.418+0000] {taskinstance.py:2648} INFO - Exporting env vars: AIRFLOW_CTX_DAG_OWNER='***' AIRFLOW_CTX_DAG_ID='encryption_dag' AIRFLOW_CTX_TASK_ID='encrypt_and_upload' AIRFLOW_CTX_EXECUTION_DATE='2024-06-24T04:50:47.474403+00:00' AIRFLOW_CTX_TRY_NUMBER='1' AIRFLOW_CTX_DAG_RUN_ID='manual__2024-06-24T04:50:47.474403+00:00'
[2024-06-24T04:50:49.420+0000] {taskinstance.py:430} INFO - ::endgroup::
[2024-06-24T04:50:49.448+0000] {encryption_dag.py:44} INFO - Starting encryption process...
[2024-06-24T04:50:49.459+0000] {connection.py:274} WARNING - Connection schemes (type: google_cloud_platform) shall not contain '_' according to RFC3986.
[2024-06-24T04:50:49.462+0000] {base.py:84} INFO - Using connection ID 'google_cloud_default' for task execution.
[2024-06-24T04:50:50.668+0000] {encryption_dag.py:51} INFO - File downloaded from GCS: datasets/athletes.csv
[2024-06-24T04:50:52.256+0000] {encryption_dag.py:39} INFO - Data encrypted successfully with key: projects/boreal-forest-427103-q9/locations/global/keyRings/athletes-key/cryptoKeys/python-key
[2024-06-24T04:50:52.261+0000] {encryption_dag.py:55} INFO - File encrypted successfully
[2024-06-24T04:50:52.946+0000] {gcs.py:574} INFO - Data stream uploaded to datasets/athletes.csv.enc in golden-cheetah-datasets bucket
[2024-06-24T04:50:52.947+0000] {encryption_dag.py:59} INFO - File uploaded to GCS: datasets/athletes.csv.enc
[2024-06-24T04:50:53.371+0000] {gcs.py:698} INFO - Blob datasets/athletes.csv deleted.
[2024-06-24T04:50:53.372+0000] {encryption_dag.py:63} INFO - Original file deleted from GCS: datasets/athletes.csv
[2024-06-24T04:50:53.372+0000] {python.py:237} INFO - Done. Returned value was: None
[2024-06-24T04:50:53.396+0000] {taskinstance.py:441} INFO - ::group::Post task execution logs
[2024-06-24T04:50:53.416+0000] {taskinstance.py:1206} INFO - Marking task as SUCCESS. dag_id=encryption_dag, task_id=encrypt_and_upload, run_id=manual__2024-06-24T04:50:47.474403+00:00, execution_date=20240624T045047, start_date=20240624T045049, end_date=20240624T045053
[2024-06-24T04:50:53.479+0000] {local_task_job_runner.py:240} INFO - Task exited with return code 0
[2024-06-24T04:50:53.506+0000] {taskinstance.py:3503} INFO - 0 downstream tasks scheduled from follow-on schedule check
[2024-06-24T04:50:53.510+0000] {local_task_job_runner.py:222} INFO - ::endgroup::
