[2024-06-21T02:38:17.545+0000] {local_task_job_runner.py:120} INFO - ::group::Pre task execution logs
[2024-06-21T02:38:17.590+0000] {taskinstance.py:2076} INFO - Dependencies all met for dep_context=non-requeueable deps ti=<TaskInstance: first_dag.first_task scheduled__2024-03-03T00:00:00+00:00 [queued]>
[2024-06-21T02:38:17.608+0000] {taskinstance.py:2076} INFO - Dependencies all met for dep_context=requeueable deps ti=<TaskInstance: first_dag.first_task scheduled__2024-03-03T00:00:00+00:00 [queued]>
[2024-06-21T02:38:17.609+0000] {taskinstance.py:2306} INFO - Starting attempt 1 of 1
[2024-06-21T02:38:17.677+0000] {taskinstance.py:2330} INFO - Executing <Task(BashOperator): first_task> on 2024-03-03 00:00:00+00:00
[2024-06-21T02:38:17.687+0000] {warnings.py:112} WARNING - /home/***/.local/lib/python3.12/site-packages/***/task/task_runner/standard_task_runner.py:61: DeprecationWarning: This process (pid=552) is multi-threaded, use of fork() may lead to deadlocks in the child.
  pid = os.fork()

[2024-06-21T02:38:17.691+0000] {standard_task_runner.py:63} INFO - Started process 564 to run task
[2024-06-21T02:38:17.695+0000] {standard_task_runner.py:90} INFO - Running: ['***', 'tasks', 'run', 'first_dag', 'first_task', 'scheduled__2024-03-03T00:00:00+00:00', '--job-id', '138', '--raw', '--subdir', 'DAGS_FOLDER/first_dag.py', '--cfg-path', '/tmp/tmpt8p6ks7o']
[2024-06-21T02:38:17.698+0000] {standard_task_runner.py:91} INFO - Job 138: Subtask first_task
[2024-06-21T02:38:17.784+0000] {task_command.py:426} INFO - Running <TaskInstance: first_dag.first_task scheduled__2024-03-03T00:00:00+00:00 [running]> on host 6ad2ad549a06
[2024-06-21T02:38:17.966+0000] {taskinstance.py:2648} INFO - Exporting env vars: AIRFLOW_CTX_DAG_OWNER='***' AIRFLOW_CTX_DAG_ID='first_dag' AIRFLOW_CTX_TASK_ID='first_task' AIRFLOW_CTX_EXECUTION_DATE='2024-03-03T00:00:00+00:00' AIRFLOW_CTX_TRY_NUMBER='1' AIRFLOW_CTX_DAG_RUN_ID='scheduled__2024-03-03T00:00:00+00:00'
[2024-06-21T02:38:17.967+0000] {taskinstance.py:430} INFO - ::endgroup::
[2024-06-21T02:38:17.996+0000] {subprocess.py:63} INFO - Tmp dir root location: /tmp
[2024-06-21T02:38:17.998+0000] {subprocess.py:75} INFO - Running command: ['/usr/bin/bash', '-c', 'echo hello world']
[2024-06-21T02:38:18.016+0000] {subprocess.py:86} INFO - Output:
[2024-06-21T02:38:18.026+0000] {subprocess.py:93} INFO - hello world
[2024-06-21T02:38:18.027+0000] {subprocess.py:97} INFO - Command exited with return code 0
[2024-06-21T02:38:18.028+0000] {taskinstance.py:441} INFO - ::group::Post task execution logs
[2024-06-21T02:38:18.097+0000] {taskinstance.py:1206} INFO - Marking task as SUCCESS. dag_id=first_dag, task_id=first_task, run_id=scheduled__2024-03-03T00:00:00+00:00, execution_date=20240303T000000, start_date=20240621T023817, end_date=20240621T023818
[2024-06-21T02:38:18.150+0000] {local_task_job_runner.py:240} INFO - Task exited with return code 0
[2024-06-21T02:38:18.198+0000] {taskinstance.py:3503} INFO - 0 downstream tasks scheduled from follow-on schedule check
[2024-06-21T02:38:18.206+0000] {local_task_job_runner.py:222} INFO - ::endgroup::
