[2024-06-23T23:21:55.637+0000] {local_task_job_runner.py:120} INFO - ::group::Pre task execution logs
[2024-06-23T23:21:55.659+0000] {taskinstance.py:2076} INFO - Dependencies all met for dep_context=non-requeueable deps ti=<TaskInstance: encrypt_decrypt_transform_upload_dag.encrypt_decrypt_and_upload manual__2024-06-23T23:21:45.026525+00:00 [queued]>
[2024-06-23T23:21:55.670+0000] {taskinstance.py:2076} INFO - Dependencies all met for dep_context=requeueable deps ti=<TaskInstance: encrypt_decrypt_transform_upload_dag.encrypt_decrypt_and_upload manual__2024-06-23T23:21:45.026525+00:00 [queued]>
[2024-06-23T23:21:55.671+0000] {taskinstance.py:2306} INFO - Starting attempt 1 of 2
[2024-06-23T23:21:55.691+0000] {taskinstance.py:2330} INFO - Executing <Task(PythonOperator): encrypt_decrypt_and_upload> on 2024-06-23 23:21:45.026525+00:00
[2024-06-23T23:21:55.715+0000] {warnings.py:112} WARNING - /home/***/.local/lib/python3.12/site-packages/***/task/task_runner/standard_task_runner.py:61: DeprecationWarning: This process (pid=971) is multi-threaded, use of fork() may lead to deadlocks in the child.
  pid = os.fork()

[2024-06-23T23:21:55.717+0000] {standard_task_runner.py:63} INFO - Started process 992 to run task
[2024-06-23T23:21:55.719+0000] {standard_task_runner.py:90} INFO - Running: ['***', 'tasks', 'run', 'encrypt_decrypt_transform_upload_dag', 'encrypt_decrypt_and_upload', 'manual__2024-06-23T23:21:45.026525+00:00', '--job-id', '150', '--raw', '--subdir', 'DAGS_FOLDER/security_data.py', '--cfg-path', '/tmp/tmp123cfovz']
[2024-06-23T23:21:55.725+0000] {standard_task_runner.py:91} INFO - Job 150: Subtask encrypt_decrypt_and_upload
[2024-06-23T23:21:55.808+0000] {task_command.py:426} INFO - Running <TaskInstance: encrypt_decrypt_transform_upload_dag.encrypt_decrypt_and_upload manual__2024-06-23T23:21:45.026525+00:00 [running]> on host 0c896a61bf45
[2024-06-23T23:21:55.932+0000] {taskinstance.py:2648} INFO - Exporting env vars: AIRFLOW_CTX_DAG_OWNER='***' AIRFLOW_CTX_DAG_ID='encrypt_decrypt_transform_upload_dag' AIRFLOW_CTX_TASK_ID='encrypt_decrypt_and_upload' AIRFLOW_CTX_EXECUTION_DATE='2024-06-23T23:21:45.026525+00:00' AIRFLOW_CTX_TRY_NUMBER='1' AIRFLOW_CTX_DAG_RUN_ID='manual__2024-06-23T23:21:45.026525+00:00'
[2024-06-23T23:21:55.935+0000] {taskinstance.py:430} INFO - ::endgroup::
[2024-06-23T23:21:55.961+0000] {security_data.py:55} INFO - Starting encryption and upload process...
[2024-06-23T23:21:55.972+0000] {connection.py:274} WARNING - Connection schemes (type: google_cloud_platform) shall not contain '_' according to RFC3986.
[2024-06-23T23:21:55.976+0000] {base.py:84} INFO - Using connection ID 'google_cloud_default' for task execution.
[2024-06-23T23:22:10.283+0000] {connectionpool.py:874} WARNING - Retrying (Retry(total=2, connect=None, read=None, redirect=None, status=None)) after connection broken by 'NameResolutionError("<urllib3.connection.HTTPSConnection object at 0x7f6928272d80>: Failed to resolve 'oauth2.googleapis.com' ([Errno -3] Temporary failure in name resolution)")': /token
[2024-06-23T23:22:20.863+0000] {security_data.py:62} INFO - File downloaded from GCS: datasets/athletes.csv
[2024-06-23T23:22:23.410+0000] {gcs.py:574} INFO - Data stream uploaded to datasets/athletes.csv.enc in golden-cheetah-datasets bucket
[2024-06-23T23:22:23.411+0000] {security_data.py:69} INFO - File uploaded to GCS: datasets/athletes.csv.enc
[2024-06-23T23:22:23.921+0000] {connection.py:274} WARNING - Connection schemes (type: google_cloud_platform) shall not contain '_' according to RFC3986.
[2024-06-23T23:22:23.924+0000] {base.py:84} INFO - Using connection ID 'google_cloud_default' for task execution.
[2024-06-23T23:22:23.945+0000] {security_data.py:95} ERROR - An error occurred during the encryption, decryption, transformation, and upload process
Traceback (most recent call last):
  File "/opt/airflow/dags/security_data.py", line 88, in task_encrypt_and_upload
    target_fields=[field['name'] for field in transformed_data.columns],
                   ~~~~~^^^^^^^^
TypeError: string indices must be integers, not 'str'
[2024-06-23T23:22:23.957+0000] {taskinstance.py:441} INFO - ::group::Post task execution logs
[2024-06-23T23:22:23.964+0000] {taskinstance.py:2905} ERROR - Task failed with exception
Traceback (most recent call last):
  File "/home/airflow/.local/lib/python3.12/site-packages/airflow/models/taskinstance.py", line 465, in _execute_task
    result = _execute_callable(context=context, **execute_callable_kwargs)
             ^^^^^^^^^^^^^^^^^^^^^^^^^^^^^^^^^^^^^^^^^^^^^^^^^^^^^^^^^^^^^
  File "/home/airflow/.local/lib/python3.12/site-packages/airflow/models/taskinstance.py", line 432, in _execute_callable
    return execute_callable(context=context, **execute_callable_kwargs)
           ^^^^^^^^^^^^^^^^^^^^^^^^^^^^^^^^^^^^^^^^^^^^^^^^^^^^^^^^^^^^
  File "/home/airflow/.local/lib/python3.12/site-packages/airflow/models/baseoperator.py", line 401, in wrapper
    return func(self, *args, **kwargs)
           ^^^^^^^^^^^^^^^^^^^^^^^^^^^
  File "/home/airflow/.local/lib/python3.12/site-packages/airflow/operators/python.py", line 235, in execute
    return_value = self.execute_callable()
                   ^^^^^^^^^^^^^^^^^^^^^^^
  File "/home/airflow/.local/lib/python3.12/site-packages/airflow/operators/python.py", line 252, in execute_callable
    return self.python_callable(*self.op_args, **self.op_kwargs)
           ^^^^^^^^^^^^^^^^^^^^^^^^^^^^^^^^^^^^^^^^^^^^^^^^^^^^^
  File "/opt/airflow/dags/security_data.py", line 88, in task_encrypt_and_upload
    target_fields=[field['name'] for field in transformed_data.columns],
                   ~~~~~^^^^^^^^
TypeError: string indices must be integers, not 'str'
[2024-06-23T23:22:23.998+0000] {taskinstance.py:1206} INFO - Marking task as UP_FOR_RETRY. dag_id=encrypt_decrypt_transform_upload_dag, task_id=encrypt_decrypt_and_upload, run_id=manual__2024-06-23T23:21:45.026525+00:00, execution_date=20240623T232145, start_date=20240623T232155, end_date=20240623T232223
[2024-06-23T23:22:24.057+0000] {standard_task_runner.py:110} ERROR - Failed to execute job 150 for task encrypt_decrypt_and_upload (string indices must be integers, not 'str'; 992)
[2024-06-23T23:22:24.110+0000] {local_task_job_runner.py:240} INFO - Task exited with return code 1
[2024-06-23T23:22:24.161+0000] {taskinstance.py:3503} INFO - 0 downstream tasks scheduled from follow-on schedule check
[2024-06-23T23:22:24.164+0000] {local_task_job_runner.py:222} INFO - ::endgroup::
