[2024-06-24T01:40:58.352+0000] {local_task_job_runner.py:120} INFO - ::group::Pre task execution logs
[2024-06-24T01:40:58.380+0000] {taskinstance.py:2076} INFO - Dependencies all met for dep_context=non-requeueable deps ti=<TaskInstance: main_etl_dag.trigger_decrypt_transform_dag manual__2024-06-24T01:40:53.441528+00:00 [queued]>
[2024-06-24T01:40:58.395+0000] {taskinstance.py:2076} INFO - Dependencies all met for dep_context=requeueable deps ti=<TaskInstance: main_etl_dag.trigger_decrypt_transform_dag manual__2024-06-24T01:40:53.441528+00:00 [queued]>
[2024-06-24T01:40:58.414+0000] {taskinstance.py:2306} INFO - Starting attempt 1 of 2
[2024-06-24T01:40:58.439+0000] {taskinstance.py:2330} INFO - Executing <Task(TriggerDagRunOperator): trigger_decrypt_transform_dag> on 2024-06-24 01:40:53.441528+00:00
[2024-06-24T01:40:58.446+0000] {warnings.py:112} WARNING - /home/***/.local/lib/python3.12/site-packages/***/task/task_runner/standard_task_runner.py:61: DeprecationWarning: This process (pid=132) is multi-threaded, use of fork() may lead to deadlocks in the child.
  pid = os.fork()

[2024-06-24T01:40:58.448+0000] {standard_task_runner.py:63} INFO - Started process 133 to run task
[2024-06-24T01:40:58.448+0000] {standard_task_runner.py:90} INFO - Running: ['***', 'tasks', 'run', 'main_etl_dag', 'trigger_decrypt_transform_dag', 'manual__2024-06-24T01:40:53.441528+00:00', '--job-id', '176', '--raw', '--subdir', 'DAGS_FOLDER/etl_dags.py', '--cfg-path', '/tmp/tmpvcvdl954']
[2024-06-24T01:40:58.450+0000] {standard_task_runner.py:91} INFO - Job 176: Subtask trigger_decrypt_transform_dag
[2024-06-24T01:40:58.499+0000] {task_command.py:426} INFO - Running <TaskInstance: main_etl_dag.trigger_decrypt_transform_dag manual__2024-06-24T01:40:53.441528+00:00 [running]> on host f4301f0367ea
[2024-06-24T01:40:58.597+0000] {taskinstance.py:2648} INFO - Exporting env vars: AIRFLOW_CTX_DAG_OWNER='***' AIRFLOW_CTX_DAG_ID='main_etl_dag' AIRFLOW_CTX_TASK_ID='trigger_decrypt_transform_dag' AIRFLOW_CTX_EXECUTION_DATE='2024-06-24T01:40:53.441528+00:00' AIRFLOW_CTX_TRY_NUMBER='1' AIRFLOW_CTX_DAG_RUN_ID='manual__2024-06-24T01:40:53.441528+00:00'
[2024-06-24T01:40:58.598+0000] {taskinstance.py:430} INFO - ::endgroup::
[2024-06-24T01:40:58.656+0000] {taskinstance.py:441} INFO - ::group::Post task execution logs
[2024-06-24T01:40:58.671+0000] {taskinstance.py:2905} ERROR - Task failed with exception
Traceback (most recent call last):
  File "/home/airflow/.local/lib/python3.12/site-packages/airflow/models/taskinstance.py", line 465, in _execute_task
    result = _execute_callable(context=context, **execute_callable_kwargs)
             ^^^^^^^^^^^^^^^^^^^^^^^^^^^^^^^^^^^^^^^^^^^^^^^^^^^^^^^^^^^^^
  File "/home/airflow/.local/lib/python3.12/site-packages/airflow/models/taskinstance.py", line 432, in _execute_callable
    return execute_callable(context=context, **execute_callable_kwargs)
           ^^^^^^^^^^^^^^^^^^^^^^^^^^^^^^^^^^^^^^^^^^^^^^^^^^^^^^^^^^^^
  File "/home/airflow/.local/lib/python3.12/site-packages/airflow/models/baseoperator.py", line 401, in wrapper
    return func(self, *args, **kwargs)
           ^^^^^^^^^^^^^^^^^^^^^^^^^^^
  File "/home/airflow/.local/lib/python3.12/site-packages/airflow/operators/trigger_dagrun.py", line 177, in execute
    dag_run = trigger_dag(
              ^^^^^^^^^^^^
  File "/home/airflow/.local/lib/python3.12/site-packages/airflow/api/common/trigger_dag.py", line 126, in trigger_dag
    triggers = _trigger_dag(
               ^^^^^^^^^^^^^
  File "/home/airflow/.local/lib/python3.12/site-packages/airflow/api/common/trigger_dag.py", line 56, in _trigger_dag
    raise DagNotFound(f"Dag id {dag_id} not found")
airflow.exceptions.DagNotFound: Dag id decrypt_transform_dag not found
[2024-06-24T01:40:58.691+0000] {taskinstance.py:1206} INFO - Marking task as UP_FOR_RETRY. dag_id=main_etl_dag, task_id=trigger_decrypt_transform_dag, run_id=manual__2024-06-24T01:40:53.441528+00:00, execution_date=20240624T014053, start_date=20240624T014058, end_date=20240624T014058
[2024-06-24T01:40:58.714+0000] {standard_task_runner.py:110} ERROR - Failed to execute job 176 for task trigger_decrypt_transform_dag (Dag id decrypt_transform_dag not found; 133)
[2024-06-24T01:40:58.743+0000] {local_task_job_runner.py:240} INFO - Task exited with return code 1
[2024-06-24T01:40:58.763+0000] {taskinstance.py:3503} INFO - 0 downstream tasks scheduled from follow-on schedule check
[2024-06-24T01:40:58.766+0000] {local_task_job_runner.py:222} INFO - ::endgroup::
