[2024-06-24T16:39:28.736+0000] {local_task_job_runner.py:120} INFO - ::group::Pre task execution logs
[2024-06-24T16:39:28.766+0000] {taskinstance.py:2076} INFO - Dependencies all met for dep_context=non-requeueable deps ti=<TaskInstance: ETL_Final.decrypt_transform_and_upload manual__2024-06-24T16:39:13.806586+00:00 [queued]>
[2024-06-24T16:39:28.785+0000] {taskinstance.py:2076} INFO - Dependencies all met for dep_context=requeueable deps ti=<TaskInstance: ETL_Final.decrypt_transform_and_upload manual__2024-06-24T16:39:13.806586+00:00 [queued]>
[2024-06-24T16:39:28.787+0000] {taskinstance.py:2306} INFO - Starting attempt 1 of 2
[2024-06-24T16:39:28.816+0000] {taskinstance.py:2330} INFO - Executing <Task(PythonOperator): decrypt_transform_and_upload> on 2024-06-24 16:39:13.806586+00:00
[2024-06-24T16:39:28.834+0000] {warnings.py:112} WARNING - /home/***/.local/lib/python3.12/site-packages/***/task/task_runner/standard_task_runner.py:61: DeprecationWarning: This process (pid=711) is multi-threaded, use of fork() may lead to deadlocks in the child.
  pid = os.fork()

[2024-06-24T16:39:28.837+0000] {standard_task_runner.py:63} INFO - Started process 725 to run task
[2024-06-24T16:39:28.837+0000] {standard_task_runner.py:90} INFO - Running: ['***', 'tasks', 'run', 'ETL_Final', 'decrypt_transform_and_upload', 'manual__2024-06-24T16:39:13.806586+00:00', '--job-id', '237', '--raw', '--subdir', 'DAGS_FOLDER/ETL_Final.py', '--cfg-path', '/tmp/tmpoha6gw4e']
[2024-06-24T16:39:28.842+0000] {standard_task_runner.py:91} INFO - Job 237: Subtask decrypt_transform_and_upload
[2024-06-24T16:39:28.969+0000] {task_command.py:426} INFO - Running <TaskInstance: ETL_Final.decrypt_transform_and_upload manual__2024-06-24T16:39:13.806586+00:00 [running]> on host 4e5646ae0bec
[2024-06-24T16:39:29.121+0000] {taskinstance.py:2648} INFO - Exporting env vars: AIRFLOW_CTX_DAG_OWNER='***' AIRFLOW_CTX_DAG_ID='ETL_Final' AIRFLOW_CTX_TASK_ID='decrypt_transform_and_upload' AIRFLOW_CTX_EXECUTION_DATE='2024-06-24T16:39:13.806586+00:00' AIRFLOW_CTX_TRY_NUMBER='1' AIRFLOW_CTX_DAG_RUN_ID='manual__2024-06-24T16:39:13.806586+00:00'
[2024-06-24T16:39:29.123+0000] {taskinstance.py:430} INFO - ::endgroup::
[2024-06-24T16:39:29.143+0000] {decrypt_transform_dag.py:64} INFO - Starting decryption and transformation process...
[2024-06-24T16:39:29.154+0000] {connection.py:274} WARNING - Connection schemes (type: google_cloud_platform) shall not contain '_' according to RFC3986.
[2024-06-24T16:39:29.157+0000] {base.py:84} INFO - Using connection ID 'google_cloud_default' for task execution.
[2024-06-24T16:39:29.972+0000] {decrypt_transform_dag.py:71} INFO - File downloaded from GCS: datasets/athletes.csv.enc
[2024-06-24T16:41:13.676+0000] {decrypt_transform_dag.py:95} INFO - Data uploaded to BigQuery: boreal-forest-427103-q9.final_data.new_data2
[2024-06-24T16:41:13.677+0000] {python.py:237} INFO - Done. Returned value was: None
[2024-06-24T16:41:13.679+0000] {taskinstance.py:441} INFO - ::group::Post task execution logs
[2024-06-24T16:41:13.694+0000] {taskinstance.py:1206} INFO - Marking task as SUCCESS. dag_id=ETL_Final, task_id=decrypt_transform_and_upload, run_id=manual__2024-06-24T16:39:13.806586+00:00, execution_date=20240624T163913, start_date=20240624T163928, end_date=20240624T164113
[2024-06-24T16:41:13.744+0000] {local_task_job_runner.py:240} INFO - Task exited with return code 0
[2024-06-24T16:41:13.766+0000] {taskinstance.py:3503} INFO - 0 downstream tasks scheduled from follow-on schedule check
[2024-06-24T16:41:13.772+0000] {local_task_job_runner.py:222} INFO - ::endgroup::
