[2024-06-23T00:00:56.355+0000] {local_task_job_runner.py:120} INFO - ::group::Pre task execution logs
[2024-06-23T00:00:56.419+0000] {taskinstance.py:2076} INFO - Dependencies all met for dep_context=non-requeueable deps ti=<TaskInstance: gcs_processing.etl_process scheduled__2024-06-22T00:00:00+00:00 [queued]>
[2024-06-23T00:00:56.451+0000] {taskinstance.py:2076} INFO - Dependencies all met for dep_context=requeueable deps ti=<TaskInstance: gcs_processing.etl_process scheduled__2024-06-22T00:00:00+00:00 [queued]>
[2024-06-23T00:00:56.453+0000] {taskinstance.py:2306} INFO - Starting attempt 1 of 2
[2024-06-23T00:00:56.519+0000] {taskinstance.py:2330} INFO - Executing <Task(PythonOperator): etl_process> on 2024-06-22 00:00:00+00:00
[2024-06-23T00:00:56.610+0000] {warnings.py:112} WARNING - /home/***/.local/lib/python3.12/site-packages/***/task/task_runner/standard_task_runner.py:61: DeprecationWarning: This process (pid=2602) is multi-threaded, use of fork() may lead to deadlocks in the child.
  pid = os.fork()

[2024-06-23T00:00:56.620+0000] {standard_task_runner.py:63} INFO - Started process 2605 to run task
[2024-06-23T00:00:56.625+0000] {standard_task_runner.py:90} INFO - Running: ['***', 'tasks', 'run', 'gcs_processing', 'etl_process', 'scheduled__2024-06-22T00:00:00+00:00', '--job-id', '38', '--raw', '--subdir', 'DAGS_FOLDER/gcs_processing.py', '--cfg-path', '/tmp/tmpc9xz4exo']
[2024-06-23T00:00:56.636+0000] {standard_task_runner.py:91} INFO - Job 38: Subtask etl_process
[2024-06-23T00:00:56.894+0000] {task_command.py:426} INFO - Running <TaskInstance: gcs_processing.etl_process scheduled__2024-06-22T00:00:00+00:00 [running]> on host 64917a389d59
[2024-06-23T00:01:01.787+0000] {taskinstance.py:2648} INFO - Exporting env vars: AIRFLOW_CTX_DAG_OWNER='***' AIRFLOW_CTX_DAG_ID='gcs_processing' AIRFLOW_CTX_TASK_ID='etl_process' AIRFLOW_CTX_EXECUTION_DATE='2024-06-22T00:00:00+00:00' AIRFLOW_CTX_TRY_NUMBER='1' AIRFLOW_CTX_DAG_RUN_ID='scheduled__2024-06-22T00:00:00+00:00'
[2024-06-23T00:01:01.824+0000] {taskinstance.py:430} INFO - ::endgroup::
[2024-06-23T00:01:02.065+0000] {connection.py:274} WARNING - Connection schemes (type: google_cloud_platform) shall not contain '_' according to RFC3986.
[2024-06-23T00:01:02.088+0000] {base.py:84} INFO - Using connection ID 'google_cloud_default' for task execution.
[2024-06-23T00:01:07.822+0000] {gcs.py:354} ERROR - Download attempt of object: datasets/athletes.csv from golden-cheetah-datasets has failed. Attempt: 0, max 1.
[2024-06-23T00:01:07.829+0000] {taskinstance.py:441} INFO - ::group::Post task execution logs
[2024-06-23T00:01:07.837+0000] {taskinstance.py:2905} ERROR - Task failed with exception
Traceback (most recent call last):
  File "/home/airflow/.local/lib/python3.12/site-packages/google/cloud/storage/blob.py", line 4362, in _prep_and_do_download
    self._do_download(
  File "/home/airflow/.local/lib/python3.12/site-packages/google/cloud/storage/blob.py", line 1017, in _do_download
    response = download.consume(transport, timeout=timeout)
               ^^^^^^^^^^^^^^^^^^^^^^^^^^^^^^^^^^^^^^^^^^^^
  File "/home/airflow/.local/lib/python3.12/site-packages/google/resumable_media/requests/download.py", line 237, in consume
    return _request_helpers.wait_and_retry(
           ^^^^^^^^^^^^^^^^^^^^^^^^^^^^^^^^
  File "/home/airflow/.local/lib/python3.12/site-packages/google/resumable_media/requests/_request_helpers.py", line 155, in wait_and_retry
    response = func()
               ^^^^^^
  File "/home/airflow/.local/lib/python3.12/site-packages/google/resumable_media/requests/download.py", line 219, in retriable_request
    self._process_response(result)
  File "/home/airflow/.local/lib/python3.12/site-packages/google/resumable_media/_download.py", line 188, in _process_response
    _helpers.require_status_code(
  File "/home/airflow/.local/lib/python3.12/site-packages/google/resumable_media/_helpers.py", line 108, in require_status_code
    raise common.InvalidResponse(
google.resumable_media.common.InvalidResponse: ('Request failed with status code', 403, 'Expected one of', 200, 206)

During handling of the above exception, another exception occurred:

Traceback (most recent call last):
  File "/home/airflow/.local/lib/python3.12/site-packages/airflow/models/taskinstance.py", line 465, in _execute_task
    result = _execute_callable(context=context, **execute_callable_kwargs)
             ^^^^^^^^^^^^^^^^^^^^^^^^^^^^^^^^^^^^^^^^^^^^^^^^^^^^^^^^^^^^^
  File "/home/airflow/.local/lib/python3.12/site-packages/airflow/models/taskinstance.py", line 432, in _execute_callable
    return execute_callable(context=context, **execute_callable_kwargs)
           ^^^^^^^^^^^^^^^^^^^^^^^^^^^^^^^^^^^^^^^^^^^^^^^^^^^^^^^^^^^^
  File "/home/airflow/.local/lib/python3.12/site-packages/airflow/models/baseoperator.py", line 401, in wrapper
    return func(self, *args, **kwargs)
           ^^^^^^^^^^^^^^^^^^^^^^^^^^^
  File "/home/airflow/.local/lib/python3.12/site-packages/airflow/operators/python.py", line 235, in execute
    return_value = self.execute_callable()
                   ^^^^^^^^^^^^^^^^^^^^^^^
  File "/home/airflow/.local/lib/python3.12/site-packages/airflow/operators/python.py", line 252, in execute_callable
    return self.python_callable(*self.op_args, **self.op_kwargs)
           ^^^^^^^^^^^^^^^^^^^^^^^^^^^^^^^^^^^^^^^^^^^^^^^^^^^^^
  File "/opt/airflow/dags/gcs_processing.py", line 16, in etl_process
    source_data = gcs_hook.download(bucket_name, source_blob)
                  ^^^^^^^^^^^^^^^^^^^^^^^^^^^^^^^^^^^^^^^^^^^
  File "/home/airflow/.local/lib/python3.12/site-packages/airflow/providers/google/cloud/hooks/gcs.py", line 350, in download
    return blob.download_as_bytes()
           ^^^^^^^^^^^^^^^^^^^^^^^^
  File "/home/airflow/.local/lib/python3.12/site-packages/google/cloud/storage/blob.py", line 1435, in download_as_bytes
    self._prep_and_do_download(
  File "/home/airflow/.local/lib/python3.12/site-packages/google/cloud/storage/blob.py", line 4375, in _prep_and_do_download
    _raise_from_invalid_response(exc)
  File "/home/airflow/.local/lib/python3.12/site-packages/google/cloud/storage/blob.py", line 4847, in _raise_from_invalid_response
    raise exceptions.from_http_status(response.status_code, message, response=response)
google.api_core.exceptions.Forbidden: 403 GET https://storage.googleapis.com/download/storage/v1/b/golden-cheetah-datasets/o/datasets%2Fathletes.csv?alt=media: airflow-gcs@boreal-forest-427103-q9.iam.gserviceaccount.com does not have storage.objects.get access to the Google Cloud Storage object. Permission &#39;storage.objects.get&#39; denied on resource (or it may not exist).: ('Request failed with status code', 403, 'Expected one of', <HTTPStatus.OK: 200>, <HTTPStatus.PARTIAL_CONTENT: 206>)
[2024-06-23T00:01:07.966+0000] {taskinstance.py:1206} INFO - Marking task as UP_FOR_RETRY. dag_id=gcs_processing, task_id=etl_process, run_id=scheduled__2024-06-22T00:00:00+00:00, execution_date=20240622T000000, start_date=20240623T000056, end_date=20240623T000107
[2024-06-23T00:01:08.241+0000] {standard_task_runner.py:110} ERROR - Failed to execute job 38 for task etl_process (403 GET https://storage.googleapis.com/download/storage/v1/b/golden-cheetah-datasets/o/datasets%2Fathletes.csv?alt=media: airflow-gcs@boreal-forest-427103-q9.iam.gserviceaccount.com does not have storage.objects.get access to the Google Cloud Storage object. Permission &#39;storage.objects.get&#39; denied on resource (or it may not exist).: ('Request failed with status code', 403, 'Expected one of', <HTTPStatus.OK: 200>, <HTTPStatus.PARTIAL_CONTENT: 206>); 2605)
[2024-06-23T00:01:08.426+0000] {local_task_job_runner.py:240} INFO - Task exited with return code 1
[2024-06-23T00:01:09.000+0000] {taskinstance.py:3503} INFO - 0 downstream tasks scheduled from follow-on schedule check
[2024-06-23T00:01:09.008+0000] {local_task_job_runner.py:222} INFO - ::endgroup::
