[2024-06-23T01:31:18.886+0000] {local_task_job_runner.py:120} INFO - ::group::Pre task execution logs
[2024-06-23T01:31:18.925+0000] {taskinstance.py:2076} INFO - Dependencies all met for dep_context=non-requeueable deps ti=<TaskInstance: etl_pipeline_dag.transform_data_query manual__2024-06-23T01:30:54.597209+00:00 [queued]>
[2024-06-23T01:31:18.948+0000] {taskinstance.py:2076} INFO - Dependencies all met for dep_context=requeueable deps ti=<TaskInstance: etl_pipeline_dag.transform_data_query manual__2024-06-23T01:30:54.597209+00:00 [queued]>
[2024-06-23T01:31:18.949+0000] {taskinstance.py:2306} INFO - Starting attempt 1 of 1
[2024-06-23T01:31:18.976+0000] {taskinstance.py:2330} INFO - Executing <Task(BigQueryInsertJobOperator): transform_data_query> on 2024-06-23 01:30:54.597209+00:00
[2024-06-23T01:31:18.990+0000] {warnings.py:112} WARNING - /home/***/.local/lib/python3.12/site-packages/***/task/task_runner/standard_task_runner.py:61: DeprecationWarning: This process (pid=3750) is multi-threaded, use of fork() may lead to deadlocks in the child.
  pid = os.fork()

[2024-06-23T01:31:18.994+0000] {standard_task_runner.py:63} INFO - Started process 3752 to run task
[2024-06-23T01:31:19.044+0000] {standard_task_runner.py:90} INFO - Running: ['***', 'tasks', 'run', 'etl_pipeline_dag', 'transform_data_query', 'manual__2024-06-23T01:30:54.597209+00:00', '--job-id', '57', '--raw', '--subdir', 'DAGS_FOLDER/bigquery.py', '--cfg-path', '/tmp/tmp5lkl7ns2']
[2024-06-23T01:31:19.075+0000] {standard_task_runner.py:91} INFO - Job 57: Subtask transform_data_query
[2024-06-23T01:31:19.321+0000] {task_command.py:426} INFO - Running <TaskInstance: etl_pipeline_dag.transform_data_query manual__2024-06-23T01:30:54.597209+00:00 [running]> on host 64917a389d59
[2024-06-23T01:31:19.774+0000] {taskinstance.py:2648} INFO - Exporting env vars: AIRFLOW_CTX_DAG_OWNER='***' AIRFLOW_CTX_DAG_ID='etl_pipeline_dag' AIRFLOW_CTX_TASK_ID='transform_data_query' AIRFLOW_CTX_EXECUTION_DATE='2024-06-23T01:30:54.597209+00:00' AIRFLOW_CTX_TRY_NUMBER='1' AIRFLOW_CTX_DAG_RUN_ID='manual__2024-06-23T01:30:54.597209+00:00'
[2024-06-23T01:31:19.789+0000] {taskinstance.py:430} INFO - ::endgroup::
[2024-06-23T01:31:19.863+0000] {connection.py:274} WARNING - Connection schemes (type: google_cloud_platform) shall not contain '_' according to RFC3986.
[2024-06-23T01:31:19.876+0000] {base.py:84} INFO - Using connection ID 'google_cloud_default' for task execution.
[2024-06-23T01:31:20.017+0000] {bigquery.py:2872} INFO - Executing: {'query': {'query': "\n                    CREATE OR REPLACE TABLE `transformed_1.filtered_test` AS\n                    SELECT \n                        id,\n                        CASE WHEN gender = 'M' THEN 1 ELSE 0 END AS gender,\n                        bike,\n                        swim,\n                        run,\n                        other\n                    FROM \n                        `transformed_1.test`\n                    WHERE \n                        bike > 0 AND \n                        swim = 0 AND \n                        run = 0 AND \n                        other = 0\n                ", 'useLegacySql': False}}'
[2024-06-23T01:31:20.023+0000] {bigquery.py:1670} INFO - Inserting job ***_etl_pipeline_dag_transform_data_query_2024_06_23T01_30_54_597209_00_00_4b495ac31fbe177bcd40c62a285662b9
[2024-06-23T01:31:23.218+0000] {taskinstance.py:441} INFO - ::group::Post task execution logs
[2024-06-23T01:31:23.277+0000] {taskinstance.py:1206} INFO - Marking task as SUCCESS. dag_id=etl_pipeline_dag, task_id=transform_data_query, run_id=manual__2024-06-23T01:30:54.597209+00:00, execution_date=20240623T013054, start_date=20240623T013118, end_date=20240623T013123
[2024-06-23T01:31:23.402+0000] {local_task_job_runner.py:240} INFO - Task exited with return code 0
[2024-06-23T01:31:23.478+0000] {taskinstance.py:3503} INFO - 1 downstream tasks scheduled from follow-on schedule check
[2024-06-23T01:31:23.483+0000] {local_task_job_runner.py:222} INFO - ::endgroup::
