[2024-06-24T05:06:20.473+0000] {local_task_job_runner.py:120} INFO - ::group::Pre task execution logs
[2024-06-24T05:06:20.490+0000] {taskinstance.py:2076} INFO - Dependencies all met for dep_context=non-requeueable deps ti=<TaskInstance: encryption_dag.encrypt_and_upload manual__2024-06-24T05:06:15.852513+00:00 [queued]>
[2024-06-24T05:06:20.499+0000] {taskinstance.py:2076} INFO - Dependencies all met for dep_context=requeueable deps ti=<TaskInstance: encryption_dag.encrypt_and_upload manual__2024-06-24T05:06:15.852513+00:00 [queued]>
[2024-06-24T05:06:20.500+0000] {taskinstance.py:2306} INFO - Starting attempt 1 of 2
[2024-06-24T05:06:20.517+0000] {taskinstance.py:2330} INFO - Executing <Task(PythonOperator): encrypt_and_upload> on 2024-06-24 05:06:15.852513+00:00
[2024-06-24T05:06:20.529+0000] {warnings.py:112} WARNING - /home/***/.local/lib/python3.12/site-packages/***/task/task_runner/standard_task_runner.py:61: DeprecationWarning: This process (pid=1177) is multi-threaded, use of fork() may lead to deadlocks in the child.
  pid = os.fork()

[2024-06-24T05:06:20.531+0000] {standard_task_runner.py:63} INFO - Started process 1190 to run task
[2024-06-24T05:06:20.530+0000] {standard_task_runner.py:90} INFO - Running: ['***', 'tasks', 'run', 'encryption_dag', 'encrypt_and_upload', 'manual__2024-06-24T05:06:15.852513+00:00', '--job-id', '224', '--raw', '--subdir', 'DAGS_FOLDER/encryption_dag.py', '--cfg-path', '/tmp/tmp7y29gy8k']
[2024-06-24T05:06:20.533+0000] {standard_task_runner.py:91} INFO - Job 224: Subtask encrypt_and_upload
[2024-06-24T05:06:20.586+0000] {task_command.py:426} INFO - Running <TaskInstance: encryption_dag.encrypt_and_upload manual__2024-06-24T05:06:15.852513+00:00 [running]> on host 4e5646ae0bec
[2024-06-24T05:06:20.690+0000] {taskinstance.py:2648} INFO - Exporting env vars: AIRFLOW_CTX_DAG_OWNER='***' AIRFLOW_CTX_DAG_ID='encryption_dag' AIRFLOW_CTX_TASK_ID='encrypt_and_upload' AIRFLOW_CTX_EXECUTION_DATE='2024-06-24T05:06:15.852513+00:00' AIRFLOW_CTX_TRY_NUMBER='1' AIRFLOW_CTX_DAG_RUN_ID='manual__2024-06-24T05:06:15.852513+00:00'
[2024-06-24T05:06:20.692+0000] {taskinstance.py:430} INFO - ::endgroup::
[2024-06-24T05:06:20.712+0000] {encryption_dag.py:44} INFO - Starting encryption process...
[2024-06-24T05:06:20.724+0000] {connection.py:274} WARNING - Connection schemes (type: google_cloud_platform) shall not contain '_' according to RFC3986.
[2024-06-24T05:06:20.726+0000] {base.py:84} INFO - Using connection ID 'google_cloud_default' for task execution.
[2024-06-24T05:06:21.938+0000] {encryption_dag.py:51} INFO - File downloaded from GCS: datasets/athletes.csv
[2024-06-24T05:06:23.702+0000] {encryption_dag.py:39} INFO - Data encrypted successfully with key: projects/boreal-forest-427103-q9/locations/global/keyRings/athletes-key/cryptoKeys/python-key
[2024-06-24T05:06:23.704+0000] {encryption_dag.py:55} INFO - File encrypted successfully
[2024-06-24T05:06:24.224+0000] {gcs.py:574} INFO - Data stream uploaded to datasets/athletes.csv.enc in golden-cheetah-datasets bucket
[2024-06-24T05:06:24.225+0000] {encryption_dag.py:59} INFO - File uploaded to GCS: datasets/athletes.csv.enc
[2024-06-24T05:06:24.890+0000] {gcs.py:698} INFO - Blob datasets/athletes.csv deleted.
[2024-06-24T05:06:24.891+0000] {encryption_dag.py:63} INFO - Original file deleted from GCS: datasets/athletes.csv
[2024-06-24T05:06:24.892+0000] {python.py:237} INFO - Done. Returned value was: None
[2024-06-24T05:06:24.895+0000] {taskinstance.py:441} INFO - ::group::Post task execution logs
[2024-06-24T05:06:24.909+0000] {taskinstance.py:1206} INFO - Marking task as SUCCESS. dag_id=encryption_dag, task_id=encrypt_and_upload, run_id=manual__2024-06-24T05:06:15.852513+00:00, execution_date=20240624T050615, start_date=20240624T050620, end_date=20240624T050624
[2024-06-24T05:06:24.972+0000] {local_task_job_runner.py:240} INFO - Task exited with return code 0
[2024-06-24T05:06:24.989+0000] {taskinstance.py:3503} INFO - 0 downstream tasks scheduled from follow-on schedule check
[2024-06-24T05:06:24.993+0000] {local_task_job_runner.py:222} INFO - ::endgroup::
