[2024-06-21T02:37:10.371+0000] {local_task_job_runner.py:120} INFO - ::group::Pre task execution logs
[2024-06-21T02:37:10.401+0000] {taskinstance.py:2076} INFO - Dependencies all met for dep_context=non-requeueable deps ti=<TaskInstance: first_dag.first_task scheduled__2023-11-23T00:00:00+00:00 [queued]>
[2024-06-21T02:37:10.413+0000] {taskinstance.py:2076} INFO - Dependencies all met for dep_context=requeueable deps ti=<TaskInstance: first_dag.first_task scheduled__2023-11-23T00:00:00+00:00 [queued]>
[2024-06-21T02:37:10.414+0000] {taskinstance.py:2306} INFO - Starting attempt 1 of 1
[2024-06-21T02:37:10.433+0000] {taskinstance.py:2330} INFO - Executing <Task(BashOperator): first_task> on 2023-11-23 00:00:00+00:00
[2024-06-21T02:37:10.441+0000] {warnings.py:112} WARNING - /home/***/.local/lib/python3.12/site-packages/***/task/task_runner/standard_task_runner.py:61: DeprecationWarning: This process (pid=235) is multi-threaded, use of fork() may lead to deadlocks in the child.
  pid = os.fork()

[2024-06-21T02:37:10.442+0000] {standard_task_runner.py:63} INFO - Started process 242 to run task
[2024-06-21T02:37:10.443+0000] {standard_task_runner.py:90} INFO - Running: ['***', 'tasks', 'run', 'first_dag', 'first_task', 'scheduled__2023-11-23T00:00:00+00:00', '--job-id', '37', '--raw', '--subdir', 'DAGS_FOLDER/first_dag.py', '--cfg-path', '/tmp/tmph3kev2bf']
[2024-06-21T02:37:10.444+0000] {standard_task_runner.py:91} INFO - Job 37: Subtask first_task
[2024-06-21T02:37:10.502+0000] {task_command.py:426} INFO - Running <TaskInstance: first_dag.first_task scheduled__2023-11-23T00:00:00+00:00 [running]> on host 6ad2ad549a06
[2024-06-21T02:37:10.645+0000] {taskinstance.py:2648} INFO - Exporting env vars: AIRFLOW_CTX_DAG_OWNER='***' AIRFLOW_CTX_DAG_ID='first_dag' AIRFLOW_CTX_TASK_ID='first_task' AIRFLOW_CTX_EXECUTION_DATE='2023-11-23T00:00:00+00:00' AIRFLOW_CTX_TRY_NUMBER='1' AIRFLOW_CTX_DAG_RUN_ID='scheduled__2023-11-23T00:00:00+00:00'
[2024-06-21T02:37:10.647+0000] {taskinstance.py:430} INFO - ::endgroup::
[2024-06-21T02:37:10.663+0000] {subprocess.py:63} INFO - Tmp dir root location: /tmp
[2024-06-21T02:37:10.665+0000] {subprocess.py:75} INFO - Running command: ['/usr/bin/bash', '-c', 'echo hello world']
[2024-06-21T02:37:10.675+0000] {subprocess.py:86} INFO - Output:
[2024-06-21T02:37:10.677+0000] {subprocess.py:93} INFO - hello world
[2024-06-21T02:37:10.678+0000] {subprocess.py:97} INFO - Command exited with return code 0
[2024-06-21T02:37:10.679+0000] {taskinstance.py:441} INFO - ::group::Post task execution logs
[2024-06-21T02:37:10.706+0000] {taskinstance.py:1206} INFO - Marking task as SUCCESS. dag_id=first_dag, task_id=first_task, run_id=scheduled__2023-11-23T00:00:00+00:00, execution_date=20231123T000000, start_date=20240621T023710, end_date=20240621T023710
[2024-06-21T02:37:10.737+0000] {local_task_job_runner.py:240} INFO - Task exited with return code 0
[2024-06-21T02:37:10.754+0000] {taskinstance.py:3503} INFO - 0 downstream tasks scheduled from follow-on schedule check
[2024-06-21T02:37:10.757+0000] {local_task_job_runner.py:222} INFO - ::endgroup::
