[2024-06-23T00:36:49.991+0000] {local_task_job_runner.py:120} INFO - ::group::Pre task execution logs
[2024-06-23T00:36:50.011+0000] {taskinstance.py:2076} INFO - Dependencies all met for dep_context=non-requeueable deps ti=<TaskInstance: etl_pipeline_dag.transform_data_query manual__2024-06-23T00:36:11.304626+00:00 [queued]>
[2024-06-23T00:36:50.021+0000] {taskinstance.py:2076} INFO - Dependencies all met for dep_context=requeueable deps ti=<TaskInstance: etl_pipeline_dag.transform_data_query manual__2024-06-23T00:36:11.304626+00:00 [queued]>
[2024-06-23T00:36:50.022+0000] {taskinstance.py:2306} INFO - Starting attempt 1 of 1
[2024-06-23T00:36:50.040+0000] {taskinstance.py:2330} INFO - Executing <Task(BigQueryInsertJobOperator): transform_data_query> on 2024-06-23 00:36:11.304626+00:00
[2024-06-23T00:36:50.048+0000] {warnings.py:112} WARNING - /home/***/.local/lib/python3.12/site-packages/***/task/task_runner/standard_task_runner.py:61: DeprecationWarning: This process (pid=3049) is multi-threaded, use of fork() may lead to deadlocks in the child.
  pid = os.fork()

[2024-06-23T00:36:50.051+0000] {standard_task_runner.py:63} INFO - Started process 3051 to run task
[2024-06-23T00:36:50.050+0000] {standard_task_runner.py:90} INFO - Running: ['***', 'tasks', 'run', 'etl_pipeline_dag', 'transform_data_query', 'manual__2024-06-23T00:36:11.304626+00:00', '--job-id', '45', '--raw', '--subdir', 'DAGS_FOLDER/bigquery.py', '--cfg-path', '/tmp/tmpilszcb55']
[2024-06-23T00:36:50.054+0000] {standard_task_runner.py:91} INFO - Job 45: Subtask transform_data_query
[2024-06-23T00:36:50.112+0000] {task_command.py:426} INFO - Running <TaskInstance: etl_pipeline_dag.transform_data_query manual__2024-06-23T00:36:11.304626+00:00 [running]> on host 64917a389d59
[2024-06-23T00:36:50.212+0000] {taskinstance.py:2648} INFO - Exporting env vars: AIRFLOW_CTX_DAG_OWNER='***' AIRFLOW_CTX_DAG_ID='etl_pipeline_dag' AIRFLOW_CTX_TASK_ID='transform_data_query' AIRFLOW_CTX_EXECUTION_DATE='2024-06-23T00:36:11.304626+00:00' AIRFLOW_CTX_TRY_NUMBER='1' AIRFLOW_CTX_DAG_RUN_ID='manual__2024-06-23T00:36:11.304626+00:00'
[2024-06-23T00:36:50.214+0000] {taskinstance.py:430} INFO - ::endgroup::
[2024-06-23T00:36:50.249+0000] {connection.py:274} WARNING - Connection schemes (type: google_cloud_platform) shall not contain '_' according to RFC3986.
[2024-06-23T00:36:50.251+0000] {base.py:84} INFO - Using connection ID 'google_cloud_default' for task execution.
[2024-06-23T00:36:50.322+0000] {bigquery.py:2872} INFO - Executing: {'query': {'query': "\n                    CREATE OR REPLACE TABLE `transformed_1.filtered_test` AS\n                    SELECT \n                        id,\n                        CASE WHEN gender = 'M' THEN 1 ELSE 0 END AS gender,\n                        bike,\n                        swim,\n                        run,\n                        other\n                    FROM \n                        `transformed_1.test`\n                    WHERE \n                        bike > 0 AND \n                        swim = 0 AND \n                        run = 0 AND \n                        other = 0\n                ", 'useLegacySql': False}}'
[2024-06-23T00:36:50.323+0000] {bigquery.py:1670} INFO - Inserting job ***_etl_pipeline_dag_transform_data_query_2024_06_23T00_36_11_304626_00_00_822afd8f79831c77b8ae04448b4ea4b4
[2024-06-23T00:36:53.577+0000] {taskinstance.py:441} INFO - ::group::Post task execution logs
[2024-06-23T00:36:53.609+0000] {taskinstance.py:1206} INFO - Marking task as SUCCESS. dag_id=etl_pipeline_dag, task_id=transform_data_query, run_id=manual__2024-06-23T00:36:11.304626+00:00, execution_date=20240623T003611, start_date=20240623T003650, end_date=20240623T003653
[2024-06-23T00:36:53.646+0000] {local_task_job_runner.py:240} INFO - Task exited with return code 0
[2024-06-23T00:36:53.671+0000] {taskinstance.py:3503} INFO - 1 downstream tasks scheduled from follow-on schedule check
[2024-06-23T00:36:53.675+0000] {local_task_job_runner.py:222} INFO - ::endgroup::
