[2024-06-24T03:26:29.479+0000] {local_task_job_runner.py:120} INFO - ::group::Pre task execution logs
[2024-06-24T03:26:29.500+0000] {taskinstance.py:2076} INFO - Dependencies all met for dep_context=non-requeueable deps ti=<TaskInstance: decrypt_transform_upload_dag.decrypt_transform_and_upload manual__2024-06-24T03:26:16.120065+00:00 [queued]>
[2024-06-24T03:26:29.511+0000] {taskinstance.py:2076} INFO - Dependencies all met for dep_context=requeueable deps ti=<TaskInstance: decrypt_transform_upload_dag.decrypt_transform_and_upload manual__2024-06-24T03:26:16.120065+00:00 [queued]>
[2024-06-24T03:26:29.512+0000] {taskinstance.py:2306} INFO - Starting attempt 1 of 2
[2024-06-24T03:26:29.533+0000] {taskinstance.py:2330} INFO - Executing <Task(PythonOperator): decrypt_transform_and_upload> on 2024-06-24 03:26:16.120065+00:00
[2024-06-24T03:26:29.556+0000] {warnings.py:112} WARNING - /home/***/.local/lib/python3.12/site-packages/***/task/task_runner/standard_task_runner.py:61: DeprecationWarning: This process (pid=83) is multi-threaded, use of fork() may lead to deadlocks in the child.
  pid = os.fork()

[2024-06-24T03:26:29.559+0000] {standard_task_runner.py:63} INFO - Started process 97 to run task
[2024-06-24T03:26:29.558+0000] {standard_task_runner.py:90} INFO - Running: ['***', 'tasks', 'run', 'decrypt_transform_upload_dag', 'decrypt_transform_and_upload', 'manual__2024-06-24T03:26:16.120065+00:00', '--job-id', '197', '--raw', '--subdir', 'DAGS_FOLDER/decrypt_transform_upload_dag.py', '--cfg-path', '/tmp/tmp1rrnxtpv']
[2024-06-24T03:26:29.561+0000] {standard_task_runner.py:91} INFO - Job 197: Subtask decrypt_transform_and_upload
[2024-06-24T03:26:29.633+0000] {task_command.py:426} INFO - Running <TaskInstance: decrypt_transform_upload_dag.decrypt_transform_and_upload manual__2024-06-24T03:26:16.120065+00:00 [running]> on host 344a96b27781
[2024-06-24T03:26:29.742+0000] {taskinstance.py:2648} INFO - Exporting env vars: AIRFLOW_CTX_DAG_OWNER='***' AIRFLOW_CTX_DAG_ID='decrypt_transform_upload_dag' AIRFLOW_CTX_TASK_ID='decrypt_transform_and_upload' AIRFLOW_CTX_EXECUTION_DATE='2024-06-24T03:26:16.120065+00:00' AIRFLOW_CTX_TRY_NUMBER='1' AIRFLOW_CTX_DAG_RUN_ID='manual__2024-06-24T03:26:16.120065+00:00'
[2024-06-24T03:26:29.743+0000] {taskinstance.py:430} INFO - ::endgroup::
[2024-06-24T03:26:29.785+0000] {decrypt_transform_upload_dag.py:50} INFO - Starting decryption and transformation process...
[2024-06-24T03:26:29.796+0000] {connection.py:274} WARNING - Connection schemes (type: google_cloud_platform) shall not contain '_' according to RFC3986.
[2024-06-24T03:26:29.799+0000] {base.py:84} INFO - Using connection ID 'google_cloud_default' for task execution.
[2024-06-24T03:26:30.885+0000] {decrypt_transform_upload_dag.py:57} INFO - File downloaded from GCS: datasets/athletes.csv.enc
[2024-06-24T03:26:38.961+0000] {decrypt_transform_upload_dag.py:84} INFO - Data uploaded to BigQuery: boreal-forest-427103-q9.final_data.new-data
[2024-06-24T03:26:38.968+0000] {python.py:237} INFO - Done. Returned value was: None
[2024-06-24T03:26:38.969+0000] {taskinstance.py:441} INFO - ::group::Post task execution logs
[2024-06-24T03:26:39.307+0000] {taskinstance.py:1206} INFO - Marking task as SUCCESS. dag_id=decrypt_transform_upload_dag, task_id=decrypt_transform_and_upload, run_id=manual__2024-06-24T03:26:16.120065+00:00, execution_date=20240624T032616, start_date=20240624T032629, end_date=20240624T032639
[2024-06-24T03:26:39.368+0000] {local_task_job_runner.py:240} INFO - Task exited with return code 0
[2024-06-24T03:26:39.386+0000] {taskinstance.py:3503} INFO - 0 downstream tasks scheduled from follow-on schedule check
[2024-06-24T03:26:39.389+0000] {local_task_job_runner.py:222} INFO - ::endgroup::
